ARM GAS  C:\Users\brian\AppData\Local\Temp\ccV3t2eW.s 			page 1


   1              		.syntax unified
   2              		.cpu cortex-m3
   3              		.fpu softvfp
   4              		.eabi_attribute 20, 1
   5              		.eabi_attribute 21, 1
   6              		.eabi_attribute 23, 3
   7              		.eabi_attribute 24, 1
   8              		.eabi_attribute 25, 1
   9              		.eabi_attribute 26, 1
  10              		.eabi_attribute 30, 1
  11              		.eabi_attribute 34, 1
  12              		.eabi_attribute 18, 4
  13              		.thumb
  14              		.syntax unified
  15              		.file	"cymetadata.c"
  16              		.text
  17              	.Ltext0:
  18              		.cfi_sections	.debug_frame
  19              		.global	cy_metadata
  20              		.global	cy_meta_flashprotect
  21              		.global	cy_meta_wonvl
  22              		.global	cy_meta_custnvl
  23              		.global	cy_meta_configecc
  24              		.section	.cyconfigecc,"a",%progbits
  25              		.align	2
  26              		.type	cy_meta_configecc, %object
  27              		.size	cy_meta_configecc, 860
  28              	cy_meta_configecc:
  29 0000 01       		.byte	1
  30 0001 45       		.byte	69
  31 0002 00       		.byte	0
  32 0003 40       		.byte	64
  33 0004 02       		.byte	2
  34 0005 52       		.byte	82
  35 0006 00       		.byte	0
  36 0007 40       		.byte	64
  37 0008 03       		.byte	3
  38 0009 64       		.byte	100
  39 000a 00       		.byte	0
  40 000b 40       		.byte	64
  41 000c 01       		.byte	1
  42 000d 07       		.byte	7
  43 000e 01       		.byte	1
  44 000f 40       		.byte	64
  45 0010 02       		.byte	2
  46 0011 09       		.byte	9
  47 0012 01       		.byte	1
  48 0013 40       		.byte	64
  49 0014 3F       		.byte	63
  50 0015 0A       		.byte	10
  51 0016 01       		.byte	1
  52 0017 40       		.byte	64
  53 0018 23       		.byte	35
  54 0019 0B       		.byte	11
  55 001a 01       		.byte	1
  56 001b 40       		.byte	64
  57 001c 41       		.byte	65
ARM GAS  C:\Users\brian\AppData\Local\Temp\ccV3t2eW.s 			page 2


  58 001d 0C       		.byte	12
  59 001e 01       		.byte	1
  60 001f 40       		.byte	64
  61 0020 20       		.byte	32
  62 0021 0D       		.byte	13
  63 0022 01       		.byte	1
  64 0023 40       		.byte	64
  65 0024 3C       		.byte	60
  66 0025 0E       		.byte	14
  67 0026 01       		.byte	1
  68 0027 40       		.byte	64
  69 0028 1C       		.byte	28
  70 0029 0F       		.byte	15
  71 002a 01       		.byte	1
  72 002b 40       		.byte	64
  73 002c 01       		.byte	1
  74 002d 15       		.byte	21
  75 002e 01       		.byte	1
  76 002f 40       		.byte	64
  77 0030 01       		.byte	1
  78 0031 17       		.byte	23
  79 0032 01       		.byte	1
  80 0033 40       		.byte	64
  81 0034 02       		.byte	2
  82 0035 19       		.byte	25
  83 0036 01       		.byte	1
  84 0037 40       		.byte	64
  85 0038 01       		.byte	1
  86 0039 1B       		.byte	27
  87 003a 01       		.byte	1
  88 003b 40       		.byte	64
  89 003c 02       		.byte	2
  90 003d 40       		.byte	64
  91 003e 01       		.byte	1
  92 003f 40       		.byte	64
  93 0040 01       		.byte	1
  94 0041 41       		.byte	65
  95 0042 01       		.byte	1
  96 0043 40       		.byte	64
  97 0044 03       		.byte	3
  98 0045 42       		.byte	66
  99 0046 01       		.byte	1
 100 0047 40       		.byte	64
 101 0048 03       		.byte	3
 102 0049 43       		.byte	67
 103 004a 01       		.byte	1
 104 004b 40       		.byte	64
 105 004c 03       		.byte	3
 106 004d 44       		.byte	68
 107 004e 01       		.byte	1
 108 004f 40       		.byte	64
 109 0050 09       		.byte	9
 110 0051 45       		.byte	69
 111 0052 01       		.byte	1
 112 0053 40       		.byte	64
 113 0054 06       		.byte	6
 114 0055 46       		.byte	70
ARM GAS  C:\Users\brian\AppData\Local\Temp\ccV3t2eW.s 			page 3


 115 0056 01       		.byte	1
 116 0057 40       		.byte	64
 117 0058 02       		.byte	2
 118 0059 47       		.byte	71
 119 005a 01       		.byte	1
 120 005b 40       		.byte	64
 121 005c 05       		.byte	5
 122 005d 48       		.byte	72
 123 005e 01       		.byte	1
 124 005f 40       		.byte	64
 125 0060 02       		.byte	2
 126 0061 49       		.byte	73
 127 0062 01       		.byte	1
 128 0063 40       		.byte	64
 129 0064 08       		.byte	8
 130 0065 4C       		.byte	76
 131 0066 01       		.byte	1
 132 0067 40       		.byte	64
 133 0068 06       		.byte	6
 134 0069 4D       		.byte	77
 135 006a 01       		.byte	1
 136 006b 40       		.byte	64
 137 006c 03       		.byte	3
 138 006d 50       		.byte	80
 139 006e 01       		.byte	1
 140 006f 40       		.byte	64
 141 0070 02       		.byte	2
 142 0071 51       		.byte	81
 143 0072 01       		.byte	1
 144 0073 40       		.byte	64
 145 0074 10       		.byte	16
 146 0075 01       		.byte	1
 147 0076 10       		.byte	16
 148 0077 02       		.byte	2
 149 0078 11       		.byte	17
 150 0079 0A       		.byte	10
 151 007a 8B       		.byte	-117
 152 007b 0D       		.byte	13
 153 007c 8D       		.byte	-115
 154 007d 0D       		.byte	13
 155 007e 8F       		.byte	-113
 156 007f 0D       		.byte	13
 157 0080 EE       		.byte	-18
 158 0081 04       		.byte	4
 159 0082 9D       		.byte	-99
 160 0083 80       		.byte	-128
 161 0084 EE       		.byte	-18
 162 0085 04       		.byte	4
 163 0086 40       		.byte	64
 164 0087 30       		.byte	48
 165 0088 41       		.byte	65
 166 0089 04       		.byte	4
 167 008a 49       		.byte	73
 168 008b FF       		.byte	-1
 169 008c 4A       		.byte	74
 170 008d FF       		.byte	-1
 171 008e 4B       		.byte	75
ARM GAS  C:\Users\brian\AppData\Local\Temp\ccV3t2eW.s 			page 4


 172 008f FF       		.byte	-1
 173 0090 4D       		.byte	77
 174 0091 A0       		.byte	-96
 175 0092 4F       		.byte	79
 176 0093 04       		.byte	4
 177 0094 50       		.byte	80
 178 0095 18       		.byte	24
 179 0096 5A       		.byte	90
 180 0097 04       		.byte	4
 181 0098 5D       		.byte	93
 182 0099 01       		.byte	1
 183 009a 5F       		.byte	95
 184 009b 01       		.byte	1
 185 009c 60       		.byte	96
 186 009d 40       		.byte	64
 187 009e 62       		.byte	98
 188 009f C0       		.byte	-64
 189 00a0 64       		.byte	100
 190 00a1 40       		.byte	64
 191 00a2 65       		.byte	101
 192 00a3 40       		.byte	64
 193 00a4 66       		.byte	102
 194 00a5 C0       		.byte	-64
 195 00a6 68       		.byte	104
 196 00a7 C0       		.byte	-64
 197 00a8 6A       		.byte	106
 198 00a9 C0       		.byte	-64
 199 00aa 6C       		.byte	108
 200 00ab C0       		.byte	-64
 201 00ac 6E       		.byte	110
 202 00ad C0       		.byte	-64
 203 00ae 82       		.byte	-126
 204 00af 02       		.byte	2
 205 00b0 83       		.byte	-125
 206 00b1 01       		.byte	1
 207 00b2 8A       		.byte	-118
 208 00b3 06       		.byte	6
 209 00b4 9E       		.byte	-98
 210 00b5 0C       		.byte	12
 211 00b6 AD       		.byte	-83
 212 00b7 01       		.byte	1
 213 00b8 AE       		.byte	-82
 214 00b9 01       		.byte	1
 215 00ba B0       		.byte	-80
 216 00bb 08       		.byte	8
 217 00bc B2       		.byte	-78
 218 00bd 01       		.byte	1
 219 00be B4       		.byte	-76
 220 00bf 02       		.byte	2
 221 00c0 B6       		.byte	-74
 222 00c1 04       		.byte	4
 223 00c2 B7       		.byte	-73
 224 00c3 01       		.byte	1
 225 00c4 BE       		.byte	-66
 226 00c5 10       		.byte	16
 227 00c6 C0       		.byte	-64
 228 00c7 30       		.byte	48
ARM GAS  C:\Users\brian\AppData\Local\Temp\ccV3t2eW.s 			page 5


 229 00c8 C1       		.byte	-63
 230 00c9 04       		.byte	4
 231 00ca C5       		.byte	-59
 232 00cb D0       		.byte	-48
 233 00cc C6       		.byte	-58
 234 00cd 02       		.byte	2
 235 00ce C7       		.byte	-57
 236 00cf 10       		.byte	16
 237 00d0 C8       		.byte	-56
 238 00d1 26       		.byte	38
 239 00d2 C9       		.byte	-55
 240 00d3 FF       		.byte	-1
 241 00d4 CA       		.byte	-54
 242 00d5 FF       		.byte	-1
 243 00d6 CB       		.byte	-53
 244 00d7 FF       		.byte	-1
 245 00d8 CD       		.byte	-51
 246 00d9 AF       		.byte	-81
 247 00da CE       		.byte	-50
 248 00db 0F       		.byte	15
 249 00dc CF       		.byte	-49
 250 00dd 04       		.byte	4
 251 00de D0       		.byte	-48
 252 00df 18       		.byte	24
 253 00e0 D2       		.byte	-46
 254 00e1 80       		.byte	-128
 255 00e2 D4       		.byte	-44
 256 00e3 05       		.byte	5
 257 00e4 D8       		.byte	-40
 258 00e5 04       		.byte	4
 259 00e6 D9       		.byte	-39
 260 00e7 04       		.byte	4
 261 00e8 DA       		.byte	-38
 262 00e9 04       		.byte	4
 263 00ea DB       		.byte	-37
 264 00eb 04       		.byte	4
 265 00ec DC       		.byte	-36
 266 00ed 11       		.byte	17
 267 00ee DD       		.byte	-35
 268 00ef 11       		.byte	17
 269 00f0 DF       		.byte	-33
 270 00f1 01       		.byte	1
 271 00f2 E0       		.byte	-32
 272 00f3 40       		.byte	64
 273 00f4 E2       		.byte	-30
 274 00f5 C0       		.byte	-64
 275 00f6 E4       		.byte	-28
 276 00f7 40       		.byte	64
 277 00f8 E5       		.byte	-27
 278 00f9 40       		.byte	64
 279 00fa E6       		.byte	-26
 280 00fb C0       		.byte	-64
 281 00fc E8       		.byte	-24
 282 00fd C0       		.byte	-64
 283 00fe EA       		.byte	-22
 284 00ff C0       		.byte	-64
 285 0100 EC       		.byte	-20
ARM GAS  C:\Users\brian\AppData\Local\Temp\ccV3t2eW.s 			page 6


 286 0101 C0       		.byte	-64
 287 0102 EE       		.byte	-18
 288 0103 C0       		.byte	-64
 289 0104 04       		.byte	4
 290 0105 10       		.byte	16
 291 0106 06       		.byte	6
 292 0107 80       		.byte	-128
 293 0108 0F       		.byte	15
 294 0109 02       		.byte	2
 295 010a 17       		.byte	23
 296 010b 40       		.byte	64
 297 010c 1C       		.byte	28
 298 010d 10       		.byte	16
 299 010e 1D       		.byte	29
 300 010f 08       		.byte	8
 301 0110 1E       		.byte	30
 302 0111 08       		.byte	8
 303 0112 1F       		.byte	31
 304 0113 82       		.byte	-126
 305 0114 26       		.byte	38
 306 0115 40       		.byte	64
 307 0116 2F       		.byte	47
 308 0117 02       		.byte	2
 309 0118 3F       		.byte	63
 310 0119 02       		.byte	2
 311 011a 40       		.byte	64
 312 011b 10       		.byte	16
 313 011c 42       		.byte	66
 314 011d 80       		.byte	-128
 315 011e 45       		.byte	69
 316 011f 08       		.byte	8
 317 0120 46       		.byte	70
 318 0121 80       		.byte	-128
 319 0122 4F       		.byte	79
 320 0123 01       		.byte	1
 321 0124 56       		.byte	86
 322 0125 80       		.byte	-128
 323 0126 57       		.byte	87
 324 0127 01       		.byte	1
 325 0128 5E       		.byte	94
 326 0129 88       		.byte	-120
 327 012a 5F       		.byte	95
 328 012b 01       		.byte	1
 329 012c 77       		.byte	119
 330 012d 40       		.byte	64
 331 012e 83       		.byte	-125
 332 012f 80       		.byte	-128
 333 0130 9D       		.byte	-99
 334 0131 80       		.byte	-128
 335 0132 AB       		.byte	-85
 336 0133 40       		.byte	64
 337 0134 B0       		.byte	-80
 338 0135 04       		.byte	4
 339 0136 B3       		.byte	-77
 340 0137 02       		.byte	2
 341 0138 C0       		.byte	-64
 342 0139 50       		.byte	80
ARM GAS  C:\Users\brian\AppData\Local\Temp\ccV3t2eW.s 			page 7


 343 013a C2       		.byte	-62
 344 013b 80       		.byte	-128
 345 013c C4       		.byte	-60
 346 013d 80       		.byte	-128
 347 013e CA       		.byte	-54
 348 013f 10       		.byte	16
 349 0140 CE       		.byte	-50
 350 0141 80       		.byte	-128
 351 0142 D0       		.byte	-48
 352 0143 C3       		.byte	-61
 353 0144 D6       		.byte	-42
 354 0145 D0       		.byte	-48
 355 0146 E4       		.byte	-28
 356 0147 04       		.byte	4
 357 0148 E8       		.byte	-24
 358 0149 04       		.byte	4
 359 014a 40       		.byte	64
 360 014b 60       		.byte	96
 361 014c 41       		.byte	65
 362 014d 02       		.byte	2
 363 014e 49       		.byte	73
 364 014f FF       		.byte	-1
 365 0150 4A       		.byte	74
 366 0151 FF       		.byte	-1
 367 0152 4B       		.byte	75
 368 0153 FF       		.byte	-1
 369 0154 4D       		.byte	77
 370 0155 A0       		.byte	-96
 371 0156 4F       		.byte	79
 372 0157 04       		.byte	4
 373 0158 50       		.byte	80
 374 0159 18       		.byte	24
 375 015a 5A       		.byte	90
 376 015b 04       		.byte	4
 377 015c 5D       		.byte	93
 378 015d 02       		.byte	2
 379 015e 5F       		.byte	95
 380 015f 01       		.byte	1
 381 0160 60       		.byte	96
 382 0161 40       		.byte	64
 383 0162 62       		.byte	98
 384 0163 C0       		.byte	-64
 385 0164 64       		.byte	100
 386 0165 40       		.byte	64
 387 0166 65       		.byte	101
 388 0167 40       		.byte	64
 389 0168 66       		.byte	102
 390 0169 C0       		.byte	-64
 391 016a 68       		.byte	104
 392 016b C0       		.byte	-64
 393 016c 6A       		.byte	106
 394 016d C0       		.byte	-64
 395 016e 6C       		.byte	108
 396 016f C0       		.byte	-64
 397 0170 6E       		.byte	110
 398 0171 C0       		.byte	-64
 399 0172 86       		.byte	-122
ARM GAS  C:\Users\brian\AppData\Local\Temp\ccV3t2eW.s 			page 8


 400 0173 06       		.byte	6
 401 0174 87       		.byte	-121
 402 0175 03       		.byte	3
 403 0176 8E       		.byte	-114
 404 0177 08       		.byte	8
 405 0178 91       		.byte	-111
 406 0179 02       		.byte	2
 407 017a 92       		.byte	-110
 408 017b 01       		.byte	1
 409 017c 96       		.byte	-106
 410 017d 08       		.byte	8
 411 017e 9A       		.byte	-102
 412 017f 04       		.byte	4
 413 0180 AA       		.byte	-86
 414 0181 02       		.byte	2
 415 0182 B0       		.byte	-80
 416 0183 02       		.byte	2
 417 0184 B1       		.byte	-79
 418 0185 01       		.byte	1
 419 0186 B2       		.byte	-78
 420 0187 04       		.byte	4
 421 0188 B4       		.byte	-76
 422 0189 01       		.byte	1
 423 018a B6       		.byte	-74
 424 018b 08       		.byte	8
 425 018c B7       		.byte	-73
 426 018d 02       		.byte	2
 427 018e BE       		.byte	-66
 428 018f 41       		.byte	65
 429 0190 C0       		.byte	-64
 430 0191 20       		.byte	32
 431 0192 C1       		.byte	-63
 432 0193 03       		.byte	3
 433 0194 C5       		.byte	-59
 434 0195 D1       		.byte	-47
 435 0196 C7       		.byte	-57
 436 0197 02       		.byte	2
 437 0198 C8       		.byte	-56
 438 0199 13       		.byte	19
 439 019a C9       		.byte	-55
 440 019b FF       		.byte	-1
 441 019c CA       		.byte	-54
 442 019d FF       		.byte	-1
 443 019e CB       		.byte	-53
 444 019f FF       		.byte	-1
 445 01a0 CD       		.byte	-51
 446 01a1 AF       		.byte	-81
 447 01a2 CE       		.byte	-50
 448 01a3 0F       		.byte	15
 449 01a4 CF       		.byte	-49
 450 01a5 04       		.byte	4
 451 01a6 D0       		.byte	-48
 452 01a7 18       		.byte	24
 453 01a8 D2       		.byte	-46
 454 01a9 80       		.byte	-128
 455 01aa D4       		.byte	-44
 456 01ab 05       		.byte	5
ARM GAS  C:\Users\brian\AppData\Local\Temp\ccV3t2eW.s 			page 9


 457 01ac D8       		.byte	-40
 458 01ad 04       		.byte	4
 459 01ae D9       		.byte	-39
 460 01af 04       		.byte	4
 461 01b0 DA       		.byte	-38
 462 01b1 04       		.byte	4
 463 01b2 DB       		.byte	-37
 464 01b3 04       		.byte	4
 465 01b4 DC       		.byte	-36
 466 01b5 22       		.byte	34
 467 01b6 DD       		.byte	-35
 468 01b7 22       		.byte	34
 469 01b8 DF       		.byte	-33
 470 01b9 01       		.byte	1
 471 01ba E0       		.byte	-32
 472 01bb 40       		.byte	64
 473 01bc E2       		.byte	-30
 474 01bd C0       		.byte	-64
 475 01be E4       		.byte	-28
 476 01bf 40       		.byte	64
 477 01c0 E5       		.byte	-27
 478 01c1 40       		.byte	64
 479 01c2 E6       		.byte	-26
 480 01c3 C0       		.byte	-64
 481 01c4 E8       		.byte	-24
 482 01c5 C0       		.byte	-64
 483 01c6 EA       		.byte	-22
 484 01c7 C0       		.byte	-64
 485 01c8 EC       		.byte	-20
 486 01c9 C0       		.byte	-64
 487 01ca EE       		.byte	-18
 488 01cb C0       		.byte	-64
 489 01cc 01       		.byte	1
 490 01cd 80       		.byte	-128
 491 01ce 03       		.byte	3
 492 01cf 20       		.byte	32
 493 01d0 0A       		.byte	10
 494 01d1 60       		.byte	96
 495 01d2 0B       		.byte	11
 496 01d3 04       		.byte	4
 497 01d4 12       		.byte	18
 498 01d5 04       		.byte	4
 499 01d6 19       		.byte	25
 500 01d7 20       		.byte	32
 501 01d8 1A       		.byte	26
 502 01d9 20       		.byte	32
 503 01da 1B       		.byte	27
 504 01db 62       		.byte	98
 505 01dc 21       		.byte	33
 506 01dd 02       		.byte	2
 507 01de 22       		.byte	34
 508 01df 40       		.byte	64
 509 01e0 31       		.byte	49
 510 01e1 02       		.byte	2
 511 01e2 3B       		.byte	59
 512 01e3 04       		.byte	4
 513 01e4 43       		.byte	67
ARM GAS  C:\Users\brian\AppData\Local\Temp\ccV3t2eW.s 			page 10


 514 01e5 28       		.byte	40
 515 01e6 46       		.byte	70
 516 01e7 04       		.byte	4
 517 01e8 49       		.byte	73
 518 01e9 01       		.byte	1
 519 01ea 4B       		.byte	75
 520 01eb 04       		.byte	4
 521 01ec 4D       		.byte	77
 522 01ed 20       		.byte	32
 523 01ee 52       		.byte	82
 524 01ef 04       		.byte	4
 525 01f0 53       		.byte	83
 526 01f1 08       		.byte	8
 527 01f2 58       		.byte	88
 528 01f3 04       		.byte	4
 529 01f4 59       		.byte	89
 530 01f5 01       		.byte	1
 531 01f6 5A       		.byte	90
 532 01f7 80       		.byte	-128
 533 01f8 72       		.byte	114
 534 01f9 40       		.byte	64
 535 01fa B2       		.byte	-78
 536 01fb 10       		.byte	16
 537 01fc C0       		.byte	-64
 538 01fd 05       		.byte	5
 539 01fe C2       		.byte	-62
 540 01ff 0E       		.byte	14
 541 0200 C4       		.byte	-60
 542 0201 02       		.byte	2
 543 0202 CC       		.byte	-52
 544 0203 01       		.byte	1
 545 0204 CE       		.byte	-50
 546 0205 02       		.byte	2
 547 0206 D0       		.byte	-48
 548 0207 26       		.byte	38
 549 0208 D2       		.byte	-46
 550 0209 20       		.byte	32
 551 020a D6       		.byte	-42
 552 020b 0B       		.byte	11
 553 020c 40       		.byte	64
 554 020d 10       		.byte	16
 555 020e 41       		.byte	65
 556 020f 04       		.byte	4
 557 0210 49       		.byte	73
 558 0211 FF       		.byte	-1
 559 0212 4A       		.byte	74
 560 0213 FF       		.byte	-1
 561 0214 4B       		.byte	75
 562 0215 FF       		.byte	-1
 563 0216 4D       		.byte	77
 564 0217 A0       		.byte	-96
 565 0218 4F       		.byte	79
 566 0219 04       		.byte	4
 567 021a 50       		.byte	80
 568 021b 18       		.byte	24
 569 021c 5A       		.byte	90
 570 021d 04       		.byte	4
ARM GAS  C:\Users\brian\AppData\Local\Temp\ccV3t2eW.s 			page 11


 571 021e 5F       		.byte	95
 572 021f 01       		.byte	1
 573 0220 60       		.byte	96
 574 0221 40       		.byte	64
 575 0222 62       		.byte	98
 576 0223 C0       		.byte	-64
 577 0224 64       		.byte	100
 578 0225 40       		.byte	64
 579 0226 65       		.byte	101
 580 0227 40       		.byte	64
 581 0228 66       		.byte	102
 582 0229 C0       		.byte	-64
 583 022a 68       		.byte	104
 584 022b C0       		.byte	-64
 585 022c 6A       		.byte	106
 586 022d C0       		.byte	-64
 587 022e 6C       		.byte	108
 588 022f C0       		.byte	-64
 589 0230 6E       		.byte	110
 590 0231 C0       		.byte	-64
 591 0232 82       		.byte	-126
 592 0233 02       		.byte	2
 593 0234 83       		.byte	-125
 594 0235 01       		.byte	1
 595 0236 8E       		.byte	-114
 596 0237 06       		.byte	6
 597 0238 9E       		.byte	-98
 598 0239 0C       		.byte	12
 599 023a AD       		.byte	-83
 600 023b 01       		.byte	1
 601 023c AE       		.byte	-82
 602 023d 01       		.byte	1
 603 023e B0       		.byte	-80
 604 023f 08       		.byte	8
 605 0240 B2       		.byte	-78
 606 0241 04       		.byte	4
 607 0242 B4       		.byte	-76
 608 0243 02       		.byte	2
 609 0244 B6       		.byte	-74
 610 0245 01       		.byte	1
 611 0246 B7       		.byte	-73
 612 0247 01       		.byte	1
 613 0248 BE       		.byte	-66
 614 0249 10       		.byte	16
 615 024a C0       		.byte	-64
 616 024b 10       		.byte	16
 617 024c C1       		.byte	-63
 618 024d 04       		.byte	4
 619 024e C5       		.byte	-59
 620 024f D0       		.byte	-48
 621 0250 C6       		.byte	-58
 622 0251 02       		.byte	2
 623 0252 C7       		.byte	-57
 624 0253 10       		.byte	16
 625 0254 C8       		.byte	-56
 626 0255 26       		.byte	38
 627 0256 C9       		.byte	-55
ARM GAS  C:\Users\brian\AppData\Local\Temp\ccV3t2eW.s 			page 12


 628 0257 FF       		.byte	-1
 629 0258 CA       		.byte	-54
 630 0259 FF       		.byte	-1
 631 025a CB       		.byte	-53
 632 025b FF       		.byte	-1
 633 025c CD       		.byte	-51
 634 025d AF       		.byte	-81
 635 025e CE       		.byte	-50
 636 025f 0F       		.byte	15
 637 0260 CF       		.byte	-49
 638 0261 04       		.byte	4
 639 0262 D0       		.byte	-48
 640 0263 18       		.byte	24
 641 0264 D2       		.byte	-46
 642 0265 80       		.byte	-128
 643 0266 D4       		.byte	-44
 644 0267 05       		.byte	5
 645 0268 D8       		.byte	-40
 646 0269 04       		.byte	4
 647 026a D9       		.byte	-39
 648 026b 04       		.byte	4
 649 026c DA       		.byte	-38
 650 026d 04       		.byte	4
 651 026e DB       		.byte	-37
 652 026f 04       		.byte	4
 653 0270 DF       		.byte	-33
 654 0271 01       		.byte	1
 655 0272 E0       		.byte	-32
 656 0273 40       		.byte	64
 657 0274 E2       		.byte	-30
 658 0275 C0       		.byte	-64
 659 0276 E4       		.byte	-28
 660 0277 40       		.byte	64
 661 0278 E5       		.byte	-27
 662 0279 40       		.byte	64
 663 027a E6       		.byte	-26
 664 027b C0       		.byte	-64
 665 027c E8       		.byte	-24
 666 027d C0       		.byte	-64
 667 027e EA       		.byte	-22
 668 027f C0       		.byte	-64
 669 0280 EC       		.byte	-20
 670 0281 C0       		.byte	-64
 671 0282 EE       		.byte	-18
 672 0283 C0       		.byte	-64
 673 0284 05       		.byte	5
 674 0285 40       		.byte	64
 675 0286 06       		.byte	6
 676 0287 80       		.byte	-128
 677 0288 0F       		.byte	15
 678 0289 02       		.byte	2
 679 028a 17       		.byte	23
 680 028b 40       		.byte	64
 681 028c 1C       		.byte	28
 682 028d 01       		.byte	1
 683 028e 1D       		.byte	29
 684 028f C0       		.byte	-64
ARM GAS  C:\Users\brian\AppData\Local\Temp\ccV3t2eW.s 			page 13


 685 0290 1E       		.byte	30
 686 0291 28       		.byte	40
 687 0292 1F       		.byte	31
 688 0293 02       		.byte	2
 689 0294 26       		.byte	38
 690 0295 40       		.byte	64
 691 0296 2F       		.byte	47
 692 0297 02       		.byte	2
 693 0298 3F       		.byte	63
 694 0299 02       		.byte	2
 695 029a 40       		.byte	64
 696 029b 01       		.byte	1
 697 029c 42       		.byte	66
 698 029d 80       		.byte	-128
 699 029e 45       		.byte	69
 700 029f 80       		.byte	-128
 701 02a0 46       		.byte	70
 702 02a1 80       		.byte	-128
 703 02a2 4F       		.byte	79
 704 02a3 01       		.byte	1
 705 02a4 56       		.byte	86
 706 02a5 80       		.byte	-128
 707 02a6 57       		.byte	87
 708 02a7 01       		.byte	1
 709 02a8 5E       		.byte	94
 710 02a9 88       		.byte	-120
 711 02aa 5F       		.byte	95
 712 02ab 01       		.byte	1
 713 02ac 77       		.byte	119
 714 02ad 40       		.byte	64
 715 02ae C0       		.byte	-64
 716 02af 90       		.byte	-112
 717 02b0 C2       		.byte	-62
 718 02b1 80       		.byte	-128
 719 02b2 C4       		.byte	-60
 720 02b3 80       		.byte	-128
 721 02b4 CA       		.byte	-54
 722 02b5 10       		.byte	16
 723 02b6 CE       		.byte	-50
 724 02b7 80       		.byte	-128
 725 02b8 D0       		.byte	-48
 726 02b9 99       		.byte	-103
 727 02ba D6       		.byte	-42
 728 02bb D0       		.byte	-48
 729 02bc EA       		.byte	-22
 730 02bd 01       		.byte	1
 731 02be E0       		.byte	-32
 732 02bf 04       		.byte	4
 733 02c0 81       		.byte	-127
 734 02c1 80       		.byte	-128
 735 02c2 9D       		.byte	-99
 736 02c3 80       		.byte	-128
 737 02c4 EA       		.byte	-22
 738 02c5 01       		.byte	1
 739 02c6 33       		.byte	51
 740 02c7 20       		.byte	32
 741 02c8 CC       		.byte	-52
ARM GAS  C:\Users\brian\AppData\Local\Temp\ccV3t2eW.s 			page 14


 742 02c9 10       		.byte	16
 743 02ca A7       		.byte	-89
 744 02cb 20       		.byte	32
 745 02cc 3E       		.byte	62
 746 02cd 10       		.byte	16
 747 02ce A7       		.byte	-89
 748 02cf 20       		.byte	32
 749 02d0 CE       		.byte	-50
 750 02d1 20       		.byte	32
 751 02d2 96       		.byte	-106
 752 02d3 10       		.byte	16
 753 02d4 AB       		.byte	-85
 754 02d5 20       		.byte	32
 755 02d6 EE       		.byte	-18
 756 02d7 20       		.byte	32
 757 02d8 10       		.byte	16
 758 02d9 10       		.byte	16
 759 02da 14       		.byte	20
 760 02db 20       		.byte	32
 761 02dc C4       		.byte	-60
 762 02dd 0C       		.byte	12
 763 02de 53       		.byte	83
 764 02df 02       		.byte	2
 765 02e0 5C       		.byte	92
 766 02e1 40       		.byte	64
 767 02e2 63       		.byte	99
 768 02e3 02       		.byte	2
 769 02e4 98       		.byte	-104
 770 02e5 30       		.byte	48
 771 02e6 A3       		.byte	-93
 772 02e7 01       		.byte	1
 773 02e8 B3       		.byte	-77
 774 02e9 01       		.byte	1
 775 02ea D4       		.byte	-44
 776 02eb 01       		.byte	1
 777 02ec D6       		.byte	-42
 778 02ed 06       		.byte	6
 779 02ee E8       		.byte	-24
 780 02ef 01       		.byte	1
 781 02f0 1B       		.byte	27
 782 02f1 04       		.byte	4
 783 02f2 80       		.byte	-128
 784 02f3 40       		.byte	64
 785 02f4 94       		.byte	-108
 786 02f5 40       		.byte	64
 787 02f6 98       		.byte	-104
 788 02f7 30       		.byte	48
 789 02f8 AB       		.byte	-85
 790 02f9 02       		.byte	2
 791 02fa C6       		.byte	-58
 792 02fb 08       		.byte	8
 793 02fc 98       		.byte	-104
 794 02fd 30       		.byte	48
 795 02fe AB       		.byte	-85
 796 02ff 04       		.byte	4
 797 0300 25       		.byte	37
 798 0301 04       		.byte	4
ARM GAS  C:\Users\brian\AppData\Local\Temp\ccV3t2eW.s 			page 15


 799 0302 81       		.byte	-127
 800 0303 04       		.byte	4
 801 0304 96       		.byte	-106
 802 0305 10       		.byte	16
 803 0306 C8       		.byte	-56
 804 0307 80       		.byte	-128
 805 0308 E0       		.byte	-32
 806 0309 20       		.byte	32
 807 030a AA       		.byte	-86
 808 030b 10       		.byte	16
 809 030c EA       		.byte	-22
 810 030d 80       		.byte	-128
 811 030e 10       		.byte	16
 812 030f 40       		.byte	64
 813 0310 13       		.byte	19
 814 0311 20       		.byte	32
 815 0312 14       		.byte	20
 816 0313 80       		.byte	-128
 817 0314 78       		.byte	120
 818 0315 10       		.byte	16
 819 0316 7C       		.byte	124
 820 0317 20       		.byte	32
 821 0318 98       		.byte	-104
 822 0319 30       		.byte	48
 823 031a C4       		.byte	-60
 824 031b 0E       		.byte	14
 825 031c DE       		.byte	-34
 826 031d 03       		.byte	3
 827 031e 78       		.byte	120
 828 031f 40       		.byte	64
 829 0320 7C       		.byte	124
 830 0321 80       		.byte	-128
 831 0322 98       		.byte	-104
 832 0323 C0       		.byte	-64
 833 0324 AB       		.byte	-85
 834 0325 20       		.byte	32
 835 0326 DC       		.byte	-36
 836 0327 01       		.byte	1
 837 0328 DE       		.byte	-34
 838 0329 04       		.byte	4
 839 032a 00       		.byte	0
 840 032b 07       		.byte	7
 841 032c 0C       		.byte	12
 842 032d 02       		.byte	2
 843 032e 0E       		.byte	14
 844 032f 05       		.byte	5
 845 0330 00       		.byte	0
 846 0331 03       		.byte	3
 847 0332 03       		.byte	3
 848 0333 C0       		.byte	-64
 849 0334 20       		.byte	32
 850 0335 30       		.byte	48
 851 0336 00       		.byte	0
 852 0337 00       		.byte	0
 853 0338 30       		.byte	48
 854 0339 00       		.byte	0
 855 033a 00       		.byte	0
ARM GAS  C:\Users\brian\AppData\Local\Temp\ccV3t2eW.s 			page 16


 856 033b 00       		.byte	0
 857 033c 30       		.byte	48
 858 033d 00       		.byte	0
 859 033e 00       		.byte	0
 860 033f 00       		.byte	0
 861 0340 30       		.byte	48
 862 0341 00       		.byte	0
 863 0342 30       		.byte	48
 864 0343 00       		.byte	0
 865 0344 00       		.byte	0
 866 0345 00       		.byte	0
 867 0346 00       		.byte	0
 868 0347 00       		.byte	0
 869 0348 00       		.byte	0
 870 0349 0B       		.byte	11
 871 034a 0B       		.byte	11
 872 034b 00       		.byte	0
 873 034c 00       		.byte	0
 874 034d 00       		.byte	0
 875 034e 00       		.byte	0
 876 034f 00       		.byte	0
 877 0350 01       		.byte	1
 878 0351 2A       		.byte	42
 879 0352 2A       		.byte	42
 880 0353 00       		.byte	0
 881 0354 2A       		.byte	42
 882 0355 00       		.byte	0
 883 0356 10       		.byte	16
 884 0357 00       		.byte	0
 885 0358 0E       		.byte	14
 886 0359 00       		.byte	0
 887 035a 18       		.byte	24
 888 035b 01       		.byte	1
 889              		.section	.cywolatch,"a",%progbits
 890              		.align	2
 891              		.type	cy_meta_wonvl, %object
 892              		.size	cy_meta_wonvl, 4
 893              	cy_meta_wonvl:
 894 0000 BC       		.byte	-68
 895 0001 90       		.byte	-112
 896 0002 AC       		.byte	-84
 897 0003 AF       		.byte	-81
 898              		.section	.cycustnvl,"a",%progbits
 899              		.align	2
 900              		.type	cy_meta_custnvl, %object
 901              		.size	cy_meta_custnvl, 4
 902              	cy_meta_custnvl:
 903 0000 00       		.byte	0
 904 0001 00       		.byte	0
 905 0002 40       		.byte	64
 906 0003 05       		.byte	5
 907              		.section	.cymeta,"a",%progbits
 908              		.align	2
 909              		.type	cy_metadata, %object
 910              		.size	cy_metadata, 12
 911              	cy_metadata:
 912 0000 00       		.byte	0
ARM GAS  C:\Users\brian\AppData\Local\Temp\ccV3t2eW.s 			page 17


 913 0001 01       		.byte	1
 914 0002 2E       		.byte	46
 915 0003 16       		.byte	22
 916 0004 10       		.byte	16
 917 0005 69       		.byte	105
 918 0006 00       		.byte	0
 919 0007 01       		.byte	1
 920 0008 00       		.byte	0
 921 0009 00       		.byte	0
 922 000a 00       		.byte	0
 923 000b 00       		.byte	0
 924              		.section	.cyflashprotect,"a",%progbits
 925              		.align	2
 926              		.type	cy_meta_flashprotect, %object
 927              		.size	cy_meta_flashprotect, 256
 928              	cy_meta_flashprotect:
 929 0000 00000000 		.space	256
 929      00000000 
 929      00000000 
 929      00000000 
 929      00000000 
 930              		.text
 931              	.Letext0:
 932              		.file 1 "c:\\program files (x86)\\cypress\\psoc creator\\4.4\\psoc creator\\import\\gnu\\arm\\5.4.
 933              		.file 2 "c:\\program files (x86)\\cypress\\psoc creator\\4.4\\psoc creator\\import\\gnu\\arm\\5.4.
 934              		.file 3 "Generated_Source\\PSoC5\\cymetadata.c"
 935              		.section	.debug_info,"",%progbits
 936              	.Ldebug_info0:
 937 0000 31010000 		.4byte	0x131
 938 0004 0400     		.2byte	0x4
 939 0006 00000000 		.4byte	.Ldebug_abbrev0
 940 000a 04       		.byte	0x4
 941 000b 01       		.uleb128 0x1
 942 000c 24000000 		.4byte	.LASF17
 943 0010 0C       		.byte	0xc
 944 0011 B4010000 		.4byte	.LASF18
 945 0015 B2000000 		.4byte	.LASF19
 946 0019 00000000 		.4byte	.Ldebug_line0
 947 001d 02       		.uleb128 0x2
 948 001e 01       		.byte	0x1
 949 001f 06       		.byte	0x6
 950 0020 A8010000 		.4byte	.LASF0
 951 0024 03       		.uleb128 0x3
 952 0025 00000000 		.4byte	.LASF9
 953 0029 01       		.byte	0x1
 954 002a 1D       		.byte	0x1d
 955 002b 2F000000 		.4byte	0x2f
 956 002f 02       		.uleb128 0x2
 957 0030 01       		.byte	0x1
 958 0031 08       		.byte	0x8
 959 0032 16000000 		.4byte	.LASF1
 960 0036 02       		.uleb128 0x2
 961 0037 02       		.byte	0x2
 962 0038 05       		.byte	0x5
 963 0039 95010000 		.4byte	.LASF2
 964 003d 02       		.uleb128 0x2
 965 003e 02       		.byte	0x2
ARM GAS  C:\Users\brian\AppData\Local\Temp\ccV3t2eW.s 			page 18


 966 003f 07       		.byte	0x7
 967 0040 FA000000 		.4byte	.LASF3
 968 0044 02       		.uleb128 0x2
 969 0045 04       		.byte	0x4
 970 0046 05       		.byte	0x5
 971 0047 9F010000 		.4byte	.LASF4
 972 004b 02       		.uleb128 0x2
 973 004c 04       		.byte	0x4
 974 004d 07       		.byte	0x7
 975 004e E8000000 		.4byte	.LASF5
 976 0052 02       		.uleb128 0x2
 977 0053 08       		.byte	0x8
 978 0054 05       		.byte	0x5
 979 0055 87010000 		.4byte	.LASF6
 980 0059 02       		.uleb128 0x2
 981 005a 08       		.byte	0x8
 982 005b 07       		.byte	0x7
 983 005c 3C010000 		.4byte	.LASF7
 984 0060 04       		.uleb128 0x4
 985 0061 04       		.byte	0x4
 986 0062 05       		.byte	0x5
 987 0063 696E7400 		.ascii	"int\000"
 988 0067 02       		.uleb128 0x2
 989 0068 04       		.byte	0x4
 990 0069 07       		.byte	0x7
 991 006a 2F010000 		.4byte	.LASF8
 992 006e 03       		.uleb128 0x3
 993 006f 53010000 		.4byte	.LASF10
 994 0073 02       		.byte	0x2
 995 0074 18       		.byte	0x18
 996 0075 24000000 		.4byte	0x24
 997 0079 05       		.uleb128 0x5
 998 007a 91000000 		.4byte	0x91
 999 007e 8A000000 		.4byte	0x8a
 1000 0082 06       		.uleb128 0x6
 1001 0083 8A000000 		.4byte	0x8a
 1002 0087 5B03     		.2byte	0x35b
 1003 0089 00       		.byte	0
 1004 008a 02       		.uleb128 0x2
 1005 008b 04       		.byte	0x4
 1006 008c 07       		.byte	0x7
 1007 008d 7E010000 		.4byte	.LASF11
 1008 0091 07       		.uleb128 0x7
 1009 0092 6E000000 		.4byte	0x6e
 1010 0096 08       		.uleb128 0x8
 1011 0097 1D010000 		.4byte	.LASF12
 1012 009b 03       		.byte	0x3
 1013 009c 1F       		.byte	0x1f
 1014 009d A7000000 		.4byte	0xa7
 1015 00a1 05       		.uleb128 0x5
 1016 00a2 03       		.byte	0x3
 1017 00a3 00000000 		.4byte	cy_meta_configecc
 1018 00a7 07       		.uleb128 0x7
 1019 00a8 79000000 		.4byte	0x79
 1020 00ac 05       		.uleb128 0x5
 1021 00ad 91000000 		.4byte	0x91
 1022 00b1 BC000000 		.4byte	0xbc
ARM GAS  C:\Users\brian\AppData\Local\Temp\ccV3t2eW.s 			page 19


 1023 00b5 09       		.uleb128 0x9
 1024 00b6 8A000000 		.4byte	0x8a
 1025 00ba 03       		.byte	0x3
 1026 00bb 00       		.byte	0
 1027 00bc 08       		.uleb128 0x8
 1028 00bd 0D010000 		.4byte	.LASF13
 1029 00c1 03       		.byte	0x3
 1030 00c2 98       		.byte	0x98
 1031 00c3 CD000000 		.4byte	0xcd
 1032 00c7 05       		.uleb128 0x5
 1033 00c8 03       		.byte	0x3
 1034 00c9 00000000 		.4byte	cy_meta_custnvl
 1035 00cd 07       		.uleb128 0x7
 1036 00ce AC000000 		.4byte	0xac
 1037 00d2 08       		.uleb128 0x8
 1038 00d3 70010000 		.4byte	.LASF14
 1039 00d7 03       		.byte	0x3
 1040 00d8 A6       		.byte	0xa6
 1041 00d9 E3000000 		.4byte	0xe3
 1042 00dd 05       		.uleb128 0x5
 1043 00de 03       		.byte	0x3
 1044 00df 00000000 		.4byte	cy_meta_wonvl
 1045 00e3 07       		.uleb128 0x7
 1046 00e4 AC000000 		.4byte	0xac
 1047 00e8 05       		.uleb128 0x5
 1048 00e9 91000000 		.4byte	0x91
 1049 00ed F8000000 		.4byte	0xf8
 1050 00f1 09       		.uleb128 0x9
 1051 00f2 8A000000 		.4byte	0x8a
 1052 00f6 FF       		.byte	0xff
 1053 00f7 00       		.byte	0
 1054 00f8 08       		.uleb128 0x8
 1055 00f9 5B010000 		.4byte	.LASF15
 1056 00fd 03       		.byte	0x3
 1057 00fe B4       		.byte	0xb4
 1058 00ff 09010000 		.4byte	0x109
 1059 0103 05       		.uleb128 0x5
 1060 0104 03       		.byte	0x3
 1061 0105 00000000 		.4byte	cy_meta_flashprotect
 1062 0109 07       		.uleb128 0x7
 1063 010a E8000000 		.4byte	0xe8
 1064 010e 05       		.uleb128 0x5
 1065 010f 91000000 		.4byte	0x91
 1066 0113 1E010000 		.4byte	0x11e
 1067 0117 09       		.uleb128 0x9
 1068 0118 8A000000 		.4byte	0x8a
 1069 011c 0B       		.byte	0xb
 1070 011d 00       		.byte	0
 1071 011e 08       		.uleb128 0x8
 1072 011f 0A000000 		.4byte	.LASF16
 1073 0123 03       		.byte	0x3
 1074 0124 E1       		.byte	0xe1
 1075 0125 2F010000 		.4byte	0x12f
 1076 0129 05       		.uleb128 0x5
 1077 012a 03       		.byte	0x3
 1078 012b 00000000 		.4byte	cy_metadata
 1079 012f 07       		.uleb128 0x7
ARM GAS  C:\Users\brian\AppData\Local\Temp\ccV3t2eW.s 			page 20


 1080 0130 0E010000 		.4byte	0x10e
 1081 0134 00       		.byte	0
 1082              		.section	.debug_abbrev,"",%progbits
 1083              	.Ldebug_abbrev0:
 1084 0000 01       		.uleb128 0x1
 1085 0001 11       		.uleb128 0x11
 1086 0002 01       		.byte	0x1
 1087 0003 25       		.uleb128 0x25
 1088 0004 0E       		.uleb128 0xe
 1089 0005 13       		.uleb128 0x13
 1090 0006 0B       		.uleb128 0xb
 1091 0007 03       		.uleb128 0x3
 1092 0008 0E       		.uleb128 0xe
 1093 0009 1B       		.uleb128 0x1b
 1094 000a 0E       		.uleb128 0xe
 1095 000b 10       		.uleb128 0x10
 1096 000c 17       		.uleb128 0x17
 1097 000d 00       		.byte	0
 1098 000e 00       		.byte	0
 1099 000f 02       		.uleb128 0x2
 1100 0010 24       		.uleb128 0x24
 1101 0011 00       		.byte	0
 1102 0012 0B       		.uleb128 0xb
 1103 0013 0B       		.uleb128 0xb
 1104 0014 3E       		.uleb128 0x3e
 1105 0015 0B       		.uleb128 0xb
 1106 0016 03       		.uleb128 0x3
 1107 0017 0E       		.uleb128 0xe
 1108 0018 00       		.byte	0
 1109 0019 00       		.byte	0
 1110 001a 03       		.uleb128 0x3
 1111 001b 16       		.uleb128 0x16
 1112 001c 00       		.byte	0
 1113 001d 03       		.uleb128 0x3
 1114 001e 0E       		.uleb128 0xe
 1115 001f 3A       		.uleb128 0x3a
 1116 0020 0B       		.uleb128 0xb
 1117 0021 3B       		.uleb128 0x3b
 1118 0022 0B       		.uleb128 0xb
 1119 0023 49       		.uleb128 0x49
 1120 0024 13       		.uleb128 0x13
 1121 0025 00       		.byte	0
 1122 0026 00       		.byte	0
 1123 0027 04       		.uleb128 0x4
 1124 0028 24       		.uleb128 0x24
 1125 0029 00       		.byte	0
 1126 002a 0B       		.uleb128 0xb
 1127 002b 0B       		.uleb128 0xb
 1128 002c 3E       		.uleb128 0x3e
 1129 002d 0B       		.uleb128 0xb
 1130 002e 03       		.uleb128 0x3
 1131 002f 08       		.uleb128 0x8
 1132 0030 00       		.byte	0
 1133 0031 00       		.byte	0
 1134 0032 05       		.uleb128 0x5
 1135 0033 01       		.uleb128 0x1
 1136 0034 01       		.byte	0x1
ARM GAS  C:\Users\brian\AppData\Local\Temp\ccV3t2eW.s 			page 21


 1137 0035 49       		.uleb128 0x49
 1138 0036 13       		.uleb128 0x13
 1139 0037 01       		.uleb128 0x1
 1140 0038 13       		.uleb128 0x13
 1141 0039 00       		.byte	0
 1142 003a 00       		.byte	0
 1143 003b 06       		.uleb128 0x6
 1144 003c 21       		.uleb128 0x21
 1145 003d 00       		.byte	0
 1146 003e 49       		.uleb128 0x49
 1147 003f 13       		.uleb128 0x13
 1148 0040 2F       		.uleb128 0x2f
 1149 0041 05       		.uleb128 0x5
 1150 0042 00       		.byte	0
 1151 0043 00       		.byte	0
 1152 0044 07       		.uleb128 0x7
 1153 0045 26       		.uleb128 0x26
 1154 0046 00       		.byte	0
 1155 0047 49       		.uleb128 0x49
 1156 0048 13       		.uleb128 0x13
 1157 0049 00       		.byte	0
 1158 004a 00       		.byte	0
 1159 004b 08       		.uleb128 0x8
 1160 004c 34       		.uleb128 0x34
 1161 004d 00       		.byte	0
 1162 004e 03       		.uleb128 0x3
 1163 004f 0E       		.uleb128 0xe
 1164 0050 3A       		.uleb128 0x3a
 1165 0051 0B       		.uleb128 0xb
 1166 0052 3B       		.uleb128 0x3b
 1167 0053 0B       		.uleb128 0xb
 1168 0054 49       		.uleb128 0x49
 1169 0055 13       		.uleb128 0x13
 1170 0056 3F       		.uleb128 0x3f
 1171 0057 19       		.uleb128 0x19
 1172 0058 02       		.uleb128 0x2
 1173 0059 18       		.uleb128 0x18
 1174 005a 00       		.byte	0
 1175 005b 00       		.byte	0
 1176 005c 09       		.uleb128 0x9
 1177 005d 21       		.uleb128 0x21
 1178 005e 00       		.byte	0
 1179 005f 49       		.uleb128 0x49
 1180 0060 13       		.uleb128 0x13
 1181 0061 2F       		.uleb128 0x2f
 1182 0062 0B       		.uleb128 0xb
 1183 0063 00       		.byte	0
 1184 0064 00       		.byte	0
 1185 0065 00       		.byte	0
 1186              		.section	.debug_aranges,"",%progbits
 1187 0000 14000000 		.4byte	0x14
 1188 0004 0200     		.2byte	0x2
 1189 0006 00000000 		.4byte	.Ldebug_info0
 1190 000a 04       		.byte	0x4
 1191 000b 00       		.byte	0
 1192 000c 0000     		.2byte	0
 1193 000e 0000     		.2byte	0
ARM GAS  C:\Users\brian\AppData\Local\Temp\ccV3t2eW.s 			page 22


 1194 0010 00000000 		.4byte	0
 1195 0014 00000000 		.4byte	0
 1196              		.section	.debug_line,"",%progbits
 1197              	.Ldebug_line0:
 1198 0000 3D010000 		.section	.debug_str,"MS",%progbits,1
 1198      02003701 
 1198      00000201 
 1198      FB0E0D00 
 1198      01010101 
 1199              	.LASF9:
 1200 0000 5F5F7569 		.ascii	"__uint8_t\000"
 1200      6E74385F 
 1200      7400
 1201              	.LASF16:
 1202 000a 63795F6D 		.ascii	"cy_metadata\000"
 1202      65746164 
 1202      61746100 
 1203              	.LASF1:
 1204 0016 756E7369 		.ascii	"unsigned char\000"
 1204      676E6564 
 1204      20636861 
 1204      7200
 1205              	.LASF17:
 1206 0024 474E5520 		.ascii	"GNU C11 5.4.1 20160609 (release) [ARM/embedded-5-br"
 1206      43313120 
 1206      352E342E 
 1206      31203230 
 1206      31363036 
 1207 0057 616E6368 		.ascii	"anch revision 237715] -mcpu=cortex-m3 -mthumb -g -O"
 1207      20726576 
 1207      6973696F 
 1207      6E203233 
 1207      37373135 
 1208 008a 67202D66 		.ascii	"g -ffunction-sections -ffat-lto-objects\000"
 1208      66756E63 
 1208      74696F6E 
 1208      2D736563 
 1208      74696F6E 
 1209              	.LASF19:
 1210 00b2 433A5C55 		.ascii	"C:\\Users\\brian\\Documents\\PSoC Creator\\Lab7\\La"
 1210      73657273 
 1210      5C627269 
 1210      616E5C44 
 1210      6F63756D 
 1211 00df 62372E63 		.ascii	"b7.cydsn\000"
 1211      7964736E 
 1211      00
 1212              	.LASF5:
 1213 00e8 6C6F6E67 		.ascii	"long unsigned int\000"
 1213      20756E73 
 1213      69676E65 
 1213      6420696E 
 1213      7400
 1214              	.LASF3:
 1215 00fa 73686F72 		.ascii	"short unsigned int\000"
 1215      7420756E 
 1215      7369676E 
ARM GAS  C:\Users\brian\AppData\Local\Temp\ccV3t2eW.s 			page 23


 1215      65642069 
 1215      6E7400
 1216              	.LASF13:
 1217 010d 63795F6D 		.ascii	"cy_meta_custnvl\000"
 1217      6574615F 
 1217      63757374 
 1217      6E766C00 
 1218              	.LASF12:
 1219 011d 63795F6D 		.ascii	"cy_meta_configecc\000"
 1219      6574615F 
 1219      636F6E66 
 1219      69676563 
 1219      6300
 1220              	.LASF8:
 1221 012f 756E7369 		.ascii	"unsigned int\000"
 1221      676E6564 
 1221      20696E74 
 1221      00
 1222              	.LASF7:
 1223 013c 6C6F6E67 		.ascii	"long long unsigned int\000"
 1223      206C6F6E 
 1223      6720756E 
 1223      7369676E 
 1223      65642069 
 1224              	.LASF10:
 1225 0153 75696E74 		.ascii	"uint8_t\000"
 1225      385F7400 
 1226              	.LASF15:
 1227 015b 63795F6D 		.ascii	"cy_meta_flashprotect\000"
 1227      6574615F 
 1227      666C6173 
 1227      6870726F 
 1227      74656374 
 1228              	.LASF14:
 1229 0170 63795F6D 		.ascii	"cy_meta_wonvl\000"
 1229      6574615F 
 1229      776F6E76 
 1229      6C00
 1230              	.LASF11:
 1231 017e 73697A65 		.ascii	"sizetype\000"
 1231      74797065 
 1231      00
 1232              	.LASF6:
 1233 0187 6C6F6E67 		.ascii	"long long int\000"
 1233      206C6F6E 
 1233      6720696E 
 1233      7400
 1234              	.LASF2:
 1235 0195 73686F72 		.ascii	"short int\000"
 1235      7420696E 
 1235      7400
 1236              	.LASF4:
 1237 019f 6C6F6E67 		.ascii	"long int\000"
 1237      20696E74 
 1237      00
 1238              	.LASF0:
 1239 01a8 7369676E 		.ascii	"signed char\000"
ARM GAS  C:\Users\brian\AppData\Local\Temp\ccV3t2eW.s 			page 24


 1239      65642063 
 1239      68617200 
 1240              	.LASF18:
 1241 01b4 47656E65 		.ascii	"Generated_Source\\PSoC5\\cymetadata.c\000"
 1241      72617465 
 1241      645F536F 
 1241      75726365 
 1241      5C50536F 
 1242              		.ident	"GCC: (GNU Tools for ARM Embedded Processors) 5.4.1 20160609 (release) [ARM/embedded-5-bran
