ARM GAS  C:\Users\brian\AppData\Local\Temp\ccsO00Hl.s 			page 1


   1              		.syntax unified
   2              		.cpu cortex-m3
   3              		.fpu softvfp
   4              		.eabi_attribute 20, 1
   5              		.eabi_attribute 21, 1
   6              		.eabi_attribute 23, 3
   7              		.eabi_attribute 24, 1
   8              		.eabi_attribute 25, 1
   9              		.eabi_attribute 26, 1
  10              		.eabi_attribute 30, 1
  11              		.eabi_attribute 34, 1
  12              		.eabi_attribute 18, 4
  13              		.thumb
  14              		.syntax unified
  15              		.file	"u8g2_fonts.c"
  16              		.text
  17              	.Ltext0:
  18              		.cfi_sections	.debug_frame
  19              		.global	u8g2_font_amstrad_cpc_extended_8f
  20              		.section	.rodata
  21              		.align	2
  22              		.type	u8g2_font_amstrad_cpc_extended_8f, %object
  23              		.size	u8g2_font_amstrad_cpc_extended_8f, 2676
  24              	u8g2_font_amstrad_cpc_extended_8f:
  25 0000 DE030403 		.ascii	"\336\003\004\003\004\004\001\001\005\010\007\000\000"
  25      04040101 
  25      05080700 
  25      00
  26 000d 08000801 		.ascii	"\010\000\010\001\001~\003 \012W \007\210\343\307\021"
  26      017E0320 
  26      0A572007 
  26      88E3C711 
  27 001d 00210988 		.ascii	"\000!\011\210\343\021\323\271,\000\"\014\210\343P#!"
  27      E311D3B9 
  27      2C00220C 
  27      88E35023 
  27      21
  28 002e 23218F18 		.ascii	"#!\217\030\000#\017\210\343P#!rRr\"!#!\012$\016\210"
  28      00230F88 
  28      E3502321 
  28      72527222 
  28      2123210A 
  29 0045 E3912A89 		.ascii	"\343\221*\211\220\242\222\010\251\222\005%\016\210c"
  29      90A29208 
  29      A9920525 
  29      0E8863
  30 0054 94911091 		.ascii	"\224\221\020\221\322DBF\022\000&\017\210c\031\222\020"
  30      D2444246 
  30      1200260F 
  30      88631992 
  30      10
  31 0065 5AA16244 		.ascii	"Z\241bD\315\204$\000'\011\210\343\021S\217\032\000("
  31      CD842400 
  31      270988E3 
  31      11538F1A 
  31      0028
  32 0077 0A886392 		.ascii	"\012\210c\222R\246N)\000)\012\210c\221S\246J1\000*\016"
ARM GAS  C:\Users\brian\AppData\Local\Temp\ccsO00Hl.s 			page 2


  32      52A64E29 
  32      00290A88 
  32      639153A6 
  32      4A31002A 
  33 008c 88E31491 		.ascii	"\210\343\024\221!9\010\241\021\221\007\001+\013\210"
  33      213908A1 
  33      11910701 
  33      2B0B88
  34 009b E3151332 		.ascii	"\343\025\0232\022\223\007\002,\011\210\343G-&%\004-"
  34      12930702 
  34      2C0988E3 
  34      472D2625 
  34      042D
  35 00ad 0888E307 		.ascii	"\010\210\343\007\265G\003.\010\210\343G-&\013/\010\210"
  35      B547032E 
  35      0888E347 
  35      2D260B2F 
  35      0888
  36 00bf E3D267F1 		.ascii	"\343\322g\361\0000\022\210\343(\221\221\020\231\220"
  36      00301288 
  36      E3289191 
  36      109990
  37 00ce 88901891 		.ascii	"\210\220\030\221\220\021)\0051\012\210\343\221\032\323"
  37      90112905 
  37      310A88E3 
  37      911AD3
  38 00dd 91250032 		.ascii	"\221%\0002\016\210c\241\021\021\223\241\021\023\021"
  38      0E8863A1 
  38      111193A1 
  38      111311
  39 00ec B104330D 		.ascii	"\261\0043\015\210c\241\211\021\023\232\023QC\0124\016"
  39      8863A189 
  39      11139A13 
  39      51430A34 
  39      0E
  40 00fd 88E3911A 		.ascii	"\210\343\221\032\212\220\011\2219\222\"\0055\015\210"
  40      8A900991 
  40      39922205 
  40      350D88
  41 010c E3309109 		.ascii	"\3430\221\011\221\243\023QC\0126\015\210c\241\021QV"
  41      91A31351 
  41      430A360D 
  41      8863A111 
  41      5156
  42 011e 23A20D29 		.ascii	"#\242\015)\0007\014\210\3430\211\221\232R\246\026\000"
  42      00370C88 
  42      E3308991 
  42      9A52A616 
  42      00
  43 012f 380D8863 		.ascii	"8\015\210c\241\021\321\206FD\033R\0009\015\210c\241"
  43      A111D186 
  43      46441B52 
  43      00390D88 
  43      63A1
  44 0141 11D1A64C 		.ascii	"\021\321\246LD\015)\000:\012\210\343\007\022\023\027"
  44      440D2900 
  44      3A0A88E3 
ARM GAS  C:\Users\brian\AppData\Local\Temp\ccsO00Hl.s 			page 3


  44      07121317 
  45 0151 93053B0B 		.ascii	"\223\005;\013\210\343\007\022\023\027\223\022\002<\011"
  45      88E30712 
  45      13179312 
  45      023C09
  46 0160 886392D2 		.ascii	"\210c\222\322NS\000=\012\210\343\007\261\207\261\007"
  46      4E53003D 
  46      0A88E307 
  46      B187B107 
  47 0170 013E0988 		.ascii	"\001>\011\210\343\220\323Jk\000?\013\210c\241\021\021"
  47      E390D34A 
  47      6B003F0B 
  47      8863A111 
  47      11
  48 0181 93522E0B 		.ascii	"\223R.\013@\020\210\343(\221\221\220\240\220\240\220"
  48      401088E3 
  48      28919190 
  48      A090A090 
  49 0191 A0902B05 		.ascii	"\240\220+\005A\014\210\343\221\242\021\321\304D\227"
  49      410C88E3 
  49      91A211D1 
  49      C44497
  50 01a0 00420D88 		.ascii	"\000B\015\210c\260\021\321\244FD\013S\000C\015\210c"
  50      63B011D1 
  50      A446440B 
  50      5300430D 
  50      8863
  51 01b2 A1119110 		.ascii	"\241\021\221\020S'\"C\012D\015\210c(\222\220\021\321"
  51      53272243 
  51      0A440D88 
  51      63289290 
  51      11D1
  52 01c4 1722B500 		.ascii	"\027\"\265\000E\020\210c8\221\011\221\010\"\222\010"
  52      45108863 
  52      38910991 
  52      08229208 
  53 01d4 9289B804 		.ascii	"\222\211\270\004F\017\210c8\221\011\221\010\"\222\010"
  53      460F8863 
  53      38910991 
  53      08229208 
  54 01e4 92220647 		.ascii	"\222\"\006G\016\210c\241\021\221\020S2!#b\011H\012\210"
  54      0E8863A1 
  54      11911053 
  54      32212362 
  54      09480A88 
  55 01f8 E310D113 		.ascii	"\343\020\321\023\023}\011I\012\210\3430\022\323\221"
  55      137D0949 
  55      0A88E330 
  55      12D391
  56 0207 25004A0B 		.ascii	"%\000J\013\210\343\241\022S\242\033Z\000K\020\210c\030"
  56      88E3A112 
  56      53A21B5A 
  56      004B1088 
  56      6318
  57 0219 D1850C91 		.ascii	"\321\205\014\221\204\214\210\304\210$\000L\014\210c"
  57      848C88C4 
  57      8824004C 
ARM GAS  C:\Users\brian\AppData\Local\Temp\ccsO00Hl.s 			page 4


  57      0C8863
  58 0228 A012D326 		.ascii	"\240\022\323&D\305%\000M\020\210c\220\221X\361B\"B\215"
  58      44C52500 
  58      4D108863 
  58      909158F1 
  58      4222428D 
  59 023c 848C2400 		.ascii	"\204\214$\000N\022\210c\220\221\030\221\240PA!2!#!#"
  59      4E128863 
  59      90911891 
  59      A0504121 
  59      32212321 
  60 0251 094F1188 		.ascii	"\011O\021\210c\031\222\020\221\221\220\221\220\021\221"
  60      63199210 
  60      91919091 
  60      901191
  61 0260 109A0550 		.ascii	"\020\232\005P\015\210c\260\021\321\204HL\212\030\000"
  61      0D8863B0 
  61      11D18448 
  61      4C8A1800 
  62 0270 51128863 		.ascii	"Q\022\210c\031\222\020\221\221\220\221P\021!\"3!\011"
  62      19921091 
  62      91909150 
  62      11212233 
  62      2109
  63 0282 52108863 		.ascii	"R\020\210c\260\021\321\244FBFDb&\022\000S\015\210c\241"
  63      B011D1A4 
  63      46424644 
  63      62261200 
  63      530D8863 
  64 0297 11514727 		.ascii	"\021QG'\242\206\024\000T\015\210\3430\211\220\010\022"
  64      A2861400 
  64      540D88E3 
  64      30899008 
  64      12
  65 02a8 D38A1400 		.ascii	"\323\212\024\000U\012\210\343\020\321\377\206\024\000"
  65      550A88E3 
  65      10D1FF86 
  65      1400
  66 02b6 560A88E3 		.ascii	"V\012\210\343\020\321\277\241\222\005W\022\210c\220"
  66      10D1BFA1 
  66      92055712 
  66      886390
  67 02c5 91909190 		.ascii	"\221\220\221\220\221\220\210\220\270X!#\011X\021\210"
  67      91908890 
  67      B8582123 
  67      09581188 
  68 02d5 63901191 		.ascii	"c\220\021\221\020\232\032\222\020\221\221\220\221\004"
  68      109A1A92 
  68      10919190 
  68      9104
  69 02e3 590C88E3 		.ascii	"Y\014\210\343\020\321\033*1)R\000Z\017\210c\270\220"
  69      10D11B2A 
  69      31295200 
  69      5A0F8863 
  69      B890
  70 02f5 91889152 		.ascii	"\221\210\221R\022\242\342\022\000[\012\210c!\022\323"
  70      12A2E212 
ARM GAS  C:\Users\brian\AppData\Local\Temp\ccsO00Hl.s 			page 5


  70      005B0A88 
  70      632112D3 
  71 0305 1929005C 		.ascii	"\031)\000\\\011\210c\220\323\273H\000]\011\210c!\323"
  71      09886390 
  71      D3BB4800 
  71      5D098863 
  71      21D3
  72 0317 2352005E 		.ascii	"#R\000^\014\210\343\011\033\222\020\221\221G\003_\010"
  72      0C88E309 
  72      1B921091 
  72      9147035F 
  72      08
  73 0328 88E3C7F6 		.ascii	"\210\343\307\366 \000`\011\210c\225S\217\010\000a\014"
  73      20006009 
  73      88639553 
  73      8F080061 
  73      0C
  74 0339 88E307A1 		.ascii	"\210\343\007\241\223)Q3!\011b\015\210c\230\032\253\021"
  74      93295133 
  74      2109620D 
  74      8863981A 
  74      AB11
  75 034b D18B0852 		.ascii	"\321\213\010R\000c\014\210\343\207\241\021Q&\"C\012"
  75      00630C88 
  75      E387A111 
  75      51262243 
  75      0A
  76 035c 640C88E3 		.ascii	"d\014\210\343\031\223)\3217\023\222\000e\014\210\343"
  76      199329D1 
  76      37139200 
  76      650C88E3 
  77 036c 87A11111 		.ascii	"\207\241\021\0211\221#\005f\015\210\343\031\222\220"
  77      31912305 
  77      660D88E3 
  77      199290
  78 037b 91A21293 		.ascii	"\221\242\022\223\242\005g\014\210\343\207)\321M\231"
  78      A205670C 
  78      88E38729 
  78      D14D99
  79 038a 48090068 		.ascii	"H\011\000h\016\210c\030S!3!\242\213\021I\000i\012\210"
  79      0E886318 
  79      53213321 
  79      A28B1149 
  79      00690A88 
  80 039e E3911ED3 		.ascii	"\343\221\036\323\212\024\000j\013\210c\213\036S\242"
  80      8A14006A 
  80      0B88638B 
  80      1E53A2
  81 03ad 1B12006B 		.ascii	"\033\022\000k\017\210c\030S\242B\206HBdD\022\000l\011"
  81      0F886318 
  81      53A24286 
  81      48426444 
  81      12006C09 
  82 03c1 886319D3 		.ascii	"\210c\031\323+R\000m\020\210\343\007\221\020\271\220"
  82      2B52006D 
  82      1088E307 
  82      9110B990 
ARM GAS  C:\Users\brian\AppData\Local\Temp\ccsO00Hl.s 			page 6


  83 03d1 885011A1 		.ascii	"\210P\021\241F\022\000n\012\210\343\207P$\242_\002o"
  83      4612006E 
  83      0A88E387 
  83      5024A25F 
  83      026F
  84 03e3 0B88E387 		.ascii	"\013\210\343\207\241\021\321\033R\000p\016\210\343\207"
  84      A111D11B 
  84      5200700E 
  84      88E387
  85 03f2 909811D1 		.ascii	"\220\230\021\321\244F\212\010\000q\015\210\343\007\231"
  85      A4468A08 
  85      00710D88 
  85      E30799
  86 0401 50A24D99 		.ascii	"P\242M\231\024\005\000r\014\210\343\207P$!#&E\014s\013"
  86      14050072 
  86      0C88E387 
  86      50242123 
  86      26450C73 
  87 0416 88E387A1 		.ascii	"\210\343\207\241\221\243\023)\005t\014\210c\021\223"
  87      91A31329 
  87      05740C88 
  87      631193
  88 0425 2A125321 		.ascii	"*\022S!4\012u\011\210\343\007\321\337T\002v\012\210"
  88      340A7509 
  88      88E307D1 
  88      DF540276 
  88      0A88
  89 0437 E307D137 		.ascii	"\343\007\3217T\262\000w\020\210\343\207\220\221\220"
  89      54B20077 
  89      1088E387 
  89      909190
  90 0446 88501121 		.ascii	"\210P\021!q\"!\012x\017\210\343\207\220\021\221\020"
  90      7122210A 
  90      780F88E3 
  90      87901191 
  90      10
  91 0457 1A921091 		.ascii	"\032\222\020\221\221\004y\013\210\343\007\3217e\"%\000"
  91      9104790B 
  91      88E307D1 
  91      37652225 
  91      00
  92 0468 7A0B88E3 		.ascii	"z\013\210\343\0071\011\221Re\011{\014\210\343\230\023"
  92      07310991 
  92      5265097B 
  92      0C88E398 
  92      13
  93 0479 931B1213 		.ascii	"\223\033\022\023\032\006|\010\210\343\021\323\267\000"
  93      1A067C08 
  93      88E311D3 
  93      B700
  94 0487 7D0C8863 		.ascii	"}\014\210c\032\022\023\232\023\223\233\004~\011\210"
  94      1A12139A 
  94      13939B04 
  94      7E0988
  95 0496 E398D01E 		.ascii	"\343\230\320\0363\000\200\010\210\343\021\323o\000\201"
  95      33008008 
  95      88E311D3 
ARM GAS  C:\Users\brian\AppData\Local\Temp\ccsO00Hl.s 			page 7


  95      6F0081
  96 04a5 0A88E387 		.ascii	"\012\210\343\207<8\220\207\004\202\012\210\343\021S"
  96      3C389087 
  96      04820A88 
  96      E31153
  97 04b4 56530F09 		.ascii	"VS\017\011\203\012\210\343\007\256\251\021S\003\204"
  97      830A88E3 
  97      07AEA911 
  97      530384
  98 04c3 0A88E387 		.ascii	"\012\210\343\207\254)\323\006\000\205\012\210\343\021"
  98      AC29D306 
  98      00850A88 
  98      E311
  99 04d1 53D31E18 		.ascii	"S\323\036\030\000\206\013\210\343\021Ssp \017\011\207"
  99      00860B88 
  99      E3115373 
  99      70200F09 
  99      87
 100 04e2 0C88E311 		.ascii	"\014\210\343\021SVS#\246\006\000\210\013\210\343\207"
 100      53565323 
 100      A6060088 
 100      0B88E387 
 101 04f2 3C389011 		.ascii	"<8\220\021S\003\211\012\210\343\021S\323L\033\000\212"
 101      5303890A 
 101      88E31153 
 101      D34C1B00 
 101      8A
 102 0503 0D88E311 		.ascii	"\015\210\343\021Ssp #\246\006\000\213\013\210\343\015"
 102      53737020 
 102      23A60600 
 102      8B0B88E3 
 102      0D
 103 0514 93B2918B 		.ascii	"\223\262\221\213\207\002\214\013\210\343\015\033\252"
 103      87028C0B 
 103      88E30D1B 
 103      AA
 104 0521 8A8B8702 		.ascii	"\212\213\207\002\215\013\210c\216\223\261\022\213\007"
 104      8D0B8863 
 104      8E93B112 
 104      8B07
 105 052f 028E0B88 		.ascii	"\002\216\013\210\343\215\213*\032\213\207\002\217\010"
 105      E38D8B2A 
 105      1A8B8702 
 105      8F08
 106 053d 88E34746 		.ascii	"\210\343GF\304\001\220\011\210\343GB\304\021\000\221"
 106      C4019009 
 106      88E34742 
 106      C4110091 
 107 054d 0988E347 		.ascii	"\011\210\343Gr\360\001\001\222\010\210c\342=\022\000"
 107      72F00101 
 107      92088863 
 107      E23D1200 
 108 055d 93068863 		.ascii	"\223\006\210c\342\037\224\012\210c\342\350 \210#\000"
 108      E21F940A 
 108      8863E2E8 
 108      20882300 
 109 056d 95098863 		.ascii	"\225\011\210c\342\350\340\007\001\226\011\210c \342"
ARM GAS  C:\Users\brian\AppData\Local\Temp\ccsO00Hl.s 			page 8


 109      E2E8E007 
 109      01960988 
 109      6320E2
 110 057c 1E190097 		.ascii	"\036\031\000\227\011\210c \342\220\210\003\230\010\210"
 110      09886320 
 110      E2908803 
 110      980888
 111 058b 6320E28F 		.ascii	"c \342\217\000\231\012\210c \342\350\340\003\002\232"
 111      00990A88 
 111      6320E2E8 
 111      E003029A 
 112 059b 098863F8 		.ascii	"\011\210c\370\001=\022\000\233\010\210c\370\001\021"
 112      013D1200 
 112      9B088863 
 112      F80111
 113 05aa 0F9C0988 		.ascii	"\017\234\011\210c\370\203 \216\000\235\007\210c\370"
 113      63F88320 
 113      8E009D07 
 113      8863F8
 114 05b9 3F089E09 		.ascii	"?\010\236\011\210\343\307\346\340@\000\237\011\210\343"
 114      88E3C7E6 
 114      E040009F 
 114      0988E3
 115 05c8 8738F803 		.ascii	"\2078\370\003\003\241\011\210\343\021\027\323-\000\242"
 115      03A10988 
 115      E31117D3 
 115      2D00A2
 116 05d7 1088E38D 		.ascii	"\020\210\343\215*\221\210P\021$\021!R\025\004\243\015"
 116      2A918850 
 116      11241121 
 116      521504A3 
 116      0D
 117 05e8 8863A111 		.ascii	"\210c\241\021QU$&\"q\011\244\016\210\343\014\212\241"
 117      51552426 
 117      227109A4 
 117      0E88E30C 
 117      8AA1
 118 05fa 11D18626 		.ascii	"\021\321\206&(\022\000\245\015\210\343\020\221\2411"
 118      281200A5 
 118      0D88E310 
 118      91A131
 119 0609 12329222 		.ascii	"\0222\222\"\005\246\012\210\343\021S.\246\026\000\247"
 119      05A60A88 
 119      E311532E 
 119      A61600A7 
 120 0619 0D88E3A1 		.ascii	"\015\210\343\241\021\033\222\020\232\022\"\006\250\011"
 120      111B9210 
 120      9A122206 
 120      A809
 121 0627 88E310D1 		.ascii	"\210\343\020\321\036#\000\251\023\210c\031\212\011\211"
 121      1E2300A9 
 121      13886319 
 121      8A0989
 122 0636 98C82622 		.ascii	"\230\310&\"b\"$&h\026\000\252\015\210\343\230\023\242"
 122      62222426 
 122      681600AA 
 122      0D88E398 
ARM GAS  C:\Users\brian\AppData\Local\Temp\ccsO00Hl.s 			page 9


 122      13A2
 123 0648 91109210 		.ascii	"\221\020\222\0205\005\253\020\210c\225\020\221\020\221"
 123      3505AB10 
 123      88639510 
 123      911091
 124 0657 10921092 		.ascii	"\020\222\020\222\220\007\001\254\011\210\343\007\265"
 124      900701AC 
 124      0988E307 
 124      B5
 125 0664 8B0705AD 		.ascii	"\213\007\005\255\010\210\343G4\017\014\256\022\210c"
 125      0888E347 
 125      340F0CAE 
 125      128863
 126 0673 198A0989 		.ascii	"\031\212\011\211\230H!\022\221\223\230\240Y\000\257"
 126      98482112 
 126      919398A0 
 126      5900AF
 127 0682 088863A1 		.ascii	"\010\210c\241\307\032\000\260\015\210c\031\222\220I"
 127      C71A00B0 
 127      0D886319 
 127      929049
 128 0691 2321340F 		.ascii	"#!4\017\014\261\013\210\343\025\0232\022\023\262\004"
 128      0CB10B88 
 128      E3151332 
 128      1213B204 
 129 06a1 B20B88E3 		.ascii	"\262\013\210\343\240\023\032\022\253\207\005\263\013"
 129      A0131A12 
 129      AB8705B3 
 129      0B
 130 06ae 88E3A013 		.ascii	"\210\343\240\023\232\223\241\007\006\264\011\210\343"
 130      9A93A107 
 130      06B40988 
 130      E3
 131 06bb 11939247 		.ascii	"\021\223\222G\016\265\013\210\343\007\025\321\223\032"
 131      0EB50B88 
 131      E30715D1 
 131      931A
 132 06c9 2900B612 		.ascii	")\000\266\022\210\343\260\240\210\231\210\231\010\222"
 132      88E3B0A0 
 132      88998899 
 132      0892
 133 06d7 08920892 		.ascii	"\010\222\010\222\010\005\267\011\210\343\007\026\223"
 133      0805B709 
 133      88E30716 
 133      93
 134 06e4 0706B808 		.ascii	"\007\006\270\010\210\343G\0365\013\271\012\210c\031"
 134      88E3471E 
 134      350BB90A 
 134      886319
 135 06f3 D38A1E16 		.ascii	"\323\212\036\026\000\272\015\210c\031\222\220I#!4\\"
 135      00BA0D88 
 135      63199290 
 135      49232134 
 135      5C
 136 0704 0ABB1088 		.ascii	"\012\273\020\210c\224\020\222\020\222\020\221\020\221"
 136      63941092 
 136      10921091 
ARM GAS  C:\Users\brian\AppData\Local\Temp\ccsO00Hl.s 			page 10


 136      1091
 137 0712 900702BC 		.ascii	"\220\007\002\274\017\210\343\010\223\213I\"\023\221"
 137      0F88E308 
 137      938B4922 
 137      1391
 138 0720 8A2C1400 		.ascii	"\212,\024\000\275\017\210\343\010\223\013\221\211\010"
 138      BD0F88E3 
 138      08930B91 
 138      8908
 139 072e 49131646 		.ascii	"I\023\026F\011\276\017\210c\030\214\222\011\212\220"
 139      09BE0F88 
 139      63188C92 
 139      098A90
 140 073d 98484516 		.ascii	"\230HE\026\011\277\013\210\343\021\227R\242\015)\000"
 140      09BF0B88 
 140      E3119752 
 140      A20D2900 
 141 074d C00C8863 		.ascii	"\300\014\210c\021\247\021\0211\321%\000\301\014\210"
 141      11A71111 
 141      31D12500 
 141      C10C88
 142 075c 6312A611 		.ascii	"c\022\246\021\0211\321%\000\302\014\210\343\221\246"
 142      1131D125 
 142      00C20C88 
 142      E391A6
 143 076b 111131D1 		.ascii	"\021\0211\321%\000\303\014\210c!\246\021\0211\321%\000"
 143      2500C30C 
 143      886321A6 
 143      111131D1 
 143      2500
 144 077d C40D88E3 		.ascii	"\304\015\210\343\020\221\245\021\0211\321%\000\305\016"
 144      1091A511 
 144      1131D125 
 144      00C50E
 145 078c 88E3910A 		.ascii	"\210\343\221\012\011\242\021\0211\321%\000\306\022\210"
 145      09A21111 
 145      31D12500 
 145      C61288
 146 079b E3A19908 		.ascii	"\343\241\231\010\211\220\221\240\250\221\220\210\220"
 146      899091A0 
 146      A8919088 
 146      90
 147 07a8 A004C70F 		.ascii	"\240\004\307\017\210c\241\021\221\020\223\023\221\241"
 147      8863A111 
 147      91109313 
 147      91A1
 148 07b6 12A201C8 		.ascii	"\022\242\001\310\013\210\343\220>\021\253\221\272\004"
 148      0B88E390 
 148      3E11AB91 
 148      BA04
 149 07c4 C90B88E3 		.ascii	"\311\013\210\343\221=\021\253\221\272\004\312"
 149      913D11AB 
 149      91BA04CA 
 150 07d0 0B886321 		.ascii	"\013\210c!=\021\253\221\272\004\313\013\210\343Pz\""
 150      3D11AB91 
 150      BA04CB0B 
 150      88E3507A 
ARM GAS  C:\Users\brian\AppData\Local\Temp\ccsO00Hl.s 			page 11


 150      22
 151 07e1 56237509 		.ascii	"V#u\011\314\012\210c\2216\022Sd\011\315\012\210c\222"
 151      CC0A8863 
 151      91361253 
 151      6409CD0A 
 151      886392
 152 07f4 35125364 		.ascii	"5\022Sd\011\316\012\210c\2415\022Sd\011\317\013\210"
 152      09CE0A88 
 152      63A13512 
 152      536409CF 
 152      0B88
 153 0806 E3101135 		.ascii	"\343\020\0215\022Sd\011\320\020\210c(\222\220\021\221"
 153      12536409 
 153      D0108863 
 153      28929011 
 153      91
 154 0817 A010D142 		.ascii	"\240\020\321B\244\026\000\321\020\210c\021I\"+\"2!\""
 154      A41600D1 
 154      10886311 
 154      49222B22 
 154      322122
 155 082a 31A21200 		.ascii	"1\242\022\000\322\016\210c\221.\221\221\220\221\220"
 155      D20E8863 
 155      912E9191 
 155      909190
 156 0839 112905D3 		.ascii	"\021)\005\323\016\210c\222-\221\221\220\221\220\021"
 156      0E886392 
 156      2D919190 
 156      919011
 157 0848 2905D40E 		.ascii	")\005\324\016\210c\031.\221\221\220\221\220\021)\005"
 157      8863192E 
 157      91919091 
 157      90112905 
 158 0858 D50E88E3 		.ascii	"\325\016\210\343\250-\221\221\220\221\220\021)\005\326"
 158      A82D9191 
 158      90919011 
 158      2905D6
 159 0867 0E88E350 		.ascii	"\016\210\343P[\"#!#!#R\012\327\017\210c\224\021\221"
 159      5B222321 
 159      23212352 
 159      0AD70F88 
 159      63941191 
 160 087b 109A1A92 		.ascii	"\020\232\032\222\020\221\221\004\330\023\210c\231\320"
 160      10919104 
 160      D8138863 
 160      99D0
 161 0889 44824222 		.ascii	"D\202B\"B\202BDB$b\026\000\331\012\210c\221\026\321"
 161      42824244 
 161      42246216 
 161      00D90A88 
 161      639116D1 
 162 089d 6F4801DA 		.ascii	"oH\001\332\012\210c\222\025\321oH\001\333\012\210c\241"
 162      0A886392 
 162      15D16F48 
 162      01DB0A88 
 162      63A1
 163 08af 15D16F48 		.ascii	"\025\321oH\001\334\013\210\343\020\021\025\321oH\001"
ARM GAS  C:\Users\brian\AppData\Local\Temp\ccsO00Hl.s 			page 12


 163      01DC0B88 
 163      E3101115 
 163      D16F4801 
 164 08bf DD0C8863 		.ascii	"\335\014\210c\221\026\321\206J\212\024\000\336\017\210"
 164      9116D186 
 164      4A8A1400 
 164      DE0F88
 165 08ce 6310AB91 		.ascii	"c\020\253\221\011\221\011\221\011\251\021\007\337\017"
 165      09910991 
 165      09A91107 
 165      DF0F
 166 08dc 88E3A051 		.ascii	"\210\343\240Q!#a\"#!#Q\013\340\014\210\343\020\247\223"
 166      21236122 
 166      23212351 
 166      0BE00C88 
 166      E310A793 
 167 08f0 29513321 		.ascii	")Q3!\011\341\014\210\343\021\246\223)Q3!\011\342\014"
 167      09E10C88 
 167      E311A693 
 167      29513321 
 167      09E20C
 168 0903 886319A6 		.ascii	"\210c\031\246\223)Q3!\011\343\014\210\343\250\245\223"
 168      93295133 
 168      2109E30C 
 168      88E3A8A5 
 168      93
 169 0914 29513321 		.ascii	")Q3!\011\344\015\210\343PK'S\242fB\022\000\345\016\210"
 169      09E40D88 
 169      E3504B27 
 169      53A26642 
 169      1200E50E 
 170 0929 63910A09 		.ascii	"c\221\012\011\242\223)Q3!\011\346\015\210\343\007\251"
 170      A2932951 
 170      332109E6 
 170      0D88E307 
 170      A9
 171 093a 0A09B150 		.ascii	"\012\011\261P4!\011\347\015\210\343\207\241\221\011"
 171      342109E7 
 171      0D88E387 
 171      A19109
 172 0949 91AB0A93 		.ascii	"\221\253\012\223\001\350\014\210c\021\247\021\0211\221"
 172      01E80C88 
 172      6311A711 
 172      113191
 173 0958 2305E90C 		.ascii	"#\005\351\014\210c\022\246\021\0211\221#\005\352\014"
 173      886312A6 
 173      11113191 
 173      2305EA0C 
 174 0968 886321A6 		.ascii	"\210c!\246\021\0211\221#\005\353\015\210\343\020\221"
 174      11113191 
 174      2305EB0D 
 174      88E31091 
 175 0978 A5111131 		.ascii	"\245\021\0211\221#\005\354\012\210c\221\223\036SE\012"
 175      912305EC 
 175      0A886391 
 175      931E5345 
 175      0A
ARM GAS  C:\Users\brian\AppData\Local\Temp\ccsO00Hl.s 			page 13


 176 0989 ED0A8863 		.ascii	"\355\012\210c\222\222\036SE\012\356\013\210\343\221"
 176      92921E53 
 176      450AEE0B 
 176      88E391
 177 0998 0A091E53 		.ascii	"\012\011\036SE\012\357\012\210\343\024\221\035SE\012"
 177      450AEF0A 
 177      88E31491 
 177      1D53450A 
 178 09a8 F00E88E3 		.ascii	"\360\016\210\343\230\020R!5#\242\015)\000\361\015\210"
 178      98105221 
 178      3523A20D 
 178      2900F10D 
 178      88
 179 09b9 63114922 		.ascii	"c\021I\"*1#\242\227\000\362\014\210c\221\223\246\021"
 179      2A3123A2 
 179      9700F20C 
 179      88639193 
 179      A611
 180 09cb D1861400 		.ascii	"\321\206\024\000\363\014\210c\222\222\246\021\321\206"
 180      F30C8863 
 180      9292A611 
 180      D186
 181 09d9 1400F40D 		.ascii	"\024\000\364\015\210\343\221\012\011\246\021\321\206"
 181      88E3910A 
 181      09A611D1 
 181      86
 182 09e6 1400F50D 		.ascii	"\024\000\365\015\210c\021I\"L#\242\015)\000\366\014"
 182      88631149 
 182      224C23A2 
 182      0D2900F6 
 182      0C
 183 09f7 88E31491 		.ascii	"\210\343\024\221\245\021\321\206\024\000\367\012\210"
 183      A511D186 
 183      1400F70A 
 183      88
 184 0a04 E3111336 		.ascii	"\343\021\0236\026\223\005\370\016\210\343\207\023\241"
 184      169305F8 
 184      0E88E387 
 184      13A1
 185 0a12 91189990 		.ascii	"\221\030\231\220!\021\003\371\013\210c\221\023\026\321"
 185      211103F9 
 185      0B886391 
 185      1316D1
 186 0a21 9B4A00FA 		.ascii	"\233J\000\372\013\210c\222\022\026\321\233J\000\373"
 186      0B886392 
 186      1216D19B 
 186      4A00FB
 187 0a30 0C88E391 		.ascii	"\014\210\343\221\012\211\025\321\233J\000\374\013\210"
 187      0A8915D1 
 187      9B4A00FC 
 187      0B88
 188 0a3e E3141115 		.ascii	"\343\024\021\025\321\233J\000\375\015\210c\222\022\026"
 188      D19B4A00 
 188      FD0D8863 
 188      921216
 189 0a4d D1A64CA4 		.ascii	"\321\246L\244\004\000\376\014\210\343\214#\212\311\206"
 189      0400FE0C 
ARM GAS  C:\Users\brian\AppData\Local\Temp\ccsO00Hl.s 			page 14


 189      88E38C23 
 189      8AC986
 190 0a5c 281C00FF 		.ascii	"(\034\000\377\015\210\343\024\021\025\321\246L\244\004"
 190      0D88E314 
 190      1115D1A6 
 190      4CA404
 191 0a6b 00000000 		.ascii	"\000\000\000\000\004\377\377\000\000"
 191      04FFFF00 
 191      00
 192              		.text
 193              	.Letext0:
 194              		.file 1 "c:\\program files (x86)\\cypress\\psoc creator\\4.4\\psoc creator\\import\\gnu\\arm\\5.4.
 195              		.file 2 "c:\\program files (x86)\\cypress\\psoc creator\\4.4\\psoc creator\\import\\gnu\\arm\\5.4.
 196              		.file 3 "..\\u8g2\\csrc\\u8g2_fonts.c"
 197              		.section	.debug_info,"",%progbits
 198              	.Ldebug_info0:
 199 0000 B0000000 		.4byte	0xb0
 200 0004 0400     		.2byte	0x4
 201 0006 00000000 		.4byte	.Ldebug_abbrev0
 202 000a 04       		.byte	0x4
 203 000b 01       		.uleb128 0x1
 204 000c 3D000000 		.4byte	.LASF13
 205 0010 0C       		.byte	0xc
 206 0011 91010000 		.4byte	.LASF14
 207 0015 3C010000 		.4byte	.LASF15
 208 0019 00000000 		.4byte	.Ldebug_line0
 209 001d 02       		.uleb128 0x2
 210 001e 01       		.byte	0x1
 211 001f 06       		.byte	0x6
 212 0020 30010000 		.4byte	.LASF0
 213 0024 03       		.uleb128 0x3
 214 0025 F4000000 		.4byte	.LASF9
 215 0029 01       		.byte	0x1
 216 002a 1D       		.byte	0x1d
 217 002b 2F000000 		.4byte	0x2f
 218 002f 02       		.uleb128 0x2
 219 0030 01       		.byte	0x1
 220 0031 08       		.byte	0x8
 221 0032 06010000 		.4byte	.LASF1
 222 0036 02       		.uleb128 0x2
 223 0037 02       		.byte	0x2
 224 0038 05       		.byte	0x5
 225 0039 7E010000 		.4byte	.LASF2
 226 003d 02       		.uleb128 0x2
 227 003e 02       		.byte	0x2
 228 003f 07       		.byte	0x7
 229 0040 1D010000 		.4byte	.LASF3
 230 0044 02       		.uleb128 0x2
 231 0045 04       		.byte	0x4
 232 0046 05       		.byte	0x5
 233 0047 14010000 		.4byte	.LASF4
 234 004b 02       		.uleb128 0x2
 235 004c 04       		.byte	0x4
 236 004d 07       		.byte	0x7
 237 004e CB000000 		.4byte	.LASF5
 238 0052 02       		.uleb128 0x2
 239 0053 08       		.byte	0x8
ARM GAS  C:\Users\brian\AppData\Local\Temp\ccsO00Hl.s 			page 15


 240 0054 05       		.byte	0x5
 241 0055 00000000 		.4byte	.LASF6
 242 0059 02       		.uleb128 0x2
 243 005a 08       		.byte	0x8
 244 005b 07       		.byte	0x7
 245 005c DD000000 		.4byte	.LASF7
 246 0060 04       		.uleb128 0x4
 247 0061 04       		.byte	0x4
 248 0062 05       		.byte	0x5
 249 0063 696E7400 		.ascii	"int\000"
 250 0067 02       		.uleb128 0x2
 251 0068 04       		.byte	0x4
 252 0069 07       		.byte	0x7
 253 006a 0E000000 		.4byte	.LASF8
 254 006e 03       		.uleb128 0x3
 255 006f FE000000 		.4byte	.LASF10
 256 0073 02       		.byte	0x2
 257 0074 18       		.byte	0x18
 258 0075 24000000 		.4byte	0x24
 259 0079 02       		.uleb128 0x2
 260 007a 08       		.byte	0x8
 261 007b 04       		.byte	0x4
 262 007c 72010000 		.4byte	.LASF11
 263 0080 05       		.uleb128 0x5
 264 0081 6E000000 		.4byte	0x6e
 265 0085 06       		.uleb128 0x6
 266 0086 80000000 		.4byte	0x80
 267 008a 96000000 		.4byte	0x96
 268 008e 07       		.uleb128 0x7
 269 008f 96000000 		.4byte	0x96
 270 0093 730A     		.2byte	0xa73
 271 0095 00       		.byte	0
 272 0096 02       		.uleb128 0x2
 273 0097 04       		.byte	0x4
 274 0098 07       		.byte	0x7
 275 0099 88010000 		.4byte	.LASF12
 276 009d 08       		.uleb128 0x8
 277 009e 1B000000 		.4byte	.LASF16
 278 00a2 03       		.byte	0x3
 279 00a3 0C       		.byte	0xc
 280 00a4 AE000000 		.4byte	0xae
 281 00a8 05       		.uleb128 0x5
 282 00a9 03       		.byte	0x3
 283 00aa 00000000 		.4byte	u8g2_font_amstrad_cpc_extended_8f
 284 00ae 05       		.uleb128 0x5
 285 00af 85000000 		.4byte	0x85
 286 00b3 00       		.byte	0
 287              		.section	.debug_abbrev,"",%progbits
 288              	.Ldebug_abbrev0:
 289 0000 01       		.uleb128 0x1
 290 0001 11       		.uleb128 0x11
 291 0002 01       		.byte	0x1
 292 0003 25       		.uleb128 0x25
 293 0004 0E       		.uleb128 0xe
 294 0005 13       		.uleb128 0x13
 295 0006 0B       		.uleb128 0xb
 296 0007 03       		.uleb128 0x3
ARM GAS  C:\Users\brian\AppData\Local\Temp\ccsO00Hl.s 			page 16


 297 0008 0E       		.uleb128 0xe
 298 0009 1B       		.uleb128 0x1b
 299 000a 0E       		.uleb128 0xe
 300 000b 10       		.uleb128 0x10
 301 000c 17       		.uleb128 0x17
 302 000d 00       		.byte	0
 303 000e 00       		.byte	0
 304 000f 02       		.uleb128 0x2
 305 0010 24       		.uleb128 0x24
 306 0011 00       		.byte	0
 307 0012 0B       		.uleb128 0xb
 308 0013 0B       		.uleb128 0xb
 309 0014 3E       		.uleb128 0x3e
 310 0015 0B       		.uleb128 0xb
 311 0016 03       		.uleb128 0x3
 312 0017 0E       		.uleb128 0xe
 313 0018 00       		.byte	0
 314 0019 00       		.byte	0
 315 001a 03       		.uleb128 0x3
 316 001b 16       		.uleb128 0x16
 317 001c 00       		.byte	0
 318 001d 03       		.uleb128 0x3
 319 001e 0E       		.uleb128 0xe
 320 001f 3A       		.uleb128 0x3a
 321 0020 0B       		.uleb128 0xb
 322 0021 3B       		.uleb128 0x3b
 323 0022 0B       		.uleb128 0xb
 324 0023 49       		.uleb128 0x49
 325 0024 13       		.uleb128 0x13
 326 0025 00       		.byte	0
 327 0026 00       		.byte	0
 328 0027 04       		.uleb128 0x4
 329 0028 24       		.uleb128 0x24
 330 0029 00       		.byte	0
 331 002a 0B       		.uleb128 0xb
 332 002b 0B       		.uleb128 0xb
 333 002c 3E       		.uleb128 0x3e
 334 002d 0B       		.uleb128 0xb
 335 002e 03       		.uleb128 0x3
 336 002f 08       		.uleb128 0x8
 337 0030 00       		.byte	0
 338 0031 00       		.byte	0
 339 0032 05       		.uleb128 0x5
 340 0033 26       		.uleb128 0x26
 341 0034 00       		.byte	0
 342 0035 49       		.uleb128 0x49
 343 0036 13       		.uleb128 0x13
 344 0037 00       		.byte	0
 345 0038 00       		.byte	0
 346 0039 06       		.uleb128 0x6
 347 003a 01       		.uleb128 0x1
 348 003b 01       		.byte	0x1
 349 003c 49       		.uleb128 0x49
 350 003d 13       		.uleb128 0x13
 351 003e 01       		.uleb128 0x1
 352 003f 13       		.uleb128 0x13
 353 0040 00       		.byte	0
ARM GAS  C:\Users\brian\AppData\Local\Temp\ccsO00Hl.s 			page 17


 354 0041 00       		.byte	0
 355 0042 07       		.uleb128 0x7
 356 0043 21       		.uleb128 0x21
 357 0044 00       		.byte	0
 358 0045 49       		.uleb128 0x49
 359 0046 13       		.uleb128 0x13
 360 0047 2F       		.uleb128 0x2f
 361 0048 05       		.uleb128 0x5
 362 0049 00       		.byte	0
 363 004a 00       		.byte	0
 364 004b 08       		.uleb128 0x8
 365 004c 34       		.uleb128 0x34
 366 004d 00       		.byte	0
 367 004e 03       		.uleb128 0x3
 368 004f 0E       		.uleb128 0xe
 369 0050 3A       		.uleb128 0x3a
 370 0051 0B       		.uleb128 0xb
 371 0052 3B       		.uleb128 0x3b
 372 0053 0B       		.uleb128 0xb
 373 0054 49       		.uleb128 0x49
 374 0055 13       		.uleb128 0x13
 375 0056 3F       		.uleb128 0x3f
 376 0057 19       		.uleb128 0x19
 377 0058 02       		.uleb128 0x2
 378 0059 18       		.uleb128 0x18
 379 005a 00       		.byte	0
 380 005b 00       		.byte	0
 381 005c 00       		.byte	0
 382              		.section	.debug_aranges,"",%progbits
 383 0000 14000000 		.4byte	0x14
 384 0004 0200     		.2byte	0x2
 385 0006 00000000 		.4byte	.Ldebug_info0
 386 000a 04       		.byte	0x4
 387 000b 00       		.byte	0
 388 000c 0000     		.2byte	0
 389 000e 0000     		.2byte	0
 390 0010 00000000 		.4byte	0
 391 0014 00000000 		.4byte	0
 392              		.section	.debug_line,"",%progbits
 393              	.Ldebug_line0:
 394 0000 33010000 		.section	.debug_str,"MS",%progbits,1
 394      02002D01 
 394      00000201 
 394      FB0E0D00 
 394      01010101 
 395              	.LASF6:
 396 0000 6C6F6E67 		.ascii	"long long int\000"
 396      206C6F6E 
 396      6720696E 
 396      7400
 397              	.LASF8:
 398 000e 756E7369 		.ascii	"unsigned int\000"
 398      676E6564 
 398      20696E74 
 398      00
 399              	.LASF16:
 400 001b 75386732 		.ascii	"u8g2_font_amstrad_cpc_extended_8f\000"
ARM GAS  C:\Users\brian\AppData\Local\Temp\ccsO00Hl.s 			page 18


 400      5F666F6E 
 400      745F616D 
 400      73747261 
 400      645F6370 
 401              	.LASF13:
 402 003d 474E5520 		.ascii	"GNU C11 5.4.1 20160609 (release) [ARM/embedded-5-br"
 402      43313120 
 402      352E342E 
 402      31203230 
 402      31363036 
 403 0070 616E6368 		.ascii	"anch revision 237715] -mcpu=cortex-m3 -mthumb -g -O"
 403      20726576 
 403      6973696F 
 403      6E203233 
 403      37373135 
 404 00a3 67202D66 		.ascii	"g -ffunction-sections -ffat-lto-objects\000"
 404      66756E63 
 404      74696F6E 
 404      2D736563 
 404      74696F6E 
 405              	.LASF5:
 406 00cb 6C6F6E67 		.ascii	"long unsigned int\000"
 406      20756E73 
 406      69676E65 
 406      6420696E 
 406      7400
 407              	.LASF7:
 408 00dd 6C6F6E67 		.ascii	"long long unsigned int\000"
 408      206C6F6E 
 408      6720756E 
 408      7369676E 
 408      65642069 
 409              	.LASF9:
 410 00f4 5F5F7569 		.ascii	"__uint8_t\000"
 410      6E74385F 
 410      7400
 411              	.LASF10:
 412 00fe 75696E74 		.ascii	"uint8_t\000"
 412      385F7400 
 413              	.LASF1:
 414 0106 756E7369 		.ascii	"unsigned char\000"
 414      676E6564 
 414      20636861 
 414      7200
 415              	.LASF4:
 416 0114 6C6F6E67 		.ascii	"long int\000"
 416      20696E74 
 416      00
 417              	.LASF3:
 418 011d 73686F72 		.ascii	"short unsigned int\000"
 418      7420756E 
 418      7369676E 
 418      65642069 
 418      6E7400
 419              	.LASF0:
 420 0130 7369676E 		.ascii	"signed char\000"
 420      65642063 
ARM GAS  C:\Users\brian\AppData\Local\Temp\ccsO00Hl.s 			page 19


 420      68617200 
 421              	.LASF15:
 422 013c 433A5C55 		.ascii	"C:\\Users\\brian\\Documents\\PSoC Creator\\Lab7\\La"
 422      73657273 
 422      5C627269 
 422      616E5C44 
 422      6F63756D 
 423 0169 62372E63 		.ascii	"b7.cydsn\000"
 423      7964736E 
 423      00
 424              	.LASF11:
 425 0172 6C6F6E67 		.ascii	"long double\000"
 425      20646F75 
 425      626C6500 
 426              	.LASF2:
 427 017e 73686F72 		.ascii	"short int\000"
 427      7420696E 
 427      7400
 428              	.LASF12:
 429 0188 73697A65 		.ascii	"sizetype\000"
 429      74797065 
 429      00
 430              	.LASF14:
 431 0191 2E2E5C75 		.ascii	"..\\u8g2\\csrc\\u8g2_fonts.c\000"
 431      3867325C 
 431      63737263 
 431      5C753867 
 431      325F666F 
 432              		.ident	"GCC: (GNU Tools for ARM Embedded Processors) 5.4.1 20160609 (release) [ARM/embedded-5-bran
