ARM GAS  C:\Users\brian\AppData\Local\Temp\ccplB635.s 			page 1


   1              		.syntax unified
   2              		.cpu cortex-m3
   3              		.fpu softvfp
   4              		.eabi_attribute 20, 1
   5              		.eabi_attribute 21, 1
   6              		.eabi_attribute 23, 3
   7              		.eabi_attribute 24, 1
   8              		.eabi_attribute 25, 1
   9              		.eabi_attribute 26, 1
  10              		.eabi_attribute 30, 1
  11              		.eabi_attribute 34, 1
  12              		.eabi_attribute 18, 4
  13              		.thumb
  14              		.syntax unified
  15              		.file	"u8g2_kerning.c"
  16              		.text
  17              	.Ltext0:
  18              		.cfi_sections	.debug_frame
  19              		.section	.text.u8g2_GetKerning,"ax",%progbits
  20              		.align	2
  21              		.global	u8g2_GetKerning
  22              		.thumb
  23              		.thumb_func
  24              		.type	u8g2_GetKerning, %function
  25              	u8g2_GetKerning:
  26              	.LFB0:
  27              		.file 1 "..\\u8g2\\csrc\\u8g2_kerning.c"
   1:..\u8g2\csrc/u8g2_kerning.c **** /*
   2:..\u8g2\csrc/u8g2_kerning.c **** 
   3:..\u8g2\csrc/u8g2_kerning.c ****   u8g2_kerning.c
   4:..\u8g2\csrc/u8g2_kerning.c **** 
   5:..\u8g2\csrc/u8g2_kerning.c ****   Universal 8bit Graphics Library (https://github.com/olikraus/u8g2/)
   6:..\u8g2\csrc/u8g2_kerning.c **** 
   7:..\u8g2\csrc/u8g2_kerning.c ****   Copyright (c) 2016, olikraus@gmail.com
   8:..\u8g2\csrc/u8g2_kerning.c ****   All rights reserved.
   9:..\u8g2\csrc/u8g2_kerning.c **** 
  10:..\u8g2\csrc/u8g2_kerning.c ****   Redistribution and use in source and binary forms, with or without modification, 
  11:..\u8g2\csrc/u8g2_kerning.c ****   are permitted provided that the following conditions are met:
  12:..\u8g2\csrc/u8g2_kerning.c **** 
  13:..\u8g2\csrc/u8g2_kerning.c ****   * Redistributions of source code must retain the above copyright notice, this list 
  14:..\u8g2\csrc/u8g2_kerning.c ****     of conditions and the following disclaimer.
  15:..\u8g2\csrc/u8g2_kerning.c ****     
  16:..\u8g2\csrc/u8g2_kerning.c ****   * Redistributions in binary form must reproduce the above copyright notice, this 
  17:..\u8g2\csrc/u8g2_kerning.c ****     list of conditions and the following disclaimer in the documentation and/or other 
  18:..\u8g2\csrc/u8g2_kerning.c ****     materials provided with the distribution.
  19:..\u8g2\csrc/u8g2_kerning.c **** 
  20:..\u8g2\csrc/u8g2_kerning.c ****   THIS SOFTWARE IS PROVIDED BY THE COPYRIGHT HOLDERS AND 
  21:..\u8g2\csrc/u8g2_kerning.c ****   CONTRIBUTORS "AS IS" AND ANY EXPRESS OR IMPLIED WARRANTIES, 
  22:..\u8g2\csrc/u8g2_kerning.c ****   INCLUDING, BUT NOT LIMITED TO, THE IMPLIED WARRANTIES OF 
  23:..\u8g2\csrc/u8g2_kerning.c ****   MERCHANTABILITY AND FITNESS FOR A PARTICULAR PURPOSE ARE 
  24:..\u8g2\csrc/u8g2_kerning.c ****   DISCLAIMED. IN NO EVENT SHALL THE COPYRIGHT HOLDER OR 
  25:..\u8g2\csrc/u8g2_kerning.c ****   CONTRIBUTORS BE LIABLE FOR ANY DIRECT, INDIRECT, INCIDENTAL, 
  26:..\u8g2\csrc/u8g2_kerning.c ****   SPECIAL, EXEMPLARY, OR CONSEQUENTIAL DAMAGES (INCLUDING, BUT 
  27:..\u8g2\csrc/u8g2_kerning.c ****   NOT LIMITED TO, PROCUREMENT OF SUBSTITUTE GOODS OR SERVICES; 
  28:..\u8g2\csrc/u8g2_kerning.c ****   LOSS OF USE, DATA, OR PROFITS; OR BUSINESS INTERRUPTION) HOWEVER 
  29:..\u8g2\csrc/u8g2_kerning.c ****   CAUSED AND ON ANY THEORY OF LIABILITY, WHETHER IN CONTRACT, 
  30:..\u8g2\csrc/u8g2_kerning.c ****   STRICT LIABILITY, OR TORT (INCLUDING NEGLIGENCE OR OTHERWISE) 
ARM GAS  C:\Users\brian\AppData\Local\Temp\ccplB635.s 			page 2


  31:..\u8g2\csrc/u8g2_kerning.c ****   ARISING IN ANY WAY OUT OF THE USE OF THIS SOFTWARE, EVEN IF 
  32:..\u8g2\csrc/u8g2_kerning.c ****   ADVISED OF THE POSSIBILITY OF SUCH DAMAGE.  
  33:..\u8g2\csrc/u8g2_kerning.c **** 
  34:..\u8g2\csrc/u8g2_kerning.c **** */
  35:..\u8g2\csrc/u8g2_kerning.c **** 
  36:..\u8g2\csrc/u8g2_kerning.c **** #include "u8g2.h"
  37:..\u8g2\csrc/u8g2_kerning.c **** 
  38:..\u8g2\csrc/u8g2_kerning.c **** /* this function is used as "u8g2_get_kerning_cb" */
  39:..\u8g2\csrc/u8g2_kerning.c **** /*
  40:..\u8g2\csrc/u8g2_kerning.c **** uint8_t u8g2_GetNullKerning(u8g2_t *u8g2, uint16_t e1, uint16_t e2)
  41:..\u8g2\csrc/u8g2_kerning.c **** {
  42:..\u8g2\csrc/u8g2_kerning.c ****   return 0;
  43:..\u8g2\csrc/u8g2_kerning.c **** }
  44:..\u8g2\csrc/u8g2_kerning.c **** */
  45:..\u8g2\csrc/u8g2_kerning.c **** 
  46:..\u8g2\csrc/u8g2_kerning.c **** /* this function is used as "u8g2_get_kerning_cb" */
  47:..\u8g2\csrc/u8g2_kerning.c **** uint8_t u8g2_GetKerning(U8X8_UNUSED u8g2_t *u8g2, u8g2_kerning_t *kerning, uint16_t e1, uint16_t e2
  48:..\u8g2\csrc/u8g2_kerning.c **** {
  28              		.loc 1 48 0
  29              		.cfi_startproc
  30              		@ args = 0, pretend = 0, frame = 0
  31              		@ frame_needed = 0, uses_anonymous_args = 0
  32              		@ link register save eliminated.
  33              	.LVL0:
  49:..\u8g2\csrc/u8g2_kerning.c ****   uint16_t i1, i2, cnt, end;
  50:..\u8g2\csrc/u8g2_kerning.c ****   if ( kerning == NULL )
  34              		.loc 1 50 0
  35 0000 31B3     		cbz	r1, .L9
  48:..\u8g2\csrc/u8g2_kerning.c ****   uint16_t i1, i2, cnt, end;
  36              		.loc 1 48 0
  37 0002 30B4     		push	{r4, r5}
  38              		.cfi_def_cfa_offset 8
  39              		.cfi_offset 4, -8
  40              		.cfi_offset 5, -4
  41 0004 0C46     		mov	r4, r1
  51:..\u8g2\csrc/u8g2_kerning.c ****     return 0;
  52:..\u8g2\csrc/u8g2_kerning.c ****   
  53:..\u8g2\csrc/u8g2_kerning.c ****   /* search for the encoding in the first table */
  54:..\u8g2\csrc/u8g2_kerning.c ****   cnt = kerning->first_table_cnt;
  42              		.loc 1 54 0
  43 0006 0D88     		ldrh	r5, [r1]
  44              	.LVL1:
  55:..\u8g2\csrc/u8g2_kerning.c ****   cnt--;	/* ignore the last element of the table, which is 0x0ffff */
  45              		.loc 1 55 0
  46 0008 013D     		subs	r5, r5, #1
  47              	.LVL2:
  48 000a ADB2     		uxth	r5, r5
  49              	.LVL3:
  56:..\u8g2\csrc/u8g2_kerning.c ****   for( i1 = 0; i1 < cnt; i1++ )
  50              		.loc 1 56 0
  51 000c 0021     		movs	r1, #0
  52              	.LVL4:
  53 000e 06E0     		b	.L3
  54              	.LVL5:
  55              	.L5:
  57:..\u8g2\csrc/u8g2_kerning.c ****   {
  58:..\u8g2\csrc/u8g2_kerning.c ****     if ( kerning->first_encoding_table[i1] == e1 )
ARM GAS  C:\Users\brian\AppData\Local\Temp\ccplB635.s 			page 3


  56              		.loc 1 58 0
  57 0010 6068     		ldr	r0, [r4, #4]
  58 0012 30F81100 		ldrh	r0, [r0, r1, lsl #1]
  59 0016 9042     		cmp	r0, r2
  60 0018 03D0     		beq	.L4
  56:..\u8g2\csrc/u8g2_kerning.c ****   for( i1 = 0; i1 < cnt; i1++ )
  61              		.loc 1 56 0 discriminator 2
  62 001a 0131     		adds	r1, r1, #1
  63              	.LVL6:
  64 001c 89B2     		uxth	r1, r1
  65              	.LVL7:
  66              	.L3:
  56:..\u8g2\csrc/u8g2_kerning.c ****   for( i1 = 0; i1 < cnt; i1++ )
  67              		.loc 1 56 0 is_stmt 0 discriminator 1
  68 001e A942     		cmp	r1, r5
  69 0020 F6D3     		bcc	.L5
  70              	.L4:
  59:..\u8g2\csrc/u8g2_kerning.c ****       break;
  60:..\u8g2\csrc/u8g2_kerning.c ****   }
  61:..\u8g2\csrc/u8g2_kerning.c ****   if ( i1 >= cnt )
  71              		.loc 1 61 0 is_stmt 1
  72 0022 A942     		cmp	r1, r5
  73 0024 16D2     		bcs	.L10
  62:..\u8g2\csrc/u8g2_kerning.c ****     return 0;	/* e1 not part of the kerning table, return 0 */
  63:..\u8g2\csrc/u8g2_kerning.c **** 
  64:..\u8g2\csrc/u8g2_kerning.c ****   /* get the upper index for i2 */
  65:..\u8g2\csrc/u8g2_kerning.c ****   end = kerning->index_to_second_table[i1+1];
  74              		.loc 1 65 0
  75 0026 A268     		ldr	r2, [r4, #8]
  76              	.LVL8:
  77 0028 481C     		adds	r0, r1, #1
  78 002a 32F81000 		ldrh	r0, [r2, r0, lsl #1]
  79              	.LVL9:
  66:..\u8g2\csrc/u8g2_kerning.c ****   for( i2 = kerning->index_to_second_table[i1]; i2 < end; i2++ )
  80              		.loc 1 66 0
  81 002e 32F81120 		ldrh	r2, [r2, r1, lsl #1]
  82              	.LVL10:
  83 0032 06E0     		b	.L6
  84              	.LVL11:
  85              	.L8:
  67:..\u8g2\csrc/u8g2_kerning.c ****   {
  68:..\u8g2\csrc/u8g2_kerning.c ****     if ( kerning->second_encoding_table[i2] == e2 )
  86              		.loc 1 68 0
  87 0034 E168     		ldr	r1, [r4, #12]
  88 0036 31F81210 		ldrh	r1, [r1, r2, lsl #1]
  89 003a 9942     		cmp	r1, r3
  90 003c 03D0     		beq	.L7
  66:..\u8g2\csrc/u8g2_kerning.c ****   for( i2 = kerning->index_to_second_table[i1]; i2 < end; i2++ )
  91              		.loc 1 66 0 discriminator 2
  92 003e 0132     		adds	r2, r2, #1
  93              	.LVL12:
  94 0040 92B2     		uxth	r2, r2
  95              	.LVL13:
  96              	.L6:
  66:..\u8g2\csrc/u8g2_kerning.c ****   for( i2 = kerning->index_to_second_table[i1]; i2 < end; i2++ )
  97              		.loc 1 66 0 is_stmt 0 discriminator 1
  98 0042 8242     		cmp	r2, r0
ARM GAS  C:\Users\brian\AppData\Local\Temp\ccplB635.s 			page 4


  99 0044 F6D3     		bcc	.L8
 100              	.L7:
  69:..\u8g2\csrc/u8g2_kerning.c ****       break;
  70:..\u8g2\csrc/u8g2_kerning.c ****   }
  71:..\u8g2\csrc/u8g2_kerning.c ****   
  72:..\u8g2\csrc/u8g2_kerning.c ****   if ( i2 >= end )
 101              		.loc 1 72 0 is_stmt 1
 102 0046 8242     		cmp	r2, r0
 103 0048 06D2     		bcs	.L11
  73:..\u8g2\csrc/u8g2_kerning.c ****     return 0;	/* e2 not part of any pair with e1, return 0 */
  74:..\u8g2\csrc/u8g2_kerning.c ****   
  75:..\u8g2\csrc/u8g2_kerning.c ****   return kerning->kerning_values[i2];
 104              		.loc 1 75 0
 105 004a 2369     		ldr	r3, [r4, #16]
 106              	.LVL14:
 107 004c 985C     		ldrb	r0, [r3, r2]	@ zero_extendqisi2
 108              	.LVL15:
 109 004e 04E0     		b	.L2
 110              	.LVL16:
 111              	.L9:
 112              		.cfi_def_cfa_offset 0
 113              		.cfi_restore 4
 114              		.cfi_restore 5
  51:..\u8g2\csrc/u8g2_kerning.c ****   
 115              		.loc 1 51 0
 116 0050 0020     		movs	r0, #0
 117              	.LVL17:
  76:..\u8g2\csrc/u8g2_kerning.c **** }
 118              		.loc 1 76 0
 119 0052 7047     		bx	lr
 120              	.LVL18:
 121              	.L10:
 122              		.cfi_def_cfa_offset 8
 123              		.cfi_offset 4, -8
 124              		.cfi_offset 5, -4
  62:..\u8g2\csrc/u8g2_kerning.c **** 
 125              		.loc 1 62 0
 126 0054 0020     		movs	r0, #0
 127 0056 00E0     		b	.L2
 128              	.LVL19:
 129              	.L11:
  73:..\u8g2\csrc/u8g2_kerning.c ****   
 130              		.loc 1 73 0
 131 0058 0020     		movs	r0, #0
 132              	.LVL20:
 133              	.L2:
 134              		.loc 1 76 0
 135 005a 30BC     		pop	{r4, r5}
 136              		.cfi_restore 5
 137              		.cfi_restore 4
 138              		.cfi_def_cfa_offset 0
 139              	.LVL21:
 140 005c 7047     		bx	lr
 141              		.cfi_endproc
 142              	.LFE0:
 143              		.size	u8g2_GetKerning, .-u8g2_GetKerning
 144 005e 00BF     		.section	.text.u8g2_GetKerningByTable,"ax",%progbits
ARM GAS  C:\Users\brian\AppData\Local\Temp\ccplB635.s 			page 5


 145              		.align	2
 146              		.global	u8g2_GetKerningByTable
 147              		.thumb
 148              		.thumb_func
 149              		.type	u8g2_GetKerningByTable, %function
 150              	u8g2_GetKerningByTable:
 151              	.LFB1:
  77:..\u8g2\csrc/u8g2_kerning.c **** 
  78:..\u8g2\csrc/u8g2_kerning.c **** uint8_t u8g2_GetKerningByTable(U8X8_UNUSED u8g2_t *u8g2, const uint16_t *kt, uint16_t e1, uint16_t 
  79:..\u8g2\csrc/u8g2_kerning.c **** {
 152              		.loc 1 79 0
 153              		.cfi_startproc
 154              		@ args = 0, pretend = 0, frame = 0
 155              		@ frame_needed = 0, uses_anonymous_args = 0
 156              		@ link register save eliminated.
 157              	.LVL22:
  80:..\u8g2\csrc/u8g2_kerning.c ****   uint16_t i;
  81:..\u8g2\csrc/u8g2_kerning.c ****   i = 0;
  82:..\u8g2\csrc/u8g2_kerning.c ****   if ( kt == NULL )
 158              		.loc 1 82 0
 159 0000 B9B1     		cbz	r1, .L17
  79:..\u8g2\csrc/u8g2_kerning.c ****   uint16_t i;
 160              		.loc 1 79 0
 161 0002 70B4     		push	{r4, r5, r6}
 162              		.cfi_def_cfa_offset 12
 163              		.cfi_offset 4, -12
 164              		.cfi_offset 5, -8
 165              		.cfi_offset 6, -4
 166 0004 0D46     		mov	r5, r1
 167 0006 0021     		movs	r1, #0
 168              	.LVL23:
 169              	.L16:
  83:..\u8g2\csrc/u8g2_kerning.c ****     return 0;
  84:..\u8g2\csrc/u8g2_kerning.c ****   for(;;)
  85:..\u8g2\csrc/u8g2_kerning.c ****   {
  86:..\u8g2\csrc/u8g2_kerning.c ****     if ( kt[i] == 0x0ffff )
 170              		.loc 1 86 0
 171 0008 0E46     		mov	r6, r1
 172 000a 35F81100 		ldrh	r0, [r5, r1, lsl #1]
 173 000e 4FF6FF74 		movw	r4, #65535
 174 0012 A042     		cmp	r0, r4
 175 0014 0FD0     		beq	.L18
  87:..\u8g2\csrc/u8g2_kerning.c ****       break;
  88:..\u8g2\csrc/u8g2_kerning.c ****     if ( kt[i] == e1 && kt[i+1] == e2 )
 176              		.loc 1 88 0
 177 0016 9042     		cmp	r0, r2
 178 0018 08D1     		bne	.L15
 179              		.loc 1 88 0 is_stmt 0 discriminator 1
 180 001a 481C     		adds	r0, r1, #1
 181 001c 35F81000 		ldrh	r0, [r5, r0, lsl #1]
 182 0020 9842     		cmp	r0, r3
 183 0022 03D1     		bne	.L15
  89:..\u8g2\csrc/u8g2_kerning.c ****       return kt[i+2];
 184              		.loc 1 89 0 is_stmt 1
 185 0024 0236     		adds	r6, r6, #2
 186 0026 15F81600 		ldrb	r0, [r5, r6, lsl #1]	@ zero_extendqisi2
 187 002a 05E0     		b	.L14
ARM GAS  C:\Users\brian\AppData\Local\Temp\ccplB635.s 			page 6


 188              	.L15:
  90:..\u8g2\csrc/u8g2_kerning.c ****     i+=3;
 189              		.loc 1 90 0
 190 002c 0331     		adds	r1, r1, #3
 191              	.LVL24:
 192 002e 89B2     		uxth	r1, r1
 193              	.LVL25:
  91:..\u8g2\csrc/u8g2_kerning.c ****   }
 194              		.loc 1 91 0
 195 0030 EAE7     		b	.L16
 196              	.LVL26:
 197              	.L17:
 198              		.cfi_def_cfa_offset 0
 199              		.cfi_restore 4
 200              		.cfi_restore 5
 201              		.cfi_restore 6
  83:..\u8g2\csrc/u8g2_kerning.c ****   for(;;)
 202              		.loc 1 83 0
 203 0032 0020     		movs	r0, #0
 204              	.LVL27:
  92:..\u8g2\csrc/u8g2_kerning.c ****   return 0;
  93:..\u8g2\csrc/u8g2_kerning.c **** }
 205              		.loc 1 93 0
 206 0034 7047     		bx	lr
 207              	.LVL28:
 208              	.L18:
 209              		.cfi_def_cfa_offset 12
 210              		.cfi_offset 4, -12
 211              		.cfi_offset 5, -8
 212              		.cfi_offset 6, -4
  92:..\u8g2\csrc/u8g2_kerning.c ****   return 0;
 213              		.loc 1 92 0
 214 0036 0020     		movs	r0, #0
 215              	.L14:
 216              		.loc 1 93 0
 217 0038 70BC     		pop	{r4, r5, r6}
 218              		.cfi_restore 6
 219              		.cfi_restore 5
 220              		.cfi_restore 4
 221              		.cfi_def_cfa_offset 0
 222              	.LVL29:
 223 003a 7047     		bx	lr
 224              		.cfi_endproc
 225              	.LFE1:
 226              		.size	u8g2_GetKerningByTable, .-u8g2_GetKerningByTable
 227              		.text
 228              	.Letext0:
 229              		.file 2 "c:\\program files (x86)\\cypress\\psoc creator\\4.4\\psoc creator\\import\\gnu\\arm\\5.4.
 230              		.file 3 "c:\\program files (x86)\\cypress\\psoc creator\\4.4\\psoc creator\\import\\gnu\\arm\\5.4.
 231              		.file 4 "..\\u8g2\\csrc\\u8x8.h"
 232              		.file 5 "..\\u8g2\\csrc\\u8g2.h"
 233              		.section	.debug_info,"",%progbits
 234              	.Ldebug_info0:
 235 0000 18090000 		.4byte	0x918
 236 0004 0400     		.2byte	0x4
 237 0006 00000000 		.4byte	.Ldebug_abbrev0
 238 000a 04       		.byte	0x4
ARM GAS  C:\Users\brian\AppData\Local\Temp\ccplB635.s 			page 7


 239 000b 01       		.uleb128 0x1
 240 000c 43060000 		.4byte	.LASF148
 241 0010 0C       		.byte	0xc
 242 0011 7E050000 		.4byte	.LASF149
 243 0015 48050000 		.4byte	.LASF150
 244 0019 00000000 		.4byte	.Ldebug_ranges0+0
 245 001d 00000000 		.4byte	0
 246 0021 00000000 		.4byte	.Ldebug_line0
 247 0025 02       		.uleb128 0x2
 248 0026 B3000000 		.4byte	.LASF0
 249 002a 02       		.byte	0x2
 250 002b 1B       		.byte	0x1b
 251 002c 30000000 		.4byte	0x30
 252 0030 03       		.uleb128 0x3
 253 0031 01       		.byte	0x1
 254 0032 06       		.byte	0x6
 255 0033 26010000 		.4byte	.LASF2
 256 0037 02       		.uleb128 0x2
 257 0038 5C000000 		.4byte	.LASF1
 258 003c 02       		.byte	0x2
 259 003d 1D       		.byte	0x1d
 260 003e 42000000 		.4byte	0x42
 261 0042 03       		.uleb128 0x3
 262 0043 01       		.byte	0x1
 263 0044 08       		.byte	0x8
 264 0045 EA050000 		.4byte	.LASF3
 265 0049 03       		.uleb128 0x3
 266 004a 02       		.byte	0x2
 267 004b 05       		.byte	0x5
 268 004c 24060000 		.4byte	.LASF4
 269 0050 02       		.uleb128 0x2
 270 0051 85070000 		.4byte	.LASF5
 271 0055 02       		.byte	0x2
 272 0056 2B       		.byte	0x2b
 273 0057 5B000000 		.4byte	0x5b
 274 005b 03       		.uleb128 0x3
 275 005c 02       		.byte	0x2
 276 005d 07       		.byte	0x7
 277 005e 39030000 		.4byte	.LASF6
 278 0062 03       		.uleb128 0x3
 279 0063 04       		.byte	0x4
 280 0064 05       		.byte	0x5
 281 0065 92010000 		.4byte	.LASF7
 282 0069 02       		.uleb128 0x2
 283 006a 36020000 		.4byte	.LASF8
 284 006e 02       		.byte	0x2
 285 006f 41       		.byte	0x41
 286 0070 74000000 		.4byte	0x74
 287 0074 03       		.uleb128 0x3
 288 0075 04       		.byte	0x4
 289 0076 07       		.byte	0x7
 290 0077 FF020000 		.4byte	.LASF9
 291 007b 03       		.uleb128 0x3
 292 007c 08       		.byte	0x8
 293 007d 05       		.byte	0x5
 294 007e 18010000 		.4byte	.LASF10
 295 0082 03       		.uleb128 0x3
ARM GAS  C:\Users\brian\AppData\Local\Temp\ccplB635.s 			page 8


 296 0083 08       		.byte	0x8
 297 0084 07       		.byte	0x7
 298 0085 9C000000 		.4byte	.LASF11
 299 0089 04       		.uleb128 0x4
 300 008a 04       		.byte	0x4
 301 008b 05       		.byte	0x5
 302 008c 696E7400 		.ascii	"int\000"
 303 0090 03       		.uleb128 0x3
 304 0091 04       		.byte	0x4
 305 0092 07       		.byte	0x7
 306 0093 C6020000 		.4byte	.LASF12
 307 0097 02       		.uleb128 0x2
 308 0098 33080000 		.4byte	.LASF13
 309 009c 03       		.byte	0x3
 310 009d 14       		.byte	0x14
 311 009e 25000000 		.4byte	0x25
 312 00a2 02       		.uleb128 0x2
 313 00a3 82080000 		.4byte	.LASF14
 314 00a7 03       		.byte	0x3
 315 00a8 18       		.byte	0x18
 316 00a9 37000000 		.4byte	0x37
 317 00ad 02       		.uleb128 0x2
 318 00ae D0010000 		.4byte	.LASF15
 319 00b2 03       		.byte	0x3
 320 00b3 24       		.byte	0x24
 321 00b4 50000000 		.4byte	0x50
 322 00b8 02       		.uleb128 0x2
 323 00b9 16070000 		.4byte	.LASF16
 324 00bd 03       		.byte	0x3
 325 00be 30       		.byte	0x30
 326 00bf 69000000 		.4byte	0x69
 327 00c3 05       		.uleb128 0x5
 328 00c4 04       		.byte	0x4
 329 00c5 03       		.uleb128 0x3
 330 00c6 08       		.byte	0x8
 331 00c7 04       		.byte	0x4
 332 00c8 A2040000 		.4byte	.LASF17
 333 00cc 02       		.uleb128 0x2
 334 00cd 06080000 		.4byte	.LASF18
 335 00d1 04       		.byte	0x4
 336 00d2 CD       		.byte	0xcd
 337 00d3 D7000000 		.4byte	0xd7
 338 00d7 06       		.uleb128 0x6
 339 00d8 EE030000 		.4byte	.LASF39
 340 00dc 2C       		.byte	0x2c
 341 00dd 04       		.byte	0x4
 342 00de 5001     		.2byte	0x150
 343 00e0 DC010000 		.4byte	0x1dc
 344 00e4 07       		.uleb128 0x7
 345 00e5 C4030000 		.4byte	.LASF19
 346 00e9 04       		.byte	0x4
 347 00ea 5201     		.2byte	0x152
 348 00ec 42030000 		.4byte	0x342
 349 00f0 00       		.byte	0
 350 00f1 07       		.uleb128 0x7
 351 00f2 D9010000 		.4byte	.LASF20
 352 00f6 04       		.byte	0x4
ARM GAS  C:\Users\brian\AppData\Local\Temp\ccplB635.s 			page 9


 353 00f7 5301     		.2byte	0x153
 354 00f9 17030000 		.4byte	0x317
 355 00fd 04       		.byte	0x4
 356 00fe 07       		.uleb128 0x7
 357 00ff 53010000 		.4byte	.LASF21
 358 0103 04       		.byte	0x4
 359 0104 5401     		.2byte	0x154
 360 0106 E2020000 		.4byte	0x2e2
 361 010a 08       		.byte	0x8
 362 010b 07       		.uleb128 0x7
 363 010c D3040000 		.4byte	.LASF22
 364 0110 04       		.byte	0x4
 365 0111 5501     		.2byte	0x155
 366 0113 E2020000 		.4byte	0x2e2
 367 0117 0C       		.byte	0xc
 368 0118 07       		.uleb128 0x7
 369 0119 66000000 		.4byte	.LASF23
 370 011d 04       		.byte	0x4
 371 011e 5601     		.2byte	0x156
 372 0120 E2020000 		.4byte	0x2e2
 373 0124 10       		.byte	0x10
 374 0125 07       		.uleb128 0x7
 375 0126 EE010000 		.4byte	.LASF24
 376 012a 04       		.byte	0x4
 377 012b 5701     		.2byte	0x157
 378 012d E2020000 		.4byte	0x2e2
 379 0131 14       		.byte	0x14
 380 0132 07       		.uleb128 0x7
 381 0133 0D080000 		.4byte	.LASF25
 382 0137 04       		.byte	0x4
 383 0138 5801     		.2byte	0x158
 384 013a B8000000 		.4byte	0xb8
 385 013e 18       		.byte	0x18
 386 013f 07       		.uleb128 0x7
 387 0140 6B080000 		.4byte	.LASF26
 388 0144 04       		.byte	0x4
 389 0145 5901     		.2byte	0x159
 390 0147 4D030000 		.4byte	0x34d
 391 014b 1C       		.byte	0x1c
 392 014c 07       		.uleb128 0x7
 393 014d 1C040000 		.4byte	.LASF27
 394 0151 04       		.byte	0x4
 395 0152 5A01     		.2byte	0x15a
 396 0154 AD000000 		.4byte	0xad
 397 0158 20       		.byte	0x20
 398 0159 07       		.uleb128 0x7
 399 015a 33050000 		.4byte	.LASF28
 400 015e 04       		.byte	0x4
 401 015f 5B01     		.2byte	0x15b
 402 0161 A2000000 		.4byte	0xa2
 403 0165 22       		.byte	0x22
 404 0166 07       		.uleb128 0x7
 405 0167 3E010000 		.4byte	.LASF29
 406 016b 04       		.byte	0x4
 407 016c 5C01     		.2byte	0x15c
 408 016e A2000000 		.4byte	0xa2
 409 0172 23       		.byte	0x23
ARM GAS  C:\Users\brian\AppData\Local\Temp\ccplB635.s 			page 10


 410 0173 07       		.uleb128 0x7
 411 0174 F3020000 		.4byte	.LASF30
 412 0178 04       		.byte	0x4
 413 0179 5D01     		.2byte	0x15d
 414 017b A2000000 		.4byte	0xa2
 415 017f 24       		.byte	0x24
 416 0180 07       		.uleb128 0x7
 417 0181 A4080000 		.4byte	.LASF31
 418 0185 04       		.byte	0x4
 419 0186 6001     		.2byte	0x160
 420 0188 A2000000 		.4byte	0xa2
 421 018c 25       		.byte	0x25
 422 018d 07       		.uleb128 0x7
 423 018e D8000000 		.4byte	.LASF32
 424 0192 04       		.byte	0x4
 425 0193 6201     		.2byte	0x162
 426 0195 A2000000 		.4byte	0xa2
 427 0199 26       		.byte	0x26
 428 019a 07       		.uleb128 0x7
 429 019b EC000000 		.4byte	.LASF33
 430 019f 04       		.byte	0x4
 431 01a0 6301     		.2byte	0x163
 432 01a2 A2000000 		.4byte	0xa2
 433 01a6 27       		.byte	0x27
 434 01a7 07       		.uleb128 0x7
 435 01a8 D0080000 		.4byte	.LASF34
 436 01ac 04       		.byte	0x4
 437 01ad 6401     		.2byte	0x164
 438 01af A2000000 		.4byte	0xa2
 439 01b3 28       		.byte	0x28
 440 01b4 07       		.uleb128 0x7
 441 01b5 9A030000 		.4byte	.LASF35
 442 01b9 04       		.byte	0x4
 443 01ba 6501     		.2byte	0x165
 444 01bc A2000000 		.4byte	0xa2
 445 01c0 29       		.byte	0x29
 446 01c1 07       		.uleb128 0x7
 447 01c2 3A080000 		.4byte	.LASF36
 448 01c6 04       		.byte	0x4
 449 01c7 6601     		.2byte	0x166
 450 01c9 A2000000 		.4byte	0xa2
 451 01cd 2A       		.byte	0x2a
 452 01ce 07       		.uleb128 0x7
 453 01cf B2020000 		.4byte	.LASF37
 454 01d3 04       		.byte	0x4
 455 01d4 6701     		.2byte	0x167
 456 01d6 A2000000 		.4byte	0xa2
 457 01da 2B       		.byte	0x2b
 458 01db 00       		.byte	0
 459 01dc 02       		.uleb128 0x2
 460 01dd 22020000 		.4byte	.LASF38
 461 01e1 04       		.byte	0x4
 462 01e2 CE       		.byte	0xce
 463 01e3 E7010000 		.4byte	0x1e7
 464 01e7 08       		.uleb128 0x8
 465 01e8 F3080000 		.4byte	.LASF40
 466 01ec 18       		.byte	0x18
ARM GAS  C:\Users\brian\AppData\Local\Temp\ccplB635.s 			page 11


 467 01ed 04       		.byte	0x4
 468 01ee E7       		.byte	0xe7
 469 01ef E2020000 		.4byte	0x2e2
 470 01f3 09       		.uleb128 0x9
 471 01f4 52070000 		.4byte	.LASF41
 472 01f8 04       		.byte	0x4
 473 01f9 EB       		.byte	0xeb
 474 01fa A2000000 		.4byte	0xa2
 475 01fe 00       		.byte	0
 476 01ff 09       		.uleb128 0x9
 477 0200 58080000 		.4byte	.LASF42
 478 0204 04       		.byte	0x4
 479 0205 EC       		.byte	0xec
 480 0206 A2000000 		.4byte	0xa2
 481 020a 01       		.byte	0x1
 482 020b 09       		.uleb128 0x9
 483 020c B2070000 		.4byte	.LASF43
 484 0210 04       		.byte	0x4
 485 0211 EE       		.byte	0xee
 486 0212 A2000000 		.4byte	0xa2
 487 0216 02       		.byte	0x2
 488 0217 09       		.uleb128 0x9
 489 0218 79010000 		.4byte	.LASF44
 490 021c 04       		.byte	0x4
 491 021d EF       		.byte	0xef
 492 021e A2000000 		.4byte	0xa2
 493 0222 03       		.byte	0x3
 494 0223 09       		.uleb128 0x9
 495 0224 12000000 		.4byte	.LASF45
 496 0228 04       		.byte	0x4
 497 0229 F0       		.byte	0xf0
 498 022a A2000000 		.4byte	0xa2
 499 022e 04       		.byte	0x4
 500 022f 09       		.uleb128 0x9
 501 0230 BC000000 		.4byte	.LASF46
 502 0234 04       		.byte	0x4
 503 0235 F1       		.byte	0xf1
 504 0236 A2000000 		.4byte	0xa2
 505 023a 05       		.byte	0x5
 506 023b 09       		.uleb128 0x9
 507 023c 6B020000 		.4byte	.LASF47
 508 0240 04       		.byte	0x4
 509 0241 F8       		.byte	0xf8
 510 0242 A2000000 		.4byte	0xa2
 511 0246 06       		.byte	0x6
 512 0247 09       		.uleb128 0x9
 513 0248 DB030000 		.4byte	.LASF48
 514 024c 04       		.byte	0x4
 515 024d FC       		.byte	0xfc
 516 024e A2000000 		.4byte	0xa2
 517 0252 07       		.byte	0x7
 518 0253 09       		.uleb128 0x9
 519 0254 20090000 		.4byte	.LASF49
 520 0258 04       		.byte	0x4
 521 0259 FF       		.byte	0xff
 522 025a B8000000 		.4byte	0xb8
 523 025e 08       		.byte	0x8
ARM GAS  C:\Users\brian\AppData\Local\Temp\ccplB635.s 			page 12


 524 025f 07       		.uleb128 0x7
 525 0260 49070000 		.4byte	.LASF50
 526 0264 04       		.byte	0x4
 527 0265 0901     		.2byte	0x109
 528 0267 A2000000 		.4byte	0xa2
 529 026b 0C       		.byte	0xc
 530 026c 07       		.uleb128 0x7
 531 026d 01070000 		.4byte	.LASF51
 532 0271 04       		.byte	0x4
 533 0272 0C01     		.2byte	0x10c
 534 0274 A2000000 		.4byte	0xa2
 535 0278 0D       		.byte	0xd
 536 0279 07       		.uleb128 0x7
 537 027a D1060000 		.4byte	.LASF52
 538 027e 04       		.byte	0x4
 539 027f 1201     		.2byte	0x112
 540 0281 A2000000 		.4byte	0xa2
 541 0285 0E       		.byte	0xe
 542 0286 07       		.uleb128 0x7
 543 0287 10050000 		.4byte	.LASF53
 544 028b 04       		.byte	0x4
 545 028c 1401     		.2byte	0x114
 546 028e A2000000 		.4byte	0xa2
 547 0292 0F       		.byte	0xf
 548 0293 07       		.uleb128 0x7
 549 0294 C5080000 		.4byte	.LASF54
 550 0298 04       		.byte	0x4
 551 0299 1701     		.2byte	0x117
 552 029b A2000000 		.4byte	0xa2
 553 029f 10       		.byte	0x10
 554 02a0 07       		.uleb128 0x7
 555 02a1 3C050000 		.4byte	.LASF55
 556 02a5 04       		.byte	0x4
 557 02a6 1801     		.2byte	0x118
 558 02a8 A2000000 		.4byte	0xa2
 559 02ac 11       		.byte	0x11
 560 02ad 07       		.uleb128 0x7
 561 02ae 0B040000 		.4byte	.LASF56
 562 02b2 04       		.byte	0x4
 563 02b3 1A01     		.2byte	0x11a
 564 02b5 A2000000 		.4byte	0xa2
 565 02b9 12       		.byte	0x12
 566 02ba 07       		.uleb128 0x7
 567 02bb 48040000 		.4byte	.LASF57
 568 02bf 04       		.byte	0x4
 569 02c0 1B01     		.2byte	0x11b
 570 02c2 A2000000 		.4byte	0xa2
 571 02c6 13       		.byte	0x13
 572 02c7 07       		.uleb128 0x7
 573 02c8 B0080000 		.4byte	.LASF58
 574 02cc 04       		.byte	0x4
 575 02cd 2301     		.2byte	0x123
 576 02cf AD000000 		.4byte	0xad
 577 02d3 14       		.byte	0x14
 578 02d4 07       		.uleb128 0x7
 579 02d5 13090000 		.4byte	.LASF59
 580 02d9 04       		.byte	0x4
ARM GAS  C:\Users\brian\AppData\Local\Temp\ccplB635.s 			page 13


 581 02da 2401     		.2byte	0x124
 582 02dc AD000000 		.4byte	0xad
 583 02e0 16       		.byte	0x16
 584 02e1 00       		.byte	0
 585 02e2 02       		.uleb128 0x2
 586 02e3 C3050000 		.4byte	.LASF60
 587 02e7 04       		.byte	0x4
 588 02e8 D1       		.byte	0xd1
 589 02e9 ED020000 		.4byte	0x2ed
 590 02ed 0A       		.uleb128 0xa
 591 02ee 04       		.byte	0x4
 592 02ef F3020000 		.4byte	0x2f3
 593 02f3 0B       		.uleb128 0xb
 594 02f4 A2000000 		.4byte	0xa2
 595 02f8 11030000 		.4byte	0x311
 596 02fc 0C       		.uleb128 0xc
 597 02fd 11030000 		.4byte	0x311
 598 0301 0C       		.uleb128 0xc
 599 0302 A2000000 		.4byte	0xa2
 600 0306 0C       		.uleb128 0xc
 601 0307 A2000000 		.4byte	0xa2
 602 030b 0C       		.uleb128 0xc
 603 030c C3000000 		.4byte	0xc3
 604 0310 00       		.byte	0
 605 0311 0A       		.uleb128 0xa
 606 0312 04       		.byte	0x4
 607 0313 CC000000 		.4byte	0xcc
 608 0317 02       		.uleb128 0x2
 609 0318 E1010000 		.4byte	.LASF61
 610 031c 04       		.byte	0x4
 611 031d D2       		.byte	0xd2
 612 031e 22030000 		.4byte	0x322
 613 0322 0A       		.uleb128 0xa
 614 0323 04       		.byte	0x4
 615 0324 28030000 		.4byte	0x328
 616 0328 0B       		.uleb128 0xb
 617 0329 AD000000 		.4byte	0xad
 618 032d 3C030000 		.4byte	0x33c
 619 0331 0C       		.uleb128 0xc
 620 0332 11030000 		.4byte	0x311
 621 0336 0C       		.uleb128 0xc
 622 0337 A2000000 		.4byte	0xa2
 623 033b 00       		.byte	0
 624 033c 0A       		.uleb128 0xa
 625 033d 04       		.byte	0x4
 626 033e A2000000 		.4byte	0xa2
 627 0342 0A       		.uleb128 0xa
 628 0343 04       		.byte	0x4
 629 0344 48030000 		.4byte	0x348
 630 0348 0D       		.uleb128 0xd
 631 0349 DC010000 		.4byte	0x1dc
 632 034d 0A       		.uleb128 0xa
 633 034e 04       		.byte	0x4
 634 034f 53030000 		.4byte	0x353
 635 0353 0D       		.uleb128 0xd
 636 0354 A2000000 		.4byte	0xa2
 637 0358 02       		.uleb128 0x2
ARM GAS  C:\Users\brian\AppData\Local\Temp\ccplB635.s 			page 14


 638 0359 32010000 		.4byte	.LASF62
 639 035d 05       		.byte	0x5
 640 035e D2       		.byte	0xd2
 641 035f AD000000 		.4byte	0xad
 642 0363 02       		.uleb128 0x2
 643 0364 11030000 		.4byte	.LASF63
 644 0368 05       		.byte	0x5
 645 0369 DC       		.byte	0xdc
 646 036a 6E030000 		.4byte	0x36e
 647 036e 06       		.uleb128 0x6
 648 036f E4060000 		.4byte	.LASF64
 649 0373 94       		.byte	0x94
 650 0374 05       		.byte	0x5
 651 0375 3B01     		.2byte	0x13b
 652 0377 28050000 		.4byte	0x528
 653 037b 07       		.uleb128 0x7
 654 037c 2E060000 		.4byte	.LASF65
 655 0380 05       		.byte	0x5
 656 0381 3D01     		.2byte	0x13d
 657 0383 CC000000 		.4byte	0xcc
 658 0387 00       		.byte	0
 659 0388 07       		.uleb128 0x7
 660 0389 9A050000 		.4byte	.LASF66
 661 038d 05       		.byte	0x5
 662 038e 3E01     		.2byte	0x13e
 663 0390 C5050000 		.4byte	0x5c5
 664 0394 2C       		.byte	0x2c
 665 0395 0E       		.uleb128 0xe
 666 0396 636200   		.ascii	"cb\000"
 667 0399 05       		.byte	0x5
 668 039a 3F01     		.2byte	0x13f
 669 039c 24080000 		.4byte	0x824
 670 03a0 30       		.byte	0x30
 671 03a1 07       		.uleb128 0x7
 672 03a2 4F000000 		.4byte	.LASF67
 673 03a6 05       		.byte	0x5
 674 03a7 4201     		.2byte	0x142
 675 03a9 3C030000 		.4byte	0x33c
 676 03ad 34       		.byte	0x34
 677 03ae 07       		.uleb128 0x7
 678 03af 29030000 		.4byte	.LASF68
 679 03b3 05       		.byte	0x5
 680 03b4 4301     		.2byte	0x143
 681 03b6 A2000000 		.4byte	0xa2
 682 03ba 38       		.byte	0x38
 683 03bb 07       		.uleb128 0x7
 684 03bc 31070000 		.4byte	.LASF69
 685 03c0 05       		.byte	0x5
 686 03c1 4401     		.2byte	0x144
 687 03c3 A2000000 		.4byte	0xa2
 688 03c7 39       		.byte	0x39
 689 03c8 07       		.uleb128 0x7
 690 03c9 14060000 		.4byte	.LASF70
 691 03cd 05       		.byte	0x5
 692 03ce 4701     		.2byte	0x147
 693 03d0 58030000 		.4byte	0x358
 694 03d4 3A       		.byte	0x3a
ARM GAS  C:\Users\brian\AppData\Local\Temp\ccplB635.s 			page 15


 695 03d5 07       		.uleb128 0x7
 696 03d6 D3020000 		.4byte	.LASF71
 697 03da 05       		.byte	0x5
 698 03db 4801     		.2byte	0x148
 699 03dd 58030000 		.4byte	0x358
 700 03e1 3C       		.byte	0x3c
 701 03e2 07       		.uleb128 0x7
 702 03e3 C4040000 		.4byte	.LASF72
 703 03e7 05       		.byte	0x5
 704 03e8 4901     		.2byte	0x149
 705 03ea 58030000 		.4byte	0x358
 706 03ee 3E       		.byte	0x3e
 707 03ef 07       		.uleb128 0x7
 708 03f0 25050000 		.4byte	.LASF73
 709 03f4 05       		.byte	0x5
 710 03f5 4F01     		.2byte	0x14f
 711 03f7 58030000 		.4byte	0x358
 712 03fb 40       		.byte	0x40
 713 03fc 07       		.uleb128 0x7
 714 03fd 2C050000 		.4byte	.LASF74
 715 0401 05       		.byte	0x5
 716 0402 5001     		.2byte	0x150
 717 0404 58030000 		.4byte	0x358
 718 0408 42       		.byte	0x42
 719 0409 07       		.uleb128 0x7
 720 040a 23030000 		.4byte	.LASF75
 721 040e 05       		.byte	0x5
 722 040f 5301     		.2byte	0x153
 723 0411 58030000 		.4byte	0x358
 724 0415 44       		.byte	0x44
 725 0416 07       		.uleb128 0x7
 726 0417 0C090000 		.4byte	.LASF76
 727 041b 05       		.byte	0x5
 728 041c 5401     		.2byte	0x154
 729 041e 58030000 		.4byte	0x358
 730 0422 46       		.byte	0x46
 731 0423 07       		.uleb128 0x7
 732 0424 33060000 		.4byte	.LASF77
 733 0428 05       		.byte	0x5
 734 0429 5901     		.2byte	0x159
 735 042b 58030000 		.4byte	0x358
 736 042f 48       		.byte	0x48
 737 0430 07       		.uleb128 0x7
 738 0431 3B060000 		.4byte	.LASF78
 739 0435 05       		.byte	0x5
 740 0436 5A01     		.2byte	0x15a
 741 0438 58030000 		.4byte	0x358
 742 043c 4A       		.byte	0x4a
 743 043d 07       		.uleb128 0x7
 744 043e 08050000 		.4byte	.LASF79
 745 0442 05       		.byte	0x5
 746 0443 5B01     		.2byte	0x15b
 747 0445 58030000 		.4byte	0x358
 748 0449 4C       		.byte	0x4c
 749 044a 07       		.uleb128 0x7
 750 044b 17080000 		.4byte	.LASF80
 751 044f 05       		.byte	0x5
ARM GAS  C:\Users\brian\AppData\Local\Temp\ccplB635.s 			page 16


 752 0450 5C01     		.2byte	0x15c
 753 0452 58030000 		.4byte	0x358
 754 0456 4E       		.byte	0x4e
 755 0457 07       		.uleb128 0x7
 756 0458 81030000 		.4byte	.LASF81
 757 045c 05       		.byte	0x5
 758 045d 6001     		.2byte	0x160
 759 045f 58030000 		.4byte	0x358
 760 0463 50       		.byte	0x50
 761 0464 07       		.uleb128 0x7
 762 0465 89030000 		.4byte	.LASF82
 763 0469 05       		.byte	0x5
 764 046a 6101     		.2byte	0x161
 765 046c 58030000 		.4byte	0x358
 766 0470 52       		.byte	0x52
 767 0471 07       		.uleb128 0x7
 768 0472 DA040000 		.4byte	.LASF83
 769 0476 05       		.byte	0x5
 770 0477 6201     		.2byte	0x162
 771 0479 58030000 		.4byte	0x358
 772 047d 54       		.byte	0x54
 773 047e 07       		.uleb128 0x7
 774 047f E2040000 		.4byte	.LASF84
 775 0483 05       		.byte	0x5
 776 0484 6301     		.2byte	0x163
 777 0486 58030000 		.4byte	0x358
 778 048a 56       		.byte	0x56
 779 048b 07       		.uleb128 0x7
 780 048c 6B080000 		.4byte	.LASF26
 781 0490 05       		.byte	0x5
 782 0491 6801     		.2byte	0x168
 783 0493 4D030000 		.4byte	0x34d
 784 0497 58       		.byte	0x58
 785 0498 07       		.uleb128 0x7
 786 0499 4C020000 		.4byte	.LASF85
 787 049d 05       		.byte	0x5
 788 049e 6C01     		.2byte	0x16c
 789 04a0 03080000 		.4byte	0x803
 790 04a4 5C       		.byte	0x5c
 791 04a5 07       		.uleb128 0x7
 792 04a6 64070000 		.4byte	.LASF86
 793 04aa 05       		.byte	0x5
 794 04ab 6D01     		.2byte	0x16d
 795 04ad 84070000 		.4byte	0x784
 796 04b1 60       		.byte	0x60
 797 04b2 07       		.uleb128 0x7
 798 04b3 D1030000 		.4byte	.LASF87
 799 04b7 05       		.byte	0x5
 800 04b8 6E01     		.2byte	0x16e
 801 04ba D2060000 		.4byte	0x6d2
 802 04be 74       		.byte	0x74
 803 04bf 07       		.uleb128 0x7
 804 04c0 4C030000 		.4byte	.LASF88
 805 04c4 05       		.byte	0x5
 806 04c5 7201     		.2byte	0x172
 807 04c7 A2000000 		.4byte	0xa2
 808 04cb 8C       		.byte	0x8c
ARM GAS  C:\Users\brian\AppData\Local\Temp\ccplB635.s 			page 17


 809 04cc 07       		.uleb128 0x7
 810 04cd 25040000 		.4byte	.LASF89
 811 04d1 05       		.byte	0x5
 812 04d2 7501     		.2byte	0x175
 813 04d4 A2000000 		.4byte	0xa2
 814 04d8 8D       		.byte	0x8d
 815 04d9 07       		.uleb128 0x7
 816 04da 5B020000 		.4byte	.LASF90
 817 04de 05       		.byte	0x5
 818 04df 7601     		.2byte	0x176
 819 04e1 97000000 		.4byte	0x97
 820 04e5 8E       		.byte	0x8e
 821 04e6 07       		.uleb128 0x7
 822 04e7 11020000 		.4byte	.LASF91
 823 04eb 05       		.byte	0x5
 824 04ec 7701     		.2byte	0x177
 825 04ee 97000000 		.4byte	0x97
 826 04f2 8F       		.byte	0x8f
 827 04f3 07       		.uleb128 0x7
 828 04f4 6A010000 		.4byte	.LASF92
 829 04f8 05       		.byte	0x5
 830 04f9 7901     		.2byte	0x179
 831 04fb 97000000 		.4byte	0x97
 832 04ff 90       		.byte	0x90
 833 0500 07       		.uleb128 0x7
 834 0501 6D030000 		.4byte	.LASF93
 835 0505 05       		.byte	0x5
 836 0506 7B01     		.2byte	0x17b
 837 0508 A2000000 		.4byte	0xa2
 838 050c 91       		.byte	0x91
 839 050d 07       		.uleb128 0x7
 840 050e 90070000 		.4byte	.LASF94
 841 0512 05       		.byte	0x5
 842 0513 7D01     		.2byte	0x17d
 843 0515 A2000000 		.4byte	0xa2
 844 0519 92       		.byte	0x92
 845 051a 07       		.uleb128 0x7
 846 051b 01060000 		.4byte	.LASF95
 847 051f 05       		.byte	0x5
 848 0520 8101     		.2byte	0x181
 849 0522 A2000000 		.4byte	0xa2
 850 0526 93       		.byte	0x93
 851 0527 00       		.byte	0
 852 0528 02       		.uleb128 0x2
 853 0529 3F070000 		.4byte	.LASF96
 854 052d 05       		.byte	0x5
 855 052e DD       		.byte	0xdd
 856 052f 33050000 		.4byte	0x533
 857 0533 06       		.uleb128 0x6
 858 0534 CF050000 		.4byte	.LASF97
 859 0538 0C       		.byte	0xc
 860 0539 05       		.byte	0x5
 861 053a 3101     		.2byte	0x131
 862 053c 68050000 		.4byte	0x568
 863 0540 07       		.uleb128 0x7
 864 0541 8B000000 		.4byte	.LASF98
 865 0545 05       		.byte	0x5
ARM GAS  C:\Users\brian\AppData\Local\Temp\ccplB635.s 			page 18


 866 0546 3301     		.2byte	0x133
 867 0548 68050000 		.4byte	0x568
 868 054c 00       		.byte	0
 869 054d 07       		.uleb128 0x7
 870 054e B0010000 		.4byte	.LASF99
 871 0552 05       		.byte	0x5
 872 0553 3401     		.2byte	0x134
 873 0555 8A050000 		.4byte	0x58a
 874 0559 04       		.byte	0x4
 875 055a 07       		.uleb128 0x7
 876 055b 91030000 		.4byte	.LASF100
 877 055f 05       		.byte	0x5
 878 0560 3501     		.2byte	0x135
 879 0562 95050000 		.4byte	0x595
 880 0566 08       		.byte	0x8
 881 0567 00       		.byte	0
 882 0568 02       		.uleb128 0x2
 883 0569 DB070000 		.4byte	.LASF101
 884 056d 05       		.byte	0x5
 885 056e DF       		.byte	0xdf
 886 056f 73050000 		.4byte	0x573
 887 0573 0A       		.uleb128 0xa
 888 0574 04       		.byte	0x4
 889 0575 79050000 		.4byte	0x579
 890 0579 0F       		.uleb128 0xf
 891 057a 84050000 		.4byte	0x584
 892 057e 0C       		.uleb128 0xc
 893 057f 84050000 		.4byte	0x584
 894 0583 00       		.byte	0
 895 0584 0A       		.uleb128 0xa
 896 0585 04       		.byte	0x4
 897 0586 63030000 		.4byte	0x363
 898 058a 02       		.uleb128 0x2
 899 058b 37000000 		.4byte	.LASF102
 900 058f 05       		.byte	0x5
 901 0590 E0       		.byte	0xe0
 902 0591 73050000 		.4byte	0x573
 903 0595 02       		.uleb128 0x2
 904 0596 F0060000 		.4byte	.LASF103
 905 059a 05       		.byte	0x5
 906 059b E1       		.byte	0xe1
 907 059c A0050000 		.4byte	0x5a0
 908 05a0 0A       		.uleb128 0xa
 909 05a1 04       		.byte	0x4
 910 05a2 A6050000 		.4byte	0x5a6
 911 05a6 0F       		.uleb128 0xf
 912 05a7 C5050000 		.4byte	0x5c5
 913 05ab 0C       		.uleb128 0xc
 914 05ac 84050000 		.4byte	0x584
 915 05b0 0C       		.uleb128 0xc
 916 05b1 58030000 		.4byte	0x358
 917 05b5 0C       		.uleb128 0xc
 918 05b6 58030000 		.4byte	0x358
 919 05ba 0C       		.uleb128 0xc
 920 05bb 58030000 		.4byte	0x358
 921 05bf 0C       		.uleb128 0xc
 922 05c0 A2000000 		.4byte	0xa2
ARM GAS  C:\Users\brian\AppData\Local\Temp\ccplB635.s 			page 19


 923 05c4 00       		.byte	0
 924 05c5 02       		.uleb128 0x2
 925 05c6 7D020000 		.4byte	.LASF104
 926 05ca 05       		.byte	0x5
 927 05cb E2       		.byte	0xe2
 928 05cc A0050000 		.4byte	0x5a0
 929 05d0 08       		.uleb128 0x8
 930 05d1 1F070000 		.4byte	.LASF105
 931 05d5 18       		.byte	0x18
 932 05d6 05       		.byte	0x5
 933 05d7 E8       		.byte	0xe8
 934 05d8 D2060000 		.4byte	0x6d2
 935 05dc 09       		.uleb128 0x9
 936 05dd 81000000 		.4byte	.LASF106
 937 05e1 05       		.byte	0x5
 938 05e2 EB       		.byte	0xeb
 939 05e3 A2000000 		.4byte	0xa2
 940 05e7 00       		.byte	0
 941 05e8 09       		.uleb128 0x9
 942 05e9 CF000000 		.4byte	.LASF107
 943 05ed 05       		.byte	0x5
 944 05ee EC       		.byte	0xec
 945 05ef A2000000 		.4byte	0xa2
 946 05f3 01       		.byte	0x1
 947 05f4 09       		.uleb128 0x9
 948 05f5 41020000 		.4byte	.LASF108
 949 05f9 05       		.byte	0x5
 950 05fa ED       		.byte	0xed
 951 05fb A2000000 		.4byte	0xa2
 952 05ff 02       		.byte	0x2
 953 0600 09       		.uleb128 0x9
 954 0601 5A040000 		.4byte	.LASF109
 955 0605 05       		.byte	0x5
 956 0606 EE       		.byte	0xee
 957 0607 A2000000 		.4byte	0xa2
 958 060b 03       		.byte	0x3
 959 060c 09       		.uleb128 0x9
 960 060d 9E020000 		.4byte	.LASF110
 961 0611 05       		.byte	0x5
 962 0612 F1       		.byte	0xf1
 963 0613 A2000000 		.4byte	0xa2
 964 0617 04       		.byte	0x4
 965 0618 09       		.uleb128 0x9
 966 0619 70070000 		.4byte	.LASF111
 967 061d 05       		.byte	0x5
 968 061e F2       		.byte	0xf2
 969 061f A2000000 		.4byte	0xa2
 970 0623 05       		.byte	0x5
 971 0624 09       		.uleb128 0x9
 972 0625 F8000000 		.4byte	.LASF112
 973 0629 05       		.byte	0x5
 974 062a F3       		.byte	0xf3
 975 062b A2000000 		.4byte	0xa2
 976 062f 06       		.byte	0x6
 977 0630 09       		.uleb128 0x9
 978 0631 08010000 		.4byte	.LASF113
 979 0635 05       		.byte	0x5
ARM GAS  C:\Users\brian\AppData\Local\Temp\ccplB635.s 			page 20


 980 0636 F4       		.byte	0xf4
 981 0637 A2000000 		.4byte	0xa2
 982 063b 07       		.byte	0x7
 983 063c 09       		.uleb128 0x9
 984 063d 65040000 		.4byte	.LASF114
 985 0641 05       		.byte	0x5
 986 0642 F5       		.byte	0xf5
 987 0643 A2000000 		.4byte	0xa2
 988 0647 08       		.byte	0x8
 989 0648 09       		.uleb128 0x9
 990 0649 F9040000 		.4byte	.LASF115
 991 064d 05       		.byte	0x5
 992 064e F8       		.byte	0xf8
 993 064f 97000000 		.4byte	0x97
 994 0653 09       		.byte	0x9
 995 0654 09       		.uleb128 0x9
 996 0655 C0010000 		.4byte	.LASF116
 997 0659 05       		.byte	0x5
 998 065a F9       		.byte	0xf9
 999 065b 97000000 		.4byte	0x97
 1000 065f 0A       		.byte	0xa
 1001 0660 09       		.uleb128 0x9
 1002 0661 33050000 		.4byte	.LASF28
 1003 0665 05       		.byte	0x5
 1004 0666 FA       		.byte	0xfa
 1005 0667 97000000 		.4byte	0x97
 1006 066b 0B       		.byte	0xb
 1007 066c 09       		.uleb128 0x9
 1008 066d E3000000 		.4byte	.LASF117
 1009 0671 05       		.byte	0x5
 1010 0672 FB       		.byte	0xfb
 1011 0673 97000000 		.4byte	0x97
 1012 0677 0C       		.byte	0xc
 1013 0678 09       		.uleb128 0x9
 1014 0679 F8050000 		.4byte	.LASF118
 1015 067d 05       		.byte	0x5
 1016 067e FE       		.byte	0xfe
 1017 067f 97000000 		.4byte	0x97
 1018 0683 0D       		.byte	0xd
 1019 0684 09       		.uleb128 0x9
 1020 0685 94020000 		.4byte	.LASF119
 1021 0689 05       		.byte	0x5
 1022 068a FF       		.byte	0xff
 1023 068b 97000000 		.4byte	0x97
 1024 068f 0E       		.byte	0xe
 1025 0690 07       		.uleb128 0x7
 1026 0691 5E010000 		.4byte	.LASF120
 1027 0695 05       		.byte	0x5
 1028 0696 0001     		.2byte	0x100
 1029 0698 97000000 		.4byte	0x97
 1030 069c 0F       		.byte	0xf
 1031 069d 07       		.uleb128 0x7
 1032 069e B7030000 		.4byte	.LASF121
 1033 06a2 05       		.byte	0x5
 1034 06a3 0101     		.2byte	0x101
 1035 06a5 97000000 		.4byte	0x97
 1036 06a9 10       		.byte	0x10
ARM GAS  C:\Users\brian\AppData\Local\Temp\ccplB635.s 			page 21


 1037 06aa 07       		.uleb128 0x7
 1038 06ab 36040000 		.4byte	.LASF122
 1039 06af 05       		.byte	0x5
 1040 06b0 0401     		.2byte	0x104
 1041 06b2 AD000000 		.4byte	0xad
 1042 06b6 12       		.byte	0x12
 1043 06b7 07       		.uleb128 0x7
 1044 06b8 70080000 		.4byte	.LASF123
 1045 06bc 05       		.byte	0x5
 1046 06bd 0501     		.2byte	0x105
 1047 06bf AD000000 		.4byte	0xad
 1048 06c3 14       		.byte	0x14
 1049 06c4 07       		.uleb128 0x7
 1050 06c5 00000000 		.4byte	.LASF124
 1051 06c9 05       		.byte	0x5
 1052 06ca 0901     		.2byte	0x109
 1053 06cc AD000000 		.4byte	0xad
 1054 06d0 16       		.byte	0x16
 1055 06d1 00       		.byte	0
 1056 06d2 10       		.uleb128 0x10
 1057 06d3 00020000 		.4byte	.LASF125
 1058 06d7 05       		.byte	0x5
 1059 06d8 0C01     		.2byte	0x10c
 1060 06da D0050000 		.4byte	0x5d0
 1061 06de 06       		.uleb128 0x6
 1062 06df 1F080000 		.4byte	.LASF126
 1063 06e3 14       		.byte	0x14
 1064 06e4 05       		.byte	0x5
 1065 06e5 0F01     		.2byte	0x10f
 1066 06e7 84070000 		.4byte	0x784
 1067 06eb 07       		.uleb128 0x7
 1068 06ec 18030000 		.4byte	.LASF127
 1069 06f0 05       		.byte	0x5
 1070 06f1 1101     		.2byte	0x111
 1071 06f3 4D030000 		.4byte	0x34d
 1072 06f7 00       		.byte	0
 1073 06f8 07       		.uleb128 0x7
 1074 06f9 F4070000 		.4byte	.LASF128
 1075 06fd 05       		.byte	0x5
 1076 06fe 1301     		.2byte	0x113
 1077 0700 58030000 		.4byte	0x358
 1078 0704 04       		.byte	0x4
 1079 0705 07       		.uleb128 0x7
 1080 0706 FD070000 		.4byte	.LASF129
 1081 070a 05       		.byte	0x5
 1082 070b 1401     		.2byte	0x114
 1083 070d 58030000 		.4byte	0x358
 1084 0711 06       		.byte	0x6
 1085 0712 0E       		.uleb128 0xe
 1086 0713 7800     		.ascii	"x\000"
 1087 0715 05       		.byte	0x5
 1088 0716 1601     		.2byte	0x116
 1089 0718 97000000 		.4byte	0x97
 1090 071c 08       		.byte	0x8
 1091 071d 0E       		.uleb128 0xe
 1092 071e 7900     		.ascii	"y\000"
 1093 0720 05       		.byte	0x5
ARM GAS  C:\Users\brian\AppData\Local\Temp\ccplB635.s 			page 22


 1094 0721 1701     		.2byte	0x117
 1095 0723 97000000 		.4byte	0x97
 1096 0727 09       		.byte	0x9
 1097 0728 07       		.uleb128 0x7
 1098 0729 DE050000 		.4byte	.LASF130
 1099 072d 05       		.byte	0x5
 1100 072e 1801     		.2byte	0x118
 1101 0730 97000000 		.4byte	0x97
 1102 0734 0A       		.byte	0xa
 1103 0735 07       		.uleb128 0x7
 1104 0736 85040000 		.4byte	.LASF131
 1105 073a 05       		.byte	0x5
 1106 073b 1901     		.2byte	0x119
 1107 073d 97000000 		.4byte	0x97
 1108 0741 0B       		.byte	0xb
 1109 0742 07       		.uleb128 0x7
 1110 0743 76040000 		.4byte	.LASF132
 1111 0747 05       		.byte	0x5
 1112 0748 1B01     		.2byte	0x11b
 1113 074a A2000000 		.4byte	0xa2
 1114 074e 0C       		.byte	0xc
 1115 074f 07       		.uleb128 0x7
 1116 0750 E4020000 		.4byte	.LASF133
 1117 0754 05       		.byte	0x5
 1118 0755 1C01     		.2byte	0x11c
 1119 0757 A2000000 		.4byte	0xa2
 1120 075b 0D       		.byte	0xd
 1121 075c 07       		.uleb128 0x7
 1122 075d A4050000 		.4byte	.LASF134
 1123 0761 05       		.byte	0x5
 1124 0762 1D01     		.2byte	0x11d
 1125 0764 A2000000 		.4byte	0xa2
 1126 0768 0E       		.byte	0xe
 1127 0769 07       		.uleb128 0x7
 1128 076a BC080000 		.4byte	.LASF135
 1129 076e 05       		.byte	0x5
 1130 076f 1E01     		.2byte	0x11e
 1131 0771 A2000000 		.4byte	0xa2
 1132 0775 0F       		.byte	0xf
 1133 0776 0E       		.uleb128 0xe
 1134 0777 64697200 		.ascii	"dir\000"
 1135 077b 05       		.byte	0x5
 1136 077c 2001     		.2byte	0x120
 1137 077e A2000000 		.4byte	0xa2
 1138 0782 10       		.byte	0x10
 1139 0783 00       		.byte	0
 1140 0784 10       		.uleb128 0x10
 1141 0785 6E000000 		.4byte	.LASF136
 1142 0789 05       		.byte	0x5
 1143 078a 2301     		.2byte	0x123
 1144 078c DE060000 		.4byte	0x6de
 1145 0790 06       		.uleb128 0x6
 1146 0791 CB070000 		.4byte	.LASF137
 1147 0795 14       		.byte	0x14
 1148 0796 05       		.byte	0x5
 1149 0797 2501     		.2byte	0x125
 1150 0799 EC070000 		.4byte	0x7ec
ARM GAS  C:\Users\brian\AppData\Local\Temp\ccplB635.s 			page 23


 1151 079d 07       		.uleb128 0x7
 1152 079e 27000000 		.4byte	.LASF138
 1153 07a2 05       		.byte	0x5
 1154 07a3 2701     		.2byte	0x127
 1155 07a5 AD000000 		.4byte	0xad
 1156 07a9 00       		.byte	0
 1157 07aa 07       		.uleb128 0x7
 1158 07ab FA030000 		.4byte	.LASF139
 1159 07af 05       		.byte	0x5
 1160 07b0 2801     		.2byte	0x128
 1161 07b2 AD000000 		.4byte	0xad
 1162 07b6 02       		.byte	0x2
 1163 07b7 07       		.uleb128 0x7
 1164 07b8 9B010000 		.4byte	.LASF140
 1165 07bc 05       		.byte	0x5
 1166 07bd 2901     		.2byte	0x129
 1167 07bf EC070000 		.4byte	0x7ec
 1168 07c3 04       		.byte	0x4
 1169 07c4 07       		.uleb128 0x7
 1170 07c5 AE040000 		.4byte	.LASF141
 1171 07c9 05       		.byte	0x5
 1172 07ca 2A01     		.2byte	0x12a
 1173 07cc EC070000 		.4byte	0x7ec
 1174 07d0 08       		.byte	0x8
 1175 07d1 07       		.uleb128 0x7
 1176 07d2 AD050000 		.4byte	.LASF142
 1177 07d6 05       		.byte	0x5
 1178 07d7 2B01     		.2byte	0x12b
 1179 07d9 EC070000 		.4byte	0x7ec
 1180 07dd 0C       		.byte	0xc
 1181 07de 07       		.uleb128 0x7
 1182 07df EA040000 		.4byte	.LASF143
 1183 07e3 05       		.byte	0x5
 1184 07e4 2C01     		.2byte	0x12c
 1185 07e6 4D030000 		.4byte	0x34d
 1186 07ea 10       		.byte	0x10
 1187 07eb 00       		.byte	0
 1188 07ec 0A       		.uleb128 0xa
 1189 07ed 04       		.byte	0x4
 1190 07ee F2070000 		.4byte	0x7f2
 1191 07f2 0D       		.uleb128 0xd
 1192 07f3 AD000000 		.4byte	0xad
 1193 07f7 10       		.uleb128 0x10
 1194 07f8 49080000 		.4byte	.LASF144
 1195 07fc 05       		.byte	0x5
 1196 07fd 2E01     		.2byte	0x12e
 1197 07ff 90070000 		.4byte	0x790
 1198 0803 10       		.uleb128 0x10
 1199 0804 8A080000 		.4byte	.LASF145
 1200 0808 05       		.byte	0x5
 1201 0809 3801     		.2byte	0x138
 1202 080b 0F080000 		.4byte	0x80f
 1203 080f 0A       		.uleb128 0xa
 1204 0810 04       		.byte	0x4
 1205 0811 15080000 		.4byte	0x815
 1206 0815 0B       		.uleb128 0xb
 1207 0816 58030000 		.4byte	0x358
ARM GAS  C:\Users\brian\AppData\Local\Temp\ccplB635.s 			page 24


 1208 081a 24080000 		.4byte	0x824
 1209 081e 0C       		.uleb128 0xc
 1210 081f 84050000 		.4byte	0x584
 1211 0823 00       		.byte	0
 1212 0824 0A       		.uleb128 0xa
 1213 0825 04       		.byte	0x4
 1214 0826 2A080000 		.4byte	0x82a
 1215 082a 0D       		.uleb128 0xd
 1216 082b 28050000 		.4byte	0x528
 1217 082f 11       		.uleb128 0x11
 1218 0830 92040000 		.4byte	.LASF151
 1219 0834 01       		.byte	0x1
 1220 0835 2F       		.byte	0x2f
 1221 0836 A2000000 		.4byte	0xa2
 1222 083a 00000000 		.4byte	.LFB0
 1223 083e 5E000000 		.4byte	.LFE0-.LFB0
 1224 0842 01       		.uleb128 0x1
 1225 0843 9C       		.byte	0x9c
 1226 0844 BD080000 		.4byte	0x8bd
 1227 0848 12       		.uleb128 0x12
 1228 0849 B2030000 		.4byte	.LASF146
 1229 084d 01       		.byte	0x1
 1230 084e 2F       		.byte	0x2f
 1231 084f 84050000 		.4byte	0x584
 1232 0853 00000000 		.4byte	.LLST0
 1233 0857 12       		.uleb128 0x12
 1234 0858 EB080000 		.4byte	.LASF147
 1235 085c 01       		.byte	0x1
 1236 085d 2F       		.byte	0x2f
 1237 085e BD080000 		.4byte	0x8bd
 1238 0862 3A000000 		.4byte	.LLST1
 1239 0866 13       		.uleb128 0x13
 1240 0867 653100   		.ascii	"e1\000"
 1241 086a 01       		.byte	0x1
 1242 086b 2F       		.byte	0x2f
 1243 086c AD000000 		.4byte	0xad
 1244 0870 7C000000 		.4byte	.LLST2
 1245 0874 13       		.uleb128 0x13
 1246 0875 653200   		.ascii	"e2\000"
 1247 0878 01       		.byte	0x1
 1248 0879 2F       		.byte	0x2f
 1249 087a AD000000 		.4byte	0xad
 1250 087e B6000000 		.4byte	.LLST3
 1251 0882 14       		.uleb128 0x14
 1252 0883 693100   		.ascii	"i1\000"
 1253 0886 01       		.byte	0x1
 1254 0887 31       		.byte	0x31
 1255 0888 AD000000 		.4byte	0xad
 1256 088c F0000000 		.4byte	.LLST4
 1257 0890 14       		.uleb128 0x14
 1258 0891 693200   		.ascii	"i2\000"
 1259 0894 01       		.byte	0x1
 1260 0895 31       		.byte	0x31
 1261 0896 AD000000 		.4byte	0xad
 1262 089a 25010000 		.4byte	.LLST5
 1263 089e 14       		.uleb128 0x14
 1264 089f 636E7400 		.ascii	"cnt\000"
ARM GAS  C:\Users\brian\AppData\Local\Temp\ccplB635.s 			page 25


 1265 08a3 01       		.byte	0x1
 1266 08a4 31       		.byte	0x31
 1267 08a5 AD000000 		.4byte	0xad
 1268 08a9 4E010000 		.4byte	.LLST6
 1269 08ad 14       		.uleb128 0x14
 1270 08ae 656E6400 		.ascii	"end\000"
 1271 08b2 01       		.byte	0x1
 1272 08b3 31       		.byte	0x31
 1273 08b4 AD000000 		.4byte	0xad
 1274 08b8 9A010000 		.4byte	.LLST7
 1275 08bc 00       		.byte	0
 1276 08bd 0A       		.uleb128 0xa
 1277 08be 04       		.byte	0x4
 1278 08bf F7070000 		.4byte	0x7f7
 1279 08c3 15       		.uleb128 0x15
 1280 08c4 9B070000 		.4byte	.LASF152
 1281 08c8 01       		.byte	0x1
 1282 08c9 4E       		.byte	0x4e
 1283 08ca A2000000 		.4byte	0xa2
 1284 08ce 00000000 		.4byte	.LFB1
 1285 08d2 3C000000 		.4byte	.LFE1-.LFB1
 1286 08d6 01       		.uleb128 0x1
 1287 08d7 9C       		.byte	0x9c
 1288 08d8 12       		.uleb128 0x12
 1289 08d9 B2030000 		.4byte	.LASF146
 1290 08dd 01       		.byte	0x1
 1291 08de 4E       		.byte	0x4e
 1292 08df 84050000 		.4byte	0x584
 1293 08e3 B8010000 		.4byte	.LLST8
 1294 08e7 13       		.uleb128 0x13
 1295 08e8 6B7400   		.ascii	"kt\000"
 1296 08eb 01       		.byte	0x1
 1297 08ec 4E       		.byte	0x4e
 1298 08ed EC070000 		.4byte	0x7ec
 1299 08f1 F2010000 		.4byte	.LLST9
 1300 08f5 16       		.uleb128 0x16
 1301 08f6 653100   		.ascii	"e1\000"
 1302 08f9 01       		.byte	0x1
 1303 08fa 4E       		.byte	0x4e
 1304 08fb AD000000 		.4byte	0xad
 1305 08ff 01       		.uleb128 0x1
 1306 0900 52       		.byte	0x52
 1307 0901 16       		.uleb128 0x16
 1308 0902 653200   		.ascii	"e2\000"
 1309 0905 01       		.byte	0x1
 1310 0906 4E       		.byte	0x4e
 1311 0907 AD000000 		.4byte	0xad
 1312 090b 01       		.uleb128 0x1
 1313 090c 53       		.byte	0x53
 1314 090d 14       		.uleb128 0x14
 1315 090e 6900     		.ascii	"i\000"
 1316 0910 01       		.byte	0x1
 1317 0911 50       		.byte	0x50
 1318 0912 AD000000 		.4byte	0xad
 1319 0916 34020000 		.4byte	.LLST10
 1320 091a 00       		.byte	0
 1321 091b 00       		.byte	0
ARM GAS  C:\Users\brian\AppData\Local\Temp\ccplB635.s 			page 26


 1322              		.section	.debug_abbrev,"",%progbits
 1323              	.Ldebug_abbrev0:
 1324 0000 01       		.uleb128 0x1
 1325 0001 11       		.uleb128 0x11
 1326 0002 01       		.byte	0x1
 1327 0003 25       		.uleb128 0x25
 1328 0004 0E       		.uleb128 0xe
 1329 0005 13       		.uleb128 0x13
 1330 0006 0B       		.uleb128 0xb
 1331 0007 03       		.uleb128 0x3
 1332 0008 0E       		.uleb128 0xe
 1333 0009 1B       		.uleb128 0x1b
 1334 000a 0E       		.uleb128 0xe
 1335 000b 55       		.uleb128 0x55
 1336 000c 17       		.uleb128 0x17
 1337 000d 11       		.uleb128 0x11
 1338 000e 01       		.uleb128 0x1
 1339 000f 10       		.uleb128 0x10
 1340 0010 17       		.uleb128 0x17
 1341 0011 00       		.byte	0
 1342 0012 00       		.byte	0
 1343 0013 02       		.uleb128 0x2
 1344 0014 16       		.uleb128 0x16
 1345 0015 00       		.byte	0
 1346 0016 03       		.uleb128 0x3
 1347 0017 0E       		.uleb128 0xe
 1348 0018 3A       		.uleb128 0x3a
 1349 0019 0B       		.uleb128 0xb
 1350 001a 3B       		.uleb128 0x3b
 1351 001b 0B       		.uleb128 0xb
 1352 001c 49       		.uleb128 0x49
 1353 001d 13       		.uleb128 0x13
 1354 001e 00       		.byte	0
 1355 001f 00       		.byte	0
 1356 0020 03       		.uleb128 0x3
 1357 0021 24       		.uleb128 0x24
 1358 0022 00       		.byte	0
 1359 0023 0B       		.uleb128 0xb
 1360 0024 0B       		.uleb128 0xb
 1361 0025 3E       		.uleb128 0x3e
 1362 0026 0B       		.uleb128 0xb
 1363 0027 03       		.uleb128 0x3
 1364 0028 0E       		.uleb128 0xe
 1365 0029 00       		.byte	0
 1366 002a 00       		.byte	0
 1367 002b 04       		.uleb128 0x4
 1368 002c 24       		.uleb128 0x24
 1369 002d 00       		.byte	0
 1370 002e 0B       		.uleb128 0xb
 1371 002f 0B       		.uleb128 0xb
 1372 0030 3E       		.uleb128 0x3e
 1373 0031 0B       		.uleb128 0xb
 1374 0032 03       		.uleb128 0x3
 1375 0033 08       		.uleb128 0x8
 1376 0034 00       		.byte	0
 1377 0035 00       		.byte	0
 1378 0036 05       		.uleb128 0x5
ARM GAS  C:\Users\brian\AppData\Local\Temp\ccplB635.s 			page 27


 1379 0037 0F       		.uleb128 0xf
 1380 0038 00       		.byte	0
 1381 0039 0B       		.uleb128 0xb
 1382 003a 0B       		.uleb128 0xb
 1383 003b 00       		.byte	0
 1384 003c 00       		.byte	0
 1385 003d 06       		.uleb128 0x6
 1386 003e 13       		.uleb128 0x13
 1387 003f 01       		.byte	0x1
 1388 0040 03       		.uleb128 0x3
 1389 0041 0E       		.uleb128 0xe
 1390 0042 0B       		.uleb128 0xb
 1391 0043 0B       		.uleb128 0xb
 1392 0044 3A       		.uleb128 0x3a
 1393 0045 0B       		.uleb128 0xb
 1394 0046 3B       		.uleb128 0x3b
 1395 0047 05       		.uleb128 0x5
 1396 0048 01       		.uleb128 0x1
 1397 0049 13       		.uleb128 0x13
 1398 004a 00       		.byte	0
 1399 004b 00       		.byte	0
 1400 004c 07       		.uleb128 0x7
 1401 004d 0D       		.uleb128 0xd
 1402 004e 00       		.byte	0
 1403 004f 03       		.uleb128 0x3
 1404 0050 0E       		.uleb128 0xe
 1405 0051 3A       		.uleb128 0x3a
 1406 0052 0B       		.uleb128 0xb
 1407 0053 3B       		.uleb128 0x3b
 1408 0054 05       		.uleb128 0x5
 1409 0055 49       		.uleb128 0x49
 1410 0056 13       		.uleb128 0x13
 1411 0057 38       		.uleb128 0x38
 1412 0058 0B       		.uleb128 0xb
 1413 0059 00       		.byte	0
 1414 005a 00       		.byte	0
 1415 005b 08       		.uleb128 0x8
 1416 005c 13       		.uleb128 0x13
 1417 005d 01       		.byte	0x1
 1418 005e 03       		.uleb128 0x3
 1419 005f 0E       		.uleb128 0xe
 1420 0060 0B       		.uleb128 0xb
 1421 0061 0B       		.uleb128 0xb
 1422 0062 3A       		.uleb128 0x3a
 1423 0063 0B       		.uleb128 0xb
 1424 0064 3B       		.uleb128 0x3b
 1425 0065 0B       		.uleb128 0xb
 1426 0066 01       		.uleb128 0x1
 1427 0067 13       		.uleb128 0x13
 1428 0068 00       		.byte	0
 1429 0069 00       		.byte	0
 1430 006a 09       		.uleb128 0x9
 1431 006b 0D       		.uleb128 0xd
 1432 006c 00       		.byte	0
 1433 006d 03       		.uleb128 0x3
 1434 006e 0E       		.uleb128 0xe
 1435 006f 3A       		.uleb128 0x3a
ARM GAS  C:\Users\brian\AppData\Local\Temp\ccplB635.s 			page 28


 1436 0070 0B       		.uleb128 0xb
 1437 0071 3B       		.uleb128 0x3b
 1438 0072 0B       		.uleb128 0xb
 1439 0073 49       		.uleb128 0x49
 1440 0074 13       		.uleb128 0x13
 1441 0075 38       		.uleb128 0x38
 1442 0076 0B       		.uleb128 0xb
 1443 0077 00       		.byte	0
 1444 0078 00       		.byte	0
 1445 0079 0A       		.uleb128 0xa
 1446 007a 0F       		.uleb128 0xf
 1447 007b 00       		.byte	0
 1448 007c 0B       		.uleb128 0xb
 1449 007d 0B       		.uleb128 0xb
 1450 007e 49       		.uleb128 0x49
 1451 007f 13       		.uleb128 0x13
 1452 0080 00       		.byte	0
 1453 0081 00       		.byte	0
 1454 0082 0B       		.uleb128 0xb
 1455 0083 15       		.uleb128 0x15
 1456 0084 01       		.byte	0x1
 1457 0085 27       		.uleb128 0x27
 1458 0086 19       		.uleb128 0x19
 1459 0087 49       		.uleb128 0x49
 1460 0088 13       		.uleb128 0x13
 1461 0089 01       		.uleb128 0x1
 1462 008a 13       		.uleb128 0x13
 1463 008b 00       		.byte	0
 1464 008c 00       		.byte	0
 1465 008d 0C       		.uleb128 0xc
 1466 008e 05       		.uleb128 0x5
 1467 008f 00       		.byte	0
 1468 0090 49       		.uleb128 0x49
 1469 0091 13       		.uleb128 0x13
 1470 0092 00       		.byte	0
 1471 0093 00       		.byte	0
 1472 0094 0D       		.uleb128 0xd
 1473 0095 26       		.uleb128 0x26
 1474 0096 00       		.byte	0
 1475 0097 49       		.uleb128 0x49
 1476 0098 13       		.uleb128 0x13
 1477 0099 00       		.byte	0
 1478 009a 00       		.byte	0
 1479 009b 0E       		.uleb128 0xe
 1480 009c 0D       		.uleb128 0xd
 1481 009d 00       		.byte	0
 1482 009e 03       		.uleb128 0x3
 1483 009f 08       		.uleb128 0x8
 1484 00a0 3A       		.uleb128 0x3a
 1485 00a1 0B       		.uleb128 0xb
 1486 00a2 3B       		.uleb128 0x3b
 1487 00a3 05       		.uleb128 0x5
 1488 00a4 49       		.uleb128 0x49
 1489 00a5 13       		.uleb128 0x13
 1490 00a6 38       		.uleb128 0x38
 1491 00a7 0B       		.uleb128 0xb
 1492 00a8 00       		.byte	0
ARM GAS  C:\Users\brian\AppData\Local\Temp\ccplB635.s 			page 29


 1493 00a9 00       		.byte	0
 1494 00aa 0F       		.uleb128 0xf
 1495 00ab 15       		.uleb128 0x15
 1496 00ac 01       		.byte	0x1
 1497 00ad 27       		.uleb128 0x27
 1498 00ae 19       		.uleb128 0x19
 1499 00af 01       		.uleb128 0x1
 1500 00b0 13       		.uleb128 0x13
 1501 00b1 00       		.byte	0
 1502 00b2 00       		.byte	0
 1503 00b3 10       		.uleb128 0x10
 1504 00b4 16       		.uleb128 0x16
 1505 00b5 00       		.byte	0
 1506 00b6 03       		.uleb128 0x3
 1507 00b7 0E       		.uleb128 0xe
 1508 00b8 3A       		.uleb128 0x3a
 1509 00b9 0B       		.uleb128 0xb
 1510 00ba 3B       		.uleb128 0x3b
 1511 00bb 05       		.uleb128 0x5
 1512 00bc 49       		.uleb128 0x49
 1513 00bd 13       		.uleb128 0x13
 1514 00be 00       		.byte	0
 1515 00bf 00       		.byte	0
 1516 00c0 11       		.uleb128 0x11
 1517 00c1 2E       		.uleb128 0x2e
 1518 00c2 01       		.byte	0x1
 1519 00c3 3F       		.uleb128 0x3f
 1520 00c4 19       		.uleb128 0x19
 1521 00c5 03       		.uleb128 0x3
 1522 00c6 0E       		.uleb128 0xe
 1523 00c7 3A       		.uleb128 0x3a
 1524 00c8 0B       		.uleb128 0xb
 1525 00c9 3B       		.uleb128 0x3b
 1526 00ca 0B       		.uleb128 0xb
 1527 00cb 27       		.uleb128 0x27
 1528 00cc 19       		.uleb128 0x19
 1529 00cd 49       		.uleb128 0x49
 1530 00ce 13       		.uleb128 0x13
 1531 00cf 11       		.uleb128 0x11
 1532 00d0 01       		.uleb128 0x1
 1533 00d1 12       		.uleb128 0x12
 1534 00d2 06       		.uleb128 0x6
 1535 00d3 40       		.uleb128 0x40
 1536 00d4 18       		.uleb128 0x18
 1537 00d5 9742     		.uleb128 0x2117
 1538 00d7 19       		.uleb128 0x19
 1539 00d8 01       		.uleb128 0x1
 1540 00d9 13       		.uleb128 0x13
 1541 00da 00       		.byte	0
 1542 00db 00       		.byte	0
 1543 00dc 12       		.uleb128 0x12
 1544 00dd 05       		.uleb128 0x5
 1545 00de 00       		.byte	0
 1546 00df 03       		.uleb128 0x3
 1547 00e0 0E       		.uleb128 0xe
 1548 00e1 3A       		.uleb128 0x3a
 1549 00e2 0B       		.uleb128 0xb
ARM GAS  C:\Users\brian\AppData\Local\Temp\ccplB635.s 			page 30


 1550 00e3 3B       		.uleb128 0x3b
 1551 00e4 0B       		.uleb128 0xb
 1552 00e5 49       		.uleb128 0x49
 1553 00e6 13       		.uleb128 0x13
 1554 00e7 02       		.uleb128 0x2
 1555 00e8 17       		.uleb128 0x17
 1556 00e9 00       		.byte	0
 1557 00ea 00       		.byte	0
 1558 00eb 13       		.uleb128 0x13
 1559 00ec 05       		.uleb128 0x5
 1560 00ed 00       		.byte	0
 1561 00ee 03       		.uleb128 0x3
 1562 00ef 08       		.uleb128 0x8
 1563 00f0 3A       		.uleb128 0x3a
 1564 00f1 0B       		.uleb128 0xb
 1565 00f2 3B       		.uleb128 0x3b
 1566 00f3 0B       		.uleb128 0xb
 1567 00f4 49       		.uleb128 0x49
 1568 00f5 13       		.uleb128 0x13
 1569 00f6 02       		.uleb128 0x2
 1570 00f7 17       		.uleb128 0x17
 1571 00f8 00       		.byte	0
 1572 00f9 00       		.byte	0
 1573 00fa 14       		.uleb128 0x14
 1574 00fb 34       		.uleb128 0x34
 1575 00fc 00       		.byte	0
 1576 00fd 03       		.uleb128 0x3
 1577 00fe 08       		.uleb128 0x8
 1578 00ff 3A       		.uleb128 0x3a
 1579 0100 0B       		.uleb128 0xb
 1580 0101 3B       		.uleb128 0x3b
 1581 0102 0B       		.uleb128 0xb
 1582 0103 49       		.uleb128 0x49
 1583 0104 13       		.uleb128 0x13
 1584 0105 02       		.uleb128 0x2
 1585 0106 17       		.uleb128 0x17
 1586 0107 00       		.byte	0
 1587 0108 00       		.byte	0
 1588 0109 15       		.uleb128 0x15
 1589 010a 2E       		.uleb128 0x2e
 1590 010b 01       		.byte	0x1
 1591 010c 3F       		.uleb128 0x3f
 1592 010d 19       		.uleb128 0x19
 1593 010e 03       		.uleb128 0x3
 1594 010f 0E       		.uleb128 0xe
 1595 0110 3A       		.uleb128 0x3a
 1596 0111 0B       		.uleb128 0xb
 1597 0112 3B       		.uleb128 0x3b
 1598 0113 0B       		.uleb128 0xb
 1599 0114 27       		.uleb128 0x27
 1600 0115 19       		.uleb128 0x19
 1601 0116 49       		.uleb128 0x49
 1602 0117 13       		.uleb128 0x13
 1603 0118 11       		.uleb128 0x11
 1604 0119 01       		.uleb128 0x1
 1605 011a 12       		.uleb128 0x12
 1606 011b 06       		.uleb128 0x6
ARM GAS  C:\Users\brian\AppData\Local\Temp\ccplB635.s 			page 31


 1607 011c 40       		.uleb128 0x40
 1608 011d 18       		.uleb128 0x18
 1609 011e 9742     		.uleb128 0x2117
 1610 0120 19       		.uleb128 0x19
 1611 0121 00       		.byte	0
 1612 0122 00       		.byte	0
 1613 0123 16       		.uleb128 0x16
 1614 0124 05       		.uleb128 0x5
 1615 0125 00       		.byte	0
 1616 0126 03       		.uleb128 0x3
 1617 0127 08       		.uleb128 0x8
 1618 0128 3A       		.uleb128 0x3a
 1619 0129 0B       		.uleb128 0xb
 1620 012a 3B       		.uleb128 0x3b
 1621 012b 0B       		.uleb128 0xb
 1622 012c 49       		.uleb128 0x49
 1623 012d 13       		.uleb128 0x13
 1624 012e 02       		.uleb128 0x2
 1625 012f 18       		.uleb128 0x18
 1626 0130 00       		.byte	0
 1627 0131 00       		.byte	0
 1628 0132 00       		.byte	0
 1629              		.section	.debug_loc,"",%progbits
 1630              	.Ldebug_loc0:
 1631              	.LLST0:
 1632 0000 00000000 		.4byte	.LVL0
 1633 0004 10000000 		.4byte	.LVL5
 1634 0008 0100     		.2byte	0x1
 1635 000a 50       		.byte	0x50
 1636 000b 10000000 		.4byte	.LVL5
 1637 000f 50000000 		.4byte	.LVL16
 1638 0013 0400     		.2byte	0x4
 1639 0015 F3       		.byte	0xf3
 1640 0016 01       		.uleb128 0x1
 1641 0017 50       		.byte	0x50
 1642 0018 9F       		.byte	0x9f
 1643 0019 50000000 		.4byte	.LVL16
 1644 001d 52000000 		.4byte	.LVL17
 1645 0021 0100     		.2byte	0x1
 1646 0023 50       		.byte	0x50
 1647 0024 52000000 		.4byte	.LVL17
 1648 0028 5E000000 		.4byte	.LFE0
 1649 002c 0400     		.2byte	0x4
 1650 002e F3       		.byte	0xf3
 1651 002f 01       		.uleb128 0x1
 1652 0030 50       		.byte	0x50
 1653 0031 9F       		.byte	0x9f
 1654 0032 00000000 		.4byte	0
 1655 0036 00000000 		.4byte	0
 1656              	.LLST1:
 1657 003a 00000000 		.4byte	.LVL0
 1658 003e 0E000000 		.4byte	.LVL4
 1659 0042 0100     		.2byte	0x1
 1660 0044 51       		.byte	0x51
 1661 0045 0E000000 		.4byte	.LVL4
 1662 0049 50000000 		.4byte	.LVL16
 1663 004d 0100     		.2byte	0x1
ARM GAS  C:\Users\brian\AppData\Local\Temp\ccplB635.s 			page 32


 1664 004f 54       		.byte	0x54
 1665 0050 50000000 		.4byte	.LVL16
 1666 0054 54000000 		.4byte	.LVL18
 1667 0058 0100     		.2byte	0x1
 1668 005a 51       		.byte	0x51
 1669 005b 54000000 		.4byte	.LVL18
 1670 005f 5C000000 		.4byte	.LVL21
 1671 0063 0100     		.2byte	0x1
 1672 0065 54       		.byte	0x54
 1673 0066 5C000000 		.4byte	.LVL21
 1674 006a 5E000000 		.4byte	.LFE0
 1675 006e 0400     		.2byte	0x4
 1676 0070 F3       		.byte	0xf3
 1677 0071 01       		.uleb128 0x1
 1678 0072 51       		.byte	0x51
 1679 0073 9F       		.byte	0x9f
 1680 0074 00000000 		.4byte	0
 1681 0078 00000000 		.4byte	0
 1682              	.LLST2:
 1683 007c 00000000 		.4byte	.LVL0
 1684 0080 28000000 		.4byte	.LVL8
 1685 0084 0100     		.2byte	0x1
 1686 0086 52       		.byte	0x52
 1687 0087 28000000 		.4byte	.LVL8
 1688 008b 50000000 		.4byte	.LVL16
 1689 008f 0400     		.2byte	0x4
 1690 0091 F3       		.byte	0xf3
 1691 0092 01       		.uleb128 0x1
 1692 0093 52       		.byte	0x52
 1693 0094 9F       		.byte	0x9f
 1694 0095 50000000 		.4byte	.LVL16
 1695 0099 58000000 		.4byte	.LVL19
 1696 009d 0100     		.2byte	0x1
 1697 009f 52       		.byte	0x52
 1698 00a0 58000000 		.4byte	.LVL19
 1699 00a4 5E000000 		.4byte	.LFE0
 1700 00a8 0400     		.2byte	0x4
 1701 00aa F3       		.byte	0xf3
 1702 00ab 01       		.uleb128 0x1
 1703 00ac 52       		.byte	0x52
 1704 00ad 9F       		.byte	0x9f
 1705 00ae 00000000 		.4byte	0
 1706 00b2 00000000 		.4byte	0
 1707              	.LLST3:
 1708 00b6 00000000 		.4byte	.LVL0
 1709 00ba 4C000000 		.4byte	.LVL14
 1710 00be 0100     		.2byte	0x1
 1711 00c0 53       		.byte	0x53
 1712 00c1 4C000000 		.4byte	.LVL14
 1713 00c5 50000000 		.4byte	.LVL16
 1714 00c9 0400     		.2byte	0x4
 1715 00cb F3       		.byte	0xf3
 1716 00cc 01       		.uleb128 0x1
 1717 00cd 53       		.byte	0x53
 1718 00ce 9F       		.byte	0x9f
 1719 00cf 50000000 		.4byte	.LVL16
 1720 00d3 5A000000 		.4byte	.LVL20
ARM GAS  C:\Users\brian\AppData\Local\Temp\ccplB635.s 			page 33


 1721 00d7 0100     		.2byte	0x1
 1722 00d9 53       		.byte	0x53
 1723 00da 5A000000 		.4byte	.LVL20
 1724 00de 5E000000 		.4byte	.LFE0
 1725 00e2 0400     		.2byte	0x4
 1726 00e4 F3       		.byte	0xf3
 1727 00e5 01       		.uleb128 0x1
 1728 00e6 53       		.byte	0x53
 1729 00e7 9F       		.byte	0x9f
 1730 00e8 00000000 		.4byte	0
 1731 00ec 00000000 		.4byte	0
 1732              	.LLST4:
 1733 00f0 0C000000 		.4byte	.LVL3
 1734 00f4 10000000 		.4byte	.LVL5
 1735 00f8 0200     		.2byte	0x2
 1736 00fa 30       		.byte	0x30
 1737 00fb 9F       		.byte	0x9f
 1738 00fc 10000000 		.4byte	.LVL5
 1739 0100 1C000000 		.4byte	.LVL6
 1740 0104 0100     		.2byte	0x1
 1741 0106 51       		.byte	0x51
 1742 0107 1E000000 		.4byte	.LVL7
 1743 010b 34000000 		.4byte	.LVL11
 1744 010f 0100     		.2byte	0x1
 1745 0111 51       		.byte	0x51
 1746 0112 54000000 		.4byte	.LVL18
 1747 0116 58000000 		.4byte	.LVL19
 1748 011a 0100     		.2byte	0x1
 1749 011c 51       		.byte	0x51
 1750 011d 00000000 		.4byte	0
 1751 0121 00000000 		.4byte	0
 1752              	.LLST5:
 1753 0125 32000000 		.4byte	.LVL10
 1754 0129 40000000 		.4byte	.LVL12
 1755 012d 0100     		.2byte	0x1
 1756 012f 52       		.byte	0x52
 1757 0130 42000000 		.4byte	.LVL13
 1758 0134 50000000 		.4byte	.LVL16
 1759 0138 0100     		.2byte	0x1
 1760 013a 52       		.byte	0x52
 1761 013b 58000000 		.4byte	.LVL19
 1762 013f 5A000000 		.4byte	.LVL20
 1763 0143 0100     		.2byte	0x1
 1764 0145 52       		.byte	0x52
 1765 0146 00000000 		.4byte	0
 1766 014a 00000000 		.4byte	0
 1767              	.LLST6:
 1768 014e 08000000 		.4byte	.LVL1
 1769 0152 0A000000 		.4byte	.LVL2
 1770 0156 0100     		.2byte	0x1
 1771 0158 55       		.byte	0x55
 1772 0159 0A000000 		.4byte	.LVL2
 1773 015d 0C000000 		.4byte	.LVL3
 1774 0161 0300     		.2byte	0x3
 1775 0163 75       		.byte	0x75
 1776 0164 01       		.sleb128 1
 1777 0165 9F       		.byte	0x9f
ARM GAS  C:\Users\brian\AppData\Local\Temp\ccplB635.s 			page 34


 1778 0166 0C000000 		.4byte	.LVL3
 1779 016a 50000000 		.4byte	.LVL16
 1780 016e 0100     		.2byte	0x1
 1781 0170 55       		.byte	0x55
 1782 0171 54000000 		.4byte	.LVL18
 1783 0175 5C000000 		.4byte	.LVL21
 1784 0179 0100     		.2byte	0x1
 1785 017b 55       		.byte	0x55
 1786 017c 5C000000 		.4byte	.LVL21
 1787 0180 5E000000 		.4byte	.LFE0
 1788 0184 0C00     		.2byte	0xc
 1789 0186 F3       		.byte	0xf3
 1790 0187 01       		.uleb128 0x1
 1791 0188 51       		.byte	0x51
 1792 0189 94       		.byte	0x94
 1793 018a 02       		.byte	0x2
 1794 018b 0A       		.byte	0xa
 1795 018c FFFF     		.2byte	0xffff
 1796 018e 1A       		.byte	0x1a
 1797 018f 31       		.byte	0x31
 1798 0190 1C       		.byte	0x1c
 1799 0191 9F       		.byte	0x9f
 1800 0192 00000000 		.4byte	0
 1801 0196 00000000 		.4byte	0
 1802              	.LLST7:
 1803 019a 2E000000 		.4byte	.LVL9
 1804 019e 4E000000 		.4byte	.LVL15
 1805 01a2 0100     		.2byte	0x1
 1806 01a4 50       		.byte	0x50
 1807 01a5 58000000 		.4byte	.LVL19
 1808 01a9 5A000000 		.4byte	.LVL20
 1809 01ad 0100     		.2byte	0x1
 1810 01af 50       		.byte	0x50
 1811 01b0 00000000 		.4byte	0
 1812 01b4 00000000 		.4byte	0
 1813              	.LLST8:
 1814 01b8 00000000 		.4byte	.LVL22
 1815 01bc 08000000 		.4byte	.LVL23
 1816 01c0 0100     		.2byte	0x1
 1817 01c2 50       		.byte	0x50
 1818 01c3 08000000 		.4byte	.LVL23
 1819 01c7 32000000 		.4byte	.LVL26
 1820 01cb 0400     		.2byte	0x4
 1821 01cd F3       		.byte	0xf3
 1822 01ce 01       		.uleb128 0x1
 1823 01cf 50       		.byte	0x50
 1824 01d0 9F       		.byte	0x9f
 1825 01d1 32000000 		.4byte	.LVL26
 1826 01d5 34000000 		.4byte	.LVL27
 1827 01d9 0100     		.2byte	0x1
 1828 01db 50       		.byte	0x50
 1829 01dc 34000000 		.4byte	.LVL27
 1830 01e0 3C000000 		.4byte	.LFE1
 1831 01e4 0400     		.2byte	0x4
 1832 01e6 F3       		.byte	0xf3
 1833 01e7 01       		.uleb128 0x1
 1834 01e8 50       		.byte	0x50
ARM GAS  C:\Users\brian\AppData\Local\Temp\ccplB635.s 			page 35


 1835 01e9 9F       		.byte	0x9f
 1836 01ea 00000000 		.4byte	0
 1837 01ee 00000000 		.4byte	0
 1838              	.LLST9:
 1839 01f2 00000000 		.4byte	.LVL22
 1840 01f6 08000000 		.4byte	.LVL23
 1841 01fa 0100     		.2byte	0x1
 1842 01fc 51       		.byte	0x51
 1843 01fd 08000000 		.4byte	.LVL23
 1844 0201 32000000 		.4byte	.LVL26
 1845 0205 0100     		.2byte	0x1
 1846 0207 55       		.byte	0x55
 1847 0208 32000000 		.4byte	.LVL26
 1848 020c 36000000 		.4byte	.LVL28
 1849 0210 0100     		.2byte	0x1
 1850 0212 51       		.byte	0x51
 1851 0213 36000000 		.4byte	.LVL28
 1852 0217 3A000000 		.4byte	.LVL29
 1853 021b 0100     		.2byte	0x1
 1854 021d 55       		.byte	0x55
 1855 021e 3A000000 		.4byte	.LVL29
 1856 0222 3C000000 		.4byte	.LFE1
 1857 0226 0400     		.2byte	0x4
 1858 0228 F3       		.byte	0xf3
 1859 0229 01       		.uleb128 0x1
 1860 022a 51       		.byte	0x51
 1861 022b 9F       		.byte	0x9f
 1862 022c 00000000 		.4byte	0
 1863 0230 00000000 		.4byte	0
 1864              	.LLST10:
 1865 0234 00000000 		.4byte	.LVL22
 1866 0238 08000000 		.4byte	.LVL23
 1867 023c 0200     		.2byte	0x2
 1868 023e 30       		.byte	0x30
 1869 023f 9F       		.byte	0x9f
 1870 0240 08000000 		.4byte	.LVL23
 1871 0244 2E000000 		.4byte	.LVL24
 1872 0248 0100     		.2byte	0x1
 1873 024a 51       		.byte	0x51
 1874 024b 30000000 		.4byte	.LVL25
 1875 024f 32000000 		.4byte	.LVL26
 1876 0253 0100     		.2byte	0x1
 1877 0255 51       		.byte	0x51
 1878 0256 32000000 		.4byte	.LVL26
 1879 025a 36000000 		.4byte	.LVL28
 1880 025e 0200     		.2byte	0x2
 1881 0260 30       		.byte	0x30
 1882 0261 9F       		.byte	0x9f
 1883 0262 36000000 		.4byte	.LVL28
 1884 0266 3C000000 		.4byte	.LFE1
 1885 026a 0100     		.2byte	0x1
 1886 026c 51       		.byte	0x51
 1887 026d 00000000 		.4byte	0
 1888 0271 00000000 		.4byte	0
 1889              		.section	.debug_aranges,"",%progbits
 1890 0000 24000000 		.4byte	0x24
 1891 0004 0200     		.2byte	0x2
ARM GAS  C:\Users\brian\AppData\Local\Temp\ccplB635.s 			page 36


 1892 0006 00000000 		.4byte	.Ldebug_info0
 1893 000a 04       		.byte	0x4
 1894 000b 00       		.byte	0
 1895 000c 0000     		.2byte	0
 1896 000e 0000     		.2byte	0
 1897 0010 00000000 		.4byte	.LFB0
 1898 0014 5E000000 		.4byte	.LFE0-.LFB0
 1899 0018 00000000 		.4byte	.LFB1
 1900 001c 3C000000 		.4byte	.LFE1-.LFB1
 1901 0020 00000000 		.4byte	0
 1902 0024 00000000 		.4byte	0
 1903              		.section	.debug_ranges,"",%progbits
 1904              	.Ldebug_ranges0:
 1905 0000 00000000 		.4byte	.LFB0
 1906 0004 5E000000 		.4byte	.LFE0
 1907 0008 00000000 		.4byte	.LFB1
 1908 000c 3C000000 		.4byte	.LFE1
 1909 0010 00000000 		.4byte	0
 1910 0014 00000000 		.4byte	0
 1911              		.section	.debug_line,"",%progbits
 1912              	.Ldebug_line0:
 1913 0000 AF010000 		.section	.debug_str,"MS",%progbits,1
 1913      02004301 
 1913      00000201 
 1913      FB0E0D00 
 1913      01010101 
 1914              	.LASF124:
 1915 0000 73746172 		.ascii	"start_pos_unicode\000"
 1915      745F706F 
 1915      735F756E 
 1915      69636F64 
 1915      6500
 1916              	.LASF45:
 1917 0012 72657365 		.ascii	"reset_pulse_width_ms\000"
 1917      745F7075 
 1917      6C73655F 
 1917      77696474 
 1917      685F6D73 
 1918              	.LASF138:
 1919 0027 66697273 		.ascii	"first_table_cnt\000"
 1919      745F7461 
 1919      626C655F 
 1919      636E7400 
 1920              	.LASF102:
 1921 0037 75386732 		.ascii	"u8g2_update_page_win_cb\000"
 1921      5F757064 
 1921      6174655F 
 1921      70616765 
 1921      5F77696E 
 1922              	.LASF67:
 1923 004f 74696C65 		.ascii	"tile_buf_ptr\000"
 1923      5F627566 
 1923      5F707472 
 1923      00
 1924              	.LASF1:
 1925 005c 5F5F7569 		.ascii	"__uint8_t\000"
 1925      6E74385F 
ARM GAS  C:\Users\brian\AppData\Local\Temp\ccplB635.s 			page 37


 1925      7400
 1926              	.LASF23:
 1927 0066 62797465 		.ascii	"byte_cb\000"
 1927      5F636200 
 1928              	.LASF136:
 1929 006e 75386732 		.ascii	"u8g2_font_decode_t\000"
 1929      5F666F6E 
 1929      745F6465 
 1929      636F6465 
 1929      5F7400
 1930              	.LASF106:
 1931 0081 676C7970 		.ascii	"glyph_cnt\000"
 1931      685F636E 
 1931      7400
 1932              	.LASF98:
 1933 008b 75706461 		.ascii	"update_dimension\000"
 1933      74655F64 
 1933      696D656E 
 1933      73696F6E 
 1933      00
 1934              	.LASF11:
 1935 009c 6C6F6E67 		.ascii	"long long unsigned int\000"
 1935      206C6F6E 
 1935      6720756E 
 1935      7369676E 
 1935      65642069 
 1936              	.LASF0:
 1937 00b3 5F5F696E 		.ascii	"__int8_t\000"
 1937      74385F74 
 1937      00
 1938              	.LASF46:
 1939 00bc 706F7374 		.ascii	"post_reset_wait_ms\000"
 1939      5F726573 
 1939      65745F77 
 1939      6169745F 
 1939      6D7300
 1940              	.LASF107:
 1941 00cf 6262785F 		.ascii	"bbx_mode\000"
 1941      6D6F6465 
 1941      00
 1942              	.LASF32:
 1943 00d8 75746638 		.ascii	"utf8_state\000"
 1943      5F737461 
 1943      746500
 1944              	.LASF117:
 1945 00e3 795F6F66 		.ascii	"y_offset\000"
 1945      66736574 
 1945      00
 1946              	.LASF33:
 1947 00ec 6770696F 		.ascii	"gpio_result\000"
 1947      5F726573 
 1947      756C7400 
 1948              	.LASF112:
 1949 00f8 62697473 		.ascii	"bits_per_char_x\000"
 1949      5F706572 
 1949      5F636861 
 1949      725F7800 
ARM GAS  C:\Users\brian\AppData\Local\Temp\ccplB635.s 			page 38


 1950              	.LASF113:
 1951 0108 62697473 		.ascii	"bits_per_char_y\000"
 1951      5F706572 
 1951      5F636861 
 1951      725F7900 
 1952              	.LASF10:
 1953 0118 6C6F6E67 		.ascii	"long long int\000"
 1953      206C6F6E 
 1953      6720696E 
 1953      7400
 1954              	.LASF2:
 1955 0126 7369676E 		.ascii	"signed char\000"
 1955      65642063 
 1955      68617200 
 1956              	.LASF62:
 1957 0132 75386732 		.ascii	"u8g2_uint_t\000"
 1957      5F75696E 
 1957      745F7400 
 1958              	.LASF29:
 1959 013e 69735F66 		.ascii	"is_font_inverse_mode\000"
 1959      6F6E745F 
 1959      696E7665 
 1959      7273655F 
 1959      6D6F6465 
 1960              	.LASF21:
 1961 0153 64697370 		.ascii	"display_cb\000"
 1961      6C61795F 
 1961      636200
 1962              	.LASF120:
 1963 015e 61736365 		.ascii	"ascent_para\000"
 1963      6E745F70 
 1963      61726100 
 1964              	.LASF92:
 1965 016a 676C7970 		.ascii	"glyph_x_offset\000"
 1965      685F785F 
 1965      6F666673 
 1965      657400
 1966              	.LASF44:
 1967 0179 7072655F 		.ascii	"pre_chip_disable_wait_ns\000"
 1967      63686970 
 1967      5F646973 
 1967      61626C65 
 1967      5F776169 
 1968              	.LASF7:
 1969 0192 6C6F6E67 		.ascii	"long int\000"
 1969      20696E74 
 1969      00
 1970              	.LASF140:
 1971 019b 66697273 		.ascii	"first_encoding_table\000"
 1971      745F656E 
 1971      636F6469 
 1971      6E675F74 
 1971      61626C65 
 1972              	.LASF99:
 1973 01b0 75706461 		.ascii	"update_page_win\000"
 1973      74655F70 
 1973      6167655F 
ARM GAS  C:\Users\brian\AppData\Local\Temp\ccplB635.s 			page 39


 1973      77696E00 
 1974              	.LASF116:
 1975 01c0 6D61785F 		.ascii	"max_char_height\000"
 1975      63686172 
 1975      5F686569 
 1975      67687400 
 1976              	.LASF15:
 1977 01d0 75696E74 		.ascii	"uint16_t\000"
 1977      31365F74 
 1977      00
 1978              	.LASF20:
 1979 01d9 6E657874 		.ascii	"next_cb\000"
 1979      5F636200 
 1980              	.LASF61:
 1981 01e1 75387838 		.ascii	"u8x8_char_cb\000"
 1981      5F636861 
 1981      725F6362 
 1981      00
 1982              	.LASF24:
 1983 01ee 6770696F 		.ascii	"gpio_and_delay_cb\000"
 1983      5F616E64 
 1983      5F64656C 
 1983      61795F63 
 1983      6200
 1984              	.LASF125:
 1985 0200 75386732 		.ascii	"u8g2_font_info_t\000"
 1985      5F666F6E 
 1985      745F696E 
 1985      666F5F74 
 1985      00
 1986              	.LASF91:
 1987 0211 666F6E74 		.ascii	"font_ref_descent\000"
 1987      5F726566 
 1987      5F646573 
 1987      63656E74 
 1987      00
 1988              	.LASF38:
 1989 0222 75387838 		.ascii	"u8x8_display_info_t\000"
 1989      5F646973 
 1989      706C6179 
 1989      5F696E66 
 1989      6F5F7400 
 1990              	.LASF8:
 1991 0236 5F5F7569 		.ascii	"__uint32_t\000"
 1991      6E743332 
 1991      5F7400
 1992              	.LASF108:
 1993 0241 62697473 		.ascii	"bits_per_0\000"
 1993      5F706572 
 1993      5F3000
 1994              	.LASF85:
 1995 024c 666F6E74 		.ascii	"font_calc_vref\000"
 1995      5F63616C 
 1995      635F7672 
 1995      656600
 1996              	.LASF90:
 1997 025b 666F6E74 		.ascii	"font_ref_ascent\000"
ARM GAS  C:\Users\brian\AppData\Local\Temp\ccplB635.s 			page 40


 1997      5F726566 
 1997      5F617363 
 1997      656E7400 
 1998              	.LASF47:
 1999 026b 7364615F 		.ascii	"sda_setup_time_ns\000"
 1999      73657475 
 1999      705F7469 
 1999      6D655F6E 
 1999      7300
 2000              	.LASF104:
 2001 027d 75386732 		.ascii	"u8g2_draw_ll_hvline_cb\000"
 2001      5F647261 
 2001      775F6C6C 
 2001      5F68766C 
 2001      696E655F 
 2002              	.LASF119:
 2003 0294 64657363 		.ascii	"descent_g\000"
 2003      656E745F 
 2003      6700
 2004              	.LASF110:
 2005 029e 62697473 		.ascii	"bits_per_char_width\000"
 2005      5F706572 
 2005      5F636861 
 2005      725F7769 
 2005      64746800 
 2006              	.LASF37:
 2007 02b2 6465626F 		.ascii	"debounce_result_msg\000"
 2007      756E6365 
 2007      5F726573 
 2007      756C745F 
 2007      6D736700 
 2008              	.LASF12:
 2009 02c6 756E7369 		.ascii	"unsigned int\000"
 2009      676E6564 
 2009      20696E74 
 2009      00
 2010              	.LASF71:
 2011 02d3 70697865 		.ascii	"pixel_buf_height\000"
 2011      6C5F6275 
 2011      665F6865 
 2011      69676874 
 2011      00
 2012              	.LASF133:
 2013 02e4 69735F74 		.ascii	"is_transparent\000"
 2013      72616E73 
 2013      70617265 
 2013      6E7400
 2014              	.LASF30:
 2015 02f3 6932635F 		.ascii	"i2c_address\000"
 2015      61646472 
 2015      65737300 
 2016              	.LASF9:
 2017 02ff 6C6F6E67 		.ascii	"long unsigned int\000"
 2017      20756E73 
 2017      69676E65 
 2017      6420696E 
 2017      7400
ARM GAS  C:\Users\brian\AppData\Local\Temp\ccplB635.s 			page 41


 2018              	.LASF63:
 2019 0311 75386732 		.ascii	"u8g2_t\000"
 2019      5F7400
 2020              	.LASF127:
 2021 0318 6465636F 		.ascii	"decode_ptr\000"
 2021      64655F70 
 2021      747200
 2022              	.LASF75:
 2023 0323 77696474 		.ascii	"width\000"
 2023      6800
 2024              	.LASF68:
 2025 0329 74696C65 		.ascii	"tile_buf_height\000"
 2025      5F627566 
 2025      5F686569 
 2025      67687400 
 2026              	.LASF6:
 2027 0339 73686F72 		.ascii	"short unsigned int\000"
 2027      7420756E 
 2027      7369676E 
 2027      65642069 
 2027      6E7400
 2028              	.LASF88:
 2029 034c 69735F70 		.ascii	"is_page_clip_window_intersection\000"
 2029      6167655F 
 2029      636C6970 
 2029      5F77696E 
 2029      646F775F 
 2030              	.LASF93:
 2031 036d 6269746D 		.ascii	"bitmap_transparency\000"
 2031      61705F74 
 2031      72616E73 
 2031      70617265 
 2031      6E637900 
 2032              	.LASF81:
 2033 0381 636C6970 		.ascii	"clip_x0\000"
 2033      5F783000 
 2034              	.LASF82:
 2035 0389 636C6970 		.ascii	"clip_x1\000"
 2035      5F783100 
 2036              	.LASF100:
 2037 0391 64726177 		.ascii	"draw_l90\000"
 2037      5F6C3930 
 2037      00
 2038              	.LASF35:
 2039 039a 6465626F 		.ascii	"debounce_last_pin_state\000"
 2039      756E6365 
 2039      5F6C6173 
 2039      745F7069 
 2039      6E5F7374 
 2040              	.LASF146:
 2041 03b2 75386732 		.ascii	"u8g2\000"
 2041      00
 2042              	.LASF121:
 2043 03b7 64657363 		.ascii	"descent_para\000"
 2043      656E745F 
 2043      70617261 
 2043      00
ARM GAS  C:\Users\brian\AppData\Local\Temp\ccplB635.s 			page 42


 2044              	.LASF19:
 2045 03c4 64697370 		.ascii	"display_info\000"
 2045      6C61795F 
 2045      696E666F 
 2045      00
 2046              	.LASF87:
 2047 03d1 666F6E74 		.ascii	"font_info\000"
 2047      5F696E66 
 2047      6F00
 2048              	.LASF48:
 2049 03db 73636B5F 		.ascii	"sck_pulse_width_ns\000"
 2049      70756C73 
 2049      655F7769 
 2049      6474685F 
 2049      6E7300
 2050              	.LASF39:
 2051 03ee 75387838 		.ascii	"u8x8_struct\000"
 2051      5F737472 
 2051      75637400 
 2052              	.LASF139:
 2053 03fa 7365636F 		.ascii	"second_table_cnt\000"
 2053      6E645F74 
 2053      61626C65 
 2053      5F636E74 
 2053      00
 2054              	.LASF56:
 2055 040b 64656661 		.ascii	"default_x_offset\000"
 2055      756C745F 
 2055      785F6F66 
 2055      66736574 
 2055      00
 2056              	.LASF27:
 2057 041c 656E636F 		.ascii	"encoding\000"
 2057      64696E67 
 2057      00
 2058              	.LASF89:
 2059 0425 666F6E74 		.ascii	"font_height_mode\000"
 2059      5F686569 
 2059      6768745F 
 2059      6D6F6465 
 2059      00
 2060              	.LASF122:
 2061 0436 73746172 		.ascii	"start_pos_upper_A\000"
 2061      745F706F 
 2061      735F7570 
 2061      7065725F 
 2061      4100
 2062              	.LASF57:
 2063 0448 666C6970 		.ascii	"flipmode_x_offset\000"
 2063      6D6F6465 
 2063      5F785F6F 
 2063      66667365 
 2063      7400
 2064              	.LASF109:
 2065 045a 62697473 		.ascii	"bits_per_1\000"
 2065      5F706572 
 2065      5F3100
ARM GAS  C:\Users\brian\AppData\Local\Temp\ccplB635.s 			page 43


 2066              	.LASF114:
 2067 0465 62697473 		.ascii	"bits_per_delta_x\000"
 2067      5F706572 
 2067      5F64656C 
 2067      74615F78 
 2067      00
 2068              	.LASF132:
 2069 0476 6465636F 		.ascii	"decode_bit_pos\000"
 2069      64655F62 
 2069      69745F70 
 2069      6F7300
 2070              	.LASF131:
 2071 0485 676C7970 		.ascii	"glyph_height\000"
 2071      685F6865 
 2071      69676874 
 2071      00
 2072              	.LASF151:
 2073 0492 75386732 		.ascii	"u8g2_GetKerning\000"
 2073      5F476574 
 2073      4B65726E 
 2073      696E6700 
 2074              	.LASF17:
 2075 04a2 6C6F6E67 		.ascii	"long double\000"
 2075      20646F75 
 2075      626C6500 
 2076              	.LASF141:
 2077 04ae 696E6465 		.ascii	"index_to_second_table\000"
 2077      785F746F 
 2077      5F736563 
 2077      6F6E645F 
 2077      7461626C 
 2078              	.LASF72:
 2079 04c4 70697865 		.ascii	"pixel_curr_row\000"
 2079      6C5F6375 
 2079      72725F72 
 2079      6F7700
 2080              	.LASF22:
 2081 04d3 6361645F 		.ascii	"cad_cb\000"
 2081      636200
 2082              	.LASF83:
 2083 04da 636C6970 		.ascii	"clip_y0\000"
 2083      5F793000 
 2084              	.LASF84:
 2085 04e2 636C6970 		.ascii	"clip_y1\000"
 2085      5F793100 
 2086              	.LASF143:
 2087 04ea 6B65726E 		.ascii	"kerning_values\000"
 2087      696E675F 
 2087      76616C75 
 2087      657300
 2088              	.LASF115:
 2089 04f9 6D61785F 		.ascii	"max_char_width\000"
 2089      63686172 
 2089      5F776964 
 2089      746800
 2090              	.LASF79:
 2091 0508 75736572 		.ascii	"user_y0\000"
ARM GAS  C:\Users\brian\AppData\Local\Temp\ccplB635.s 			page 44


 2091      5F793000 
 2092              	.LASF53:
 2093 0510 77726974 		.ascii	"write_pulse_width_ns\000"
 2093      655F7075 
 2093      6C73655F 
 2093      77696474 
 2093      685F6E73 
 2094              	.LASF73:
 2095 0525 6275665F 		.ascii	"buf_y0\000"
 2095      793000
 2096              	.LASF74:
 2097 052c 6275665F 		.ascii	"buf_y1\000"
 2097      793100
 2098              	.LASF28:
 2099 0533 785F6F66 		.ascii	"x_offset\000"
 2099      66736574 
 2099      00
 2100              	.LASF55:
 2101 053c 74696C65 		.ascii	"tile_height\000"
 2101      5F686569 
 2101      67687400 
 2102              	.LASF150:
 2103 0548 433A5C55 		.ascii	"C:\\Users\\brian\\Documents\\PSoC Creator\\Lab7\\La"
 2103      73657273 
 2103      5C627269 
 2103      616E5C44 
 2103      6F63756D 
 2104 0575 62372E63 		.ascii	"b7.cydsn\000"
 2104      7964736E 
 2104      00
 2105              	.LASF149:
 2106 057e 2E2E5C75 		.ascii	"..\\u8g2\\csrc\\u8g2_kerning.c\000"
 2106      3867325C 
 2106      63737263 
 2106      5C753867 
 2106      325F6B65 
 2107              	.LASF66:
 2108 059a 6C6C5F68 		.ascii	"ll_hvline\000"
 2108      766C696E 
 2108      6500
 2109              	.LASF134:
 2110 05a4 66675F63 		.ascii	"fg_color\000"
 2110      6F6C6F72 
 2110      00
 2111              	.LASF142:
 2112 05ad 7365636F 		.ascii	"second_encoding_table\000"
 2112      6E645F65 
 2112      6E636F64 
 2112      696E675F 
 2112      7461626C 
 2113              	.LASF60:
 2114 05c3 75387838 		.ascii	"u8x8_msg_cb\000"
 2114      5F6D7367 
 2114      5F636200 
 2115              	.LASF97:
 2116 05cf 75386732 		.ascii	"u8g2_cb_struct\000"
 2116      5F63625F 
ARM GAS  C:\Users\brian\AppData\Local\Temp\ccplB635.s 			page 45


 2116      73747275 
 2116      637400
 2117              	.LASF130:
 2118 05de 676C7970 		.ascii	"glyph_width\000"
 2118      685F7769 
 2118      64746800 
 2119              	.LASF3:
 2120 05ea 756E7369 		.ascii	"unsigned char\000"
 2120      676E6564 
 2120      20636861 
 2120      7200
 2121              	.LASF118:
 2122 05f8 61736365 		.ascii	"ascent_A\000"
 2122      6E745F41 
 2122      00
 2123              	.LASF95:
 2124 0601 69735F61 		.ascii	"is_auto_page_clear\000"
 2124      75746F5F 
 2124      70616765 
 2124      5F636C65 
 2124      617200
 2125              	.LASF70:
 2126 0614 70697865 		.ascii	"pixel_buf_width\000"
 2126      6C5F6275 
 2126      665F7769 
 2126      64746800 
 2127              	.LASF4:
 2128 0624 73686F72 		.ascii	"short int\000"
 2128      7420696E 
 2128      7400
 2129              	.LASF65:
 2130 062e 75387838 		.ascii	"u8x8\000"
 2130      00
 2131              	.LASF77:
 2132 0633 75736572 		.ascii	"user_x0\000"
 2132      5F783000 
 2133              	.LASF78:
 2134 063b 75736572 		.ascii	"user_x1\000"
 2134      5F783100 
 2135              	.LASF148:
 2136 0643 474E5520 		.ascii	"GNU C11 5.4.1 20160609 (release) [ARM/embedded-5-br"
 2136      43313120 
 2136      352E342E 
 2136      31203230 
 2136      31363036 
 2137 0676 616E6368 		.ascii	"anch revision 237715] -mcpu=cortex-m3 -mthumb -g -O"
 2137      20726576 
 2137      6973696F 
 2137      6E203233 
 2137      37373135 
 2138 06a9 67202D66 		.ascii	"g -ffunction-sections -ffat-lto-objects\000"
 2138      66756E63 
 2138      74696F6E 
 2138      2D736563 
 2138      74696F6E 
 2139              	.LASF52:
 2140 06d1 64617461 		.ascii	"data_setup_time_ns\000"
ARM GAS  C:\Users\brian\AppData\Local\Temp\ccplB635.s 			page 46


 2140      5F736574 
 2140      75705F74 
 2140      696D655F 
 2140      6E7300
 2141              	.LASF64:
 2142 06e4 75386732 		.ascii	"u8g2_struct\000"
 2142      5F737472 
 2142      75637400 
 2143              	.LASF103:
 2144 06f0 75386732 		.ascii	"u8g2_draw_l90_cb\000"
 2144      5F647261 
 2144      775F6C39 
 2144      305F6362 
 2144      00
 2145              	.LASF51:
 2146 0701 6932635F 		.ascii	"i2c_bus_clock_100kHz\000"
 2146      6275735F 
 2146      636C6F63 
 2146      6B5F3130 
 2146      306B487A 
 2147              	.LASF16:
 2148 0716 75696E74 		.ascii	"uint32_t\000"
 2148      33325F74 
 2148      00
 2149              	.LASF105:
 2150 071f 5F753867 		.ascii	"_u8g2_font_info_t\000"
 2150      325F666F 
 2150      6E745F69 
 2150      6E666F5F 
 2150      7400
 2151              	.LASF69:
 2152 0731 74696C65 		.ascii	"tile_curr_row\000"
 2152      5F637572 
 2152      725F726F 
 2152      7700
 2153              	.LASF96:
 2154 073f 75386732 		.ascii	"u8g2_cb_t\000"
 2154      5F63625F 
 2154      7400
 2155              	.LASF50:
 2156 0749 7370695F 		.ascii	"spi_mode\000"
 2156      6D6F6465 
 2156      00
 2157              	.LASF41:
 2158 0752 63686970 		.ascii	"chip_enable_level\000"
 2158      5F656E61 
 2158      626C655F 
 2158      6C657665 
 2158      6C00
 2159              	.LASF86:
 2160 0764 666F6E74 		.ascii	"font_decode\000"
 2160      5F646563 
 2160      6F646500 
 2161              	.LASF111:
 2162 0770 62697473 		.ascii	"bits_per_char_height\000"
 2162      5F706572 
 2162      5F636861 
ARM GAS  C:\Users\brian\AppData\Local\Temp\ccplB635.s 			page 47


 2162      725F6865 
 2162      69676874 
 2163              	.LASF5:
 2164 0785 5F5F7569 		.ascii	"__uint16_t\000"
 2164      6E743136 
 2164      5F7400
 2165              	.LASF94:
 2166 0790 64726177 		.ascii	"draw_color\000"
 2166      5F636F6C 
 2166      6F7200
 2167              	.LASF152:
 2168 079b 75386732 		.ascii	"u8g2_GetKerningByTable\000"
 2168      5F476574 
 2168      4B65726E 
 2168      696E6742 
 2168      79546162 
 2169              	.LASF43:
 2170 07b2 706F7374 		.ascii	"post_chip_enable_wait_ns\000"
 2170      5F636869 
 2170      705F656E 
 2170      61626C65 
 2170      5F776169 
 2171              	.LASF137:
 2172 07cb 5F753867 		.ascii	"_u8g2_kerning_t\000"
 2172      325F6B65 
 2172      726E696E 
 2172      675F7400 
 2173              	.LASF101:
 2174 07db 75386732 		.ascii	"u8g2_update_dimension_cb\000"
 2174      5F757064 
 2174      6174655F 
 2174      64696D65 
 2174      6E73696F 
 2175              	.LASF128:
 2176 07f4 74617267 		.ascii	"target_x\000"
 2176      65745F78 
 2176      00
 2177              	.LASF129:
 2178 07fd 74617267 		.ascii	"target_y\000"
 2178      65745F79 
 2178      00
 2179              	.LASF18:
 2180 0806 75387838 		.ascii	"u8x8_t\000"
 2180      5F7400
 2181              	.LASF25:
 2182 080d 6275735F 		.ascii	"bus_clock\000"
 2182      636C6F63 
 2182      6B00
 2183              	.LASF80:
 2184 0817 75736572 		.ascii	"user_y1\000"
 2184      5F793100 
 2185              	.LASF126:
 2186 081f 5F753867 		.ascii	"_u8g2_font_decode_t\000"
 2186      325F666F 
 2186      6E745F64 
 2186      65636F64 
 2186      655F7400 
ARM GAS  C:\Users\brian\AppData\Local\Temp\ccplB635.s 			page 48


 2187              	.LASF13:
 2188 0833 696E7438 		.ascii	"int8_t\000"
 2188      5F7400
 2189              	.LASF36:
 2190 083a 6465626F 		.ascii	"debounce_state\000"
 2190      756E6365 
 2190      5F737461 
 2190      746500
 2191              	.LASF144:
 2192 0849 75386732 		.ascii	"u8g2_kerning_t\000"
 2192      5F6B6572 
 2192      6E696E67 
 2192      5F7400
 2193              	.LASF42:
 2194 0858 63686970 		.ascii	"chip_disable_level\000"
 2194      5F646973 
 2194      61626C65 
 2194      5F6C6576 
 2194      656C00
 2195              	.LASF26:
 2196 086b 666F6E74 		.ascii	"font\000"
 2196      00
 2197              	.LASF123:
 2198 0870 73746172 		.ascii	"start_pos_lower_a\000"
 2198      745F706F 
 2198      735F6C6F 
 2198      7765725F 
 2198      6100
 2199              	.LASF14:
 2200 0882 75696E74 		.ascii	"uint8_t\000"
 2200      385F7400 
 2201              	.LASF145:
 2202 088a 75386732 		.ascii	"u8g2_font_calc_vref_fnptr\000"
 2202      5F666F6E 
 2202      745F6361 
 2202      6C635F76 
 2202      7265665F 
 2203              	.LASF31:
 2204 08a4 6932635F 		.ascii	"i2c_started\000"
 2204      73746172 
 2204      74656400 
 2205              	.LASF58:
 2206 08b0 70697865 		.ascii	"pixel_width\000"
 2206      6C5F7769 
 2206      64746800 
 2207              	.LASF135:
 2208 08bc 62675F63 		.ascii	"bg_color\000"
 2208      6F6C6F72 
 2208      00
 2209              	.LASF54:
 2210 08c5 74696C65 		.ascii	"tile_width\000"
 2210      5F776964 
 2210      746800
 2211              	.LASF34:
 2212 08d0 6465626F 		.ascii	"debounce_default_pin_state\000"
 2212      756E6365 
 2212      5F646566 
ARM GAS  C:\Users\brian\AppData\Local\Temp\ccplB635.s 			page 49


 2212      61756C74 
 2212      5F70696E 
 2213              	.LASF147:
 2214 08eb 6B65726E 		.ascii	"kerning\000"
 2214      696E6700 
 2215              	.LASF40:
 2216 08f3 75387838 		.ascii	"u8x8_display_info_struct\000"
 2216      5F646973 
 2216      706C6179 
 2216      5F696E66 
 2216      6F5F7374 
 2217              	.LASF76:
 2218 090c 68656967 		.ascii	"height\000"
 2218      687400
 2219              	.LASF59:
 2220 0913 70697865 		.ascii	"pixel_height\000"
 2220      6C5F6865 
 2220      69676874 
 2220      00
 2221              	.LASF49:
 2222 0920 73636B5F 		.ascii	"sck_clock_hz\000"
 2222      636C6F63 
 2222      6B5F687A 
 2222      00
 2223              		.ident	"GCC: (GNU Tools for ARM Embedded Processors) 5.4.1 20160609 (release) [ARM/embedded-5-bran
