ARM GAS  C:\Users\brian\AppData\Local\Temp\ccY5sgYd.s 			page 1


   1              		.syntax unified
   2              		.cpu cortex-m3
   3              		.fpu softvfp
   4              		.eabi_attribute 20, 1
   5              		.eabi_attribute 21, 1
   6              		.eabi_attribute 23, 3
   7              		.eabi_attribute 24, 1
   8              		.eabi_attribute 25, 1
   9              		.eabi_attribute 26, 1
  10              		.eabi_attribute 30, 1
  11              		.eabi_attribute 34, 1
  12              		.eabi_attribute 18, 4
  13              		.thumb
  14              		.syntax unified
  15              		.file	"u8g2_cleardisplay.c"
  16              		.text
  17              	.Ltext0:
  18              		.cfi_sections	.debug_frame
  19              		.section	.text.u8g2_ClearDisplay,"ax",%progbits
  20              		.align	2
  21              		.global	u8g2_ClearDisplay
  22              		.thumb
  23              		.thumb_func
  24              		.type	u8g2_ClearDisplay, %function
  25              	u8g2_ClearDisplay:
  26              	.LFB0:
  27              		.file 1 "..\\u8g2\\csrc\\u8g2_cleardisplay.c"
   1:..\u8g2\csrc/u8g2_cleardisplay.c **** /*
   2:..\u8g2\csrc/u8g2_cleardisplay.c **** 
   3:..\u8g2\csrc/u8g2_cleardisplay.c ****   u8g2_cleardisplay.c
   4:..\u8g2\csrc/u8g2_cleardisplay.c **** 
   5:..\u8g2\csrc/u8g2_cleardisplay.c ****   Universal 8bit Graphics Library (https://github.com/olikraus/u8g2/)
   6:..\u8g2\csrc/u8g2_cleardisplay.c **** 
   7:..\u8g2\csrc/u8g2_cleardisplay.c ****   Copyright (c) 2016, olikraus@gmail.com
   8:..\u8g2\csrc/u8g2_cleardisplay.c ****   All rights reserved.
   9:..\u8g2\csrc/u8g2_cleardisplay.c **** 
  10:..\u8g2\csrc/u8g2_cleardisplay.c ****   Redistribution and use in source and binary forms, with or without modification, 
  11:..\u8g2\csrc/u8g2_cleardisplay.c ****   are permitted provided that the following conditions are met:
  12:..\u8g2\csrc/u8g2_cleardisplay.c **** 
  13:..\u8g2\csrc/u8g2_cleardisplay.c ****   * Redistributions of source code must retain the above copyright notice, this list 
  14:..\u8g2\csrc/u8g2_cleardisplay.c ****     of conditions and the following disclaimer.
  15:..\u8g2\csrc/u8g2_cleardisplay.c ****     
  16:..\u8g2\csrc/u8g2_cleardisplay.c ****   * Redistributions in binary form must reproduce the above copyright notice, this 
  17:..\u8g2\csrc/u8g2_cleardisplay.c ****     list of conditions and the following disclaimer in the documentation and/or other 
  18:..\u8g2\csrc/u8g2_cleardisplay.c ****     materials provided with the distribution.
  19:..\u8g2\csrc/u8g2_cleardisplay.c **** 
  20:..\u8g2\csrc/u8g2_cleardisplay.c ****   THIS SOFTWARE IS PROVIDED BY THE COPYRIGHT HOLDERS AND 
  21:..\u8g2\csrc/u8g2_cleardisplay.c ****   CONTRIBUTORS "AS IS" AND ANY EXPRESS OR IMPLIED WARRANTIES, 
  22:..\u8g2\csrc/u8g2_cleardisplay.c ****   INCLUDING, BUT NOT LIMITED TO, THE IMPLIED WARRANTIES OF 
  23:..\u8g2\csrc/u8g2_cleardisplay.c ****   MERCHANTABILITY AND FITNESS FOR A PARTICULAR PURPOSE ARE 
  24:..\u8g2\csrc/u8g2_cleardisplay.c ****   DISCLAIMED. IN NO EVENT SHALL THE COPYRIGHT HOLDER OR 
  25:..\u8g2\csrc/u8g2_cleardisplay.c ****   CONTRIBUTORS BE LIABLE FOR ANY DIRECT, INDIRECT, INCIDENTAL, 
  26:..\u8g2\csrc/u8g2_cleardisplay.c ****   SPECIAL, EXEMPLARY, OR CONSEQUENTIAL DAMAGES (INCLUDING, BUT 
  27:..\u8g2\csrc/u8g2_cleardisplay.c ****   NOT LIMITED TO, PROCUREMENT OF SUBSTITUTE GOODS OR SERVICES; 
  28:..\u8g2\csrc/u8g2_cleardisplay.c ****   LOSS OF USE, DATA, OR PROFITS; OR BUSINESS INTERRUPTION) HOWEVER 
  29:..\u8g2\csrc/u8g2_cleardisplay.c ****   CAUSED AND ON ANY THEORY OF LIABILITY, WHETHER IN CONTRACT, 
  30:..\u8g2\csrc/u8g2_cleardisplay.c ****   STRICT LIABILITY, OR TORT (INCLUDING NEGLIGENCE OR OTHERWISE) 
ARM GAS  C:\Users\brian\AppData\Local\Temp\ccY5sgYd.s 			page 2


  31:..\u8g2\csrc/u8g2_cleardisplay.c ****   ARISING IN ANY WAY OUT OF THE USE OF THIS SOFTWARE, EVEN IF 
  32:..\u8g2\csrc/u8g2_cleardisplay.c ****   ADVISED OF THE POSSIBILITY OF SUCH DAMAGE.  
  33:..\u8g2\csrc/u8g2_cleardisplay.c **** 
  34:..\u8g2\csrc/u8g2_cleardisplay.c **** */
  35:..\u8g2\csrc/u8g2_cleardisplay.c **** #include "u8g2.h"
  36:..\u8g2\csrc/u8g2_cleardisplay.c **** 
  37:..\u8g2\csrc/u8g2_cleardisplay.c **** /* Clear screen buffer & display reliable for all u8g2 displays. */
  38:..\u8g2\csrc/u8g2_cleardisplay.c **** /* This is done with u8g2 picture loop, because we can not use the u8x8 function in all cases */
  39:..\u8g2\csrc/u8g2_cleardisplay.c **** void u8g2_ClearDisplay(u8g2_t *u8g2)
  40:..\u8g2\csrc/u8g2_cleardisplay.c **** {
  28              		.loc 1 40 0
  29              		.cfi_startproc
  30              		@ args = 0, pretend = 0, frame = 0
  31              		@ frame_needed = 0, uses_anonymous_args = 0
  32              	.LVL0:
  33 0000 10B5     		push	{r4, lr}
  34              		.cfi_def_cfa_offset 8
  35              		.cfi_offset 4, -8
  36              		.cfi_offset 14, -4
  37 0002 0446     		mov	r4, r0
  41:..\u8g2\csrc/u8g2_cleardisplay.c ****   u8g2_FirstPage(u8g2);
  38              		.loc 1 41 0
  39 0004 FFF7FEFF 		bl	u8g2_FirstPage
  40              	.LVL1:
  41              	.L2:
  42:..\u8g2\csrc/u8g2_cleardisplay.c ****   do {
  43:..\u8g2\csrc/u8g2_cleardisplay.c ****   } while ( u8g2_NextPage(u8g2) );
  42              		.loc 1 43 0 discriminator 1
  43 0008 2046     		mov	r0, r4
  44 000a FFF7FEFF 		bl	u8g2_NextPage
  45              	.LVL2:
  46 000e 0028     		cmp	r0, #0
  47 0010 FAD1     		bne	.L2
  44:..\u8g2\csrc/u8g2_cleardisplay.c ****   /* 
  45:..\u8g2\csrc/u8g2_cleardisplay.c ****     This function is usually called during startup (u8g2.begin()).
  46:..\u8g2\csrc/u8g2_cleardisplay.c ****     However the user might want to use full buffer mode with clear and 
  47:..\u8g2\csrc/u8g2_cleardisplay.c ****     send commands.
  48:..\u8g2\csrc/u8g2_cleardisplay.c ****     This will not work because the current tile row is modified by the picture 
  49:..\u8g2\csrc/u8g2_cleardisplay.c ****     loop above. To fix this, reset the tile row to 0, issue #370
  50:..\u8g2\csrc/u8g2_cleardisplay.c ****     A workaround would be, that the user sets the current tile row to 0 manually.
  51:..\u8g2\csrc/u8g2_cleardisplay.c ****   */
  52:..\u8g2\csrc/u8g2_cleardisplay.c ****   u8g2_SetBufferCurrTileRow(u8g2, 0);  
  48              		.loc 1 52 0
  49 0012 0021     		movs	r1, #0
  50 0014 2046     		mov	r0, r4
  51 0016 FFF7FEFF 		bl	u8g2_SetBufferCurrTileRow
  52              	.LVL3:
  53 001a 10BD     		pop	{r4, pc}
  54              		.cfi_endproc
  55              	.LFE0:
  56              		.size	u8g2_ClearDisplay, .-u8g2_ClearDisplay
  57              		.text
  58              	.Letext0:
  59              		.file 2 "c:\\program files (x86)\\cypress\\psoc creator\\4.4\\psoc creator\\import\\gnu\\arm\\5.4.
  60              		.file 3 "c:\\program files (x86)\\cypress\\psoc creator\\4.4\\psoc creator\\import\\gnu\\arm\\5.4.
  61              		.file 4 "..\\u8g2\\csrc\\u8x8.h"
  62              		.file 5 "..\\u8g2\\csrc\\u8g2.h"
ARM GAS  C:\Users\brian\AppData\Local\Temp\ccY5sgYd.s 			page 3


  63              		.section	.debug_info,"",%progbits
  64              	.Ldebug_info0:
  65 0000 3F080000 		.4byte	0x83f
  66 0004 0400     		.2byte	0x4
  67 0006 00000000 		.4byte	.Ldebug_abbrev0
  68 000a 04       		.byte	0x4
  69 000b 01       		.uleb128 0x1
  70 000c D6050000 		.4byte	.LASF141
  71 0010 0C       		.byte	0xc
  72 0011 27000000 		.4byte	.LASF142
  73 0015 FE040000 		.4byte	.LASF143
  74 0019 00000000 		.4byte	.Ldebug_ranges0+0
  75 001d 00000000 		.4byte	0
  76 0021 00000000 		.4byte	.Ldebug_line0
  77 0025 02       		.uleb128 0x2
  78 0026 C4000000 		.4byte	.LASF0
  79 002a 02       		.byte	0x2
  80 002b 1B       		.byte	0x1b
  81 002c 30000000 		.4byte	0x30
  82 0030 03       		.uleb128 0x3
  83 0031 01       		.byte	0x1
  84 0032 06       		.byte	0x6
  85 0033 37010000 		.4byte	.LASF2
  86 0037 02       		.uleb128 0x2
  87 0038 6D000000 		.4byte	.LASF1
  88 003c 02       		.byte	0x2
  89 003d 1D       		.byte	0x1d
  90 003e 42000000 		.4byte	0x42
  91 0042 03       		.uleb128 0x3
  92 0043 01       		.byte	0x1
  93 0044 08       		.byte	0x8
  94 0045 7D050000 		.4byte	.LASF3
  95 0049 03       		.uleb128 0x3
  96 004a 02       		.byte	0x2
  97 004b 05       		.byte	0x5
  98 004c B7050000 		.4byte	.LASF4
  99 0050 02       		.uleb128 0x2
 100 0051 26070000 		.4byte	.LASF5
 101 0055 02       		.byte	0x2
 102 0056 2B       		.byte	0x2b
 103 0057 5B000000 		.4byte	0x5b
 104 005b 03       		.uleb128 0x3
 105 005c 02       		.byte	0x2
 106 005d 07       		.byte	0x7
 107 005e 35030000 		.4byte	.LASF6
 108 0062 03       		.uleb128 0x3
 109 0063 04       		.byte	0x4
 110 0064 05       		.byte	0x5
 111 0065 A3010000 		.4byte	.LASF7
 112 0069 02       		.uleb128 0x2
 113 006a 32020000 		.4byte	.LASF8
 114 006e 02       		.byte	0x2
 115 006f 41       		.byte	0x41
 116 0070 74000000 		.4byte	0x74
 117 0074 03       		.uleb128 0x3
 118 0075 04       		.byte	0x4
 119 0076 07       		.byte	0x7
ARM GAS  C:\Users\brian\AppData\Local\Temp\ccY5sgYd.s 			page 4


 120 0077 FB020000 		.4byte	.LASF9
 121 007b 03       		.uleb128 0x3
 122 007c 08       		.byte	0x8
 123 007d 05       		.byte	0x5
 124 007e 29010000 		.4byte	.LASF10
 125 0082 03       		.uleb128 0x3
 126 0083 08       		.byte	0x8
 127 0084 07       		.byte	0x7
 128 0085 AD000000 		.4byte	.LASF11
 129 0089 04       		.uleb128 0x4
 130 008a 04       		.byte	0x4
 131 008b 05       		.byte	0x5
 132 008c 696E7400 		.ascii	"int\000"
 133 0090 03       		.uleb128 0x3
 134 0091 04       		.byte	0x4
 135 0092 07       		.byte	0x7
 136 0093 C2020000 		.4byte	.LASF12
 137 0097 02       		.uleb128 0x2
 138 0098 BF070000 		.4byte	.LASF13
 139 009c 03       		.byte	0x3
 140 009d 14       		.byte	0x14
 141 009e 25000000 		.4byte	0x25
 142 00a2 02       		.uleb128 0x2
 143 00a3 FF070000 		.4byte	.LASF14
 144 00a7 03       		.byte	0x3
 145 00a8 18       		.byte	0x18
 146 00a9 37000000 		.4byte	0x37
 147 00ad 02       		.uleb128 0x2
 148 00ae CC010000 		.4byte	.LASF15
 149 00b2 03       		.byte	0x3
 150 00b3 24       		.byte	0x24
 151 00b4 50000000 		.4byte	0x50
 152 00b8 02       		.uleb128 0x2
 153 00b9 B7060000 		.4byte	.LASF16
 154 00bd 03       		.byte	0x3
 155 00be 30       		.byte	0x30
 156 00bf 69000000 		.4byte	0x69
 157 00c3 05       		.uleb128 0x5
 158 00c4 04       		.byte	0x4
 159 00c5 03       		.uleb128 0x3
 160 00c6 08       		.byte	0x8
 161 00c7 04       		.byte	0x4
 162 00c8 7D040000 		.4byte	.LASF17
 163 00cc 02       		.uleb128 0x2
 164 00cd 80070000 		.4byte	.LASF18
 165 00d1 04       		.byte	0x4
 166 00d2 CD       		.byte	0xcd
 167 00d3 D7000000 		.4byte	0xd7
 168 00d7 06       		.uleb128 0x6
 169 00d8 EA030000 		.4byte	.LASF39
 170 00dc 2C       		.byte	0x2c
 171 00dd 04       		.byte	0x4
 172 00de 5001     		.2byte	0x150
 173 00e0 DC010000 		.4byte	0x1dc
 174 00e4 07       		.uleb128 0x7
 175 00e5 C0030000 		.4byte	.LASF19
 176 00e9 04       		.byte	0x4
ARM GAS  C:\Users\brian\AppData\Local\Temp\ccY5sgYd.s 			page 5


 177 00ea 5201     		.2byte	0x152
 178 00ec 42030000 		.4byte	0x342
 179 00f0 00       		.byte	0
 180 00f1 07       		.uleb128 0x7
 181 00f2 D5010000 		.4byte	.LASF20
 182 00f6 04       		.byte	0x4
 183 00f7 5301     		.2byte	0x153
 184 00f9 17030000 		.4byte	0x317
 185 00fd 04       		.byte	0x4
 186 00fe 07       		.uleb128 0x7
 187 00ff 64010000 		.4byte	.LASF21
 188 0103 04       		.byte	0x4
 189 0104 5401     		.2byte	0x154
 190 0106 E2020000 		.4byte	0x2e2
 191 010a 08       		.byte	0x8
 192 010b 07       		.uleb128 0x7
 193 010c 98040000 		.4byte	.LASF22
 194 0110 04       		.byte	0x4
 195 0111 5501     		.2byte	0x155
 196 0113 E2020000 		.4byte	0x2e2
 197 0117 0C       		.byte	0xc
 198 0118 07       		.uleb128 0x7
 199 0119 77000000 		.4byte	.LASF23
 200 011d 04       		.byte	0x4
 201 011e 5601     		.2byte	0x156
 202 0120 E2020000 		.4byte	0x2e2
 203 0124 10       		.byte	0x10
 204 0125 07       		.uleb128 0x7
 205 0126 EA010000 		.4byte	.LASF24
 206 012a 04       		.byte	0x4
 207 012b 5701     		.2byte	0x157
 208 012d E2020000 		.4byte	0x2e2
 209 0131 14       		.byte	0x14
 210 0132 07       		.uleb128 0x7
 211 0133 87070000 		.4byte	.LASF25
 212 0137 04       		.byte	0x4
 213 0138 5801     		.2byte	0x158
 214 013a B8000000 		.4byte	0xb8
 215 013e 18       		.byte	0x18
 216 013f 07       		.uleb128 0x7
 217 0140 E8070000 		.4byte	.LASF26
 218 0144 04       		.byte	0x4
 219 0145 5901     		.2byte	0x159
 220 0147 4D030000 		.4byte	0x34d
 221 014b 1C       		.byte	0x1c
 222 014c 07       		.uleb128 0x7
 223 014d 07040000 		.4byte	.LASF27
 224 0151 04       		.byte	0x4
 225 0152 5A01     		.2byte	0x15a
 226 0154 AD000000 		.4byte	0xad
 227 0158 20       		.byte	0x20
 228 0159 07       		.uleb128 0x7
 229 015a E9040000 		.4byte	.LASF28
 230 015e 04       		.byte	0x4
 231 015f 5B01     		.2byte	0x15b
 232 0161 A2000000 		.4byte	0xa2
 233 0165 22       		.byte	0x22
ARM GAS  C:\Users\brian\AppData\Local\Temp\ccY5sgYd.s 			page 6


 234 0166 07       		.uleb128 0x7
 235 0167 4F010000 		.4byte	.LASF29
 236 016b 04       		.byte	0x4
 237 016c 5C01     		.2byte	0x15c
 238 016e A2000000 		.4byte	0xa2
 239 0172 23       		.byte	0x23
 240 0173 07       		.uleb128 0x7
 241 0174 EF020000 		.4byte	.LASF30
 242 0178 04       		.byte	0x4
 243 0179 5D01     		.2byte	0x15d
 244 017b A2000000 		.4byte	0xa2
 245 017f 24       		.byte	0x24
 246 0180 07       		.uleb128 0x7
 247 0181 21080000 		.4byte	.LASF31
 248 0185 04       		.byte	0x4
 249 0186 6001     		.2byte	0x160
 250 0188 A2000000 		.4byte	0xa2
 251 018c 25       		.byte	0x25
 252 018d 07       		.uleb128 0x7
 253 018e E9000000 		.4byte	.LASF32
 254 0192 04       		.byte	0x4
 255 0193 6201     		.2byte	0x162
 256 0195 A2000000 		.4byte	0xa2
 257 0199 26       		.byte	0x26
 258 019a 07       		.uleb128 0x7
 259 019b FD000000 		.4byte	.LASF33
 260 019f 04       		.byte	0x4
 261 01a0 6301     		.2byte	0x163
 262 01a2 A2000000 		.4byte	0xa2
 263 01a6 27       		.byte	0x27
 264 01a7 07       		.uleb128 0x7
 265 01a8 4D080000 		.4byte	.LASF34
 266 01ac 04       		.byte	0x4
 267 01ad 6401     		.2byte	0x164
 268 01af A2000000 		.4byte	0xa2
 269 01b3 28       		.byte	0x28
 270 01b4 07       		.uleb128 0x7
 271 01b5 96030000 		.4byte	.LASF35
 272 01b9 04       		.byte	0x4
 273 01ba 6501     		.2byte	0x165
 274 01bc A2000000 		.4byte	0xa2
 275 01c0 29       		.byte	0x29
 276 01c1 07       		.uleb128 0x7
 277 01c2 C6070000 		.4byte	.LASF36
 278 01c6 04       		.byte	0x4
 279 01c7 6601     		.2byte	0x166
 280 01c9 A2000000 		.4byte	0xa2
 281 01cd 2A       		.byte	0x2a
 282 01ce 07       		.uleb128 0x7
 283 01cf AE020000 		.4byte	.LASF37
 284 01d3 04       		.byte	0x4
 285 01d4 6701     		.2byte	0x167
 286 01d6 A2000000 		.4byte	0xa2
 287 01da 2B       		.byte	0x2b
 288 01db 00       		.byte	0
 289 01dc 02       		.uleb128 0x2
 290 01dd 1E020000 		.4byte	.LASF38
ARM GAS  C:\Users\brian\AppData\Local\Temp\ccY5sgYd.s 			page 7


 291 01e1 04       		.byte	0x4
 292 01e2 CE       		.byte	0xce
 293 01e3 E7010000 		.4byte	0x1e7
 294 01e7 08       		.uleb128 0x8
 295 01e8 82080000 		.4byte	.LASF40
 296 01ec 18       		.byte	0x18
 297 01ed 04       		.byte	0x4
 298 01ee E7       		.byte	0xe7
 299 01ef E2020000 		.4byte	0x2e2
 300 01f3 09       		.uleb128 0x9
 301 01f4 F3060000 		.4byte	.LASF41
 302 01f8 04       		.byte	0x4
 303 01f9 EB       		.byte	0xeb
 304 01fa A2000000 		.4byte	0xa2
 305 01fe 00       		.byte	0
 306 01ff 09       		.uleb128 0x9
 307 0200 D5070000 		.4byte	.LASF42
 308 0204 04       		.byte	0x4
 309 0205 EC       		.byte	0xec
 310 0206 A2000000 		.4byte	0xa2
 311 020a 01       		.byte	0x1
 312 020b 09       		.uleb128 0x9
 313 020c 3C070000 		.4byte	.LASF43
 314 0210 04       		.byte	0x4
 315 0211 EE       		.byte	0xee
 316 0212 A2000000 		.4byte	0xa2
 317 0216 02       		.byte	0x2
 318 0217 09       		.uleb128 0x9
 319 0218 8A010000 		.4byte	.LASF44
 320 021c 04       		.byte	0x4
 321 021d EF       		.byte	0xef
 322 021e A2000000 		.4byte	0xa2
 323 0222 03       		.byte	0x3
 324 0223 09       		.uleb128 0x9
 325 0224 12000000 		.4byte	.LASF45
 326 0228 04       		.byte	0x4
 327 0229 F0       		.byte	0xf0
 328 022a A2000000 		.4byte	0xa2
 329 022e 04       		.byte	0x4
 330 022f 09       		.uleb128 0x9
 331 0230 CD000000 		.4byte	.LASF46
 332 0234 04       		.byte	0x4
 333 0235 F1       		.byte	0xf1
 334 0236 A2000000 		.4byte	0xa2
 335 023a 05       		.byte	0x5
 336 023b 09       		.uleb128 0x9
 337 023c 67020000 		.4byte	.LASF47
 338 0240 04       		.byte	0x4
 339 0241 F8       		.byte	0xf8
 340 0242 A2000000 		.4byte	0xa2
 341 0246 06       		.byte	0x6
 342 0247 09       		.uleb128 0x9
 343 0248 D7030000 		.4byte	.LASF48
 344 024c 04       		.byte	0x4
 345 024d FC       		.byte	0xfc
 346 024e A2000000 		.4byte	0xa2
 347 0252 07       		.byte	0x7
ARM GAS  C:\Users\brian\AppData\Local\Temp\ccY5sgYd.s 			page 8


 348 0253 09       		.uleb128 0x9
 349 0254 AF080000 		.4byte	.LASF49
 350 0258 04       		.byte	0x4
 351 0259 FF       		.byte	0xff
 352 025a B8000000 		.4byte	0xb8
 353 025e 08       		.byte	0x8
 354 025f 07       		.uleb128 0x7
 355 0260 EA060000 		.4byte	.LASF50
 356 0264 04       		.byte	0x4
 357 0265 0901     		.2byte	0x109
 358 0267 A2000000 		.4byte	0xa2
 359 026b 0C       		.byte	0xc
 360 026c 07       		.uleb128 0x7
 361 026d A2060000 		.4byte	.LASF51
 362 0271 04       		.byte	0x4
 363 0272 0C01     		.2byte	0x10c
 364 0274 A2000000 		.4byte	0xa2
 365 0278 0D       		.byte	0xd
 366 0279 07       		.uleb128 0x7
 367 027a 72060000 		.4byte	.LASF52
 368 027e 04       		.byte	0x4
 369 027f 1201     		.2byte	0x112
 370 0281 A2000000 		.4byte	0xa2
 371 0285 0E       		.byte	0xe
 372 0286 07       		.uleb128 0x7
 373 0287 C6040000 		.4byte	.LASF53
 374 028b 04       		.byte	0x4
 375 028c 1401     		.2byte	0x114
 376 028e A2000000 		.4byte	0xa2
 377 0292 0F       		.byte	0xf
 378 0293 07       		.uleb128 0x7
 379 0294 42080000 		.4byte	.LASF54
 380 0298 04       		.byte	0x4
 381 0299 1701     		.2byte	0x117
 382 029b A2000000 		.4byte	0xa2
 383 029f 10       		.byte	0x10
 384 02a0 07       		.uleb128 0x7
 385 02a1 F2040000 		.4byte	.LASF55
 386 02a5 04       		.byte	0x4
 387 02a6 1801     		.2byte	0x118
 388 02a8 A2000000 		.4byte	0xa2
 389 02ac 11       		.byte	0x11
 390 02ad 07       		.uleb128 0x7
 391 02ae F6030000 		.4byte	.LASF56
 392 02b2 04       		.byte	0x4
 393 02b3 1A01     		.2byte	0x11a
 394 02b5 A2000000 		.4byte	0xa2
 395 02b9 12       		.byte	0x12
 396 02ba 07       		.uleb128 0x7
 397 02bb 33040000 		.4byte	.LASF57
 398 02bf 04       		.byte	0x4
 399 02c0 1B01     		.2byte	0x11b
 400 02c2 A2000000 		.4byte	0xa2
 401 02c6 13       		.byte	0x13
 402 02c7 07       		.uleb128 0x7
 403 02c8 2D080000 		.4byte	.LASF58
 404 02cc 04       		.byte	0x4
ARM GAS  C:\Users\brian\AppData\Local\Temp\ccY5sgYd.s 			page 9


 405 02cd 2301     		.2byte	0x123
 406 02cf AD000000 		.4byte	0xad
 407 02d3 14       		.byte	0x14
 408 02d4 07       		.uleb128 0x7
 409 02d5 A2080000 		.4byte	.LASF59
 410 02d9 04       		.byte	0x4
 411 02da 2401     		.2byte	0x124
 412 02dc AD000000 		.4byte	0xad
 413 02e0 16       		.byte	0x16
 414 02e1 00       		.byte	0
 415 02e2 02       		.uleb128 0x2
 416 02e3 56050000 		.4byte	.LASF60
 417 02e7 04       		.byte	0x4
 418 02e8 D1       		.byte	0xd1
 419 02e9 ED020000 		.4byte	0x2ed
 420 02ed 0A       		.uleb128 0xa
 421 02ee 04       		.byte	0x4
 422 02ef F3020000 		.4byte	0x2f3
 423 02f3 0B       		.uleb128 0xb
 424 02f4 A2000000 		.4byte	0xa2
 425 02f8 11030000 		.4byte	0x311
 426 02fc 0C       		.uleb128 0xc
 427 02fd 11030000 		.4byte	0x311
 428 0301 0C       		.uleb128 0xc
 429 0302 A2000000 		.4byte	0xa2
 430 0306 0C       		.uleb128 0xc
 431 0307 A2000000 		.4byte	0xa2
 432 030b 0C       		.uleb128 0xc
 433 030c C3000000 		.4byte	0xc3
 434 0310 00       		.byte	0
 435 0311 0A       		.uleb128 0xa
 436 0312 04       		.byte	0x4
 437 0313 CC000000 		.4byte	0xcc
 438 0317 02       		.uleb128 0x2
 439 0318 DD010000 		.4byte	.LASF61
 440 031c 04       		.byte	0x4
 441 031d D2       		.byte	0xd2
 442 031e 22030000 		.4byte	0x322
 443 0322 0A       		.uleb128 0xa
 444 0323 04       		.byte	0x4
 445 0324 28030000 		.4byte	0x328
 446 0328 0B       		.uleb128 0xb
 447 0329 AD000000 		.4byte	0xad
 448 032d 3C030000 		.4byte	0x33c
 449 0331 0C       		.uleb128 0xc
 450 0332 11030000 		.4byte	0x311
 451 0336 0C       		.uleb128 0xc
 452 0337 A2000000 		.4byte	0xa2
 453 033b 00       		.byte	0
 454 033c 0A       		.uleb128 0xa
 455 033d 04       		.byte	0x4
 456 033e A2000000 		.4byte	0xa2
 457 0342 0A       		.uleb128 0xa
 458 0343 04       		.byte	0x4
 459 0344 48030000 		.4byte	0x348
 460 0348 0D       		.uleb128 0xd
 461 0349 DC010000 		.4byte	0x1dc
ARM GAS  C:\Users\brian\AppData\Local\Temp\ccY5sgYd.s 			page 10


 462 034d 0A       		.uleb128 0xa
 463 034e 04       		.byte	0x4
 464 034f 53030000 		.4byte	0x353
 465 0353 0D       		.uleb128 0xd
 466 0354 A2000000 		.4byte	0xa2
 467 0358 02       		.uleb128 0x2
 468 0359 43010000 		.4byte	.LASF62
 469 035d 05       		.byte	0x5
 470 035e D2       		.byte	0xd2
 471 035f AD000000 		.4byte	0xad
 472 0363 02       		.uleb128 0x2
 473 0364 0D030000 		.4byte	.LASF63
 474 0368 05       		.byte	0x5
 475 0369 DC       		.byte	0xdc
 476 036a 6E030000 		.4byte	0x36e
 477 036e 06       		.uleb128 0x6
 478 036f 85060000 		.4byte	.LASF64
 479 0373 94       		.byte	0x94
 480 0374 05       		.byte	0x5
 481 0375 3B01     		.2byte	0x13b
 482 0377 28050000 		.4byte	0x528
 483 037b 07       		.uleb128 0x7
 484 037c C1050000 		.4byte	.LASF65
 485 0380 05       		.byte	0x5
 486 0381 3D01     		.2byte	0x13d
 487 0383 CC000000 		.4byte	0xcc
 488 0387 00       		.byte	0
 489 0388 07       		.uleb128 0x7
 490 0389 34050000 		.4byte	.LASF66
 491 038d 05       		.byte	0x5
 492 038e 3E01     		.2byte	0x13e
 493 0390 C5050000 		.4byte	0x5c5
 494 0394 2C       		.byte	0x2c
 495 0395 0E       		.uleb128 0xe
 496 0396 636200   		.ascii	"cb\000"
 497 0399 05       		.byte	0x5
 498 039a 3F01     		.2byte	0x13f
 499 039c B1070000 		.4byte	0x7b1
 500 03a0 30       		.byte	0x30
 501 03a1 07       		.uleb128 0x7
 502 03a2 60000000 		.4byte	.LASF67
 503 03a6 05       		.byte	0x5
 504 03a7 4201     		.2byte	0x142
 505 03a9 3C030000 		.4byte	0x33c
 506 03ad 34       		.byte	0x34
 507 03ae 07       		.uleb128 0x7
 508 03af 25030000 		.4byte	.LASF68
 509 03b3 05       		.byte	0x5
 510 03b4 4301     		.2byte	0x143
 511 03b6 A2000000 		.4byte	0xa2
 512 03ba 38       		.byte	0x38
 513 03bb 07       		.uleb128 0x7
 514 03bc D2060000 		.4byte	.LASF69
 515 03c0 05       		.byte	0x5
 516 03c1 4401     		.2byte	0x144
 517 03c3 A2000000 		.4byte	0xa2
 518 03c7 39       		.byte	0x39
ARM GAS  C:\Users\brian\AppData\Local\Temp\ccY5sgYd.s 			page 11


 519 03c8 07       		.uleb128 0x7
 520 03c9 A7050000 		.4byte	.LASF70
 521 03cd 05       		.byte	0x5
 522 03ce 4701     		.2byte	0x147
 523 03d0 58030000 		.4byte	0x358
 524 03d4 3A       		.byte	0x3a
 525 03d5 07       		.uleb128 0x7
 526 03d6 CF020000 		.4byte	.LASF71
 527 03da 05       		.byte	0x5
 528 03db 4801     		.2byte	0x148
 529 03dd 58030000 		.4byte	0x358
 530 03e1 3C       		.byte	0x3c
 531 03e2 07       		.uleb128 0x7
 532 03e3 89040000 		.4byte	.LASF72
 533 03e7 05       		.byte	0x5
 534 03e8 4901     		.2byte	0x149
 535 03ea 58030000 		.4byte	0x358
 536 03ee 3E       		.byte	0x3e
 537 03ef 07       		.uleb128 0x7
 538 03f0 DB040000 		.4byte	.LASF73
 539 03f4 05       		.byte	0x5
 540 03f5 4F01     		.2byte	0x14f
 541 03f7 58030000 		.4byte	0x358
 542 03fb 40       		.byte	0x40
 543 03fc 07       		.uleb128 0x7
 544 03fd E2040000 		.4byte	.LASF74
 545 0401 05       		.byte	0x5
 546 0402 5001     		.2byte	0x150
 547 0404 58030000 		.4byte	0x358
 548 0408 42       		.byte	0x42
 549 0409 07       		.uleb128 0x7
 550 040a 1F030000 		.4byte	.LASF75
 551 040e 05       		.byte	0x5
 552 040f 5301     		.2byte	0x153
 553 0411 58030000 		.4byte	0x358
 554 0415 44       		.byte	0x44
 555 0416 07       		.uleb128 0x7
 556 0417 9B080000 		.4byte	.LASF76
 557 041b 05       		.byte	0x5
 558 041c 5401     		.2byte	0x154
 559 041e 58030000 		.4byte	0x358
 560 0422 46       		.byte	0x46
 561 0423 07       		.uleb128 0x7
 562 0424 C6050000 		.4byte	.LASF77
 563 0428 05       		.byte	0x5
 564 0429 5901     		.2byte	0x159
 565 042b 58030000 		.4byte	0x358
 566 042f 48       		.byte	0x48
 567 0430 07       		.uleb128 0x7
 568 0431 CE050000 		.4byte	.LASF78
 569 0435 05       		.byte	0x5
 570 0436 5A01     		.2byte	0x15a
 571 0438 58030000 		.4byte	0x358
 572 043c 4A       		.byte	0x4a
 573 043d 07       		.uleb128 0x7
 574 043e BE040000 		.4byte	.LASF79
 575 0442 05       		.byte	0x5
ARM GAS  C:\Users\brian\AppData\Local\Temp\ccY5sgYd.s 			page 12


 576 0443 5B01     		.2byte	0x15b
 577 0445 58030000 		.4byte	0x358
 578 0449 4C       		.byte	0x4c
 579 044a 07       		.uleb128 0x7
 580 044b 91070000 		.4byte	.LASF80
 581 044f 05       		.byte	0x5
 582 0450 5C01     		.2byte	0x15c
 583 0452 58030000 		.4byte	0x358
 584 0456 4E       		.byte	0x4e
 585 0457 07       		.uleb128 0x7
 586 0458 7D030000 		.4byte	.LASF81
 587 045c 05       		.byte	0x5
 588 045d 6001     		.2byte	0x160
 589 045f 58030000 		.4byte	0x358
 590 0463 50       		.byte	0x50
 591 0464 07       		.uleb128 0x7
 592 0465 85030000 		.4byte	.LASF82
 593 0469 05       		.byte	0x5
 594 046a 6101     		.2byte	0x161
 595 046c 58030000 		.4byte	0x358
 596 0470 52       		.byte	0x52
 597 0471 07       		.uleb128 0x7
 598 0472 9F040000 		.4byte	.LASF83
 599 0476 05       		.byte	0x5
 600 0477 6201     		.2byte	0x162
 601 0479 58030000 		.4byte	0x358
 602 047d 54       		.byte	0x54
 603 047e 07       		.uleb128 0x7
 604 047f A7040000 		.4byte	.LASF84
 605 0483 05       		.byte	0x5
 606 0484 6301     		.2byte	0x163
 607 0486 58030000 		.4byte	0x358
 608 048a 56       		.byte	0x56
 609 048b 07       		.uleb128 0x7
 610 048c E8070000 		.4byte	.LASF26
 611 0490 05       		.byte	0x5
 612 0491 6801     		.2byte	0x168
 613 0493 4D030000 		.4byte	0x34d
 614 0497 58       		.byte	0x58
 615 0498 07       		.uleb128 0x7
 616 0499 48020000 		.4byte	.LASF85
 617 049d 05       		.byte	0x5
 618 049e 6C01     		.2byte	0x16c
 619 04a0 90070000 		.4byte	0x790
 620 04a4 5C       		.byte	0x5c
 621 04a5 07       		.uleb128 0x7
 622 04a6 05070000 		.4byte	.LASF86
 623 04aa 05       		.byte	0x5
 624 04ab 6D01     		.2byte	0x16d
 625 04ad 84070000 		.4byte	0x784
 626 04b1 60       		.byte	0x60
 627 04b2 07       		.uleb128 0x7
 628 04b3 CD030000 		.4byte	.LASF87
 629 04b7 05       		.byte	0x5
 630 04b8 6E01     		.2byte	0x16e
 631 04ba D2060000 		.4byte	0x6d2
 632 04be 74       		.byte	0x74
ARM GAS  C:\Users\brian\AppData\Local\Temp\ccY5sgYd.s 			page 13


 633 04bf 07       		.uleb128 0x7
 634 04c0 48030000 		.4byte	.LASF88
 635 04c4 05       		.byte	0x5
 636 04c5 7201     		.2byte	0x172
 637 04c7 A2000000 		.4byte	0xa2
 638 04cb 8C       		.byte	0x8c
 639 04cc 07       		.uleb128 0x7
 640 04cd 10040000 		.4byte	.LASF89
 641 04d1 05       		.byte	0x5
 642 04d2 7501     		.2byte	0x175
 643 04d4 A2000000 		.4byte	0xa2
 644 04d8 8D       		.byte	0x8d
 645 04d9 07       		.uleb128 0x7
 646 04da 57020000 		.4byte	.LASF90
 647 04de 05       		.byte	0x5
 648 04df 7601     		.2byte	0x176
 649 04e1 97000000 		.4byte	0x97
 650 04e5 8E       		.byte	0x8e
 651 04e6 07       		.uleb128 0x7
 652 04e7 0D020000 		.4byte	.LASF91
 653 04eb 05       		.byte	0x5
 654 04ec 7701     		.2byte	0x177
 655 04ee 97000000 		.4byte	0x97
 656 04f2 8F       		.byte	0x8f
 657 04f3 07       		.uleb128 0x7
 658 04f4 7B010000 		.4byte	.LASF92
 659 04f8 05       		.byte	0x5
 660 04f9 7901     		.2byte	0x179
 661 04fb 97000000 		.4byte	0x97
 662 04ff 90       		.byte	0x90
 663 0500 07       		.uleb128 0x7
 664 0501 69030000 		.4byte	.LASF93
 665 0505 05       		.byte	0x5
 666 0506 7B01     		.2byte	0x17b
 667 0508 A2000000 		.4byte	0xa2
 668 050c 91       		.byte	0x91
 669 050d 07       		.uleb128 0x7
 670 050e 31070000 		.4byte	.LASF94
 671 0512 05       		.byte	0x5
 672 0513 7D01     		.2byte	0x17d
 673 0515 A2000000 		.4byte	0xa2
 674 0519 92       		.byte	0x92
 675 051a 07       		.uleb128 0x7
 676 051b 94050000 		.4byte	.LASF95
 677 051f 05       		.byte	0x5
 678 0520 8101     		.2byte	0x181
 679 0522 A2000000 		.4byte	0xa2
 680 0526 93       		.byte	0x93
 681 0527 00       		.byte	0
 682 0528 02       		.uleb128 0x2
 683 0529 E0060000 		.4byte	.LASF96
 684 052d 05       		.byte	0x5
 685 052e DD       		.byte	0xdd
 686 052f 33050000 		.4byte	0x533
 687 0533 06       		.uleb128 0x6
 688 0534 62050000 		.4byte	.LASF97
 689 0538 0C       		.byte	0xc
ARM GAS  C:\Users\brian\AppData\Local\Temp\ccY5sgYd.s 			page 14


 690 0539 05       		.byte	0x5
 691 053a 3101     		.2byte	0x131
 692 053c 68050000 		.4byte	0x568
 693 0540 07       		.uleb128 0x7
 694 0541 9C000000 		.4byte	.LASF98
 695 0545 05       		.byte	0x5
 696 0546 3301     		.2byte	0x133
 697 0548 68050000 		.4byte	0x568
 698 054c 00       		.byte	0
 699 054d 07       		.uleb128 0x7
 700 054e AC010000 		.4byte	.LASF99
 701 0552 05       		.byte	0x5
 702 0553 3401     		.2byte	0x134
 703 0555 8A050000 		.4byte	0x58a
 704 0559 04       		.byte	0x4
 705 055a 07       		.uleb128 0x7
 706 055b 8D030000 		.4byte	.LASF100
 707 055f 05       		.byte	0x5
 708 0560 3501     		.2byte	0x135
 709 0562 95050000 		.4byte	0x595
 710 0566 08       		.byte	0x8
 711 0567 00       		.byte	0
 712 0568 02       		.uleb128 0x2
 713 0569 55070000 		.4byte	.LASF101
 714 056d 05       		.byte	0x5
 715 056e DF       		.byte	0xdf
 716 056f 73050000 		.4byte	0x573
 717 0573 0A       		.uleb128 0xa
 718 0574 04       		.byte	0x4
 719 0575 79050000 		.4byte	0x579
 720 0579 0F       		.uleb128 0xf
 721 057a 84050000 		.4byte	0x584
 722 057e 0C       		.uleb128 0xc
 723 057f 84050000 		.4byte	0x584
 724 0583 00       		.byte	0
 725 0584 0A       		.uleb128 0xa
 726 0585 04       		.byte	0x4
 727 0586 63030000 		.4byte	0x363
 728 058a 02       		.uleb128 0x2
 729 058b 48000000 		.4byte	.LASF102
 730 058f 05       		.byte	0x5
 731 0590 E0       		.byte	0xe0
 732 0591 73050000 		.4byte	0x573
 733 0595 02       		.uleb128 0x2
 734 0596 91060000 		.4byte	.LASF103
 735 059a 05       		.byte	0x5
 736 059b E1       		.byte	0xe1
 737 059c A0050000 		.4byte	0x5a0
 738 05a0 0A       		.uleb128 0xa
 739 05a1 04       		.byte	0x4
 740 05a2 A6050000 		.4byte	0x5a6
 741 05a6 0F       		.uleb128 0xf
 742 05a7 C5050000 		.4byte	0x5c5
 743 05ab 0C       		.uleb128 0xc
 744 05ac 84050000 		.4byte	0x584
 745 05b0 0C       		.uleb128 0xc
 746 05b1 58030000 		.4byte	0x358
ARM GAS  C:\Users\brian\AppData\Local\Temp\ccY5sgYd.s 			page 15


 747 05b5 0C       		.uleb128 0xc
 748 05b6 58030000 		.4byte	0x358
 749 05ba 0C       		.uleb128 0xc
 750 05bb 58030000 		.4byte	0x358
 751 05bf 0C       		.uleb128 0xc
 752 05c0 A2000000 		.4byte	0xa2
 753 05c4 00       		.byte	0
 754 05c5 02       		.uleb128 0x2
 755 05c6 79020000 		.4byte	.LASF104
 756 05ca 05       		.byte	0x5
 757 05cb E2       		.byte	0xe2
 758 05cc A0050000 		.4byte	0x5a0
 759 05d0 08       		.uleb128 0x8
 760 05d1 C0060000 		.4byte	.LASF105
 761 05d5 18       		.byte	0x18
 762 05d6 05       		.byte	0x5
 763 05d7 E8       		.byte	0xe8
 764 05d8 D2060000 		.4byte	0x6d2
 765 05dc 09       		.uleb128 0x9
 766 05dd 92000000 		.4byte	.LASF106
 767 05e1 05       		.byte	0x5
 768 05e2 EB       		.byte	0xeb
 769 05e3 A2000000 		.4byte	0xa2
 770 05e7 00       		.byte	0
 771 05e8 09       		.uleb128 0x9
 772 05e9 E0000000 		.4byte	.LASF107
 773 05ed 05       		.byte	0x5
 774 05ee EC       		.byte	0xec
 775 05ef A2000000 		.4byte	0xa2
 776 05f3 01       		.byte	0x1
 777 05f4 09       		.uleb128 0x9
 778 05f5 3D020000 		.4byte	.LASF108
 779 05f9 05       		.byte	0x5
 780 05fa ED       		.byte	0xed
 781 05fb A2000000 		.4byte	0xa2
 782 05ff 02       		.byte	0x2
 783 0600 09       		.uleb128 0x9
 784 0601 45040000 		.4byte	.LASF109
 785 0605 05       		.byte	0x5
 786 0606 EE       		.byte	0xee
 787 0607 A2000000 		.4byte	0xa2
 788 060b 03       		.byte	0x3
 789 060c 09       		.uleb128 0x9
 790 060d 9A020000 		.4byte	.LASF110
 791 0611 05       		.byte	0x5
 792 0612 F1       		.byte	0xf1
 793 0613 A2000000 		.4byte	0xa2
 794 0617 04       		.byte	0x4
 795 0618 09       		.uleb128 0x9
 796 0619 11070000 		.4byte	.LASF111
 797 061d 05       		.byte	0x5
 798 061e F2       		.byte	0xf2
 799 061f A2000000 		.4byte	0xa2
 800 0623 05       		.byte	0x5
 801 0624 09       		.uleb128 0x9
 802 0625 09010000 		.4byte	.LASF112
 803 0629 05       		.byte	0x5
ARM GAS  C:\Users\brian\AppData\Local\Temp\ccY5sgYd.s 			page 16


 804 062a F3       		.byte	0xf3
 805 062b A2000000 		.4byte	0xa2
 806 062f 06       		.byte	0x6
 807 0630 09       		.uleb128 0x9
 808 0631 19010000 		.4byte	.LASF113
 809 0635 05       		.byte	0x5
 810 0636 F4       		.byte	0xf4
 811 0637 A2000000 		.4byte	0xa2
 812 063b 07       		.byte	0x7
 813 063c 09       		.uleb128 0x9
 814 063d 50040000 		.4byte	.LASF114
 815 0641 05       		.byte	0x5
 816 0642 F5       		.byte	0xf5
 817 0643 A2000000 		.4byte	0xa2
 818 0647 08       		.byte	0x8
 819 0648 09       		.uleb128 0x9
 820 0649 AF040000 		.4byte	.LASF115
 821 064d 05       		.byte	0x5
 822 064e F8       		.byte	0xf8
 823 064f 97000000 		.4byte	0x97
 824 0653 09       		.byte	0x9
 825 0654 09       		.uleb128 0x9
 826 0655 BC010000 		.4byte	.LASF116
 827 0659 05       		.byte	0x5
 828 065a F9       		.byte	0xf9
 829 065b 97000000 		.4byte	0x97
 830 065f 0A       		.byte	0xa
 831 0660 09       		.uleb128 0x9
 832 0661 E9040000 		.4byte	.LASF28
 833 0665 05       		.byte	0x5
 834 0666 FA       		.byte	0xfa
 835 0667 97000000 		.4byte	0x97
 836 066b 0B       		.byte	0xb
 837 066c 09       		.uleb128 0x9
 838 066d F4000000 		.4byte	.LASF117
 839 0671 05       		.byte	0x5
 840 0672 FB       		.byte	0xfb
 841 0673 97000000 		.4byte	0x97
 842 0677 0C       		.byte	0xc
 843 0678 09       		.uleb128 0x9
 844 0679 8B050000 		.4byte	.LASF118
 845 067d 05       		.byte	0x5
 846 067e FE       		.byte	0xfe
 847 067f 97000000 		.4byte	0x97
 848 0683 0D       		.byte	0xd
 849 0684 09       		.uleb128 0x9
 850 0685 90020000 		.4byte	.LASF119
 851 0689 05       		.byte	0x5
 852 068a FF       		.byte	0xff
 853 068b 97000000 		.4byte	0x97
 854 068f 0E       		.byte	0xe
 855 0690 07       		.uleb128 0x7
 856 0691 6F010000 		.4byte	.LASF120
 857 0695 05       		.byte	0x5
 858 0696 0001     		.2byte	0x100
 859 0698 97000000 		.4byte	0x97
 860 069c 0F       		.byte	0xf
ARM GAS  C:\Users\brian\AppData\Local\Temp\ccY5sgYd.s 			page 17


 861 069d 07       		.uleb128 0x7
 862 069e B3030000 		.4byte	.LASF121
 863 06a2 05       		.byte	0x5
 864 06a3 0101     		.2byte	0x101
 865 06a5 97000000 		.4byte	0x97
 866 06a9 10       		.byte	0x10
 867 06aa 07       		.uleb128 0x7
 868 06ab 21040000 		.4byte	.LASF122
 869 06af 05       		.byte	0x5
 870 06b0 0401     		.2byte	0x104
 871 06b2 AD000000 		.4byte	0xad
 872 06b6 12       		.byte	0x12
 873 06b7 07       		.uleb128 0x7
 874 06b8 ED070000 		.4byte	.LASF123
 875 06bc 05       		.byte	0x5
 876 06bd 0501     		.2byte	0x105
 877 06bf AD000000 		.4byte	0xad
 878 06c3 14       		.byte	0x14
 879 06c4 07       		.uleb128 0x7
 880 06c5 00000000 		.4byte	.LASF124
 881 06c9 05       		.byte	0x5
 882 06ca 0901     		.2byte	0x109
 883 06cc AD000000 		.4byte	0xad
 884 06d0 16       		.byte	0x16
 885 06d1 00       		.byte	0
 886 06d2 10       		.uleb128 0x10
 887 06d3 FC010000 		.4byte	.LASF125
 888 06d7 05       		.byte	0x5
 889 06d8 0C01     		.2byte	0x10c
 890 06da D0050000 		.4byte	0x5d0
 891 06de 06       		.uleb128 0x6
 892 06df AB070000 		.4byte	.LASF126
 893 06e3 14       		.byte	0x14
 894 06e4 05       		.byte	0x5
 895 06e5 0F01     		.2byte	0x10f
 896 06e7 84070000 		.4byte	0x784
 897 06eb 07       		.uleb128 0x7
 898 06ec 14030000 		.4byte	.LASF127
 899 06f0 05       		.byte	0x5
 900 06f1 1101     		.2byte	0x111
 901 06f3 4D030000 		.4byte	0x34d
 902 06f7 00       		.byte	0
 903 06f8 07       		.uleb128 0x7
 904 06f9 6E070000 		.4byte	.LASF128
 905 06fd 05       		.byte	0x5
 906 06fe 1301     		.2byte	0x113
 907 0700 58030000 		.4byte	0x358
 908 0704 04       		.byte	0x4
 909 0705 07       		.uleb128 0x7
 910 0706 77070000 		.4byte	.LASF129
 911 070a 05       		.byte	0x5
 912 070b 1401     		.2byte	0x114
 913 070d 58030000 		.4byte	0x358
 914 0711 06       		.byte	0x6
 915 0712 0E       		.uleb128 0xe
 916 0713 7800     		.ascii	"x\000"
 917 0715 05       		.byte	0x5
ARM GAS  C:\Users\brian\AppData\Local\Temp\ccY5sgYd.s 			page 18


 918 0716 1601     		.2byte	0x116
 919 0718 97000000 		.4byte	0x97
 920 071c 08       		.byte	0x8
 921 071d 0E       		.uleb128 0xe
 922 071e 7900     		.ascii	"y\000"
 923 0720 05       		.byte	0x5
 924 0721 1701     		.2byte	0x117
 925 0723 97000000 		.4byte	0x97
 926 0727 09       		.byte	0x9
 927 0728 07       		.uleb128 0x7
 928 0729 71050000 		.4byte	.LASF130
 929 072d 05       		.byte	0x5
 930 072e 1801     		.2byte	0x118
 931 0730 97000000 		.4byte	0x97
 932 0734 0A       		.byte	0xa
 933 0735 07       		.uleb128 0x7
 934 0736 70040000 		.4byte	.LASF131
 935 073a 05       		.byte	0x5
 936 073b 1901     		.2byte	0x119
 937 073d 97000000 		.4byte	0x97
 938 0741 0B       		.byte	0xb
 939 0742 07       		.uleb128 0x7
 940 0743 61040000 		.4byte	.LASF132
 941 0747 05       		.byte	0x5
 942 0748 1B01     		.2byte	0x11b
 943 074a A2000000 		.4byte	0xa2
 944 074e 0C       		.byte	0xc
 945 074f 07       		.uleb128 0x7
 946 0750 E0020000 		.4byte	.LASF133
 947 0754 05       		.byte	0x5
 948 0755 1C01     		.2byte	0x11c
 949 0757 A2000000 		.4byte	0xa2
 950 075b 0D       		.byte	0xd
 951 075c 07       		.uleb128 0x7
 952 075d 3E050000 		.4byte	.LASF134
 953 0761 05       		.byte	0x5
 954 0762 1D01     		.2byte	0x11d
 955 0764 A2000000 		.4byte	0xa2
 956 0768 0E       		.byte	0xe
 957 0769 07       		.uleb128 0x7
 958 076a 39080000 		.4byte	.LASF135
 959 076e 05       		.byte	0x5
 960 076f 1E01     		.2byte	0x11e
 961 0771 A2000000 		.4byte	0xa2
 962 0775 0F       		.byte	0xf
 963 0776 0E       		.uleb128 0xe
 964 0777 64697200 		.ascii	"dir\000"
 965 077b 05       		.byte	0x5
 966 077c 2001     		.2byte	0x120
 967 077e A2000000 		.4byte	0xa2
 968 0782 10       		.byte	0x10
 969 0783 00       		.byte	0
 970 0784 10       		.uleb128 0x10
 971 0785 7F000000 		.4byte	.LASF136
 972 0789 05       		.byte	0x5
 973 078a 2301     		.2byte	0x123
 974 078c DE060000 		.4byte	0x6de
ARM GAS  C:\Users\brian\AppData\Local\Temp\ccY5sgYd.s 			page 19


 975 0790 10       		.uleb128 0x10
 976 0791 07080000 		.4byte	.LASF137
 977 0795 05       		.byte	0x5
 978 0796 3801     		.2byte	0x138
 979 0798 9C070000 		.4byte	0x79c
 980 079c 0A       		.uleb128 0xa
 981 079d 04       		.byte	0x4
 982 079e A2070000 		.4byte	0x7a2
 983 07a2 0B       		.uleb128 0xb
 984 07a3 58030000 		.4byte	0x358
 985 07a7 B1070000 		.4byte	0x7b1
 986 07ab 0C       		.uleb128 0xc
 987 07ac 84050000 		.4byte	0x584
 988 07b0 00       		.byte	0
 989 07b1 0A       		.uleb128 0xa
 990 07b2 04       		.byte	0x4
 991 07b3 B7070000 		.4byte	0x7b7
 992 07b7 0D       		.uleb128 0xd
 993 07b8 28050000 		.4byte	0x528
 994 07bc 11       		.uleb128 0x11
 995 07bd 99070000 		.4byte	.LASF144
 996 07c1 01       		.byte	0x1
 997 07c2 27       		.byte	0x27
 998 07c3 00000000 		.4byte	.LFB0
 999 07c7 1C000000 		.4byte	.LFE0-.LFB0
 1000 07cb 01       		.uleb128 0x1
 1001 07cc 9C       		.byte	0x9c
 1002 07cd 1E080000 		.4byte	0x81e
 1003 07d1 12       		.uleb128 0x12
 1004 07d2 AE030000 		.4byte	.LASF145
 1005 07d6 01       		.byte	0x1
 1006 07d7 27       		.byte	0x27
 1007 07d8 84050000 		.4byte	0x584
 1008 07dc 00000000 		.4byte	.LLST0
 1009 07e0 13       		.uleb128 0x13
 1010 07e1 08000000 		.4byte	.LVL1
 1011 07e5 1E080000 		.4byte	0x81e
 1012 07e9 F4070000 		.4byte	0x7f4
 1013 07ed 14       		.uleb128 0x14
 1014 07ee 01       		.uleb128 0x1
 1015 07ef 50       		.byte	0x50
 1016 07f0 02       		.uleb128 0x2
 1017 07f1 74       		.byte	0x74
 1018 07f2 00       		.sleb128 0
 1019 07f3 00       		.byte	0
 1020 07f4 13       		.uleb128 0x13
 1021 07f5 0E000000 		.4byte	.LVL2
 1022 07f9 2A080000 		.4byte	0x82a
 1023 07fd 08080000 		.4byte	0x808
 1024 0801 14       		.uleb128 0x14
 1025 0802 01       		.uleb128 0x1
 1026 0803 50       		.byte	0x50
 1027 0804 02       		.uleb128 0x2
 1028 0805 74       		.byte	0x74
 1029 0806 00       		.sleb128 0
 1030 0807 00       		.byte	0
 1031 0808 15       		.uleb128 0x15
ARM GAS  C:\Users\brian\AppData\Local\Temp\ccY5sgYd.s 			page 20


 1032 0809 1A000000 		.4byte	.LVL3
 1033 080d 36080000 		.4byte	0x836
 1034 0811 14       		.uleb128 0x14
 1035 0812 01       		.uleb128 0x1
 1036 0813 50       		.byte	0x50
 1037 0814 02       		.uleb128 0x2
 1038 0815 74       		.byte	0x74
 1039 0816 00       		.sleb128 0
 1040 0817 14       		.uleb128 0x14
 1041 0818 01       		.uleb128 0x1
 1042 0819 51       		.byte	0x51
 1043 081a 01       		.uleb128 0x1
 1044 081b 30       		.byte	0x30
 1045 081c 00       		.byte	0
 1046 081d 00       		.byte	0
 1047 081e 16       		.uleb128 0x16
 1048 081f 47050000 		.4byte	.LASF138
 1049 0823 47050000 		.4byte	.LASF138
 1050 0827 05       		.byte	0x5
 1051 0828 5705     		.2byte	0x557
 1052 082a 16       		.uleb128 0x16
 1053 082b 64060000 		.4byte	.LASF139
 1054 082f 64060000 		.4byte	.LASF139
 1055 0833 05       		.byte	0x5
 1056 0834 5805     		.2byte	0x558
 1057 0836 16       		.uleb128 0x16
 1058 0837 68080000 		.4byte	.LASF140
 1059 083b 68080000 		.4byte	.LASF140
 1060 083f 05       		.byte	0x5
 1061 0840 5505     		.2byte	0x555
 1062 0842 00       		.byte	0
 1063              		.section	.debug_abbrev,"",%progbits
 1064              	.Ldebug_abbrev0:
 1065 0000 01       		.uleb128 0x1
 1066 0001 11       		.uleb128 0x11
 1067 0002 01       		.byte	0x1
 1068 0003 25       		.uleb128 0x25
 1069 0004 0E       		.uleb128 0xe
 1070 0005 13       		.uleb128 0x13
 1071 0006 0B       		.uleb128 0xb
 1072 0007 03       		.uleb128 0x3
 1073 0008 0E       		.uleb128 0xe
 1074 0009 1B       		.uleb128 0x1b
 1075 000a 0E       		.uleb128 0xe
 1076 000b 55       		.uleb128 0x55
 1077 000c 17       		.uleb128 0x17
 1078 000d 11       		.uleb128 0x11
 1079 000e 01       		.uleb128 0x1
 1080 000f 10       		.uleb128 0x10
 1081 0010 17       		.uleb128 0x17
 1082 0011 00       		.byte	0
 1083 0012 00       		.byte	0
 1084 0013 02       		.uleb128 0x2
 1085 0014 16       		.uleb128 0x16
 1086 0015 00       		.byte	0
 1087 0016 03       		.uleb128 0x3
 1088 0017 0E       		.uleb128 0xe
ARM GAS  C:\Users\brian\AppData\Local\Temp\ccY5sgYd.s 			page 21


 1089 0018 3A       		.uleb128 0x3a
 1090 0019 0B       		.uleb128 0xb
 1091 001a 3B       		.uleb128 0x3b
 1092 001b 0B       		.uleb128 0xb
 1093 001c 49       		.uleb128 0x49
 1094 001d 13       		.uleb128 0x13
 1095 001e 00       		.byte	0
 1096 001f 00       		.byte	0
 1097 0020 03       		.uleb128 0x3
 1098 0021 24       		.uleb128 0x24
 1099 0022 00       		.byte	0
 1100 0023 0B       		.uleb128 0xb
 1101 0024 0B       		.uleb128 0xb
 1102 0025 3E       		.uleb128 0x3e
 1103 0026 0B       		.uleb128 0xb
 1104 0027 03       		.uleb128 0x3
 1105 0028 0E       		.uleb128 0xe
 1106 0029 00       		.byte	0
 1107 002a 00       		.byte	0
 1108 002b 04       		.uleb128 0x4
 1109 002c 24       		.uleb128 0x24
 1110 002d 00       		.byte	0
 1111 002e 0B       		.uleb128 0xb
 1112 002f 0B       		.uleb128 0xb
 1113 0030 3E       		.uleb128 0x3e
 1114 0031 0B       		.uleb128 0xb
 1115 0032 03       		.uleb128 0x3
 1116 0033 08       		.uleb128 0x8
 1117 0034 00       		.byte	0
 1118 0035 00       		.byte	0
 1119 0036 05       		.uleb128 0x5
 1120 0037 0F       		.uleb128 0xf
 1121 0038 00       		.byte	0
 1122 0039 0B       		.uleb128 0xb
 1123 003a 0B       		.uleb128 0xb
 1124 003b 00       		.byte	0
 1125 003c 00       		.byte	0
 1126 003d 06       		.uleb128 0x6
 1127 003e 13       		.uleb128 0x13
 1128 003f 01       		.byte	0x1
 1129 0040 03       		.uleb128 0x3
 1130 0041 0E       		.uleb128 0xe
 1131 0042 0B       		.uleb128 0xb
 1132 0043 0B       		.uleb128 0xb
 1133 0044 3A       		.uleb128 0x3a
 1134 0045 0B       		.uleb128 0xb
 1135 0046 3B       		.uleb128 0x3b
 1136 0047 05       		.uleb128 0x5
 1137 0048 01       		.uleb128 0x1
 1138 0049 13       		.uleb128 0x13
 1139 004a 00       		.byte	0
 1140 004b 00       		.byte	0
 1141 004c 07       		.uleb128 0x7
 1142 004d 0D       		.uleb128 0xd
 1143 004e 00       		.byte	0
 1144 004f 03       		.uleb128 0x3
 1145 0050 0E       		.uleb128 0xe
ARM GAS  C:\Users\brian\AppData\Local\Temp\ccY5sgYd.s 			page 22


 1146 0051 3A       		.uleb128 0x3a
 1147 0052 0B       		.uleb128 0xb
 1148 0053 3B       		.uleb128 0x3b
 1149 0054 05       		.uleb128 0x5
 1150 0055 49       		.uleb128 0x49
 1151 0056 13       		.uleb128 0x13
 1152 0057 38       		.uleb128 0x38
 1153 0058 0B       		.uleb128 0xb
 1154 0059 00       		.byte	0
 1155 005a 00       		.byte	0
 1156 005b 08       		.uleb128 0x8
 1157 005c 13       		.uleb128 0x13
 1158 005d 01       		.byte	0x1
 1159 005e 03       		.uleb128 0x3
 1160 005f 0E       		.uleb128 0xe
 1161 0060 0B       		.uleb128 0xb
 1162 0061 0B       		.uleb128 0xb
 1163 0062 3A       		.uleb128 0x3a
 1164 0063 0B       		.uleb128 0xb
 1165 0064 3B       		.uleb128 0x3b
 1166 0065 0B       		.uleb128 0xb
 1167 0066 01       		.uleb128 0x1
 1168 0067 13       		.uleb128 0x13
 1169 0068 00       		.byte	0
 1170 0069 00       		.byte	0
 1171 006a 09       		.uleb128 0x9
 1172 006b 0D       		.uleb128 0xd
 1173 006c 00       		.byte	0
 1174 006d 03       		.uleb128 0x3
 1175 006e 0E       		.uleb128 0xe
 1176 006f 3A       		.uleb128 0x3a
 1177 0070 0B       		.uleb128 0xb
 1178 0071 3B       		.uleb128 0x3b
 1179 0072 0B       		.uleb128 0xb
 1180 0073 49       		.uleb128 0x49
 1181 0074 13       		.uleb128 0x13
 1182 0075 38       		.uleb128 0x38
 1183 0076 0B       		.uleb128 0xb
 1184 0077 00       		.byte	0
 1185 0078 00       		.byte	0
 1186 0079 0A       		.uleb128 0xa
 1187 007a 0F       		.uleb128 0xf
 1188 007b 00       		.byte	0
 1189 007c 0B       		.uleb128 0xb
 1190 007d 0B       		.uleb128 0xb
 1191 007e 49       		.uleb128 0x49
 1192 007f 13       		.uleb128 0x13
 1193 0080 00       		.byte	0
 1194 0081 00       		.byte	0
 1195 0082 0B       		.uleb128 0xb
 1196 0083 15       		.uleb128 0x15
 1197 0084 01       		.byte	0x1
 1198 0085 27       		.uleb128 0x27
 1199 0086 19       		.uleb128 0x19
 1200 0087 49       		.uleb128 0x49
 1201 0088 13       		.uleb128 0x13
 1202 0089 01       		.uleb128 0x1
ARM GAS  C:\Users\brian\AppData\Local\Temp\ccY5sgYd.s 			page 23


 1203 008a 13       		.uleb128 0x13
 1204 008b 00       		.byte	0
 1205 008c 00       		.byte	0
 1206 008d 0C       		.uleb128 0xc
 1207 008e 05       		.uleb128 0x5
 1208 008f 00       		.byte	0
 1209 0090 49       		.uleb128 0x49
 1210 0091 13       		.uleb128 0x13
 1211 0092 00       		.byte	0
 1212 0093 00       		.byte	0
 1213 0094 0D       		.uleb128 0xd
 1214 0095 26       		.uleb128 0x26
 1215 0096 00       		.byte	0
 1216 0097 49       		.uleb128 0x49
 1217 0098 13       		.uleb128 0x13
 1218 0099 00       		.byte	0
 1219 009a 00       		.byte	0
 1220 009b 0E       		.uleb128 0xe
 1221 009c 0D       		.uleb128 0xd
 1222 009d 00       		.byte	0
 1223 009e 03       		.uleb128 0x3
 1224 009f 08       		.uleb128 0x8
 1225 00a0 3A       		.uleb128 0x3a
 1226 00a1 0B       		.uleb128 0xb
 1227 00a2 3B       		.uleb128 0x3b
 1228 00a3 05       		.uleb128 0x5
 1229 00a4 49       		.uleb128 0x49
 1230 00a5 13       		.uleb128 0x13
 1231 00a6 38       		.uleb128 0x38
 1232 00a7 0B       		.uleb128 0xb
 1233 00a8 00       		.byte	0
 1234 00a9 00       		.byte	0
 1235 00aa 0F       		.uleb128 0xf
 1236 00ab 15       		.uleb128 0x15
 1237 00ac 01       		.byte	0x1
 1238 00ad 27       		.uleb128 0x27
 1239 00ae 19       		.uleb128 0x19
 1240 00af 01       		.uleb128 0x1
 1241 00b0 13       		.uleb128 0x13
 1242 00b1 00       		.byte	0
 1243 00b2 00       		.byte	0
 1244 00b3 10       		.uleb128 0x10
 1245 00b4 16       		.uleb128 0x16
 1246 00b5 00       		.byte	0
 1247 00b6 03       		.uleb128 0x3
 1248 00b7 0E       		.uleb128 0xe
 1249 00b8 3A       		.uleb128 0x3a
 1250 00b9 0B       		.uleb128 0xb
 1251 00ba 3B       		.uleb128 0x3b
 1252 00bb 05       		.uleb128 0x5
 1253 00bc 49       		.uleb128 0x49
 1254 00bd 13       		.uleb128 0x13
 1255 00be 00       		.byte	0
 1256 00bf 00       		.byte	0
 1257 00c0 11       		.uleb128 0x11
 1258 00c1 2E       		.uleb128 0x2e
 1259 00c2 01       		.byte	0x1
ARM GAS  C:\Users\brian\AppData\Local\Temp\ccY5sgYd.s 			page 24


 1260 00c3 3F       		.uleb128 0x3f
 1261 00c4 19       		.uleb128 0x19
 1262 00c5 03       		.uleb128 0x3
 1263 00c6 0E       		.uleb128 0xe
 1264 00c7 3A       		.uleb128 0x3a
 1265 00c8 0B       		.uleb128 0xb
 1266 00c9 3B       		.uleb128 0x3b
 1267 00ca 0B       		.uleb128 0xb
 1268 00cb 27       		.uleb128 0x27
 1269 00cc 19       		.uleb128 0x19
 1270 00cd 11       		.uleb128 0x11
 1271 00ce 01       		.uleb128 0x1
 1272 00cf 12       		.uleb128 0x12
 1273 00d0 06       		.uleb128 0x6
 1274 00d1 40       		.uleb128 0x40
 1275 00d2 18       		.uleb128 0x18
 1276 00d3 9742     		.uleb128 0x2117
 1277 00d5 19       		.uleb128 0x19
 1278 00d6 01       		.uleb128 0x1
 1279 00d7 13       		.uleb128 0x13
 1280 00d8 00       		.byte	0
 1281 00d9 00       		.byte	0
 1282 00da 12       		.uleb128 0x12
 1283 00db 05       		.uleb128 0x5
 1284 00dc 00       		.byte	0
 1285 00dd 03       		.uleb128 0x3
 1286 00de 0E       		.uleb128 0xe
 1287 00df 3A       		.uleb128 0x3a
 1288 00e0 0B       		.uleb128 0xb
 1289 00e1 3B       		.uleb128 0x3b
 1290 00e2 0B       		.uleb128 0xb
 1291 00e3 49       		.uleb128 0x49
 1292 00e4 13       		.uleb128 0x13
 1293 00e5 02       		.uleb128 0x2
 1294 00e6 17       		.uleb128 0x17
 1295 00e7 00       		.byte	0
 1296 00e8 00       		.byte	0
 1297 00e9 13       		.uleb128 0x13
 1298 00ea 898201   		.uleb128 0x4109
 1299 00ed 01       		.byte	0x1
 1300 00ee 11       		.uleb128 0x11
 1301 00ef 01       		.uleb128 0x1
 1302 00f0 31       		.uleb128 0x31
 1303 00f1 13       		.uleb128 0x13
 1304 00f2 01       		.uleb128 0x1
 1305 00f3 13       		.uleb128 0x13
 1306 00f4 00       		.byte	0
 1307 00f5 00       		.byte	0
 1308 00f6 14       		.uleb128 0x14
 1309 00f7 8A8201   		.uleb128 0x410a
 1310 00fa 00       		.byte	0
 1311 00fb 02       		.uleb128 0x2
 1312 00fc 18       		.uleb128 0x18
 1313 00fd 9142     		.uleb128 0x2111
 1314 00ff 18       		.uleb128 0x18
 1315 0100 00       		.byte	0
 1316 0101 00       		.byte	0
ARM GAS  C:\Users\brian\AppData\Local\Temp\ccY5sgYd.s 			page 25


 1317 0102 15       		.uleb128 0x15
 1318 0103 898201   		.uleb128 0x4109
 1319 0106 01       		.byte	0x1
 1320 0107 11       		.uleb128 0x11
 1321 0108 01       		.uleb128 0x1
 1322 0109 31       		.uleb128 0x31
 1323 010a 13       		.uleb128 0x13
 1324 010b 00       		.byte	0
 1325 010c 00       		.byte	0
 1326 010d 16       		.uleb128 0x16
 1327 010e 2E       		.uleb128 0x2e
 1328 010f 00       		.byte	0
 1329 0110 3F       		.uleb128 0x3f
 1330 0111 19       		.uleb128 0x19
 1331 0112 3C       		.uleb128 0x3c
 1332 0113 19       		.uleb128 0x19
 1333 0114 6E       		.uleb128 0x6e
 1334 0115 0E       		.uleb128 0xe
 1335 0116 03       		.uleb128 0x3
 1336 0117 0E       		.uleb128 0xe
 1337 0118 3A       		.uleb128 0x3a
 1338 0119 0B       		.uleb128 0xb
 1339 011a 3B       		.uleb128 0x3b
 1340 011b 05       		.uleb128 0x5
 1341 011c 00       		.byte	0
 1342 011d 00       		.byte	0
 1343 011e 00       		.byte	0
 1344              		.section	.debug_loc,"",%progbits
 1345              	.Ldebug_loc0:
 1346              	.LLST0:
 1347 0000 00000000 		.4byte	.LVL0
 1348 0004 07000000 		.4byte	.LVL1-1
 1349 0008 0100     		.2byte	0x1
 1350 000a 50       		.byte	0x50
 1351 000b 07000000 		.4byte	.LVL1-1
 1352 000f 1C000000 		.4byte	.LFE0
 1353 0013 0100     		.2byte	0x1
 1354 0015 54       		.byte	0x54
 1355 0016 00000000 		.4byte	0
 1356 001a 00000000 		.4byte	0
 1357              		.section	.debug_aranges,"",%progbits
 1358 0000 1C000000 		.4byte	0x1c
 1359 0004 0200     		.2byte	0x2
 1360 0006 00000000 		.4byte	.Ldebug_info0
 1361 000a 04       		.byte	0x4
 1362 000b 00       		.byte	0
 1363 000c 0000     		.2byte	0
 1364 000e 0000     		.2byte	0
 1365 0010 00000000 		.4byte	.LFB0
 1366 0014 1C000000 		.4byte	.LFE0-.LFB0
 1367 0018 00000000 		.4byte	0
 1368 001c 00000000 		.4byte	0
 1369              		.section	.debug_ranges,"",%progbits
 1370              	.Ldebug_ranges0:
 1371 0000 00000000 		.4byte	.LFB0
 1372 0004 1C000000 		.4byte	.LFE0
 1373 0008 00000000 		.4byte	0
ARM GAS  C:\Users\brian\AppData\Local\Temp\ccY5sgYd.s 			page 26


 1374 000c 00000000 		.4byte	0
 1375              		.section	.debug_line,"",%progbits
 1376              	.Ldebug_line0:
 1377 0000 66010000 		.section	.debug_str,"MS",%progbits,1
 1377      02004801 
 1377      00000201 
 1377      FB0E0D00 
 1377      01010101 
 1378              	.LASF124:
 1379 0000 73746172 		.ascii	"start_pos_unicode\000"
 1379      745F706F 
 1379      735F756E 
 1379      69636F64 
 1379      6500
 1380              	.LASF45:
 1381 0012 72657365 		.ascii	"reset_pulse_width_ms\000"
 1381      745F7075 
 1381      6C73655F 
 1381      77696474 
 1381      685F6D73 
 1382              	.LASF142:
 1383 0027 2E2E5C75 		.ascii	"..\\u8g2\\csrc\\u8g2_cleardisplay.c\000"
 1383      3867325C 
 1383      63737263 
 1383      5C753867 
 1383      325F636C 
 1384              	.LASF102:
 1385 0048 75386732 		.ascii	"u8g2_update_page_win_cb\000"
 1385      5F757064 
 1385      6174655F 
 1385      70616765 
 1385      5F77696E 
 1386              	.LASF67:
 1387 0060 74696C65 		.ascii	"tile_buf_ptr\000"
 1387      5F627566 
 1387      5F707472 
 1387      00
 1388              	.LASF1:
 1389 006d 5F5F7569 		.ascii	"__uint8_t\000"
 1389      6E74385F 
 1389      7400
 1390              	.LASF23:
 1391 0077 62797465 		.ascii	"byte_cb\000"
 1391      5F636200 
 1392              	.LASF136:
 1393 007f 75386732 		.ascii	"u8g2_font_decode_t\000"
 1393      5F666F6E 
 1393      745F6465 
 1393      636F6465 
 1393      5F7400
 1394              	.LASF106:
 1395 0092 676C7970 		.ascii	"glyph_cnt\000"
 1395      685F636E 
 1395      7400
 1396              	.LASF98:
 1397 009c 75706461 		.ascii	"update_dimension\000"
 1397      74655F64 
ARM GAS  C:\Users\brian\AppData\Local\Temp\ccY5sgYd.s 			page 27


 1397      696D656E 
 1397      73696F6E 
 1397      00
 1398              	.LASF11:
 1399 00ad 6C6F6E67 		.ascii	"long long unsigned int\000"
 1399      206C6F6E 
 1399      6720756E 
 1399      7369676E 
 1399      65642069 
 1400              	.LASF0:
 1401 00c4 5F5F696E 		.ascii	"__int8_t\000"
 1401      74385F74 
 1401      00
 1402              	.LASF46:
 1403 00cd 706F7374 		.ascii	"post_reset_wait_ms\000"
 1403      5F726573 
 1403      65745F77 
 1403      6169745F 
 1403      6D7300
 1404              	.LASF107:
 1405 00e0 6262785F 		.ascii	"bbx_mode\000"
 1405      6D6F6465 
 1405      00
 1406              	.LASF32:
 1407 00e9 75746638 		.ascii	"utf8_state\000"
 1407      5F737461 
 1407      746500
 1408              	.LASF117:
 1409 00f4 795F6F66 		.ascii	"y_offset\000"
 1409      66736574 
 1409      00
 1410              	.LASF33:
 1411 00fd 6770696F 		.ascii	"gpio_result\000"
 1411      5F726573 
 1411      756C7400 
 1412              	.LASF112:
 1413 0109 62697473 		.ascii	"bits_per_char_x\000"
 1413      5F706572 
 1413      5F636861 
 1413      725F7800 
 1414              	.LASF113:
 1415 0119 62697473 		.ascii	"bits_per_char_y\000"
 1415      5F706572 
 1415      5F636861 
 1415      725F7900 
 1416              	.LASF10:
 1417 0129 6C6F6E67 		.ascii	"long long int\000"
 1417      206C6F6E 
 1417      6720696E 
 1417      7400
 1418              	.LASF2:
 1419 0137 7369676E 		.ascii	"signed char\000"
 1419      65642063 
 1419      68617200 
 1420              	.LASF62:
 1421 0143 75386732 		.ascii	"u8g2_uint_t\000"
 1421      5F75696E 
ARM GAS  C:\Users\brian\AppData\Local\Temp\ccY5sgYd.s 			page 28


 1421      745F7400 
 1422              	.LASF29:
 1423 014f 69735F66 		.ascii	"is_font_inverse_mode\000"
 1423      6F6E745F 
 1423      696E7665 
 1423      7273655F 
 1423      6D6F6465 
 1424              	.LASF21:
 1425 0164 64697370 		.ascii	"display_cb\000"
 1425      6C61795F 
 1425      636200
 1426              	.LASF120:
 1427 016f 61736365 		.ascii	"ascent_para\000"
 1427      6E745F70 
 1427      61726100 
 1428              	.LASF92:
 1429 017b 676C7970 		.ascii	"glyph_x_offset\000"
 1429      685F785F 
 1429      6F666673 
 1429      657400
 1430              	.LASF44:
 1431 018a 7072655F 		.ascii	"pre_chip_disable_wait_ns\000"
 1431      63686970 
 1431      5F646973 
 1431      61626C65 
 1431      5F776169 
 1432              	.LASF7:
 1433 01a3 6C6F6E67 		.ascii	"long int\000"
 1433      20696E74 
 1433      00
 1434              	.LASF99:
 1435 01ac 75706461 		.ascii	"update_page_win\000"
 1435      74655F70 
 1435      6167655F 
 1435      77696E00 
 1436              	.LASF116:
 1437 01bc 6D61785F 		.ascii	"max_char_height\000"
 1437      63686172 
 1437      5F686569 
 1437      67687400 
 1438              	.LASF15:
 1439 01cc 75696E74 		.ascii	"uint16_t\000"
 1439      31365F74 
 1439      00
 1440              	.LASF20:
 1441 01d5 6E657874 		.ascii	"next_cb\000"
 1441      5F636200 
 1442              	.LASF61:
 1443 01dd 75387838 		.ascii	"u8x8_char_cb\000"
 1443      5F636861 
 1443      725F6362 
 1443      00
 1444              	.LASF24:
 1445 01ea 6770696F 		.ascii	"gpio_and_delay_cb\000"
 1445      5F616E64 
 1445      5F64656C 
 1445      61795F63 
ARM GAS  C:\Users\brian\AppData\Local\Temp\ccY5sgYd.s 			page 29


 1445      6200
 1446              	.LASF125:
 1447 01fc 75386732 		.ascii	"u8g2_font_info_t\000"
 1447      5F666F6E 
 1447      745F696E 
 1447      666F5F74 
 1447      00
 1448              	.LASF91:
 1449 020d 666F6E74 		.ascii	"font_ref_descent\000"
 1449      5F726566 
 1449      5F646573 
 1449      63656E74 
 1449      00
 1450              	.LASF38:
 1451 021e 75387838 		.ascii	"u8x8_display_info_t\000"
 1451      5F646973 
 1451      706C6179 
 1451      5F696E66 
 1451      6F5F7400 
 1452              	.LASF8:
 1453 0232 5F5F7569 		.ascii	"__uint32_t\000"
 1453      6E743332 
 1453      5F7400
 1454              	.LASF108:
 1455 023d 62697473 		.ascii	"bits_per_0\000"
 1455      5F706572 
 1455      5F3000
 1456              	.LASF85:
 1457 0248 666F6E74 		.ascii	"font_calc_vref\000"
 1457      5F63616C 
 1457      635F7672 
 1457      656600
 1458              	.LASF90:
 1459 0257 666F6E74 		.ascii	"font_ref_ascent\000"
 1459      5F726566 
 1459      5F617363 
 1459      656E7400 
 1460              	.LASF47:
 1461 0267 7364615F 		.ascii	"sda_setup_time_ns\000"
 1461      73657475 
 1461      705F7469 
 1461      6D655F6E 
 1461      7300
 1462              	.LASF104:
 1463 0279 75386732 		.ascii	"u8g2_draw_ll_hvline_cb\000"
 1463      5F647261 
 1463      775F6C6C 
 1463      5F68766C 
 1463      696E655F 
 1464              	.LASF119:
 1465 0290 64657363 		.ascii	"descent_g\000"
 1465      656E745F 
 1465      6700
 1466              	.LASF110:
 1467 029a 62697473 		.ascii	"bits_per_char_width\000"
 1467      5F706572 
 1467      5F636861 
ARM GAS  C:\Users\brian\AppData\Local\Temp\ccY5sgYd.s 			page 30


 1467      725F7769 
 1467      64746800 
 1468              	.LASF37:
 1469 02ae 6465626F 		.ascii	"debounce_result_msg\000"
 1469      756E6365 
 1469      5F726573 
 1469      756C745F 
 1469      6D736700 
 1470              	.LASF12:
 1471 02c2 756E7369 		.ascii	"unsigned int\000"
 1471      676E6564 
 1471      20696E74 
 1471      00
 1472              	.LASF71:
 1473 02cf 70697865 		.ascii	"pixel_buf_height\000"
 1473      6C5F6275 
 1473      665F6865 
 1473      69676874 
 1473      00
 1474              	.LASF133:
 1475 02e0 69735F74 		.ascii	"is_transparent\000"
 1475      72616E73 
 1475      70617265 
 1475      6E7400
 1476              	.LASF30:
 1477 02ef 6932635F 		.ascii	"i2c_address\000"
 1477      61646472 
 1477      65737300 
 1478              	.LASF9:
 1479 02fb 6C6F6E67 		.ascii	"long unsigned int\000"
 1479      20756E73 
 1479      69676E65 
 1479      6420696E 
 1479      7400
 1480              	.LASF63:
 1481 030d 75386732 		.ascii	"u8g2_t\000"
 1481      5F7400
 1482              	.LASF127:
 1483 0314 6465636F 		.ascii	"decode_ptr\000"
 1483      64655F70 
 1483      747200
 1484              	.LASF75:
 1485 031f 77696474 		.ascii	"width\000"
 1485      6800
 1486              	.LASF68:
 1487 0325 74696C65 		.ascii	"tile_buf_height\000"
 1487      5F627566 
 1487      5F686569 
 1487      67687400 
 1488              	.LASF6:
 1489 0335 73686F72 		.ascii	"short unsigned int\000"
 1489      7420756E 
 1489      7369676E 
 1489      65642069 
 1489      6E7400
 1490              	.LASF88:
 1491 0348 69735F70 		.ascii	"is_page_clip_window_intersection\000"
ARM GAS  C:\Users\brian\AppData\Local\Temp\ccY5sgYd.s 			page 31


 1491      6167655F 
 1491      636C6970 
 1491      5F77696E 
 1491      646F775F 
 1492              	.LASF93:
 1493 0369 6269746D 		.ascii	"bitmap_transparency\000"
 1493      61705F74 
 1493      72616E73 
 1493      70617265 
 1493      6E637900 
 1494              	.LASF81:
 1495 037d 636C6970 		.ascii	"clip_x0\000"
 1495      5F783000 
 1496              	.LASF82:
 1497 0385 636C6970 		.ascii	"clip_x1\000"
 1497      5F783100 
 1498              	.LASF100:
 1499 038d 64726177 		.ascii	"draw_l90\000"
 1499      5F6C3930 
 1499      00
 1500              	.LASF35:
 1501 0396 6465626F 		.ascii	"debounce_last_pin_state\000"
 1501      756E6365 
 1501      5F6C6173 
 1501      745F7069 
 1501      6E5F7374 
 1502              	.LASF145:
 1503 03ae 75386732 		.ascii	"u8g2\000"
 1503      00
 1504              	.LASF121:
 1505 03b3 64657363 		.ascii	"descent_para\000"
 1505      656E745F 
 1505      70617261 
 1505      00
 1506              	.LASF19:
 1507 03c0 64697370 		.ascii	"display_info\000"
 1507      6C61795F 
 1507      696E666F 
 1507      00
 1508              	.LASF87:
 1509 03cd 666F6E74 		.ascii	"font_info\000"
 1509      5F696E66 
 1509      6F00
 1510              	.LASF48:
 1511 03d7 73636B5F 		.ascii	"sck_pulse_width_ns\000"
 1511      70756C73 
 1511      655F7769 
 1511      6474685F 
 1511      6E7300
 1512              	.LASF39:
 1513 03ea 75387838 		.ascii	"u8x8_struct\000"
 1513      5F737472 
 1513      75637400 
 1514              	.LASF56:
 1515 03f6 64656661 		.ascii	"default_x_offset\000"
 1515      756C745F 
 1515      785F6F66 
ARM GAS  C:\Users\brian\AppData\Local\Temp\ccY5sgYd.s 			page 32


 1515      66736574 
 1515      00
 1516              	.LASF27:
 1517 0407 656E636F 		.ascii	"encoding\000"
 1517      64696E67 
 1517      00
 1518              	.LASF89:
 1519 0410 666F6E74 		.ascii	"font_height_mode\000"
 1519      5F686569 
 1519      6768745F 
 1519      6D6F6465 
 1519      00
 1520              	.LASF122:
 1521 0421 73746172 		.ascii	"start_pos_upper_A\000"
 1521      745F706F 
 1521      735F7570 
 1521      7065725F 
 1521      4100
 1522              	.LASF57:
 1523 0433 666C6970 		.ascii	"flipmode_x_offset\000"
 1523      6D6F6465 
 1523      5F785F6F 
 1523      66667365 
 1523      7400
 1524              	.LASF109:
 1525 0445 62697473 		.ascii	"bits_per_1\000"
 1525      5F706572 
 1525      5F3100
 1526              	.LASF114:
 1527 0450 62697473 		.ascii	"bits_per_delta_x\000"
 1527      5F706572 
 1527      5F64656C 
 1527      74615F78 
 1527      00
 1528              	.LASF132:
 1529 0461 6465636F 		.ascii	"decode_bit_pos\000"
 1529      64655F62 
 1529      69745F70 
 1529      6F7300
 1530              	.LASF131:
 1531 0470 676C7970 		.ascii	"glyph_height\000"
 1531      685F6865 
 1531      69676874 
 1531      00
 1532              	.LASF17:
 1533 047d 6C6F6E67 		.ascii	"long double\000"
 1533      20646F75 
 1533      626C6500 
 1534              	.LASF72:
 1535 0489 70697865 		.ascii	"pixel_curr_row\000"
 1535      6C5F6375 
 1535      72725F72 
 1535      6F7700
 1536              	.LASF22:
 1537 0498 6361645F 		.ascii	"cad_cb\000"
 1537      636200
 1538              	.LASF83:
ARM GAS  C:\Users\brian\AppData\Local\Temp\ccY5sgYd.s 			page 33


 1539 049f 636C6970 		.ascii	"clip_y0\000"
 1539      5F793000 
 1540              	.LASF84:
 1541 04a7 636C6970 		.ascii	"clip_y1\000"
 1541      5F793100 
 1542              	.LASF115:
 1543 04af 6D61785F 		.ascii	"max_char_width\000"
 1543      63686172 
 1543      5F776964 
 1543      746800
 1544              	.LASF79:
 1545 04be 75736572 		.ascii	"user_y0\000"
 1545      5F793000 
 1546              	.LASF53:
 1547 04c6 77726974 		.ascii	"write_pulse_width_ns\000"
 1547      655F7075 
 1547      6C73655F 
 1547      77696474 
 1547      685F6E73 
 1548              	.LASF73:
 1549 04db 6275665F 		.ascii	"buf_y0\000"
 1549      793000
 1550              	.LASF74:
 1551 04e2 6275665F 		.ascii	"buf_y1\000"
 1551      793100
 1552              	.LASF28:
 1553 04e9 785F6F66 		.ascii	"x_offset\000"
 1553      66736574 
 1553      00
 1554              	.LASF55:
 1555 04f2 74696C65 		.ascii	"tile_height\000"
 1555      5F686569 
 1555      67687400 
 1556              	.LASF143:
 1557 04fe 433A5C55 		.ascii	"C:\\Users\\brian\\Documents\\PSoC Creator\\Lab7\\La"
 1557      73657273 
 1557      5C627269 
 1557      616E5C44 
 1557      6F63756D 
 1558 052b 62372E63 		.ascii	"b7.cydsn\000"
 1558      7964736E 
 1558      00
 1559              	.LASF66:
 1560 0534 6C6C5F68 		.ascii	"ll_hvline\000"
 1560      766C696E 
 1560      6500
 1561              	.LASF134:
 1562 053e 66675F63 		.ascii	"fg_color\000"
 1562      6F6C6F72 
 1562      00
 1563              	.LASF138:
 1564 0547 75386732 		.ascii	"u8g2_FirstPage\000"
 1564      5F466972 
 1564      73745061 
 1564      676500
 1565              	.LASF60:
 1566 0556 75387838 		.ascii	"u8x8_msg_cb\000"
ARM GAS  C:\Users\brian\AppData\Local\Temp\ccY5sgYd.s 			page 34


 1566      5F6D7367 
 1566      5F636200 
 1567              	.LASF97:
 1568 0562 75386732 		.ascii	"u8g2_cb_struct\000"
 1568      5F63625F 
 1568      73747275 
 1568      637400
 1569              	.LASF130:
 1570 0571 676C7970 		.ascii	"glyph_width\000"
 1570      685F7769 
 1570      64746800 
 1571              	.LASF3:
 1572 057d 756E7369 		.ascii	"unsigned char\000"
 1572      676E6564 
 1572      20636861 
 1572      7200
 1573              	.LASF118:
 1574 058b 61736365 		.ascii	"ascent_A\000"
 1574      6E745F41 
 1574      00
 1575              	.LASF95:
 1576 0594 69735F61 		.ascii	"is_auto_page_clear\000"
 1576      75746F5F 
 1576      70616765 
 1576      5F636C65 
 1576      617200
 1577              	.LASF70:
 1578 05a7 70697865 		.ascii	"pixel_buf_width\000"
 1578      6C5F6275 
 1578      665F7769 
 1578      64746800 
 1579              	.LASF4:
 1580 05b7 73686F72 		.ascii	"short int\000"
 1580      7420696E 
 1580      7400
 1581              	.LASF65:
 1582 05c1 75387838 		.ascii	"u8x8\000"
 1582      00
 1583              	.LASF77:
 1584 05c6 75736572 		.ascii	"user_x0\000"
 1584      5F783000 
 1585              	.LASF78:
 1586 05ce 75736572 		.ascii	"user_x1\000"
 1586      5F783100 
 1587              	.LASF141:
 1588 05d6 474E5520 		.ascii	"GNU C11 5.4.1 20160609 (release) [ARM/embedded-5-br"
 1588      43313120 
 1588      352E342E 
 1588      31203230 
 1588      31363036 
 1589 0609 616E6368 		.ascii	"anch revision 237715] -mcpu=cortex-m3 -mthumb -g -O"
 1589      20726576 
 1589      6973696F 
 1589      6E203233 
 1589      37373135 
 1590 063c 67202D66 		.ascii	"g -ffunction-sections -ffat-lto-objects\000"
 1590      66756E63 
ARM GAS  C:\Users\brian\AppData\Local\Temp\ccY5sgYd.s 			page 35


 1590      74696F6E 
 1590      2D736563 
 1590      74696F6E 
 1591              	.LASF139:
 1592 0664 75386732 		.ascii	"u8g2_NextPage\000"
 1592      5F4E6578 
 1592      74506167 
 1592      6500
 1593              	.LASF52:
 1594 0672 64617461 		.ascii	"data_setup_time_ns\000"
 1594      5F736574 
 1594      75705F74 
 1594      696D655F 
 1594      6E7300
 1595              	.LASF64:
 1596 0685 75386732 		.ascii	"u8g2_struct\000"
 1596      5F737472 
 1596      75637400 
 1597              	.LASF103:
 1598 0691 75386732 		.ascii	"u8g2_draw_l90_cb\000"
 1598      5F647261 
 1598      775F6C39 
 1598      305F6362 
 1598      00
 1599              	.LASF51:
 1600 06a2 6932635F 		.ascii	"i2c_bus_clock_100kHz\000"
 1600      6275735F 
 1600      636C6F63 
 1600      6B5F3130 
 1600      306B487A 
 1601              	.LASF16:
 1602 06b7 75696E74 		.ascii	"uint32_t\000"
 1602      33325F74 
 1602      00
 1603              	.LASF105:
 1604 06c0 5F753867 		.ascii	"_u8g2_font_info_t\000"
 1604      325F666F 
 1604      6E745F69 
 1604      6E666F5F 
 1604      7400
 1605              	.LASF69:
 1606 06d2 74696C65 		.ascii	"tile_curr_row\000"
 1606      5F637572 
 1606      725F726F 
 1606      7700
 1607              	.LASF96:
 1608 06e0 75386732 		.ascii	"u8g2_cb_t\000"
 1608      5F63625F 
 1608      7400
 1609              	.LASF50:
 1610 06ea 7370695F 		.ascii	"spi_mode\000"
 1610      6D6F6465 
 1610      00
 1611              	.LASF41:
 1612 06f3 63686970 		.ascii	"chip_enable_level\000"
 1612      5F656E61 
 1612      626C655F 
ARM GAS  C:\Users\brian\AppData\Local\Temp\ccY5sgYd.s 			page 36


 1612      6C657665 
 1612      6C00
 1613              	.LASF86:
 1614 0705 666F6E74 		.ascii	"font_decode\000"
 1614      5F646563 
 1614      6F646500 
 1615              	.LASF111:
 1616 0711 62697473 		.ascii	"bits_per_char_height\000"
 1616      5F706572 
 1616      5F636861 
 1616      725F6865 
 1616      69676874 
 1617              	.LASF5:
 1618 0726 5F5F7569 		.ascii	"__uint16_t\000"
 1618      6E743136 
 1618      5F7400
 1619              	.LASF94:
 1620 0731 64726177 		.ascii	"draw_color\000"
 1620      5F636F6C 
 1620      6F7200
 1621              	.LASF43:
 1622 073c 706F7374 		.ascii	"post_chip_enable_wait_ns\000"
 1622      5F636869 
 1622      705F656E 
 1622      61626C65 
 1622      5F776169 
 1623              	.LASF101:
 1624 0755 75386732 		.ascii	"u8g2_update_dimension_cb\000"
 1624      5F757064 
 1624      6174655F 
 1624      64696D65 
 1624      6E73696F 
 1625              	.LASF128:
 1626 076e 74617267 		.ascii	"target_x\000"
 1626      65745F78 
 1626      00
 1627              	.LASF129:
 1628 0777 74617267 		.ascii	"target_y\000"
 1628      65745F79 
 1628      00
 1629              	.LASF18:
 1630 0780 75387838 		.ascii	"u8x8_t\000"
 1630      5F7400
 1631              	.LASF25:
 1632 0787 6275735F 		.ascii	"bus_clock\000"
 1632      636C6F63 
 1632      6B00
 1633              	.LASF80:
 1634 0791 75736572 		.ascii	"user_y1\000"
 1634      5F793100 
 1635              	.LASF144:
 1636 0799 75386732 		.ascii	"u8g2_ClearDisplay\000"
 1636      5F436C65 
 1636      61724469 
 1636      73706C61 
 1636      7900
 1637              	.LASF126:
ARM GAS  C:\Users\brian\AppData\Local\Temp\ccY5sgYd.s 			page 37


 1638 07ab 5F753867 		.ascii	"_u8g2_font_decode_t\000"
 1638      325F666F 
 1638      6E745F64 
 1638      65636F64 
 1638      655F7400 
 1639              	.LASF13:
 1640 07bf 696E7438 		.ascii	"int8_t\000"
 1640      5F7400
 1641              	.LASF36:
 1642 07c6 6465626F 		.ascii	"debounce_state\000"
 1642      756E6365 
 1642      5F737461 
 1642      746500
 1643              	.LASF42:
 1644 07d5 63686970 		.ascii	"chip_disable_level\000"
 1644      5F646973 
 1644      61626C65 
 1644      5F6C6576 
 1644      656C00
 1645              	.LASF26:
 1646 07e8 666F6E74 		.ascii	"font\000"
 1646      00
 1647              	.LASF123:
 1648 07ed 73746172 		.ascii	"start_pos_lower_a\000"
 1648      745F706F 
 1648      735F6C6F 
 1648      7765725F 
 1648      6100
 1649              	.LASF14:
 1650 07ff 75696E74 		.ascii	"uint8_t\000"
 1650      385F7400 
 1651              	.LASF137:
 1652 0807 75386732 		.ascii	"u8g2_font_calc_vref_fnptr\000"
 1652      5F666F6E 
 1652      745F6361 
 1652      6C635F76 
 1652      7265665F 
 1653              	.LASF31:
 1654 0821 6932635F 		.ascii	"i2c_started\000"
 1654      73746172 
 1654      74656400 
 1655              	.LASF58:
 1656 082d 70697865 		.ascii	"pixel_width\000"
 1656      6C5F7769 
 1656      64746800 
 1657              	.LASF135:
 1658 0839 62675F63 		.ascii	"bg_color\000"
 1658      6F6C6F72 
 1658      00
 1659              	.LASF54:
 1660 0842 74696C65 		.ascii	"tile_width\000"
 1660      5F776964 
 1660      746800
 1661              	.LASF34:
 1662 084d 6465626F 		.ascii	"debounce_default_pin_state\000"
 1662      756E6365 
 1662      5F646566 
ARM GAS  C:\Users\brian\AppData\Local\Temp\ccY5sgYd.s 			page 38


 1662      61756C74 
 1662      5F70696E 
 1663              	.LASF140:
 1664 0868 75386732 		.ascii	"u8g2_SetBufferCurrTileRow\000"
 1664      5F536574 
 1664      42756666 
 1664      65724375 
 1664      72725469 
 1665              	.LASF40:
 1666 0882 75387838 		.ascii	"u8x8_display_info_struct\000"
 1666      5F646973 
 1666      706C6179 
 1666      5F696E66 
 1666      6F5F7374 
 1667              	.LASF76:
 1668 089b 68656967 		.ascii	"height\000"
 1668      687400
 1669              	.LASF59:
 1670 08a2 70697865 		.ascii	"pixel_height\000"
 1670      6C5F6865 
 1670      69676874 
 1670      00
 1671              	.LASF49:
 1672 08af 73636B5F 		.ascii	"sck_clock_hz\000"
 1672      636C6F63 
 1672      6B5F687A 
 1672      00
 1673              		.ident	"GCC: (GNU Tools for ARM Embedded Processors) 5.4.1 20160609 (release) [ARM/embedded-5-bran
