ARM GAS  C:\Users\brian\AppData\Local\Temp\ccWhRGL3.s 			page 1


   1              		.syntax unified
   2              		.cpu cortex-m3
   3              		.fpu softvfp
   4              		.eabi_attribute 20, 1
   5              		.eabi_attribute 21, 1
   6              		.eabi_attribute 23, 3
   7              		.eabi_attribute 24, 1
   8              		.eabi_attribute 25, 1
   9              		.eabi_attribute 26, 1
  10              		.eabi_attribute 30, 1
  11              		.eabi_attribute 34, 1
  12              		.eabi_attribute 18, 4
  13              		.thumb
  14              		.syntax unified
  15              		.file	"u8log_u8x8.c"
  16              		.text
  17              	.Ltext0:
  18              		.cfi_sections	.debug_frame
  19              		.section	.text.u8x8_DrawLogLine,"ax",%progbits
  20              		.align	2
  21              		.thumb
  22              		.thumb_func
  23              		.type	u8x8_DrawLogLine, %function
  24              	u8x8_DrawLogLine:
  25              	.LFB0:
  26              		.file 1 "..\\u8g2\\csrc\\u8log_u8x8.c"
   1:..\u8g2\csrc/u8log_u8x8.c **** /*
   2:..\u8g2\csrc/u8log_u8x8.c **** 
   3:..\u8g2\csrc/u8log_u8x8.c ****   u8log_u8x8.c
   4:..\u8g2\csrc/u8log_u8x8.c ****   
   5:..\u8g2\csrc/u8log_u8x8.c **** 
   6:..\u8g2\csrc/u8log_u8x8.c ****   Universal 8bit Graphics Library (https://github.com/olikraus/u8g2/)
   7:..\u8g2\csrc/u8log_u8x8.c **** 
   8:..\u8g2\csrc/u8log_u8x8.c ****   Copyright (c) 2018, olikraus@gmail.com
   9:..\u8g2\csrc/u8log_u8x8.c ****   All rights reserved.
  10:..\u8g2\csrc/u8log_u8x8.c **** 
  11:..\u8g2\csrc/u8log_u8x8.c ****   Redistribution and use in source and binary forms, with or without modification, 
  12:..\u8g2\csrc/u8log_u8x8.c ****   are permitted provided that the following conditions are met:
  13:..\u8g2\csrc/u8log_u8x8.c **** 
  14:..\u8g2\csrc/u8log_u8x8.c ****   * Redistributions of source code must retain the above copyright notice, this list 
  15:..\u8g2\csrc/u8log_u8x8.c ****     of conditions and the following disclaimer.
  16:..\u8g2\csrc/u8log_u8x8.c ****     
  17:..\u8g2\csrc/u8log_u8x8.c ****   * Redistributions in binary form must reproduce the above copyright notice, this 
  18:..\u8g2\csrc/u8log_u8x8.c ****     list of conditions and the following disclaimer in the documentation and/or other 
  19:..\u8g2\csrc/u8log_u8x8.c ****     materials provided with the distribution.
  20:..\u8g2\csrc/u8log_u8x8.c **** 
  21:..\u8g2\csrc/u8log_u8x8.c ****   THIS SOFTWARE IS PROVIDED BY THE COPYRIGHT HOLDERS AND 
  22:..\u8g2\csrc/u8log_u8x8.c ****   CONTRIBUTORS "AS IS" AND ANY EXPRESS OR IMPLIED WARRANTIES, 
  23:..\u8g2\csrc/u8log_u8x8.c ****   INCLUDING, BUT NOT LIMITED TO, THE IMPLIED WARRANTIES OF 
  24:..\u8g2\csrc/u8log_u8x8.c ****   MERCHANTABILITY AND FITNESS FOR A PARTICULAR PURPOSE ARE 
  25:..\u8g2\csrc/u8log_u8x8.c ****   DISCLAIMED. IN NO EVENT SHALL THE COPYRIGHT HOLDER OR 
  26:..\u8g2\csrc/u8log_u8x8.c ****   CONTRIBUTORS BE LIABLE FOR ANY DIRECT, INDIRECT, INCIDENTAL, 
  27:..\u8g2\csrc/u8log_u8x8.c ****   SPECIAL, EXEMPLARY, OR CONSEQUENTIAL DAMAGES (INCLUDING, BUT 
  28:..\u8g2\csrc/u8log_u8x8.c ****   NOT LIMITED TO, PROCUREMENT OF SUBSTITUTE GOODS OR SERVICES; 
  29:..\u8g2\csrc/u8log_u8x8.c ****   LOSS OF USE, DATA, OR PROFITS; OR BUSINESS INTERRUPTION) HOWEVER 
  30:..\u8g2\csrc/u8log_u8x8.c ****   CAUSED AND ON ANY THEORY OF LIABILITY, WHETHER IN CONTRACT, 
  31:..\u8g2\csrc/u8log_u8x8.c ****   STRICT LIABILITY, OR TORT (INCLUDING NEGLIGENCE OR OTHERWISE) 
ARM GAS  C:\Users\brian\AppData\Local\Temp\ccWhRGL3.s 			page 2


  32:..\u8g2\csrc/u8log_u8x8.c ****   ARISING IN ANY WAY OUT OF THE USE OF THIS SOFTWARE, EVEN IF 
  33:..\u8g2\csrc/u8log_u8x8.c ****   ADVISED OF THE POSSIBILITY OF SUCH DAMAGE.  
  34:..\u8g2\csrc/u8log_u8x8.c **** 
  35:..\u8g2\csrc/u8log_u8x8.c **** */
  36:..\u8g2\csrc/u8log_u8x8.c **** 
  37:..\u8g2\csrc/u8log_u8x8.c **** #include "u8x8.h"
  38:..\u8g2\csrc/u8log_u8x8.c **** 
  39:..\u8g2\csrc/u8log_u8x8.c **** static void u8x8_DrawLogLine(u8x8_t *u8x8, uint8_t disp_x, uint8_t disp_y, uint8_t buf_y, u8log_t *
  40:..\u8g2\csrc/u8log_u8x8.c **** static void u8x8_DrawLogLine(u8x8_t *u8x8, uint8_t disp_x, uint8_t disp_y, uint8_t buf_y, u8log_t *
  41:..\u8g2\csrc/u8log_u8x8.c **** {
  27              		.loc 1 41 0
  28              		.cfi_startproc
  29              		@ args = 4, pretend = 0, frame = 0
  30              		@ frame_needed = 0, uses_anonymous_args = 0
  31              	.LVL0:
  32 0000 2DE9F843 		push	{r3, r4, r5, r6, r7, r8, r9, lr}
  33              		.cfi_def_cfa_offset 32
  34              		.cfi_offset 3, -32
  35              		.cfi_offset 4, -28
  36              		.cfi_offset 5, -24
  37              		.cfi_offset 6, -20
  38              		.cfi_offset 7, -16
  39              		.cfi_offset 8, -12
  40              		.cfi_offset 9, -8
  41              		.cfi_offset 14, -4
  42 0004 8146     		mov	r9, r0
  43 0006 0D46     		mov	r5, r1
  44 0008 9046     		mov	r8, r2
  45 000a 1F46     		mov	r7, r3
  46 000c 089E     		ldr	r6, [sp, #32]
  47              	.LVL1:
  42:..\u8g2\csrc/u8log_u8x8.c ****   uint8_t buf_x;
  43:..\u8g2\csrc/u8log_u8x8.c ****   uint8_t c;
  44:..\u8g2\csrc/u8log_u8x8.c ****   for( buf_x = 0; buf_x < u8log->width; buf_x++ )
  48              		.loc 1 44 0
  49 000e 0024     		movs	r4, #0
  50 0010 0CE0     		b	.L2
  51              	.LVL2:
  52              	.L3:
  45:..\u8g2\csrc/u8log_u8x8.c ****   {
  46:..\u8g2\csrc/u8log_u8x8.c ****     c = u8log->screen_buffer[buf_y * u8log->width + buf_x];
  53              		.loc 1 46 0 discriminator 3
  54 0012 F268     		ldr	r2, [r6, #12]
  55 0014 03FB0743 		mla	r3, r3, r7, r4
  56              	.LVL3:
  47:..\u8g2\csrc/u8log_u8x8.c ****     u8x8_DrawGlyph(u8x8, disp_x, disp_y, c);
  57              		.loc 1 47 0 discriminator 3
  58 0018 D35C     		ldrb	r3, [r2, r3]	@ zero_extendqisi2
  59              	.LVL4:
  60 001a 4246     		mov	r2, r8
  61              	.LVL5:
  62 001c 2946     		mov	r1, r5
  63 001e 4846     		mov	r0, r9
  64 0020 FFF7FEFF 		bl	u8x8_DrawGlyph
  65              	.LVL6:
  48:..\u8g2\csrc/u8log_u8x8.c ****     disp_x++;
  66              		.loc 1 48 0 discriminator 3
ARM GAS  C:\Users\brian\AppData\Local\Temp\ccWhRGL3.s 			page 3


  67 0024 0135     		adds	r5, r5, #1
  68              	.LVL7:
  69 0026 EDB2     		uxtb	r5, r5
  70              	.LVL8:
  44:..\u8g2\csrc/u8log_u8x8.c ****   {
  71              		.loc 1 44 0 discriminator 3
  72 0028 0134     		adds	r4, r4, #1
  73              	.LVL9:
  74 002a E4B2     		uxtb	r4, r4
  75              	.LVL10:
  76              	.L2:
  44:..\u8g2\csrc/u8log_u8x8.c ****   {
  77              		.loc 1 44 0 is_stmt 0 discriminator 1
  78 002c 3379     		ldrb	r3, [r6, #4]	@ zero_extendqisi2
  79 002e 9C42     		cmp	r4, r3
  80 0030 EFD3     		bcc	.L3
  49:..\u8g2\csrc/u8log_u8x8.c ****   }
  50:..\u8g2\csrc/u8log_u8x8.c **** }
  81              		.loc 1 50 0 is_stmt 1
  82 0032 BDE8F883 		pop	{r3, r4, r5, r6, r7, r8, r9, pc}
  83              		.cfi_endproc
  84              	.LFE0:
  85              		.size	u8x8_DrawLogLine, .-u8x8_DrawLogLine
  86 0036 00BF     		.section	.text.u8x8_DrawLog,"ax",%progbits
  87              		.align	2
  88              		.global	u8x8_DrawLog
  89              		.thumb
  90              		.thumb_func
  91              		.type	u8x8_DrawLog, %function
  92              	u8x8_DrawLog:
  93              	.LFB1:
  51:..\u8g2\csrc/u8log_u8x8.c **** 
  52:..\u8g2\csrc/u8log_u8x8.c **** void u8x8_DrawLog(u8x8_t *u8x8, uint8_t x, uint8_t y, u8log_t *u8log)
  53:..\u8g2\csrc/u8log_u8x8.c **** {
  94              		.loc 1 53 0
  95              		.cfi_startproc
  96              		@ args = 0, pretend = 0, frame = 0
  97              		@ frame_needed = 0, uses_anonymous_args = 0
  98              	.LVL11:
  99 0000 2DE9F041 		push	{r4, r5, r6, r7, r8, lr}
 100              		.cfi_def_cfa_offset 24
 101              		.cfi_offset 4, -24
 102              		.cfi_offset 5, -20
 103              		.cfi_offset 6, -16
 104              		.cfi_offset 7, -12
 105              		.cfi_offset 8, -8
 106              		.cfi_offset 14, -4
 107 0004 82B0     		sub	sp, sp, #8
 108              		.cfi_def_cfa_offset 32
 109 0006 8046     		mov	r8, r0
 110 0008 0F46     		mov	r7, r1
 111 000a 1546     		mov	r5, r2
 112 000c 1E46     		mov	r6, r3
 113              	.LVL12:
  54:..\u8g2\csrc/u8log_u8x8.c ****   uint8_t buf_y;
  55:..\u8g2\csrc/u8log_u8x8.c ****   for( buf_y = 0; buf_y < u8log->height; buf_y++ )
 114              		.loc 1 55 0
ARM GAS  C:\Users\brian\AppData\Local\Temp\ccWhRGL3.s 			page 4


 115 000e 0024     		movs	r4, #0
 116 0010 0AE0     		b	.L6
 117              	.LVL13:
 118              	.L7:
  56:..\u8g2\csrc/u8log_u8x8.c ****   {
  57:..\u8g2\csrc/u8log_u8x8.c ****     u8x8_DrawLogLine(u8x8, x, y, buf_y, u8log);
 119              		.loc 1 57 0 discriminator 3
 120 0012 0096     		str	r6, [sp]
 121 0014 2346     		mov	r3, r4
 122 0016 2A46     		mov	r2, r5
 123 0018 3946     		mov	r1, r7
 124 001a 4046     		mov	r0, r8
 125 001c FFF7FEFF 		bl	u8x8_DrawLogLine
 126              	.LVL14:
  58:..\u8g2\csrc/u8log_u8x8.c ****     y++;
 127              		.loc 1 58 0 discriminator 3
 128 0020 0135     		adds	r5, r5, #1
 129              	.LVL15:
 130 0022 EDB2     		uxtb	r5, r5
 131              	.LVL16:
  55:..\u8g2\csrc/u8log_u8x8.c ****   {
 132              		.loc 1 55 0 discriminator 3
 133 0024 0134     		adds	r4, r4, #1
 134              	.LVL17:
 135 0026 E4B2     		uxtb	r4, r4
 136              	.LVL18:
 137              	.L6:
  55:..\u8g2\csrc/u8log_u8x8.c ****   {
 138              		.loc 1 55 0 is_stmt 0 discriminator 1
 139 0028 7379     		ldrb	r3, [r6, #5]	@ zero_extendqisi2
 140 002a 9C42     		cmp	r4, r3
 141 002c F1D3     		bcc	.L7
  59:..\u8g2\csrc/u8log_u8x8.c ****   }
  60:..\u8g2\csrc/u8log_u8x8.c **** }
 142              		.loc 1 60 0 is_stmt 1
 143 002e 02B0     		add	sp, sp, #8
 144              		.cfi_def_cfa_offset 24
 145              		@ sp needed
 146 0030 BDE8F081 		pop	{r4, r5, r6, r7, r8, pc}
 147              		.cfi_endproc
 148              	.LFE1:
 149              		.size	u8x8_DrawLog, .-u8x8_DrawLog
 150              		.section	.text.u8log_u8x8_cb,"ax",%progbits
 151              		.align	2
 152              		.global	u8log_u8x8_cb
 153              		.thumb
 154              		.thumb_func
 155              		.type	u8log_u8x8_cb, %function
 156              	u8log_u8x8_cb:
 157              	.LFB2:
  61:..\u8g2\csrc/u8log_u8x8.c **** 
  62:..\u8g2\csrc/u8log_u8x8.c **** 
  63:..\u8g2\csrc/u8log_u8x8.c **** void u8log_u8x8_cb(u8log_t * u8log)
  64:..\u8g2\csrc/u8log_u8x8.c **** {
 158              		.loc 1 64 0
 159              		.cfi_startproc
 160              		@ args = 0, pretend = 0, frame = 0
ARM GAS  C:\Users\brian\AppData\Local\Temp\ccWhRGL3.s 			page 5


 161              		@ frame_needed = 0, uses_anonymous_args = 0
 162              	.LVL19:
 163 0000 10B5     		push	{r4, lr}
 164              		.cfi_def_cfa_offset 8
 165              		.cfi_offset 4, -8
 166              		.cfi_offset 14, -4
 167 0002 82B0     		sub	sp, sp, #8
 168              		.cfi_def_cfa_offset 16
  65:..\u8g2\csrc/u8log_u8x8.c ****   u8x8_t *u8x8 = (u8x8_t *)(u8log->aux_data);
 169              		.loc 1 65 0
 170 0004 0468     		ldr	r4, [r0]
 171              	.LVL20:
  66:..\u8g2\csrc/u8log_u8x8.c ****   if ( u8log->is_redraw_all )
 172              		.loc 1 66 0
 173 0006 837D     		ldrb	r3, [r0, #22]	@ zero_extendqisi2
 174 0008 33B1     		cbz	r3, .L10
  67:..\u8g2\csrc/u8log_u8x8.c ****   {
  68:..\u8g2\csrc/u8log_u8x8.c ****     u8x8_DrawLog(u8x8, 0, 0, u8log);
 175              		.loc 1 68 0
 176 000a 0346     		mov	r3, r0
 177 000c 0022     		movs	r2, #0
 178 000e 1146     		mov	r1, r2
 179 0010 2046     		mov	r0, r4
 180              	.LVL21:
 181 0012 FFF7FEFF 		bl	u8x8_DrawLog
 182              	.LVL22:
 183 0016 08E0     		b	.L9
 184              	.LVL23:
 185              	.L10:
  69:..\u8g2\csrc/u8log_u8x8.c ****   }
  70:..\u8g2\csrc/u8log_u8x8.c ****   else if ( u8log->is_redraw_line )
 186              		.loc 1 70 0
 187 0018 437D     		ldrb	r3, [r0, #21]	@ zero_extendqisi2
 188 001a 33B1     		cbz	r3, .L9
  71:..\u8g2\csrc/u8log_u8x8.c ****   {
  72:..\u8g2\csrc/u8log_u8x8.c ****     u8x8_DrawLogLine(u8x8, 0, u8log->redraw_line, u8log->redraw_line, u8log);
 189              		.loc 1 72 0
 190 001c 027D     		ldrb	r2, [r0, #20]	@ zero_extendqisi2
 191 001e 0090     		str	r0, [sp]
 192 0020 1346     		mov	r3, r2
 193 0022 0021     		movs	r1, #0
 194 0024 2046     		mov	r0, r4
 195              	.LVL24:
 196 0026 FFF7FEFF 		bl	u8x8_DrawLogLine
 197              	.LVL25:
 198              	.L9:
  73:..\u8g2\csrc/u8log_u8x8.c ****   }
  74:..\u8g2\csrc/u8log_u8x8.c **** }
 199              		.loc 1 74 0
 200 002a 02B0     		add	sp, sp, #8
 201              		.cfi_def_cfa_offset 8
 202              		@ sp needed
 203 002c 10BD     		pop	{r4, pc}
 204              		.cfi_endproc
 205              	.LFE2:
 206              		.size	u8log_u8x8_cb, .-u8log_u8x8_cb
 207 002e 00BF     		.text
ARM GAS  C:\Users\brian\AppData\Local\Temp\ccWhRGL3.s 			page 6


 208              	.Letext0:
 209              		.file 2 "c:\\program files (x86)\\cypress\\psoc creator\\4.4\\psoc creator\\import\\gnu\\arm\\5.4.
 210              		.file 3 "c:\\program files (x86)\\cypress\\psoc creator\\4.4\\psoc creator\\import\\gnu\\arm\\5.4.
 211              		.file 4 "..\\u8g2\\csrc\\u8x8.h"
 212              		.section	.debug_info,"",%progbits
 213              	.Ldebug_info0:
 214 0000 D8050000 		.4byte	0x5d8
 215 0004 0400     		.2byte	0x4
 216 0006 00000000 		.4byte	.Ldebug_abbrev0
 217 000a 04       		.byte	0x4
 218 000b 01       		.uleb128 0x1
 219 000c 91040000 		.4byte	.LASF85
 220 0010 0C       		.byte	0xc
 221 0011 13020000 		.4byte	.LASF86
 222 0015 17010000 		.4byte	.LASF87
 223 0019 00000000 		.4byte	.Ldebug_ranges0+0
 224 001d 00000000 		.4byte	0
 225 0021 00000000 		.4byte	.Ldebug_line0
 226 0025 02       		.uleb128 0x2
 227 0026 83030000 		.4byte	.LASF0
 228 002a 02       		.byte	0x2
 229 002b 1B       		.byte	0x1b
 230 002c 30000000 		.4byte	0x30
 231 0030 03       		.uleb128 0x3
 232 0031 01       		.byte	0x1
 233 0032 06       		.byte	0x6
 234 0033 C3020000 		.4byte	.LASF2
 235 0037 02       		.uleb128 0x2
 236 0038 49020000 		.4byte	.LASF1
 237 003c 02       		.byte	0x2
 238 003d 1D       		.byte	0x1d
 239 003e 42000000 		.4byte	0x42
 240 0042 03       		.uleb128 0x3
 241 0043 01       		.byte	0x1
 242 0044 08       		.byte	0x8
 243 0045 A6020000 		.4byte	.LASF3
 244 0049 03       		.uleb128 0x3
 245 004a 02       		.byte	0x2
 246 004b 05       		.byte	0x5
 247 004c 62000000 		.4byte	.LASF4
 248 0050 02       		.uleb128 0x2
 249 0051 00010000 		.4byte	.LASF5
 250 0055 02       		.byte	0x2
 251 0056 2B       		.byte	0x2b
 252 0057 5B000000 		.4byte	0x5b
 253 005b 03       		.uleb128 0x3
 254 005c 02       		.byte	0x2
 255 005d 07       		.byte	0x7
 256 005e 63030000 		.4byte	.LASF6
 257 0062 03       		.uleb128 0x3
 258 0063 04       		.byte	0x4
 259 0064 05       		.byte	0x5
 260 0065 40020000 		.4byte	.LASF7
 261 0069 02       		.uleb128 0x2
 262 006a E4000000 		.4byte	.LASF8
 263 006e 02       		.byte	0x2
 264 006f 41       		.byte	0x41
ARM GAS  C:\Users\brian\AppData\Local\Temp\ccWhRGL3.s 			page 7


 265 0070 74000000 		.4byte	0x74
 266 0074 03       		.uleb128 0x3
 267 0075 04       		.byte	0x4
 268 0076 07       		.byte	0x7
 269 0077 01040000 		.4byte	.LASF9
 270 007b 03       		.uleb128 0x3
 271 007c 08       		.byte	0x8
 272 007d 05       		.byte	0x5
 273 007e F9010000 		.4byte	.LASF10
 274 0082 03       		.uleb128 0x3
 275 0083 08       		.byte	0x8
 276 0084 07       		.byte	0x7
 277 0085 CF020000 		.4byte	.LASF11
 278 0089 04       		.uleb128 0x4
 279 008a 04       		.byte	0x4
 280 008b 05       		.byte	0x5
 281 008c 696E7400 		.ascii	"int\000"
 282 0090 03       		.uleb128 0x3
 283 0091 04       		.byte	0x4
 284 0092 07       		.byte	0x7
 285 0093 F6020000 		.4byte	.LASF12
 286 0097 02       		.uleb128 0x2
 287 0098 30000000 		.4byte	.LASF13
 288 009c 03       		.byte	0x3
 289 009d 14       		.byte	0x14
 290 009e 25000000 		.4byte	0x25
 291 00a2 02       		.uleb128 0x2
 292 00a3 7F010000 		.4byte	.LASF14
 293 00a7 03       		.byte	0x3
 294 00a8 18       		.byte	0x18
 295 00a9 37000000 		.4byte	0x37
 296 00ad 02       		.uleb128 0x2
 297 00ae 03030000 		.4byte	.LASF15
 298 00b2 03       		.byte	0x3
 299 00b3 24       		.byte	0x24
 300 00b4 50000000 		.4byte	0x50
 301 00b8 02       		.uleb128 0x2
 302 00b9 E6020000 		.4byte	.LASF16
 303 00bd 03       		.byte	0x3
 304 00be 30       		.byte	0x30
 305 00bf 69000000 		.4byte	0x69
 306 00c3 05       		.uleb128 0x5
 307 00c4 04       		.byte	0x4
 308 00c5 03       		.uleb128 0x3
 309 00c6 08       		.byte	0x8
 310 00c7 04       		.byte	0x4
 311 00c8 7E020000 		.4byte	.LASF17
 312 00cc 02       		.uleb128 0x2
 313 00cd 3A030000 		.4byte	.LASF18
 314 00d1 04       		.byte	0x4
 315 00d2 CD       		.byte	0xcd
 316 00d3 D7000000 		.4byte	0xd7
 317 00d7 06       		.uleb128 0x6
 318 00d8 D2030000 		.4byte	.LASF39
 319 00dc 2C       		.byte	0x2c
 320 00dd 04       		.byte	0x4
 321 00de 5001     		.2byte	0x150
ARM GAS  C:\Users\brian\AppData\Local\Temp\ccWhRGL3.s 			page 8


 322 00e0 DC010000 		.4byte	0x1dc
 323 00e4 07       		.uleb128 0x7
 324 00e5 A1030000 		.4byte	.LASF19
 325 00e9 04       		.byte	0x4
 326 00ea 5201     		.2byte	0x152
 327 00ec 42030000 		.4byte	0x342
 328 00f0 00       		.byte	0
 329 00f1 07       		.uleb128 0x7
 330 00f2 66050000 		.4byte	.LASF20
 331 00f6 04       		.byte	0x4
 332 00f7 5301     		.2byte	0x153
 333 00f9 17030000 		.4byte	0x317
 334 00fd 04       		.byte	0x4
 335 00fe 07       		.uleb128 0x7
 336 00ff 53020000 		.4byte	.LASF21
 337 0103 04       		.byte	0x4
 338 0104 5401     		.2byte	0x154
 339 0106 E2020000 		.4byte	0x2e2
 340 010a 08       		.byte	0x8
 341 010b 07       		.uleb128 0x7
 342 010c 8A040000 		.4byte	.LASF22
 343 0110 04       		.byte	0x4
 344 0111 5501     		.2byte	0x155
 345 0113 E2020000 		.4byte	0x2e2
 346 0117 0C       		.byte	0xc
 347 0118 07       		.uleb128 0x7
 348 0119 2D040000 		.4byte	.LASF23
 349 011d 04       		.byte	0x4
 350 011e 5601     		.2byte	0x156
 351 0120 E2020000 		.4byte	0x2e2
 352 0124 10       		.byte	0x10
 353 0125 07       		.uleb128 0x7
 354 0126 6C000000 		.4byte	.LASF24
 355 012a 04       		.byte	0x4
 356 012b 5701     		.2byte	0x157
 357 012d E2020000 		.4byte	0x2e2
 358 0131 14       		.byte	0x14
 359 0132 07       		.uleb128 0x7
 360 0133 B2010000 		.4byte	.LASF25
 361 0137 04       		.byte	0x4
 362 0138 5801     		.2byte	0x158
 363 013a B8000000 		.4byte	0xb8
 364 013e 18       		.byte	0x18
 365 013f 07       		.uleb128 0x7
 366 0140 49000000 		.4byte	.LASF26
 367 0144 04       		.byte	0x4
 368 0145 5901     		.2byte	0x159
 369 0147 4D030000 		.4byte	0x34d
 370 014b 1C       		.byte	0x1c
 371 014c 07       		.uleb128 0x7
 372 014d 75040000 		.4byte	.LASF27
 373 0151 04       		.byte	0x4
 374 0152 5A01     		.2byte	0x15a
 375 0154 AD000000 		.4byte	0xad
 376 0158 20       		.byte	0x20
 377 0159 07       		.uleb128 0x7
 378 015a 09000000 		.4byte	.LASF28
ARM GAS  C:\Users\brian\AppData\Local\Temp\ccWhRGL3.s 			page 9


 379 015e 04       		.byte	0x4
 380 015f 5B01     		.2byte	0x15b
 381 0161 A2000000 		.4byte	0xa2
 382 0165 22       		.byte	0x22
 383 0166 07       		.uleb128 0x7
 384 0167 12000000 		.4byte	.LASF29
 385 016b 04       		.byte	0x4
 386 016c 5C01     		.2byte	0x15c
 387 016e A2000000 		.4byte	0xa2
 388 0172 23       		.byte	0x23
 389 0173 07       		.uleb128 0x7
 390 0174 57040000 		.4byte	.LASF30
 391 0178 04       		.byte	0x4
 392 0179 5D01     		.2byte	0x15d
 393 017b A2000000 		.4byte	0xa2
 394 017f 24       		.byte	0x24
 395 0180 07       		.uleb128 0x7
 396 0181 7E040000 		.4byte	.LASF31
 397 0185 04       		.byte	0x4
 398 0186 6001     		.2byte	0x160
 399 0188 A2000000 		.4byte	0xa2
 400 018c 25       		.byte	0x25
 401 018d 07       		.uleb128 0x7
 402 018e C7030000 		.4byte	.LASF32
 403 0192 04       		.byte	0x4
 404 0193 6201     		.2byte	0x162
 405 0195 A2000000 		.4byte	0xa2
 406 0199 26       		.byte	0x26
 407 019a 07       		.uleb128 0x7
 408 019b 07020000 		.4byte	.LASF33
 409 019f 04       		.byte	0x4
 410 01a0 6301     		.2byte	0x163
 411 01a2 A2000000 		.4byte	0xa2
 412 01a6 27       		.byte	0x27
 413 01a7 07       		.uleb128 0x7
 414 01a8 2C050000 		.4byte	.LASF34
 415 01ac 04       		.byte	0x4
 416 01ad 6401     		.2byte	0x164
 417 01af A2000000 		.4byte	0xa2
 418 01b3 28       		.byte	0x28
 419 01b4 07       		.uleb128 0x7
 420 01b5 E1010000 		.4byte	.LASF35
 421 01b9 04       		.byte	0x4
 422 01ba 6501     		.2byte	0x165
 423 01bc A2000000 		.4byte	0xa2
 424 01c0 29       		.byte	0x29
 425 01c1 07       		.uleb128 0x7
 426 01c2 92030000 		.4byte	.LASF36
 427 01c6 04       		.byte	0x4
 428 01c7 6601     		.2byte	0x166
 429 01c9 A2000000 		.4byte	0xa2
 430 01cd 2A       		.byte	0x2a
 431 01ce 07       		.uleb128 0x7
 432 01cf 4E000000 		.4byte	.LASF37
 433 01d3 04       		.byte	0x4
 434 01d4 6701     		.2byte	0x167
 435 01d6 A2000000 		.4byte	0xa2
ARM GAS  C:\Users\brian\AppData\Local\Temp\ccWhRGL3.s 			page 10


 436 01da 2B       		.byte	0x2b
 437 01db 00       		.byte	0
 438 01dc 02       		.uleb128 0x2
 439 01dd CD010000 		.4byte	.LASF38
 440 01e1 04       		.byte	0x4
 441 01e2 CE       		.byte	0xce
 442 01e3 E7010000 		.4byte	0x1e7
 443 01e7 08       		.uleb128 0x8
 444 01e8 0C030000 		.4byte	.LASF40
 445 01ec 18       		.byte	0x18
 446 01ed 04       		.byte	0x4
 447 01ee E7       		.byte	0xe7
 448 01ef E2020000 		.4byte	0x2e2
 449 01f3 09       		.uleb128 0x9
 450 01f4 37000000 		.4byte	.LASF41
 451 01f8 04       		.byte	0x4
 452 01f9 EB       		.byte	0xeb
 453 01fa A2000000 		.4byte	0xa2
 454 01fe 00       		.byte	0
 455 01ff 09       		.uleb128 0x9
 456 0200 35040000 		.4byte	.LASF42
 457 0204 04       		.byte	0x4
 458 0205 EC       		.byte	0xec
 459 0206 A2000000 		.4byte	0xa2
 460 020a 01       		.byte	0x1
 461 020b 09       		.uleb128 0x9
 462 020c 87010000 		.4byte	.LASF43
 463 0210 04       		.byte	0x4
 464 0211 EE       		.byte	0xee
 465 0212 A2000000 		.4byte	0xa2
 466 0216 02       		.byte	0x2
 467 0217 09       		.uleb128 0x9
 468 0218 6E050000 		.4byte	.LASF44
 469 021c 04       		.byte	0x4
 470 021d EF       		.byte	0xef
 471 021e A2000000 		.4byte	0xa2
 472 0222 03       		.byte	0x3
 473 0223 09       		.uleb128 0x9
 474 0224 25030000 		.4byte	.LASF45
 475 0228 04       		.byte	0x4
 476 0229 F0       		.byte	0xf0
 477 022a A2000000 		.4byte	0xa2
 478 022e 04       		.byte	0x4
 479 022f 09       		.uleb128 0x9
 480 0230 BB000000 		.4byte	.LASF46
 481 0234 04       		.byte	0x4
 482 0235 F1       		.byte	0xf1
 483 0236 A2000000 		.4byte	0xa2
 484 023a 05       		.byte	0x5
 485 023b 09       		.uleb128 0x9
 486 023c 89000000 		.4byte	.LASF47
 487 0240 04       		.byte	0x4
 488 0241 F8       		.byte	0xf8
 489 0242 A2000000 		.4byte	0xa2
 490 0246 06       		.byte	0x6
 491 0247 09       		.uleb128 0x9
 492 0248 2D020000 		.4byte	.LASF48
ARM GAS  C:\Users\brian\AppData\Local\Temp\ccWhRGL3.s 			page 11


 493 024c 04       		.byte	0x4
 494 024d FC       		.byte	0xfc
 495 024e A2000000 		.4byte	0xa2
 496 0252 07       		.byte	0x7
 497 0253 09       		.uleb128 0x9
 498 0254 56030000 		.4byte	.LASF49
 499 0258 04       		.byte	0x4
 500 0259 FF       		.byte	0xff
 501 025a B8000000 		.4byte	0xb8
 502 025e 08       		.byte	0x8
 503 025f 07       		.uleb128 0x7
 504 0260 27000000 		.4byte	.LASF50
 505 0264 04       		.byte	0x4
 506 0265 0901     		.2byte	0x109
 507 0267 A2000000 		.4byte	0xa2
 508 026b 0C       		.byte	0xc
 509 026c 07       		.uleb128 0x7
 510 026d 41030000 		.4byte	.LASF51
 511 0271 04       		.byte	0x4
 512 0272 0C01     		.2byte	0x10c
 513 0274 A2000000 		.4byte	0xa2
 514 0278 0D       		.byte	0xd
 515 0279 07       		.uleb128 0x7
 516 027a 5E020000 		.4byte	.LASF52
 517 027e 04       		.byte	0x4
 518 027f 1201     		.2byte	0x112
 519 0281 A2000000 		.4byte	0xa2
 520 0285 0E       		.byte	0xe
 521 0286 07       		.uleb128 0x7
 522 0287 4D010000 		.4byte	.LASF53
 523 028b 04       		.byte	0x4
 524 028c 1401     		.2byte	0x114
 525 028e A2000000 		.4byte	0xa2
 526 0292 0F       		.byte	0xf
 527 0293 07       		.uleb128 0x7
 528 0294 7E000000 		.4byte	.LASF54
 529 0298 04       		.byte	0x4
 530 0299 1701     		.2byte	0x117
 531 029b A2000000 		.4byte	0xa2
 532 029f 10       		.byte	0x10
 533 02a0 07       		.uleb128 0x7
 534 02a1 91020000 		.4byte	.LASF55
 535 02a5 04       		.byte	0x4
 536 02a6 1801     		.2byte	0x118
 537 02a8 A2000000 		.4byte	0xa2
 538 02ac 11       		.byte	0x11
 539 02ad 07       		.uleb128 0x7
 540 02ae BC010000 		.4byte	.LASF56
 541 02b2 04       		.byte	0x4
 542 02b3 1A01     		.2byte	0x11a
 543 02b5 A2000000 		.4byte	0xa2
 544 02b9 12       		.byte	0x12
 545 02ba 07       		.uleb128 0x7
 546 02bb 63040000 		.4byte	.LASF57
 547 02bf 04       		.byte	0x4
 548 02c0 1B01     		.2byte	0x11b
 549 02c2 A2000000 		.4byte	0xa2
ARM GAS  C:\Users\brian\AppData\Local\Temp\ccWhRGL3.s 			page 12


 550 02c6 13       		.byte	0x13
 551 02c7 07       		.uleb128 0x7
 552 02c8 BB030000 		.4byte	.LASF58
 553 02cc 04       		.byte	0x4
 554 02cd 2301     		.2byte	0x123
 555 02cf AD000000 		.4byte	0xad
 556 02d3 14       		.byte	0x14
 557 02d4 07       		.uleb128 0x7
 558 02d5 AE030000 		.4byte	.LASF59
 559 02d9 04       		.byte	0x4
 560 02da 2401     		.2byte	0x124
 561 02dc AD000000 		.4byte	0xad
 562 02e0 16       		.byte	0x16
 563 02e1 00       		.byte	0
 564 02e2 02       		.uleb128 0x2
 565 02e3 47050000 		.4byte	.LASF60
 566 02e7 04       		.byte	0x4
 567 02e8 D1       		.byte	0xd1
 568 02e9 ED020000 		.4byte	0x2ed
 569 02ed 0A       		.uleb128 0xa
 570 02ee 04       		.byte	0x4
 571 02ef F3020000 		.4byte	0x2f3
 572 02f3 0B       		.uleb128 0xb
 573 02f4 A2000000 		.4byte	0xa2
 574 02f8 11030000 		.4byte	0x311
 575 02fc 0C       		.uleb128 0xc
 576 02fd 11030000 		.4byte	0x311
 577 0301 0C       		.uleb128 0xc
 578 0302 A2000000 		.4byte	0xa2
 579 0306 0C       		.uleb128 0xc
 580 0307 A2000000 		.4byte	0xa2
 581 030b 0C       		.uleb128 0xc
 582 030c C3000000 		.4byte	0xc3
 583 0310 00       		.byte	0
 584 0311 0A       		.uleb128 0xa
 585 0312 04       		.byte	0x4
 586 0313 CC000000 		.4byte	0xcc
 587 0317 02       		.uleb128 0x2
 588 0318 76030000 		.4byte	.LASF61
 589 031c 04       		.byte	0x4
 590 031d D2       		.byte	0xd2
 591 031e 22030000 		.4byte	0x322
 592 0322 0A       		.uleb128 0xa
 593 0323 04       		.byte	0x4
 594 0324 28030000 		.4byte	0x328
 595 0328 0B       		.uleb128 0xb
 596 0329 AD000000 		.4byte	0xad
 597 032d 3C030000 		.4byte	0x33c
 598 0331 0C       		.uleb128 0xc
 599 0332 11030000 		.4byte	0x311
 600 0336 0C       		.uleb128 0xc
 601 0337 A2000000 		.4byte	0xa2
 602 033b 00       		.byte	0
 603 033c 0A       		.uleb128 0xa
 604 033d 04       		.byte	0x4
 605 033e A2000000 		.4byte	0xa2
 606 0342 0A       		.uleb128 0xa
ARM GAS  C:\Users\brian\AppData\Local\Temp\ccWhRGL3.s 			page 13


 607 0343 04       		.byte	0x4
 608 0344 48030000 		.4byte	0x348
 609 0348 0D       		.uleb128 0xd
 610 0349 DC010000 		.4byte	0x1dc
 611 034d 0A       		.uleb128 0xa
 612 034e 04       		.byte	0x4
 613 034f 53030000 		.4byte	0x353
 614 0353 0D       		.uleb128 0xd
 615 0354 A2000000 		.4byte	0xa2
 616 0358 0E       		.uleb128 0xe
 617 0359 CE000000 		.4byte	.LASF62
 618 035d 04       		.byte	0x4
 619 035e 9101     		.2byte	0x191
 620 0360 64030000 		.4byte	0x364
 621 0364 06       		.uleb128 0x6
 622 0365 71020000 		.4byte	.LASF63
 623 0369 18       		.byte	0x18
 624 036a 04       		.byte	0x4
 625 036b 9701     		.2byte	0x197
 626 036d 1A040000 		.4byte	0x41a
 627 0371 07       		.uleb128 0x7
 628 0372 00000000 		.4byte	.LASF64
 629 0376 04       		.byte	0x4
 630 0377 9A01     		.2byte	0x19a
 631 0379 C3000000 		.4byte	0xc3
 632 037d 00       		.byte	0
 633 037e 07       		.uleb128 0x7
 634 037f AC010000 		.4byte	.LASF65
 635 0383 04       		.byte	0x4
 636 0384 9B01     		.2byte	0x19b
 637 0386 A2000000 		.4byte	0xa2
 638 038a 04       		.byte	0x4
 639 038b 07       		.uleb128 0x7
 640 038c EF020000 		.4byte	.LASF66
 641 0390 04       		.byte	0x4
 642 0391 9B01     		.2byte	0x19b
 643 0393 A2000000 		.4byte	0xa2
 644 0397 05       		.byte	0x5
 645 0398 0F       		.uleb128 0xf
 646 0399 636200   		.ascii	"cb\000"
 647 039c 04       		.byte	0x4
 648 039d 9C01     		.2byte	0x19c
 649 039f 1A040000 		.4byte	0x41a
 650 03a3 08       		.byte	0x8
 651 03a4 07       		.uleb128 0x7
 652 03a5 AD000000 		.4byte	.LASF67
 653 03a9 04       		.byte	0x4
 654 03aa 9D01     		.2byte	0x19d
 655 03ac 3C030000 		.4byte	0x33c
 656 03b0 0C       		.byte	0xc
 657 03b1 07       		.uleb128 0x7
 658 03b2 62010000 		.4byte	.LASF68
 659 03b6 04       		.byte	0x4
 660 03b7 9E01     		.2byte	0x19e
 661 03b9 A2000000 		.4byte	0xa2
 662 03bd 10       		.byte	0x10
 663 03be 07       		.uleb128 0x7
ARM GAS  C:\Users\brian\AppData\Local\Temp\ccWhRGL3.s 			page 14


 664 03bf 53050000 		.4byte	.LASF69
 665 03c3 04       		.byte	0x4
 666 03c4 9F01     		.2byte	0x19f
 667 03c6 97000000 		.4byte	0x97
 668 03ca 11       		.byte	0x11
 669 03cb 07       		.uleb128 0x7
 670 03cc 9B000000 		.4byte	.LASF70
 671 03d0 04       		.byte	0x4
 672 03d1 A301     		.2byte	0x1a3
 673 03d3 A2000000 		.4byte	0xa2
 674 03d7 12       		.byte	0x12
 675 03d8 07       		.uleb128 0x7
 676 03d9 A4000000 		.4byte	.LASF71
 677 03dd 04       		.byte	0x4
 678 03de A301     		.2byte	0x1a3
 679 03e0 A2000000 		.4byte	0xa2
 680 03e4 13       		.byte	0x13
 681 03e5 07       		.uleb128 0x7
 682 03e6 0B010000 		.4byte	.LASF72
 683 03ea 04       		.byte	0x4
 684 03eb A401     		.2byte	0x1a4
 685 03ed A2000000 		.4byte	0xa2
 686 03f1 14       		.byte	0x14
 687 03f2 07       		.uleb128 0x7
 688 03f3 48040000 		.4byte	.LASF73
 689 03f7 04       		.byte	0x4
 690 03f8 A501     		.2byte	0x1a5
 691 03fa A2000000 		.4byte	0xa2
 692 03fe 15       		.byte	0x15
 693 03ff 07       		.uleb128 0x7
 694 0400 13040000 		.4byte	.LASF74
 695 0404 04       		.byte	0x4
 696 0405 A601     		.2byte	0x1a6
 697 0407 A2000000 		.4byte	0xa2
 698 040b 16       		.byte	0x16
 699 040c 07       		.uleb128 0x7
 700 040d DE030000 		.4byte	.LASF75
 701 0411 04       		.byte	0x4
 702 0412 A701     		.2byte	0x1a7
 703 0414 A2000000 		.4byte	0xa2
 704 0418 17       		.byte	0x17
 705 0419 00       		.byte	0
 706 041a 0E       		.uleb128 0xe
 707 041b 9D020000 		.4byte	.LASF76
 708 041f 04       		.byte	0x4
 709 0420 9501     		.2byte	0x195
 710 0422 26040000 		.4byte	0x426
 711 0426 0A       		.uleb128 0xa
 712 0427 04       		.byte	0x4
 713 0428 2C040000 		.4byte	0x42c
 714 042c 10       		.uleb128 0x10
 715 042d 37040000 		.4byte	0x437
 716 0431 0C       		.uleb128 0xc
 717 0432 37040000 		.4byte	0x437
 718 0436 00       		.byte	0
 719 0437 0A       		.uleb128 0xa
 720 0438 04       		.byte	0x4
ARM GAS  C:\Users\brian\AppData\Local\Temp\ccWhRGL3.s 			page 15


 721 0439 58030000 		.4byte	0x358
 722 043d 11       		.uleb128 0x11
 723 043e EF000000 		.4byte	.LASF88
 724 0442 01       		.byte	0x1
 725 0443 28       		.byte	0x28
 726 0444 00000000 		.4byte	.LFB0
 727 0448 36000000 		.4byte	.LFE0-.LFB0
 728 044c 01       		.uleb128 0x1
 729 044d 9C       		.byte	0x9c
 730 044e D5040000 		.4byte	0x4d5
 731 0452 12       		.uleb128 0x12
 732 0453 A0010000 		.4byte	.LASF77
 733 0457 01       		.byte	0x1
 734 0458 28       		.byte	0x28
 735 0459 11030000 		.4byte	0x311
 736 045d 00000000 		.4byte	.LLST0
 737 0461 12       		.uleb128 0x12
 738 0462 A5010000 		.4byte	.LASF78
 739 0466 01       		.byte	0x1
 740 0467 28       		.byte	0x28
 741 0468 A2000000 		.4byte	0xa2
 742 046c 1E000000 		.4byte	.LLST1
 743 0470 12       		.uleb128 0x12
 744 0471 8A020000 		.4byte	.LASF79
 745 0475 01       		.byte	0x1
 746 0476 28       		.byte	0x28
 747 0477 A2000000 		.4byte	0xa2
 748 047b 47000000 		.4byte	.LLST2
 749 047f 12       		.uleb128 0x12
 750 0480 27040000 		.4byte	.LASF80
 751 0484 01       		.byte	0x1
 752 0485 28       		.byte	0x28
 753 0486 A2000000 		.4byte	0xa2
 754 048a 68000000 		.4byte	.LLST3
 755 048e 13       		.uleb128 0x13
 756 048f 8C030000 		.4byte	.LASF81
 757 0493 01       		.byte	0x1
 758 0494 28       		.byte	0x28
 759 0495 37040000 		.4byte	0x437
 760 0499 02       		.uleb128 0x2
 761 049a 91       		.byte	0x91
 762 049b 00       		.sleb128 0
 763 049c 14       		.uleb128 0x14
 764 049d 21040000 		.4byte	.LASF82
 765 04a1 01       		.byte	0x1
 766 04a2 2A       		.byte	0x2a
 767 04a3 A2000000 		.4byte	0xa2
 768 04a7 89000000 		.4byte	.LLST4
 769 04ab 15       		.uleb128 0x15
 770 04ac 6300     		.ascii	"c\000"
 771 04ae 01       		.byte	0x1
 772 04af 2B       		.byte	0x2b
 773 04b0 A2000000 		.4byte	0xa2
 774 04b4 B3000000 		.4byte	.LLST5
 775 04b8 16       		.uleb128 0x16
 776 04b9 24000000 		.4byte	.LVL6
 777 04bd CF050000 		.4byte	0x5cf
ARM GAS  C:\Users\brian\AppData\Local\Temp\ccWhRGL3.s 			page 16


 778 04c1 17       		.uleb128 0x17
 779 04c2 01       		.uleb128 0x1
 780 04c3 50       		.byte	0x50
 781 04c4 02       		.uleb128 0x2
 782 04c5 79       		.byte	0x79
 783 04c6 00       		.sleb128 0
 784 04c7 17       		.uleb128 0x17
 785 04c8 01       		.uleb128 0x1
 786 04c9 51       		.byte	0x51
 787 04ca 02       		.uleb128 0x2
 788 04cb 75       		.byte	0x75
 789 04cc 00       		.sleb128 0
 790 04cd 17       		.uleb128 0x17
 791 04ce 01       		.uleb128 0x1
 792 04cf 52       		.byte	0x52
 793 04d0 02       		.uleb128 0x2
 794 04d1 78       		.byte	0x78
 795 04d2 00       		.sleb128 0
 796 04d3 00       		.byte	0
 797 04d4 00       		.byte	0
 798 04d5 18       		.uleb128 0x18
 799 04d6 1F050000 		.4byte	.LASF83
 800 04da 01       		.byte	0x1
 801 04db 34       		.byte	0x34
 802 04dc 00000000 		.4byte	.LFB1
 803 04e0 34000000 		.4byte	.LFE1-.LFB1
 804 04e4 01       		.uleb128 0x1
 805 04e5 9C       		.byte	0x9c
 806 04e6 5B050000 		.4byte	0x55b
 807 04ea 12       		.uleb128 0x12
 808 04eb A0010000 		.4byte	.LASF77
 809 04ef 01       		.byte	0x1
 810 04f0 34       		.byte	0x34
 811 04f1 11030000 		.4byte	0x311
 812 04f5 FF000000 		.4byte	.LLST6
 813 04f9 19       		.uleb128 0x19
 814 04fa 7800     		.ascii	"x\000"
 815 04fc 01       		.byte	0x1
 816 04fd 34       		.byte	0x34
 817 04fe A2000000 		.4byte	0xa2
 818 0502 1D010000 		.4byte	.LLST7
 819 0506 19       		.uleb128 0x19
 820 0507 7900     		.ascii	"y\000"
 821 0509 01       		.byte	0x1
 822 050a 34       		.byte	0x34
 823 050b A2000000 		.4byte	0xa2
 824 050f 3E010000 		.4byte	.LLST8
 825 0513 12       		.uleb128 0x12
 826 0514 8C030000 		.4byte	.LASF81
 827 0518 01       		.byte	0x1
 828 0519 34       		.byte	0x34
 829 051a 37040000 		.4byte	0x437
 830 051e 67010000 		.4byte	.LLST9
 831 0522 14       		.uleb128 0x14
 832 0523 27040000 		.4byte	.LASF80
 833 0527 01       		.byte	0x1
 834 0528 36       		.byte	0x36
ARM GAS  C:\Users\brian\AppData\Local\Temp\ccWhRGL3.s 			page 17


 835 0529 A2000000 		.4byte	0xa2
 836 052d 85010000 		.4byte	.LLST10
 837 0531 16       		.uleb128 0x16
 838 0532 20000000 		.4byte	.LVL14
 839 0536 3D040000 		.4byte	0x43d
 840 053a 17       		.uleb128 0x17
 841 053b 01       		.uleb128 0x1
 842 053c 50       		.byte	0x50
 843 053d 02       		.uleb128 0x2
 844 053e 78       		.byte	0x78
 845 053f 00       		.sleb128 0
 846 0540 17       		.uleb128 0x17
 847 0541 01       		.uleb128 0x1
 848 0542 51       		.byte	0x51
 849 0543 02       		.uleb128 0x2
 850 0544 77       		.byte	0x77
 851 0545 00       		.sleb128 0
 852 0546 17       		.uleb128 0x17
 853 0547 01       		.uleb128 0x1
 854 0548 52       		.byte	0x52
 855 0549 02       		.uleb128 0x2
 856 054a 75       		.byte	0x75
 857 054b 00       		.sleb128 0
 858 054c 17       		.uleb128 0x17
 859 054d 01       		.uleb128 0x1
 860 054e 53       		.byte	0x53
 861 054f 02       		.uleb128 0x2
 862 0550 74       		.byte	0x74
 863 0551 00       		.sleb128 0
 864 0552 17       		.uleb128 0x17
 865 0553 02       		.uleb128 0x2
 866 0554 7D       		.byte	0x7d
 867 0555 00       		.sleb128 0
 868 0556 02       		.uleb128 0x2
 869 0557 76       		.byte	0x76
 870 0558 00       		.sleb128 0
 871 0559 00       		.byte	0
 872 055a 00       		.byte	0
 873 055b 18       		.uleb128 0x18
 874 055c D6000000 		.4byte	.LASF84
 875 0560 01       		.byte	0x1
 876 0561 3F       		.byte	0x3f
 877 0562 00000000 		.4byte	.LFB2
 878 0566 2E000000 		.4byte	.LFE2-.LFB2
 879 056a 01       		.uleb128 0x1
 880 056b 9C       		.byte	0x9c
 881 056c CF050000 		.4byte	0x5cf
 882 0570 12       		.uleb128 0x12
 883 0571 8C030000 		.4byte	.LASF81
 884 0575 01       		.byte	0x1
 885 0576 3F       		.byte	0x3f
 886 0577 37040000 		.4byte	0x437
 887 057b AF010000 		.4byte	.LLST11
 888 057f 1A       		.uleb128 0x1a
 889 0580 A0010000 		.4byte	.LASF77
 890 0584 01       		.byte	0x1
 891 0585 41       		.byte	0x41
ARM GAS  C:\Users\brian\AppData\Local\Temp\ccWhRGL3.s 			page 18


 892 0586 11030000 		.4byte	0x311
 893 058a 01       		.uleb128 0x1
 894 058b 54       		.byte	0x54
 895 058c 1B       		.uleb128 0x1b
 896 058d 16000000 		.4byte	.LVL22
 897 0591 D5040000 		.4byte	0x4d5
 898 0595 B1050000 		.4byte	0x5b1
 899 0599 17       		.uleb128 0x17
 900 059a 01       		.uleb128 0x1
 901 059b 50       		.byte	0x50
 902 059c 02       		.uleb128 0x2
 903 059d 74       		.byte	0x74
 904 059e 00       		.sleb128 0
 905 059f 17       		.uleb128 0x17
 906 05a0 01       		.uleb128 0x1
 907 05a1 51       		.byte	0x51
 908 05a2 01       		.uleb128 0x1
 909 05a3 30       		.byte	0x30
 910 05a4 17       		.uleb128 0x17
 911 05a5 01       		.uleb128 0x1
 912 05a6 52       		.byte	0x52
 913 05a7 01       		.uleb128 0x1
 914 05a8 30       		.byte	0x30
 915 05a9 17       		.uleb128 0x17
 916 05aa 01       		.uleb128 0x1
 917 05ab 53       		.byte	0x53
 918 05ac 03       		.uleb128 0x3
 919 05ad F3       		.byte	0xf3
 920 05ae 01       		.uleb128 0x1
 921 05af 50       		.byte	0x50
 922 05b0 00       		.byte	0
 923 05b1 16       		.uleb128 0x16
 924 05b2 2A000000 		.4byte	.LVL25
 925 05b6 3D040000 		.4byte	0x43d
 926 05ba 17       		.uleb128 0x17
 927 05bb 01       		.uleb128 0x1
 928 05bc 50       		.byte	0x50
 929 05bd 02       		.uleb128 0x2
 930 05be 74       		.byte	0x74
 931 05bf 00       		.sleb128 0
 932 05c0 17       		.uleb128 0x17
 933 05c1 01       		.uleb128 0x1
 934 05c2 51       		.byte	0x51
 935 05c3 01       		.uleb128 0x1
 936 05c4 30       		.byte	0x30
 937 05c5 17       		.uleb128 0x17
 938 05c6 02       		.uleb128 0x2
 939 05c7 7D       		.byte	0x7d
 940 05c8 00       		.sleb128 0
 941 05c9 03       		.uleb128 0x3
 942 05ca F3       		.byte	0xf3
 943 05cb 01       		.uleb128 0x1
 944 05cc 50       		.byte	0x50
 945 05cd 00       		.byte	0
 946 05ce 00       		.byte	0
 947 05cf 1C       		.uleb128 0x1c
 948 05d0 B4020000 		.4byte	.LASF89
ARM GAS  C:\Users\brian\AppData\Local\Temp\ccWhRGL3.s 			page 19


 949 05d4 B4020000 		.4byte	.LASF89
 950 05d8 04       		.byte	0x4
 951 05d9 E703     		.2byte	0x3e7
 952 05db 00       		.byte	0
 953              		.section	.debug_abbrev,"",%progbits
 954              	.Ldebug_abbrev0:
 955 0000 01       		.uleb128 0x1
 956 0001 11       		.uleb128 0x11
 957 0002 01       		.byte	0x1
 958 0003 25       		.uleb128 0x25
 959 0004 0E       		.uleb128 0xe
 960 0005 13       		.uleb128 0x13
 961 0006 0B       		.uleb128 0xb
 962 0007 03       		.uleb128 0x3
 963 0008 0E       		.uleb128 0xe
 964 0009 1B       		.uleb128 0x1b
 965 000a 0E       		.uleb128 0xe
 966 000b 55       		.uleb128 0x55
 967 000c 17       		.uleb128 0x17
 968 000d 11       		.uleb128 0x11
 969 000e 01       		.uleb128 0x1
 970 000f 10       		.uleb128 0x10
 971 0010 17       		.uleb128 0x17
 972 0011 00       		.byte	0
 973 0012 00       		.byte	0
 974 0013 02       		.uleb128 0x2
 975 0014 16       		.uleb128 0x16
 976 0015 00       		.byte	0
 977 0016 03       		.uleb128 0x3
 978 0017 0E       		.uleb128 0xe
 979 0018 3A       		.uleb128 0x3a
 980 0019 0B       		.uleb128 0xb
 981 001a 3B       		.uleb128 0x3b
 982 001b 0B       		.uleb128 0xb
 983 001c 49       		.uleb128 0x49
 984 001d 13       		.uleb128 0x13
 985 001e 00       		.byte	0
 986 001f 00       		.byte	0
 987 0020 03       		.uleb128 0x3
 988 0021 24       		.uleb128 0x24
 989 0022 00       		.byte	0
 990 0023 0B       		.uleb128 0xb
 991 0024 0B       		.uleb128 0xb
 992 0025 3E       		.uleb128 0x3e
 993 0026 0B       		.uleb128 0xb
 994 0027 03       		.uleb128 0x3
 995 0028 0E       		.uleb128 0xe
 996 0029 00       		.byte	0
 997 002a 00       		.byte	0
 998 002b 04       		.uleb128 0x4
 999 002c 24       		.uleb128 0x24
 1000 002d 00       		.byte	0
 1001 002e 0B       		.uleb128 0xb
 1002 002f 0B       		.uleb128 0xb
 1003 0030 3E       		.uleb128 0x3e
 1004 0031 0B       		.uleb128 0xb
 1005 0032 03       		.uleb128 0x3
ARM GAS  C:\Users\brian\AppData\Local\Temp\ccWhRGL3.s 			page 20


 1006 0033 08       		.uleb128 0x8
 1007 0034 00       		.byte	0
 1008 0035 00       		.byte	0
 1009 0036 05       		.uleb128 0x5
 1010 0037 0F       		.uleb128 0xf
 1011 0038 00       		.byte	0
 1012 0039 0B       		.uleb128 0xb
 1013 003a 0B       		.uleb128 0xb
 1014 003b 00       		.byte	0
 1015 003c 00       		.byte	0
 1016 003d 06       		.uleb128 0x6
 1017 003e 13       		.uleb128 0x13
 1018 003f 01       		.byte	0x1
 1019 0040 03       		.uleb128 0x3
 1020 0041 0E       		.uleb128 0xe
 1021 0042 0B       		.uleb128 0xb
 1022 0043 0B       		.uleb128 0xb
 1023 0044 3A       		.uleb128 0x3a
 1024 0045 0B       		.uleb128 0xb
 1025 0046 3B       		.uleb128 0x3b
 1026 0047 05       		.uleb128 0x5
 1027 0048 01       		.uleb128 0x1
 1028 0049 13       		.uleb128 0x13
 1029 004a 00       		.byte	0
 1030 004b 00       		.byte	0
 1031 004c 07       		.uleb128 0x7
 1032 004d 0D       		.uleb128 0xd
 1033 004e 00       		.byte	0
 1034 004f 03       		.uleb128 0x3
 1035 0050 0E       		.uleb128 0xe
 1036 0051 3A       		.uleb128 0x3a
 1037 0052 0B       		.uleb128 0xb
 1038 0053 3B       		.uleb128 0x3b
 1039 0054 05       		.uleb128 0x5
 1040 0055 49       		.uleb128 0x49
 1041 0056 13       		.uleb128 0x13
 1042 0057 38       		.uleb128 0x38
 1043 0058 0B       		.uleb128 0xb
 1044 0059 00       		.byte	0
 1045 005a 00       		.byte	0
 1046 005b 08       		.uleb128 0x8
 1047 005c 13       		.uleb128 0x13
 1048 005d 01       		.byte	0x1
 1049 005e 03       		.uleb128 0x3
 1050 005f 0E       		.uleb128 0xe
 1051 0060 0B       		.uleb128 0xb
 1052 0061 0B       		.uleb128 0xb
 1053 0062 3A       		.uleb128 0x3a
 1054 0063 0B       		.uleb128 0xb
 1055 0064 3B       		.uleb128 0x3b
 1056 0065 0B       		.uleb128 0xb
 1057 0066 01       		.uleb128 0x1
 1058 0067 13       		.uleb128 0x13
 1059 0068 00       		.byte	0
 1060 0069 00       		.byte	0
 1061 006a 09       		.uleb128 0x9
 1062 006b 0D       		.uleb128 0xd
ARM GAS  C:\Users\brian\AppData\Local\Temp\ccWhRGL3.s 			page 21


 1063 006c 00       		.byte	0
 1064 006d 03       		.uleb128 0x3
 1065 006e 0E       		.uleb128 0xe
 1066 006f 3A       		.uleb128 0x3a
 1067 0070 0B       		.uleb128 0xb
 1068 0071 3B       		.uleb128 0x3b
 1069 0072 0B       		.uleb128 0xb
 1070 0073 49       		.uleb128 0x49
 1071 0074 13       		.uleb128 0x13
 1072 0075 38       		.uleb128 0x38
 1073 0076 0B       		.uleb128 0xb
 1074 0077 00       		.byte	0
 1075 0078 00       		.byte	0
 1076 0079 0A       		.uleb128 0xa
 1077 007a 0F       		.uleb128 0xf
 1078 007b 00       		.byte	0
 1079 007c 0B       		.uleb128 0xb
 1080 007d 0B       		.uleb128 0xb
 1081 007e 49       		.uleb128 0x49
 1082 007f 13       		.uleb128 0x13
 1083 0080 00       		.byte	0
 1084 0081 00       		.byte	0
 1085 0082 0B       		.uleb128 0xb
 1086 0083 15       		.uleb128 0x15
 1087 0084 01       		.byte	0x1
 1088 0085 27       		.uleb128 0x27
 1089 0086 19       		.uleb128 0x19
 1090 0087 49       		.uleb128 0x49
 1091 0088 13       		.uleb128 0x13
 1092 0089 01       		.uleb128 0x1
 1093 008a 13       		.uleb128 0x13
 1094 008b 00       		.byte	0
 1095 008c 00       		.byte	0
 1096 008d 0C       		.uleb128 0xc
 1097 008e 05       		.uleb128 0x5
 1098 008f 00       		.byte	0
 1099 0090 49       		.uleb128 0x49
 1100 0091 13       		.uleb128 0x13
 1101 0092 00       		.byte	0
 1102 0093 00       		.byte	0
 1103 0094 0D       		.uleb128 0xd
 1104 0095 26       		.uleb128 0x26
 1105 0096 00       		.byte	0
 1106 0097 49       		.uleb128 0x49
 1107 0098 13       		.uleb128 0x13
 1108 0099 00       		.byte	0
 1109 009a 00       		.byte	0
 1110 009b 0E       		.uleb128 0xe
 1111 009c 16       		.uleb128 0x16
 1112 009d 00       		.byte	0
 1113 009e 03       		.uleb128 0x3
 1114 009f 0E       		.uleb128 0xe
 1115 00a0 3A       		.uleb128 0x3a
 1116 00a1 0B       		.uleb128 0xb
 1117 00a2 3B       		.uleb128 0x3b
 1118 00a3 05       		.uleb128 0x5
 1119 00a4 49       		.uleb128 0x49
ARM GAS  C:\Users\brian\AppData\Local\Temp\ccWhRGL3.s 			page 22


 1120 00a5 13       		.uleb128 0x13
 1121 00a6 00       		.byte	0
 1122 00a7 00       		.byte	0
 1123 00a8 0F       		.uleb128 0xf
 1124 00a9 0D       		.uleb128 0xd
 1125 00aa 00       		.byte	0
 1126 00ab 03       		.uleb128 0x3
 1127 00ac 08       		.uleb128 0x8
 1128 00ad 3A       		.uleb128 0x3a
 1129 00ae 0B       		.uleb128 0xb
 1130 00af 3B       		.uleb128 0x3b
 1131 00b0 05       		.uleb128 0x5
 1132 00b1 49       		.uleb128 0x49
 1133 00b2 13       		.uleb128 0x13
 1134 00b3 38       		.uleb128 0x38
 1135 00b4 0B       		.uleb128 0xb
 1136 00b5 00       		.byte	0
 1137 00b6 00       		.byte	0
 1138 00b7 10       		.uleb128 0x10
 1139 00b8 15       		.uleb128 0x15
 1140 00b9 01       		.byte	0x1
 1141 00ba 27       		.uleb128 0x27
 1142 00bb 19       		.uleb128 0x19
 1143 00bc 01       		.uleb128 0x1
 1144 00bd 13       		.uleb128 0x13
 1145 00be 00       		.byte	0
 1146 00bf 00       		.byte	0
 1147 00c0 11       		.uleb128 0x11
 1148 00c1 2E       		.uleb128 0x2e
 1149 00c2 01       		.byte	0x1
 1150 00c3 03       		.uleb128 0x3
 1151 00c4 0E       		.uleb128 0xe
 1152 00c5 3A       		.uleb128 0x3a
 1153 00c6 0B       		.uleb128 0xb
 1154 00c7 3B       		.uleb128 0x3b
 1155 00c8 0B       		.uleb128 0xb
 1156 00c9 27       		.uleb128 0x27
 1157 00ca 19       		.uleb128 0x19
 1158 00cb 11       		.uleb128 0x11
 1159 00cc 01       		.uleb128 0x1
 1160 00cd 12       		.uleb128 0x12
 1161 00ce 06       		.uleb128 0x6
 1162 00cf 40       		.uleb128 0x40
 1163 00d0 18       		.uleb128 0x18
 1164 00d1 9742     		.uleb128 0x2117
 1165 00d3 19       		.uleb128 0x19
 1166 00d4 01       		.uleb128 0x1
 1167 00d5 13       		.uleb128 0x13
 1168 00d6 00       		.byte	0
 1169 00d7 00       		.byte	0
 1170 00d8 12       		.uleb128 0x12
 1171 00d9 05       		.uleb128 0x5
 1172 00da 00       		.byte	0
 1173 00db 03       		.uleb128 0x3
 1174 00dc 0E       		.uleb128 0xe
 1175 00dd 3A       		.uleb128 0x3a
 1176 00de 0B       		.uleb128 0xb
ARM GAS  C:\Users\brian\AppData\Local\Temp\ccWhRGL3.s 			page 23


 1177 00df 3B       		.uleb128 0x3b
 1178 00e0 0B       		.uleb128 0xb
 1179 00e1 49       		.uleb128 0x49
 1180 00e2 13       		.uleb128 0x13
 1181 00e3 02       		.uleb128 0x2
 1182 00e4 17       		.uleb128 0x17
 1183 00e5 00       		.byte	0
 1184 00e6 00       		.byte	0
 1185 00e7 13       		.uleb128 0x13
 1186 00e8 05       		.uleb128 0x5
 1187 00e9 00       		.byte	0
 1188 00ea 03       		.uleb128 0x3
 1189 00eb 0E       		.uleb128 0xe
 1190 00ec 3A       		.uleb128 0x3a
 1191 00ed 0B       		.uleb128 0xb
 1192 00ee 3B       		.uleb128 0x3b
 1193 00ef 0B       		.uleb128 0xb
 1194 00f0 49       		.uleb128 0x49
 1195 00f1 13       		.uleb128 0x13
 1196 00f2 02       		.uleb128 0x2
 1197 00f3 18       		.uleb128 0x18
 1198 00f4 00       		.byte	0
 1199 00f5 00       		.byte	0
 1200 00f6 14       		.uleb128 0x14
 1201 00f7 34       		.uleb128 0x34
 1202 00f8 00       		.byte	0
 1203 00f9 03       		.uleb128 0x3
 1204 00fa 0E       		.uleb128 0xe
 1205 00fb 3A       		.uleb128 0x3a
 1206 00fc 0B       		.uleb128 0xb
 1207 00fd 3B       		.uleb128 0x3b
 1208 00fe 0B       		.uleb128 0xb
 1209 00ff 49       		.uleb128 0x49
 1210 0100 13       		.uleb128 0x13
 1211 0101 02       		.uleb128 0x2
 1212 0102 17       		.uleb128 0x17
 1213 0103 00       		.byte	0
 1214 0104 00       		.byte	0
 1215 0105 15       		.uleb128 0x15
 1216 0106 34       		.uleb128 0x34
 1217 0107 00       		.byte	0
 1218 0108 03       		.uleb128 0x3
 1219 0109 08       		.uleb128 0x8
 1220 010a 3A       		.uleb128 0x3a
 1221 010b 0B       		.uleb128 0xb
 1222 010c 3B       		.uleb128 0x3b
 1223 010d 0B       		.uleb128 0xb
 1224 010e 49       		.uleb128 0x49
 1225 010f 13       		.uleb128 0x13
 1226 0110 02       		.uleb128 0x2
 1227 0111 17       		.uleb128 0x17
 1228 0112 00       		.byte	0
 1229 0113 00       		.byte	0
 1230 0114 16       		.uleb128 0x16
 1231 0115 898201   		.uleb128 0x4109
 1232 0118 01       		.byte	0x1
 1233 0119 11       		.uleb128 0x11
ARM GAS  C:\Users\brian\AppData\Local\Temp\ccWhRGL3.s 			page 24


 1234 011a 01       		.uleb128 0x1
 1235 011b 31       		.uleb128 0x31
 1236 011c 13       		.uleb128 0x13
 1237 011d 00       		.byte	0
 1238 011e 00       		.byte	0
 1239 011f 17       		.uleb128 0x17
 1240 0120 8A8201   		.uleb128 0x410a
 1241 0123 00       		.byte	0
 1242 0124 02       		.uleb128 0x2
 1243 0125 18       		.uleb128 0x18
 1244 0126 9142     		.uleb128 0x2111
 1245 0128 18       		.uleb128 0x18
 1246 0129 00       		.byte	0
 1247 012a 00       		.byte	0
 1248 012b 18       		.uleb128 0x18
 1249 012c 2E       		.uleb128 0x2e
 1250 012d 01       		.byte	0x1
 1251 012e 3F       		.uleb128 0x3f
 1252 012f 19       		.uleb128 0x19
 1253 0130 03       		.uleb128 0x3
 1254 0131 0E       		.uleb128 0xe
 1255 0132 3A       		.uleb128 0x3a
 1256 0133 0B       		.uleb128 0xb
 1257 0134 3B       		.uleb128 0x3b
 1258 0135 0B       		.uleb128 0xb
 1259 0136 27       		.uleb128 0x27
 1260 0137 19       		.uleb128 0x19
 1261 0138 11       		.uleb128 0x11
 1262 0139 01       		.uleb128 0x1
 1263 013a 12       		.uleb128 0x12
 1264 013b 06       		.uleb128 0x6
 1265 013c 40       		.uleb128 0x40
 1266 013d 18       		.uleb128 0x18
 1267 013e 9742     		.uleb128 0x2117
 1268 0140 19       		.uleb128 0x19
 1269 0141 01       		.uleb128 0x1
 1270 0142 13       		.uleb128 0x13
 1271 0143 00       		.byte	0
 1272 0144 00       		.byte	0
 1273 0145 19       		.uleb128 0x19
 1274 0146 05       		.uleb128 0x5
 1275 0147 00       		.byte	0
 1276 0148 03       		.uleb128 0x3
 1277 0149 08       		.uleb128 0x8
 1278 014a 3A       		.uleb128 0x3a
 1279 014b 0B       		.uleb128 0xb
 1280 014c 3B       		.uleb128 0x3b
 1281 014d 0B       		.uleb128 0xb
 1282 014e 49       		.uleb128 0x49
 1283 014f 13       		.uleb128 0x13
 1284 0150 02       		.uleb128 0x2
 1285 0151 17       		.uleb128 0x17
 1286 0152 00       		.byte	0
 1287 0153 00       		.byte	0
 1288 0154 1A       		.uleb128 0x1a
 1289 0155 34       		.uleb128 0x34
 1290 0156 00       		.byte	0
ARM GAS  C:\Users\brian\AppData\Local\Temp\ccWhRGL3.s 			page 25


 1291 0157 03       		.uleb128 0x3
 1292 0158 0E       		.uleb128 0xe
 1293 0159 3A       		.uleb128 0x3a
 1294 015a 0B       		.uleb128 0xb
 1295 015b 3B       		.uleb128 0x3b
 1296 015c 0B       		.uleb128 0xb
 1297 015d 49       		.uleb128 0x49
 1298 015e 13       		.uleb128 0x13
 1299 015f 02       		.uleb128 0x2
 1300 0160 18       		.uleb128 0x18
 1301 0161 00       		.byte	0
 1302 0162 00       		.byte	0
 1303 0163 1B       		.uleb128 0x1b
 1304 0164 898201   		.uleb128 0x4109
 1305 0167 01       		.byte	0x1
 1306 0168 11       		.uleb128 0x11
 1307 0169 01       		.uleb128 0x1
 1308 016a 31       		.uleb128 0x31
 1309 016b 13       		.uleb128 0x13
 1310 016c 01       		.uleb128 0x1
 1311 016d 13       		.uleb128 0x13
 1312 016e 00       		.byte	0
 1313 016f 00       		.byte	0
 1314 0170 1C       		.uleb128 0x1c
 1315 0171 2E       		.uleb128 0x2e
 1316 0172 00       		.byte	0
 1317 0173 3F       		.uleb128 0x3f
 1318 0174 19       		.uleb128 0x19
 1319 0175 3C       		.uleb128 0x3c
 1320 0176 19       		.uleb128 0x19
 1321 0177 6E       		.uleb128 0x6e
 1322 0178 0E       		.uleb128 0xe
 1323 0179 03       		.uleb128 0x3
 1324 017a 0E       		.uleb128 0xe
 1325 017b 3A       		.uleb128 0x3a
 1326 017c 0B       		.uleb128 0xb
 1327 017d 3B       		.uleb128 0x3b
 1328 017e 05       		.uleb128 0x5
 1329 017f 00       		.byte	0
 1330 0180 00       		.byte	0
 1331 0181 00       		.byte	0
 1332              		.section	.debug_loc,"",%progbits
 1333              	.Ldebug_loc0:
 1334              	.LLST0:
 1335 0000 00000000 		.4byte	.LVL0
 1336 0004 12000000 		.4byte	.LVL2
 1337 0008 0100     		.2byte	0x1
 1338 000a 50       		.byte	0x50
 1339 000b 12000000 		.4byte	.LVL2
 1340 000f 36000000 		.4byte	.LFE0
 1341 0013 0100     		.2byte	0x1
 1342 0015 59       		.byte	0x59
 1343 0016 00000000 		.4byte	0
 1344 001a 00000000 		.4byte	0
 1345              	.LLST1:
 1346 001e 00000000 		.4byte	.LVL0
 1347 0022 12000000 		.4byte	.LVL2
ARM GAS  C:\Users\brian\AppData\Local\Temp\ccWhRGL3.s 			page 26


 1348 0026 0100     		.2byte	0x1
 1349 0028 51       		.byte	0x51
 1350 0029 12000000 		.4byte	.LVL2
 1351 002d 26000000 		.4byte	.LVL7
 1352 0031 0100     		.2byte	0x1
 1353 0033 55       		.byte	0x55
 1354 0034 28000000 		.4byte	.LVL8
 1355 0038 36000000 		.4byte	.LFE0
 1356 003c 0100     		.2byte	0x1
 1357 003e 55       		.byte	0x55
 1358 003f 00000000 		.4byte	0
 1359 0043 00000000 		.4byte	0
 1360              	.LLST2:
 1361 0047 00000000 		.4byte	.LVL0
 1362 004b 12000000 		.4byte	.LVL2
 1363 004f 0100     		.2byte	0x1
 1364 0051 52       		.byte	0x52
 1365 0052 12000000 		.4byte	.LVL2
 1366 0056 36000000 		.4byte	.LFE0
 1367 005a 0400     		.2byte	0x4
 1368 005c F3       		.byte	0xf3
 1369 005d 01       		.uleb128 0x1
 1370 005e 52       		.byte	0x52
 1371 005f 9F       		.byte	0x9f
 1372 0060 00000000 		.4byte	0
 1373 0064 00000000 		.4byte	0
 1374              	.LLST3:
 1375 0068 00000000 		.4byte	.LVL0
 1376 006c 12000000 		.4byte	.LVL2
 1377 0070 0100     		.2byte	0x1
 1378 0072 53       		.byte	0x53
 1379 0073 12000000 		.4byte	.LVL2
 1380 0077 36000000 		.4byte	.LFE0
 1381 007b 0400     		.2byte	0x4
 1382 007d F3       		.byte	0xf3
 1383 007e 01       		.uleb128 0x1
 1384 007f 53       		.byte	0x53
 1385 0080 9F       		.byte	0x9f
 1386 0081 00000000 		.4byte	0
 1387 0085 00000000 		.4byte	0
 1388              	.LLST4:
 1389 0089 0E000000 		.4byte	.LVL1
 1390 008d 12000000 		.4byte	.LVL2
 1391 0091 0200     		.2byte	0x2
 1392 0093 30       		.byte	0x30
 1393 0094 9F       		.byte	0x9f
 1394 0095 12000000 		.4byte	.LVL2
 1395 0099 2A000000 		.4byte	.LVL9
 1396 009d 0100     		.2byte	0x1
 1397 009f 54       		.byte	0x54
 1398 00a0 2C000000 		.4byte	.LVL10
 1399 00a4 36000000 		.4byte	.LFE0
 1400 00a8 0100     		.2byte	0x1
 1401 00aa 54       		.byte	0x54
 1402 00ab 00000000 		.4byte	0
 1403 00af 00000000 		.4byte	0
 1404              	.LLST5:
ARM GAS  C:\Users\brian\AppData\Local\Temp\ccWhRGL3.s 			page 27


 1405 00b3 18000000 		.4byte	.LVL3
 1406 00b7 1A000000 		.4byte	.LVL4
 1407 00bb 0500     		.2byte	0x5
 1408 00bd 72       		.byte	0x72
 1409 00be 00       		.sleb128 0
 1410 00bf 73       		.byte	0x73
 1411 00c0 00       		.sleb128 0
 1412 00c1 22       		.byte	0x22
 1413 00c2 1A000000 		.4byte	.LVL4
 1414 00c6 1C000000 		.4byte	.LVL5
 1415 00ca 1000     		.2byte	0x10
 1416 00cc 76       		.byte	0x76
 1417 00cd 04       		.sleb128 4
 1418 00ce 94       		.byte	0x94
 1419 00cf 01       		.byte	0x1
 1420 00d0 08       		.byte	0x8
 1421 00d1 FF       		.byte	0xff
 1422 00d2 1A       		.byte	0x1a
 1423 00d3 77       		.byte	0x77
 1424 00d4 00       		.sleb128 0
 1425 00d5 1E       		.byte	0x1e
 1426 00d6 72       		.byte	0x72
 1427 00d7 00       		.sleb128 0
 1428 00d8 22       		.byte	0x22
 1429 00d9 74       		.byte	0x74
 1430 00da 00       		.sleb128 0
 1431 00db 22       		.byte	0x22
 1432 00dc 1C000000 		.4byte	.LVL5
 1433 00e0 23000000 		.4byte	.LVL6-1
 1434 00e4 1100     		.2byte	0x11
 1435 00e6 76       		.byte	0x76
 1436 00e7 04       		.sleb128 4
 1437 00e8 94       		.byte	0x94
 1438 00e9 01       		.byte	0x1
 1439 00ea 08       		.byte	0x8
 1440 00eb FF       		.byte	0xff
 1441 00ec 1A       		.byte	0x1a
 1442 00ed 77       		.byte	0x77
 1443 00ee 00       		.sleb128 0
 1444 00ef 1E       		.byte	0x1e
 1445 00f0 76       		.byte	0x76
 1446 00f1 0C       		.sleb128 12
 1447 00f2 06       		.byte	0x6
 1448 00f3 22       		.byte	0x22
 1449 00f4 74       		.byte	0x74
 1450 00f5 00       		.sleb128 0
 1451 00f6 22       		.byte	0x22
 1452 00f7 00000000 		.4byte	0
 1453 00fb 00000000 		.4byte	0
 1454              	.LLST6:
 1455 00ff 00000000 		.4byte	.LVL11
 1456 0103 12000000 		.4byte	.LVL13
 1457 0107 0100     		.2byte	0x1
 1458 0109 50       		.byte	0x50
 1459 010a 12000000 		.4byte	.LVL13
 1460 010e 34000000 		.4byte	.LFE1
 1461 0112 0100     		.2byte	0x1
ARM GAS  C:\Users\brian\AppData\Local\Temp\ccWhRGL3.s 			page 28


 1462 0114 58       		.byte	0x58
 1463 0115 00000000 		.4byte	0
 1464 0119 00000000 		.4byte	0
 1465              	.LLST7:
 1466 011d 00000000 		.4byte	.LVL11
 1467 0121 12000000 		.4byte	.LVL13
 1468 0125 0100     		.2byte	0x1
 1469 0127 51       		.byte	0x51
 1470 0128 12000000 		.4byte	.LVL13
 1471 012c 34000000 		.4byte	.LFE1
 1472 0130 0400     		.2byte	0x4
 1473 0132 F3       		.byte	0xf3
 1474 0133 01       		.uleb128 0x1
 1475 0134 51       		.byte	0x51
 1476 0135 9F       		.byte	0x9f
 1477 0136 00000000 		.4byte	0
 1478 013a 00000000 		.4byte	0
 1479              	.LLST8:
 1480 013e 00000000 		.4byte	.LVL11
 1481 0142 12000000 		.4byte	.LVL13
 1482 0146 0100     		.2byte	0x1
 1483 0148 52       		.byte	0x52
 1484 0149 12000000 		.4byte	.LVL13
 1485 014d 22000000 		.4byte	.LVL15
 1486 0151 0100     		.2byte	0x1
 1487 0153 55       		.byte	0x55
 1488 0154 24000000 		.4byte	.LVL16
 1489 0158 34000000 		.4byte	.LFE1
 1490 015c 0100     		.2byte	0x1
 1491 015e 55       		.byte	0x55
 1492 015f 00000000 		.4byte	0
 1493 0163 00000000 		.4byte	0
 1494              	.LLST9:
 1495 0167 00000000 		.4byte	.LVL11
 1496 016b 12000000 		.4byte	.LVL13
 1497 016f 0100     		.2byte	0x1
 1498 0171 53       		.byte	0x53
 1499 0172 12000000 		.4byte	.LVL13
 1500 0176 34000000 		.4byte	.LFE1
 1501 017a 0100     		.2byte	0x1
 1502 017c 56       		.byte	0x56
 1503 017d 00000000 		.4byte	0
 1504 0181 00000000 		.4byte	0
 1505              	.LLST10:
 1506 0185 0E000000 		.4byte	.LVL12
 1507 0189 12000000 		.4byte	.LVL13
 1508 018d 0200     		.2byte	0x2
 1509 018f 30       		.byte	0x30
 1510 0190 9F       		.byte	0x9f
 1511 0191 12000000 		.4byte	.LVL13
 1512 0195 26000000 		.4byte	.LVL17
 1513 0199 0100     		.2byte	0x1
 1514 019b 54       		.byte	0x54
 1515 019c 28000000 		.4byte	.LVL18
 1516 01a0 34000000 		.4byte	.LFE1
 1517 01a4 0100     		.2byte	0x1
 1518 01a6 54       		.byte	0x54
ARM GAS  C:\Users\brian\AppData\Local\Temp\ccWhRGL3.s 			page 29


 1519 01a7 00000000 		.4byte	0
 1520 01ab 00000000 		.4byte	0
 1521              	.LLST11:
 1522 01af 00000000 		.4byte	.LVL19
 1523 01b3 12000000 		.4byte	.LVL21
 1524 01b7 0100     		.2byte	0x1
 1525 01b9 50       		.byte	0x50
 1526 01ba 12000000 		.4byte	.LVL21
 1527 01be 15000000 		.4byte	.LVL22-1
 1528 01c2 0100     		.2byte	0x1
 1529 01c4 53       		.byte	0x53
 1530 01c5 15000000 		.4byte	.LVL22-1
 1531 01c9 18000000 		.4byte	.LVL23
 1532 01cd 0400     		.2byte	0x4
 1533 01cf F3       		.byte	0xf3
 1534 01d0 01       		.uleb128 0x1
 1535 01d1 50       		.byte	0x50
 1536 01d2 9F       		.byte	0x9f
 1537 01d3 18000000 		.4byte	.LVL23
 1538 01d7 26000000 		.4byte	.LVL24
 1539 01db 0100     		.2byte	0x1
 1540 01dd 50       		.byte	0x50
 1541 01de 26000000 		.4byte	.LVL24
 1542 01e2 29000000 		.4byte	.LVL25-1
 1543 01e6 0200     		.2byte	0x2
 1544 01e8 7D       		.byte	0x7d
 1545 01e9 00       		.sleb128 0
 1546 01ea 29000000 		.4byte	.LVL25-1
 1547 01ee 2E000000 		.4byte	.LFE2
 1548 01f2 0400     		.2byte	0x4
 1549 01f4 F3       		.byte	0xf3
 1550 01f5 01       		.uleb128 0x1
 1551 01f6 50       		.byte	0x50
 1552 01f7 9F       		.byte	0x9f
 1553 01f8 00000000 		.4byte	0
 1554 01fc 00000000 		.4byte	0
 1555              		.section	.debug_aranges,"",%progbits
 1556 0000 2C000000 		.4byte	0x2c
 1557 0004 0200     		.2byte	0x2
 1558 0006 00000000 		.4byte	.Ldebug_info0
 1559 000a 04       		.byte	0x4
 1560 000b 00       		.byte	0
 1561 000c 0000     		.2byte	0
 1562 000e 0000     		.2byte	0
 1563 0010 00000000 		.4byte	.LFB0
 1564 0014 36000000 		.4byte	.LFE0-.LFB0
 1565 0018 00000000 		.4byte	.LFB1
 1566 001c 34000000 		.4byte	.LFE1-.LFB1
 1567 0020 00000000 		.4byte	.LFB2
 1568 0024 2E000000 		.4byte	.LFE2-.LFB2
 1569 0028 00000000 		.4byte	0
 1570 002c 00000000 		.4byte	0
 1571              		.section	.debug_ranges,"",%progbits
 1572              	.Ldebug_ranges0:
 1573 0000 00000000 		.4byte	.LFB0
 1574 0004 36000000 		.4byte	.LFE0
 1575 0008 00000000 		.4byte	.LFB1
ARM GAS  C:\Users\brian\AppData\Local\Temp\ccWhRGL3.s 			page 30


 1576 000c 34000000 		.4byte	.LFE1
 1577 0010 00000000 		.4byte	.LFB2
 1578 0014 2E000000 		.4byte	.LFE2
 1579 0018 00000000 		.4byte	0
 1580 001c 00000000 		.4byte	0
 1581              		.section	.debug_line,"",%progbits
 1582              	.Ldebug_line0:
 1583 0000 A5010000 		.section	.debug_str,"MS",%progbits,1
 1583      02003701 
 1583      00000201 
 1583      FB0E0D00 
 1583      01010101 
 1584              	.LASF64:
 1585 0000 6175785F 		.ascii	"aux_data\000"
 1585      64617461 
 1585      00
 1586              	.LASF28:
 1587 0009 785F6F66 		.ascii	"x_offset\000"
 1587      66736574 
 1587      00
 1588              	.LASF29:
 1589 0012 69735F66 		.ascii	"is_font_inverse_mode\000"
 1589      6F6E745F 
 1589      696E7665 
 1589      7273655F 
 1589      6D6F6465 
 1590              	.LASF50:
 1591 0027 7370695F 		.ascii	"spi_mode\000"
 1591      6D6F6465 
 1591      00
 1592              	.LASF13:
 1593 0030 696E7438 		.ascii	"int8_t\000"
 1593      5F7400
 1594              	.LASF41:
 1595 0037 63686970 		.ascii	"chip_enable_level\000"
 1595      5F656E61 
 1595      626C655F 
 1595      6C657665 
 1595      6C00
 1596              	.LASF26:
 1597 0049 666F6E74 		.ascii	"font\000"
 1597      00
 1598              	.LASF37:
 1599 004e 6465626F 		.ascii	"debounce_result_msg\000"
 1599      756E6365 
 1599      5F726573 
 1599      756C745F 
 1599      6D736700 
 1600              	.LASF4:
 1601 0062 73686F72 		.ascii	"short int\000"
 1601      7420696E 
 1601      7400
 1602              	.LASF24:
 1603 006c 6770696F 		.ascii	"gpio_and_delay_cb\000"
 1603      5F616E64 
 1603      5F64656C 
 1603      61795F63 
ARM GAS  C:\Users\brian\AppData\Local\Temp\ccWhRGL3.s 			page 31


 1603      6200
 1604              	.LASF54:
 1605 007e 74696C65 		.ascii	"tile_width\000"
 1605      5F776964 
 1605      746800
 1606              	.LASF47:
 1607 0089 7364615F 		.ascii	"sda_setup_time_ns\000"
 1607      73657475 
 1607      705F7469 
 1607      6D655F6E 
 1607      7300
 1608              	.LASF70:
 1609 009b 63757273 		.ascii	"cursor_x\000"
 1609      6F725F78 
 1609      00
 1610              	.LASF71:
 1611 00a4 63757273 		.ascii	"cursor_y\000"
 1611      6F725F79 
 1611      00
 1612              	.LASF67:
 1613 00ad 73637265 		.ascii	"screen_buffer\000"
 1613      656E5F62 
 1613      75666665 
 1613      7200
 1614              	.LASF46:
 1615 00bb 706F7374 		.ascii	"post_reset_wait_ms\000"
 1615      5F726573 
 1615      65745F77 
 1615      6169745F 
 1615      6D7300
 1616              	.LASF62:
 1617 00ce 75386C6F 		.ascii	"u8log_t\000"
 1617      675F7400 
 1618              	.LASF84:
 1619 00d6 75386C6F 		.ascii	"u8log_u8x8_cb\000"
 1619      675F7538 
 1619      78385F63 
 1619      6200
 1620              	.LASF8:
 1621 00e4 5F5F7569 		.ascii	"__uint32_t\000"
 1621      6E743332 
 1621      5F7400
 1622              	.LASF88:
 1623 00ef 75387838 		.ascii	"u8x8_DrawLogLine\000"
 1623      5F447261 
 1623      774C6F67 
 1623      4C696E65 
 1623      00
 1624              	.LASF5:
 1625 0100 5F5F7569 		.ascii	"__uint16_t\000"
 1625      6E743136 
 1625      5F7400
 1626              	.LASF72:
 1627 010b 72656472 		.ascii	"redraw_line\000"
 1627      61775F6C 
 1627      696E6500 
 1628              	.LASF87:
ARM GAS  C:\Users\brian\AppData\Local\Temp\ccWhRGL3.s 			page 32


 1629 0117 433A5C55 		.ascii	"C:\\Users\\brian\\Documents\\PSoC Creator\\Lab7\\La"
 1629      73657273 
 1629      5C627269 
 1629      616E5C44 
 1629      6F63756D 
 1630 0144 62372E63 		.ascii	"b7.cydsn\000"
 1630      7964736E 
 1630      00
 1631              	.LASF53:
 1632 014d 77726974 		.ascii	"write_pulse_width_ns\000"
 1632      655F7075 
 1632      6C73655F 
 1632      77696474 
 1632      685F6E73 
 1633              	.LASF68:
 1634 0162 69735F72 		.ascii	"is_redraw_line_for_each_char\000"
 1634      65647261 
 1634      775F6C69 
 1634      6E655F66 
 1634      6F725F65 
 1635              	.LASF14:
 1636 017f 75696E74 		.ascii	"uint8_t\000"
 1636      385F7400 
 1637              	.LASF43:
 1638 0187 706F7374 		.ascii	"post_chip_enable_wait_ns\000"
 1638      5F636869 
 1638      705F656E 
 1638      61626C65 
 1638      5F776169 
 1639              	.LASF77:
 1640 01a0 75387838 		.ascii	"u8x8\000"
 1640      00
 1641              	.LASF78:
 1642 01a5 64697370 		.ascii	"disp_x\000"
 1642      5F7800
 1643              	.LASF65:
 1644 01ac 77696474 		.ascii	"width\000"
 1644      6800
 1645              	.LASF25:
 1646 01b2 6275735F 		.ascii	"bus_clock\000"
 1646      636C6F63 
 1646      6B00
 1647              	.LASF56:
 1648 01bc 64656661 		.ascii	"default_x_offset\000"
 1648      756C745F 
 1648      785F6F66 
 1648      66736574 
 1648      00
 1649              	.LASF38:
 1650 01cd 75387838 		.ascii	"u8x8_display_info_t\000"
 1650      5F646973 
 1650      706C6179 
 1650      5F696E66 
 1650      6F5F7400 
 1651              	.LASF35:
 1652 01e1 6465626F 		.ascii	"debounce_last_pin_state\000"
 1652      756E6365 
ARM GAS  C:\Users\brian\AppData\Local\Temp\ccWhRGL3.s 			page 33


 1652      5F6C6173 
 1652      745F7069 
 1652      6E5F7374 
 1653              	.LASF10:
 1654 01f9 6C6F6E67 		.ascii	"long long int\000"
 1654      206C6F6E 
 1654      6720696E 
 1654      7400
 1655              	.LASF33:
 1656 0207 6770696F 		.ascii	"gpio_result\000"
 1656      5F726573 
 1656      756C7400 
 1657              	.LASF86:
 1658 0213 2E2E5C75 		.ascii	"..\\u8g2\\csrc\\u8log_u8x8.c\000"
 1658      3867325C 
 1658      63737263 
 1658      5C75386C 
 1658      6F675F75 
 1659              	.LASF48:
 1660 022d 73636B5F 		.ascii	"sck_pulse_width_ns\000"
 1660      70756C73 
 1660      655F7769 
 1660      6474685F 
 1660      6E7300
 1661              	.LASF7:
 1662 0240 6C6F6E67 		.ascii	"long int\000"
 1662      20696E74 
 1662      00
 1663              	.LASF1:
 1664 0249 5F5F7569 		.ascii	"__uint8_t\000"
 1664      6E74385F 
 1664      7400
 1665              	.LASF21:
 1666 0253 64697370 		.ascii	"display_cb\000"
 1666      6C61795F 
 1666      636200
 1667              	.LASF52:
 1668 025e 64617461 		.ascii	"data_setup_time_ns\000"
 1668      5F736574 
 1668      75705F74 
 1668      696D655F 
 1668      6E7300
 1669              	.LASF63:
 1670 0271 75386C6F 		.ascii	"u8log_struct\000"
 1670      675F7374 
 1670      72756374 
 1670      00
 1671              	.LASF17:
 1672 027e 6C6F6E67 		.ascii	"long double\000"
 1672      20646F75 
 1672      626C6500 
 1673              	.LASF79:
 1674 028a 64697370 		.ascii	"disp_y\000"
 1674      5F7900
 1675              	.LASF55:
 1676 0291 74696C65 		.ascii	"tile_height\000"
 1676      5F686569 
ARM GAS  C:\Users\brian\AppData\Local\Temp\ccWhRGL3.s 			page 34


 1676      67687400 
 1677              	.LASF76:
 1678 029d 75386C6F 		.ascii	"u8log_cb\000"
 1678      675F6362 
 1678      00
 1679              	.LASF3:
 1680 02a6 756E7369 		.ascii	"unsigned char\000"
 1680      676E6564 
 1680      20636861 
 1680      7200
 1681              	.LASF89:
 1682 02b4 75387838 		.ascii	"u8x8_DrawGlyph\000"
 1682      5F447261 
 1682      77476C79 
 1682      706800
 1683              	.LASF2:
 1684 02c3 7369676E 		.ascii	"signed char\000"
 1684      65642063 
 1684      68617200 
 1685              	.LASF11:
 1686 02cf 6C6F6E67 		.ascii	"long long unsigned int\000"
 1686      206C6F6E 
 1686      6720756E 
 1686      7369676E 
 1686      65642069 
 1687              	.LASF16:
 1688 02e6 75696E74 		.ascii	"uint32_t\000"
 1688      33325F74 
 1688      00
 1689              	.LASF66:
 1690 02ef 68656967 		.ascii	"height\000"
 1690      687400
 1691              	.LASF12:
 1692 02f6 756E7369 		.ascii	"unsigned int\000"
 1692      676E6564 
 1692      20696E74 
 1692      00
 1693              	.LASF15:
 1694 0303 75696E74 		.ascii	"uint16_t\000"
 1694      31365F74 
 1694      00
 1695              	.LASF40:
 1696 030c 75387838 		.ascii	"u8x8_display_info_struct\000"
 1696      5F646973 
 1696      706C6179 
 1696      5F696E66 
 1696      6F5F7374 
 1697              	.LASF45:
 1698 0325 72657365 		.ascii	"reset_pulse_width_ms\000"
 1698      745F7075 
 1698      6C73655F 
 1698      77696474 
 1698      685F6D73 
 1699              	.LASF18:
 1700 033a 75387838 		.ascii	"u8x8_t\000"
 1700      5F7400
 1701              	.LASF51:
ARM GAS  C:\Users\brian\AppData\Local\Temp\ccWhRGL3.s 			page 35


 1702 0341 6932635F 		.ascii	"i2c_bus_clock_100kHz\000"
 1702      6275735F 
 1702      636C6F63 
 1702      6B5F3130 
 1702      306B487A 
 1703              	.LASF49:
 1704 0356 73636B5F 		.ascii	"sck_clock_hz\000"
 1704      636C6F63 
 1704      6B5F687A 
 1704      00
 1705              	.LASF6:
 1706 0363 73686F72 		.ascii	"short unsigned int\000"
 1706      7420756E 
 1706      7369676E 
 1706      65642069 
 1706      6E7400
 1707              	.LASF61:
 1708 0376 75387838 		.ascii	"u8x8_char_cb\000"
 1708      5F636861 
 1708      725F6362 
 1708      00
 1709              	.LASF0:
 1710 0383 5F5F696E 		.ascii	"__int8_t\000"
 1710      74385F74 
 1710      00
 1711              	.LASF81:
 1712 038c 75386C6F 		.ascii	"u8log\000"
 1712      6700
 1713              	.LASF36:
 1714 0392 6465626F 		.ascii	"debounce_state\000"
 1714      756E6365 
 1714      5F737461 
 1714      746500
 1715              	.LASF19:
 1716 03a1 64697370 		.ascii	"display_info\000"
 1716      6C61795F 
 1716      696E666F 
 1716      00
 1717              	.LASF59:
 1718 03ae 70697865 		.ascii	"pixel_height\000"
 1718      6C5F6865 
 1718      69676874 
 1718      00
 1719              	.LASF58:
 1720 03bb 70697865 		.ascii	"pixel_width\000"
 1720      6C5F7769 
 1720      64746800 
 1721              	.LASF32:
 1722 03c7 75746638 		.ascii	"utf8_state\000"
 1722      5F737461 
 1722      746500
 1723              	.LASF39:
 1724 03d2 75387838 		.ascii	"u8x8_struct\000"
 1724      5F737472 
 1724      75637400 
 1725              	.LASF75:
 1726 03de 69735F72 		.ascii	"is_redraw_all_required_for_next_nl\000"
ARM GAS  C:\Users\brian\AppData\Local\Temp\ccWhRGL3.s 			page 36


 1726      65647261 
 1726      775F616C 
 1726      6C5F7265 
 1726      71756972 
 1727              	.LASF9:
 1728 0401 6C6F6E67 		.ascii	"long unsigned int\000"
 1728      20756E73 
 1728      69676E65 
 1728      6420696E 
 1728      7400
 1729              	.LASF74:
 1730 0413 69735F72 		.ascii	"is_redraw_all\000"
 1730      65647261 
 1730      775F616C 
 1730      6C00
 1731              	.LASF82:
 1732 0421 6275665F 		.ascii	"buf_x\000"
 1732      7800
 1733              	.LASF80:
 1734 0427 6275665F 		.ascii	"buf_y\000"
 1734      7900
 1735              	.LASF23:
 1736 042d 62797465 		.ascii	"byte_cb\000"
 1736      5F636200 
 1737              	.LASF42:
 1738 0435 63686970 		.ascii	"chip_disable_level\000"
 1738      5F646973 
 1738      61626C65 
 1738      5F6C6576 
 1738      656C00
 1739              	.LASF73:
 1740 0448 69735F72 		.ascii	"is_redraw_line\000"
 1740      65647261 
 1740      775F6C69 
 1740      6E6500
 1741              	.LASF30:
 1742 0457 6932635F 		.ascii	"i2c_address\000"
 1742      61646472 
 1742      65737300 
 1743              	.LASF57:
 1744 0463 666C6970 		.ascii	"flipmode_x_offset\000"
 1744      6D6F6465 
 1744      5F785F6F 
 1744      66667365 
 1744      7400
 1745              	.LASF27:
 1746 0475 656E636F 		.ascii	"encoding\000"
 1746      64696E67 
 1746      00
 1747              	.LASF31:
 1748 047e 6932635F 		.ascii	"i2c_started\000"
 1748      73746172 
 1748      74656400 
 1749              	.LASF22:
 1750 048a 6361645F 		.ascii	"cad_cb\000"
 1750      636200
 1751              	.LASF85:
ARM GAS  C:\Users\brian\AppData\Local\Temp\ccWhRGL3.s 			page 37


 1752 0491 474E5520 		.ascii	"GNU C11 5.4.1 20160609 (release) [ARM/embedded-5-br"
 1752      43313120 
 1752      352E342E 
 1752      31203230 
 1752      31363036 
 1753 04c4 616E6368 		.ascii	"anch revision 237715] -mcpu=cortex-m3 -mthumb -g -O"
 1753      20726576 
 1753      6973696F 
 1753      6E203233 
 1753      37373135 
 1754 04f7 67202D66 		.ascii	"g -ffunction-sections -ffat-lto-objects\000"
 1754      66756E63 
 1754      74696F6E 
 1754      2D736563 
 1754      74696F6E 
 1755              	.LASF83:
 1756 051f 75387838 		.ascii	"u8x8_DrawLog\000"
 1756      5F447261 
 1756      774C6F67 
 1756      00
 1757              	.LASF34:
 1758 052c 6465626F 		.ascii	"debounce_default_pin_state\000"
 1758      756E6365 
 1758      5F646566 
 1758      61756C74 
 1758      5F70696E 
 1759              	.LASF60:
 1760 0547 75387838 		.ascii	"u8x8_msg_cb\000"
 1760      5F6D7367 
 1760      5F636200 
 1761              	.LASF69:
 1762 0553 6C696E65 		.ascii	"line_height_offset\000"
 1762      5F686569 
 1762      6768745F 
 1762      6F666673 
 1762      657400
 1763              	.LASF20:
 1764 0566 6E657874 		.ascii	"next_cb\000"
 1764      5F636200 
 1765              	.LASF44:
 1766 056e 7072655F 		.ascii	"pre_chip_disable_wait_ns\000"
 1766      63686970 
 1766      5F646973 
 1766      61626C65 
 1766      5F776169 
 1767              		.ident	"GCC: (GNU Tools for ARM Embedded Processors) 5.4.1 20160609 (release) [ARM/embedded-5-bran
