ARM GAS  C:\Users\brian\AppData\Local\Temp\ccNquUH9.s 			page 1


   1              		.syntax unified
   2              		.cpu cortex-m3
   3              		.fpu softvfp
   4              		.eabi_attribute 20, 1
   5              		.eabi_attribute 21, 1
   6              		.eabi_attribute 23, 3
   7              		.eabi_attribute 24, 1
   8              		.eabi_attribute 25, 1
   9              		.eabi_attribute 26, 1
  10              		.eabi_attribute 30, 1
  11              		.eabi_attribute 34, 1
  12              		.eabi_attribute 18, 4
  13              		.thumb
  14              		.syntax unified
  15              		.file	"u8x8_d_ist3020.c"
  16              		.text
  17              	.Ltext0:
  18              		.cfi_sections	.debug_frame
  19              		.section	.text.u8x8_d_ist3020_erc19264,"ax",%progbits
  20              		.align	2
  21              		.global	u8x8_d_ist3020_erc19264
  22              		.thumb
  23              		.thumb_func
  24              		.type	u8x8_d_ist3020_erc19264, %function
  25              	u8x8_d_ist3020_erc19264:
  26              	.LFB0:
  27              		.file 1 "..\\u8g2\\csrc\\u8x8_d_ist3020.c"
   1:..\u8g2\csrc/u8x8_d_ist3020.c **** /*
   2:..\u8g2\csrc/u8x8_d_ist3020.c **** 
   3:..\u8g2\csrc/u8x8_d_ist3020.c ****   u8x8_d_ist3020.c
   4:..\u8g2\csrc/u8x8_d_ist3020.c ****   
   5:..\u8g2\csrc/u8x8_d_ist3020.c ****   Universal 8bit Graphics Library (https://github.com/olikraus/u8g2/)
   6:..\u8g2\csrc/u8x8_d_ist3020.c **** 
   7:..\u8g2\csrc/u8x8_d_ist3020.c ****   Copyright (c) 2017, olikraus@gmail.com
   8:..\u8g2\csrc/u8x8_d_ist3020.c ****   All rights reserved.
   9:..\u8g2\csrc/u8x8_d_ist3020.c **** 
  10:..\u8g2\csrc/u8x8_d_ist3020.c ****   Redistribution and use in source and binary forms, with or without modification, 
  11:..\u8g2\csrc/u8x8_d_ist3020.c ****   are permitted provided that the following conditions are met:
  12:..\u8g2\csrc/u8x8_d_ist3020.c **** 
  13:..\u8g2\csrc/u8x8_d_ist3020.c ****   * Redistributions of source code must retain the above copyright notice, this list 
  14:..\u8g2\csrc/u8x8_d_ist3020.c ****     of conditions and the following disclaimer.
  15:..\u8g2\csrc/u8x8_d_ist3020.c ****     
  16:..\u8g2\csrc/u8x8_d_ist3020.c ****   * Redistributions in binary form must reproduce the above copyright notice, this 
  17:..\u8g2\csrc/u8x8_d_ist3020.c ****     list of conditions and the following disclaimer in the documentation and/or other 
  18:..\u8g2\csrc/u8x8_d_ist3020.c ****     materials provided with the distribution.
  19:..\u8g2\csrc/u8x8_d_ist3020.c **** 
  20:..\u8g2\csrc/u8x8_d_ist3020.c ****   THIS SOFTWARE IS PROVIDED BY THE COPYRIGHT HOLDERS AND 
  21:..\u8g2\csrc/u8x8_d_ist3020.c ****   CONTRIBUTORS "AS IS" AND ANY EXPRESS OR IMPLIED WARRANTIES, 
  22:..\u8g2\csrc/u8x8_d_ist3020.c ****   INCLUDING, BUT NOT LIMITED TO, THE IMPLIED WARRANTIES OF 
  23:..\u8g2\csrc/u8x8_d_ist3020.c ****   MERCHANTABILITY AND FITNESS FOR A PARTICULAR PURPOSE ARE 
  24:..\u8g2\csrc/u8x8_d_ist3020.c ****   DISCLAIMED. IN NO EVENT SHALL THE COPYRIGHT HOLDER OR 
  25:..\u8g2\csrc/u8x8_d_ist3020.c ****   CONTRIBUTORS BE LIABLE FOR ANY DIRECT, INDIRECT, INCIDENTAL, 
  26:..\u8g2\csrc/u8x8_d_ist3020.c ****   SPECIAL, EXEMPLARY, OR CONSEQUENTIAL DAMAGES (INCLUDING, BUT 
  27:..\u8g2\csrc/u8x8_d_ist3020.c ****   NOT LIMITED TO, PROCUREMENT OF SUBSTITUTE GOODS OR SERVICES; 
  28:..\u8g2\csrc/u8x8_d_ist3020.c ****   LOSS OF USE, DATA, OR PROFITS; OR BUSINESS INTERRUPTION) HOWEVER 
  29:..\u8g2\csrc/u8x8_d_ist3020.c ****   CAUSED AND ON ANY THEORY OF LIABILITY, WHETHER IN CONTRACT, 
  30:..\u8g2\csrc/u8x8_d_ist3020.c ****   STRICT LIABILITY, OR TORT (INCLUDING NEGLIGENCE OR OTHERWISE) 
ARM GAS  C:\Users\brian\AppData\Local\Temp\ccNquUH9.s 			page 2


  31:..\u8g2\csrc/u8x8_d_ist3020.c ****   ARISING IN ANY WAY OUT OF THE USE OF THIS SOFTWARE, EVEN IF 
  32:..\u8g2\csrc/u8x8_d_ist3020.c ****   ADVISED OF THE POSSIBILITY OF SUCH DAMAGE.  
  33:..\u8g2\csrc/u8x8_d_ist3020.c **** 
  34:..\u8g2\csrc/u8x8_d_ist3020.c ****   
  35:..\u8g2\csrc/u8x8_d_ist3020.c **** */
  36:..\u8g2\csrc/u8x8_d_ist3020.c **** #include "u8x8.h"
  37:..\u8g2\csrc/u8x8_d_ist3020.c **** 
  38:..\u8g2\csrc/u8x8_d_ist3020.c **** 
  39:..\u8g2\csrc/u8x8_d_ist3020.c **** 
  40:..\u8g2\csrc/u8x8_d_ist3020.c **** 
  41:..\u8g2\csrc/u8x8_d_ist3020.c **** static const uint8_t u8x8_d_ist3020_erc19264_powersave0_seq[] = {
  42:..\u8g2\csrc/u8x8_d_ist3020.c ****   U8X8_START_TRANSFER(),             	/* enable chip, delay is part of the transfer start */
  43:..\u8g2\csrc/u8x8_d_ist3020.c ****   U8X8_C(0x0a4),		                /* all pixel off, issue 142 */
  44:..\u8g2\csrc/u8x8_d_ist3020.c ****   U8X8_C(0x0af),		                /* display on */
  45:..\u8g2\csrc/u8x8_d_ist3020.c ****   U8X8_END_TRANSFER(),             	/* disable chip */
  46:..\u8g2\csrc/u8x8_d_ist3020.c ****   U8X8_END()             			/* end of sequence */
  47:..\u8g2\csrc/u8x8_d_ist3020.c **** };
  48:..\u8g2\csrc/u8x8_d_ist3020.c **** 
  49:..\u8g2\csrc/u8x8_d_ist3020.c **** static const uint8_t u8x8_d_ist3020_erc19264_powersave1_seq[] = {
  50:..\u8g2\csrc/u8x8_d_ist3020.c ****   U8X8_START_TRANSFER(),             	/* enable chip, delay is part of the transfer start */
  51:..\u8g2\csrc/u8x8_d_ist3020.c ****   U8X8_C(0x0ae),		                /* display off */
  52:..\u8g2\csrc/u8x8_d_ist3020.c ****   U8X8_C(0x0a5),		                /* enter powersafe: all pixel on, issue 142 */
  53:..\u8g2\csrc/u8x8_d_ist3020.c ****   U8X8_END_TRANSFER(),             	/* disable chip */
  54:..\u8g2\csrc/u8x8_d_ist3020.c ****   U8X8_END()             			/* end of sequence */
  55:..\u8g2\csrc/u8x8_d_ist3020.c **** };
  56:..\u8g2\csrc/u8x8_d_ist3020.c **** 
  57:..\u8g2\csrc/u8x8_d_ist3020.c **** static const uint8_t u8x8_d_ist3020_erc19264_flip0_seq[] = {
  58:..\u8g2\csrc/u8x8_d_ist3020.c ****   U8X8_START_TRANSFER(),             	/* enable chip, delay is part of the transfer start */
  59:..\u8g2\csrc/u8x8_d_ist3020.c ****   U8X8_C(0x0a0),				/* segment remap a0/a1*/
  60:..\u8g2\csrc/u8x8_d_ist3020.c ****   U8X8_C(0x0c8),				/* c0: scan dir normal, c8: reverse */
  61:..\u8g2\csrc/u8x8_d_ist3020.c ****   U8X8_END_TRANSFER(),             	/* disable chip */
  62:..\u8g2\csrc/u8x8_d_ist3020.c ****   U8X8_END()             			/* end of sequence */
  63:..\u8g2\csrc/u8x8_d_ist3020.c **** };
  64:..\u8g2\csrc/u8x8_d_ist3020.c **** 
  65:..\u8g2\csrc/u8x8_d_ist3020.c **** static const uint8_t u8x8_d_ist3020_erc19264_flip1_seq[] = {
  66:..\u8g2\csrc/u8x8_d_ist3020.c ****   U8X8_START_TRANSFER(),             	/* enable chip, delay is part of the transfer start */
  67:..\u8g2\csrc/u8x8_d_ist3020.c ****   U8X8_C(0x0a1),				/* segment remap a0/a1*/
  68:..\u8g2\csrc/u8x8_d_ist3020.c ****   U8X8_C(0x0c0),				/* c0: scan dir normal, c8: reverse */
  69:..\u8g2\csrc/u8x8_d_ist3020.c ****   U8X8_END_TRANSFER(),             	/* disable chip */
  70:..\u8g2\csrc/u8x8_d_ist3020.c ****   U8X8_END()             			/* end of sequence */
  71:..\u8g2\csrc/u8x8_d_ist3020.c **** };
  72:..\u8g2\csrc/u8x8_d_ist3020.c **** 
  73:..\u8g2\csrc/u8x8_d_ist3020.c **** 
  74:..\u8g2\csrc/u8x8_d_ist3020.c **** static const u8x8_display_info_t u8x8_ist3020_erc19264_display_info =
  75:..\u8g2\csrc/u8x8_d_ist3020.c **** {
  76:..\u8g2\csrc/u8x8_d_ist3020.c ****   /* chip_enable_level = */ 0,
  77:..\u8g2\csrc/u8x8_d_ist3020.c ****   /* chip_disable_level = */ 1,
  78:..\u8g2\csrc/u8x8_d_ist3020.c ****   
  79:..\u8g2\csrc/u8x8_d_ist3020.c ****   /* post_chip_enable_wait_ns = */ 150,	/* IST3020 datasheet, page 56 */
  80:..\u8g2\csrc/u8x8_d_ist3020.c ****   /* pre_chip_disable_wait_ns = */ 150,	/* IST3020 datasheet, page 56 */
  81:..\u8g2\csrc/u8x8_d_ist3020.c ****   /* reset_pulse_width_ms = */ 1, 
  82:..\u8g2\csrc/u8x8_d_ist3020.c ****   /* post_reset_wait_ms = */ 1, 
  83:..\u8g2\csrc/u8x8_d_ist3020.c ****   /* sda_setup_time_ns = */ 100,		/* IST3020 datasheet, page 56 */
  84:..\u8g2\csrc/u8x8_d_ist3020.c ****   /* sck_pulse_width_ns = */ 100,	/* IST3020 datasheet, page 56 */
  85:..\u8g2\csrc/u8x8_d_ist3020.c ****   /* sck_clock_hz = */ 4000000UL,	/* */
  86:..\u8g2\csrc/u8x8_d_ist3020.c ****   /* spi_mode = */ 0,		/* active high, rising edge */
  87:..\u8g2\csrc/u8x8_d_ist3020.c ****   /* i2c_bus_clock_100kHz = */ 4,
ARM GAS  C:\Users\brian\AppData\Local\Temp\ccNquUH9.s 			page 3


  88:..\u8g2\csrc/u8x8_d_ist3020.c ****   /* data_setup_time_ns = */ 40,	/* IST3020 datasheet, page 54 */
  89:..\u8g2\csrc/u8x8_d_ist3020.c ****   /* write_pulse_width_ns = */ 60,	/* IST3020 datasheet, page 54 */
  90:..\u8g2\csrc/u8x8_d_ist3020.c ****   /* tile_width = */ 24,		/* width of 24*8=192 pixel */
  91:..\u8g2\csrc/u8x8_d_ist3020.c ****   /* tile_hight = */ 8,
  92:..\u8g2\csrc/u8x8_d_ist3020.c ****   /* default_x_offset = */ 0,
  93:..\u8g2\csrc/u8x8_d_ist3020.c ****   /* flipmode_x_offset = */ 64,
  94:..\u8g2\csrc/u8x8_d_ist3020.c ****   /* pixel_width = */ 192,
  95:..\u8g2\csrc/u8x8_d_ist3020.c ****   /* pixel_height = */ 64
  96:..\u8g2\csrc/u8x8_d_ist3020.c **** };
  97:..\u8g2\csrc/u8x8_d_ist3020.c **** 
  98:..\u8g2\csrc/u8x8_d_ist3020.c **** static const uint8_t u8x8_d_ist3020_erc19264_init_seq[] = {
  99:..\u8g2\csrc/u8x8_d_ist3020.c ****     
 100:..\u8g2\csrc/u8x8_d_ist3020.c ****   U8X8_START_TRANSFER(),             	/* enable chip, delay is part of the transfer start */
 101:..\u8g2\csrc/u8x8_d_ist3020.c ****   
 102:..\u8g2\csrc/u8x8_d_ist3020.c ****   U8X8_C(0x0e2),            			/* soft reset */
 103:..\u8g2\csrc/u8x8_d_ist3020.c ****   U8X8_C(0x0ab),            			/* build in osc on, used in ER code, but not mentioned in data sheet
 104:..\u8g2\csrc/u8x8_d_ist3020.c ****   U8X8_C(0x0ae),		                /* display off */
 105:..\u8g2\csrc/u8x8_d_ist3020.c ****   
 106:..\u8g2\csrc/u8x8_d_ist3020.c ****   U8X8_C(0x040),		                /* set display start line to 0 */
 107:..\u8g2\csrc/u8x8_d_ist3020.c ****   
 108:..\u8g2\csrc/u8x8_d_ist3020.c ****   U8X8_C(0x0a0),		                /* ADC set to reverse */
 109:..\u8g2\csrc/u8x8_d_ist3020.c ****   U8X8_C(0x0c8),		                /* common output mode */
 110:..\u8g2\csrc/u8x8_d_ist3020.c ****   // Flipmode
 111:..\u8g2\csrc/u8x8_d_ist3020.c ****   //U8X8_C(0x0a0),		                /* ADC set to reverse */
 112:..\u8g2\csrc/u8x8_d_ist3020.c ****   //U8X8_C(0x0c8),		                /* common output mode */
 113:..\u8g2\csrc/u8x8_d_ist3020.c ****   
 114:..\u8g2\csrc/u8x8_d_ist3020.c ****   U8X8_C(0x0a6),		                /* display normal, bit val 0: LCD pixel off. */
 115:..\u8g2\csrc/u8x8_d_ist3020.c ****   U8X8_C(0x0a3),		                /* FIX: LCD bias 1/7, old value was 1/9 (0x0a2) */
 116:..\u8g2\csrc/u8x8_d_ist3020.c ****   
 117:..\u8g2\csrc/u8x8_d_ist3020.c ****   U8X8_C(0x028|4),		                /* all power  control circuits on */
 118:..\u8g2\csrc/u8x8_d_ist3020.c ****   U8X8_DLY(50),
 119:..\u8g2\csrc/u8x8_d_ist3020.c ****   U8X8_C(0x028|6),		                /* all power  control circuits on */
 120:..\u8g2\csrc/u8x8_d_ist3020.c ****   U8X8_DLY(50),
 121:..\u8g2\csrc/u8x8_d_ist3020.c ****   U8X8_C(0x028|7),		                /* all power  control circuits on */
 122:..\u8g2\csrc/u8x8_d_ist3020.c ****   U8X8_DLY(50),
 123:..\u8g2\csrc/u8x8_d_ist3020.c ****   
 124:..\u8g2\csrc/u8x8_d_ist3020.c ****   U8X8_C(0x020),		                /* v0 voltage resistor ratio */
 125:..\u8g2\csrc/u8x8_d_ist3020.c ****   U8X8_CA(0x081, 0x019),		/* set contrast, contrast value (from ER code: 45) */
 126:..\u8g2\csrc/u8x8_d_ist3020.c ****   
 127:..\u8g2\csrc/u8x8_d_ist3020.c ****   U8X8_C(0x0ae),		                /* display off */
 128:..\u8g2\csrc/u8x8_d_ist3020.c ****   U8X8_C(0x0a5),		                /* enter powersafe: all pixel on, issue 142 */
 129:..\u8g2\csrc/u8x8_d_ist3020.c ****    
 130:..\u8g2\csrc/u8x8_d_ist3020.c ****   U8X8_END_TRANSFER(),             	/* disable chip */
 131:..\u8g2\csrc/u8x8_d_ist3020.c ****   U8X8_END()             			/* end of sequence */
 132:..\u8g2\csrc/u8x8_d_ist3020.c **** };
 133:..\u8g2\csrc/u8x8_d_ist3020.c **** 
 134:..\u8g2\csrc/u8x8_d_ist3020.c **** uint8_t u8x8_d_ist3020_erc19264(u8x8_t *u8x8, uint8_t msg, uint8_t arg_int, void *arg_ptr)
 135:..\u8g2\csrc/u8x8_d_ist3020.c **** {
  28              		.loc 1 135 0
  29              		.cfi_startproc
  30              		@ args = 0, pretend = 0, frame = 0
  31              		@ frame_needed = 0, uses_anonymous_args = 0
  32              	.LVL0:
  33 0000 F8B5     		push	{r3, r4, r5, r6, r7, lr}
  34              		.cfi_def_cfa_offset 24
  35              		.cfi_offset 3, -24
  36              		.cfi_offset 4, -20
ARM GAS  C:\Users\brian\AppData\Local\Temp\ccNquUH9.s 			page 4


  37              		.cfi_offset 5, -16
  38              		.cfi_offset 6, -12
  39              		.cfi_offset 7, -8
  40              		.cfi_offset 14, -4
  41 0002 0546     		mov	r5, r0
  42 0004 1446     		mov	r4, r2
  43 0006 1F46     		mov	r7, r3
 136:..\u8g2\csrc/u8x8_d_ist3020.c ****   uint8_t x, c;
 137:..\u8g2\csrc/u8x8_d_ist3020.c ****   uint8_t *ptr;
 138:..\u8g2\csrc/u8x8_d_ist3020.c ****   switch(msg)
  44              		.loc 1 138 0
  45 0008 0939     		subs	r1, r1, #9
  46              	.LVL1:
  47 000a 0629     		cmp	r1, #6
  48 000c 6BD8     		bhi	.L13
  49 000e DFE801F0 		tbb	[pc, r1]
  50              	.LVL2:
  51              	.L4:
  52 0012 04       		.byte	(.L3-.L4)/2
  53 0013 09       		.byte	(.L5-.L4)/2
  54 0014 11       		.byte	(.L6-.L4)/2
  55 0015 6A       		.byte	(.L13-.L4)/2
  56 0016 1C       		.byte	(.L7-.L4)/2
  57 0017 2F       		.byte	(.L8-.L4)/2
  58 0018 3E       		.byte	(.L9-.L4)/2
  59 0019 00       		.p2align 1
  60              	.L3:
 139:..\u8g2\csrc/u8x8_d_ist3020.c ****   {
 140:..\u8g2\csrc/u8x8_d_ist3020.c ****     case U8X8_MSG_DISPLAY_SETUP_MEMORY:
 141:..\u8g2\csrc/u8x8_d_ist3020.c ****       u8x8_d_helper_display_setup_memory(u8x8, &u8x8_ist3020_erc19264_display_info);
  61              		.loc 1 141 0
  62 001a 3449     		ldr	r1, .L15
  63 001c FFF7FEFF 		bl	u8x8_d_helper_display_setup_memory
  64              	.LVL3:
 142:..\u8g2\csrc/u8x8_d_ist3020.c ****       break;
 143:..\u8g2\csrc/u8x8_d_ist3020.c ****     case U8X8_MSG_DISPLAY_INIT:
 144:..\u8g2\csrc/u8x8_d_ist3020.c ****       u8x8_d_helper_display_init(u8x8);
 145:..\u8g2\csrc/u8x8_d_ist3020.c ****       u8x8_cad_SendSequence(u8x8, u8x8_d_ist3020_erc19264_init_seq);
 146:..\u8g2\csrc/u8x8_d_ist3020.c ****       break;
 147:..\u8g2\csrc/u8x8_d_ist3020.c ****     case U8X8_MSG_DISPLAY_SET_POWER_SAVE:
 148:..\u8g2\csrc/u8x8_d_ist3020.c ****       if ( arg_int == 0 )
 149:..\u8g2\csrc/u8x8_d_ist3020.c **** 	u8x8_cad_SendSequence(u8x8, u8x8_d_ist3020_erc19264_powersave0_seq);
 150:..\u8g2\csrc/u8x8_d_ist3020.c ****       else
 151:..\u8g2\csrc/u8x8_d_ist3020.c **** 	u8x8_cad_SendSequence(u8x8, u8x8_d_ist3020_erc19264_powersave1_seq);
 152:..\u8g2\csrc/u8x8_d_ist3020.c ****       break;
 153:..\u8g2\csrc/u8x8_d_ist3020.c ****     case U8X8_MSG_DISPLAY_SET_FLIP_MODE:
 154:..\u8g2\csrc/u8x8_d_ist3020.c ****       if ( arg_int == 0 )
 155:..\u8g2\csrc/u8x8_d_ist3020.c ****       {
 156:..\u8g2\csrc/u8x8_d_ist3020.c **** 	u8x8_cad_SendSequence(u8x8, u8x8_d_ist3020_erc19264_flip0_seq);
 157:..\u8g2\csrc/u8x8_d_ist3020.c **** 	u8x8->x_offset = u8x8->display_info->default_x_offset;
 158:..\u8g2\csrc/u8x8_d_ist3020.c ****       }
 159:..\u8g2\csrc/u8x8_d_ist3020.c ****       else
 160:..\u8g2\csrc/u8x8_d_ist3020.c ****       {
 161:..\u8g2\csrc/u8x8_d_ist3020.c **** 	u8x8_cad_SendSequence(u8x8, u8x8_d_ist3020_erc19264_flip1_seq);
 162:..\u8g2\csrc/u8x8_d_ist3020.c **** 	u8x8->x_offset = u8x8->display_info->flipmode_x_offset;
 163:..\u8g2\csrc/u8x8_d_ist3020.c ****       }	
 164:..\u8g2\csrc/u8x8_d_ist3020.c ****       break;
ARM GAS  C:\Users\brian\AppData\Local\Temp\ccNquUH9.s 			page 5


 165:..\u8g2\csrc/u8x8_d_ist3020.c **** #ifdef U8X8_WITH_SET_CONTRAST
 166:..\u8g2\csrc/u8x8_d_ist3020.c ****     case U8X8_MSG_DISPLAY_SET_CONTRAST:
 167:..\u8g2\csrc/u8x8_d_ist3020.c ****       u8x8_cad_StartTransfer(u8x8);
 168:..\u8g2\csrc/u8x8_d_ist3020.c ****       u8x8_cad_SendCmd(u8x8, 0x081 );
 169:..\u8g2\csrc/u8x8_d_ist3020.c ****       u8x8_cad_SendArg(u8x8, arg_int >> 2 );	/* st7567 has range from 0 to 63 */
 170:..\u8g2\csrc/u8x8_d_ist3020.c ****       u8x8_cad_EndTransfer(u8x8);
 171:..\u8g2\csrc/u8x8_d_ist3020.c ****       break;
 172:..\u8g2\csrc/u8x8_d_ist3020.c **** #endif
 173:..\u8g2\csrc/u8x8_d_ist3020.c ****     case U8X8_MSG_DISPLAY_DRAW_TILE:
 174:..\u8g2\csrc/u8x8_d_ist3020.c ****       u8x8_cad_StartTransfer(u8x8);
 175:..\u8g2\csrc/u8x8_d_ist3020.c ****     
 176:..\u8g2\csrc/u8x8_d_ist3020.c ****       x = ((u8x8_tile_t *)arg_ptr)->x_pos;
 177:..\u8g2\csrc/u8x8_d_ist3020.c ****       x *= 8;
 178:..\u8g2\csrc/u8x8_d_ist3020.c ****       x += u8x8->x_offset;
 179:..\u8g2\csrc/u8x8_d_ist3020.c ****       u8x8_cad_SendCmd(u8x8, 0x010 | (x>>4) );
 180:..\u8g2\csrc/u8x8_d_ist3020.c ****       u8x8_cad_SendCmd(u8x8, 0x000 | ((x&15)));
 181:..\u8g2\csrc/u8x8_d_ist3020.c ****       u8x8_cad_SendCmd(u8x8, 0x0b0 | (((u8x8_tile_t *)arg_ptr)->y_pos));
 182:..\u8g2\csrc/u8x8_d_ist3020.c ****     
 183:..\u8g2\csrc/u8x8_d_ist3020.c ****       c = ((u8x8_tile_t *)arg_ptr)->cnt;
 184:..\u8g2\csrc/u8x8_d_ist3020.c ****       c *= 8;
 185:..\u8g2\csrc/u8x8_d_ist3020.c ****       ptr = ((u8x8_tile_t *)arg_ptr)->tile_ptr;
 186:..\u8g2\csrc/u8x8_d_ist3020.c ****       do
 187:..\u8g2\csrc/u8x8_d_ist3020.c ****       {
 188:..\u8g2\csrc/u8x8_d_ist3020.c **** 	u8x8_cad_SendData(u8x8, c, ptr);	/* note: SendData can not handle more than 255 bytes */
 189:..\u8g2\csrc/u8x8_d_ist3020.c **** 	arg_int--;
 190:..\u8g2\csrc/u8x8_d_ist3020.c ****       } while( arg_int > 0 );
 191:..\u8g2\csrc/u8x8_d_ist3020.c ****       
 192:..\u8g2\csrc/u8x8_d_ist3020.c ****       u8x8_cad_EndTransfer(u8x8);
 193:..\u8g2\csrc/u8x8_d_ist3020.c ****       break;
 194:..\u8g2\csrc/u8x8_d_ist3020.c ****     default:
 195:..\u8g2\csrc/u8x8_d_ist3020.c ****       return 0;
 196:..\u8g2\csrc/u8x8_d_ist3020.c ****   }
 197:..\u8g2\csrc/u8x8_d_ist3020.c ****   return 1;
  65              		.loc 1 197 0
  66 0020 0120     		movs	r0, #1
 142:..\u8g2\csrc/u8x8_d_ist3020.c ****       break;
  67              		.loc 1 142 0
  68 0022 F8BD     		pop	{r3, r4, r5, r6, r7, pc}
  69              	.LVL4:
  70              	.L5:
 144:..\u8g2\csrc/u8x8_d_ist3020.c ****       u8x8_cad_SendSequence(u8x8, u8x8_d_ist3020_erc19264_init_seq);
  71              		.loc 1 144 0
  72 0024 FFF7FEFF 		bl	u8x8_d_helper_display_init
  73              	.LVL5:
 145:..\u8g2\csrc/u8x8_d_ist3020.c ****       break;
  74              		.loc 1 145 0
  75 0028 3149     		ldr	r1, .L15+4
  76 002a 2846     		mov	r0, r5
  77 002c FFF7FEFF 		bl	u8x8_cad_SendSequence
  78              	.LVL6:
  79              		.loc 1 197 0
  80 0030 0120     		movs	r0, #1
 146:..\u8g2\csrc/u8x8_d_ist3020.c ****     case U8X8_MSG_DISPLAY_SET_POWER_SAVE:
  81              		.loc 1 146 0
  82 0032 F8BD     		pop	{r3, r4, r5, r6, r7, pc}
  83              	.LVL7:
  84              	.L6:
ARM GAS  C:\Users\brian\AppData\Local\Temp\ccNquUH9.s 			page 6


 148:..\u8g2\csrc/u8x8_d_ist3020.c **** 	u8x8_cad_SendSequence(u8x8, u8x8_d_ist3020_erc19264_powersave0_seq);
  85              		.loc 1 148 0
  86 0034 22B9     		cbnz	r2, .L10
 149:..\u8g2\csrc/u8x8_d_ist3020.c ****       else
  87              		.loc 1 149 0
  88 0036 2F49     		ldr	r1, .L15+8
  89 0038 FFF7FEFF 		bl	u8x8_cad_SendSequence
  90              	.LVL8:
  91              		.loc 1 197 0
  92 003c 0120     		movs	r0, #1
  93 003e F8BD     		pop	{r3, r4, r5, r6, r7, pc}
  94              	.LVL9:
  95              	.L10:
 151:..\u8g2\csrc/u8x8_d_ist3020.c ****       break;
  96              		.loc 1 151 0
  97 0040 2D49     		ldr	r1, .L15+12
  98 0042 FFF7FEFF 		bl	u8x8_cad_SendSequence
  99              	.LVL10:
 100              		.loc 1 197 0
 101 0046 0120     		movs	r0, #1
 102 0048 F8BD     		pop	{r3, r4, r5, r6, r7, pc}
 103              	.LVL11:
 104              	.L7:
 154:..\u8g2\csrc/u8x8_d_ist3020.c ****       {
 105              		.loc 1 154 0
 106 004a 42B9     		cbnz	r2, .L11
 156:..\u8g2\csrc/u8x8_d_ist3020.c **** 	u8x8->x_offset = u8x8->display_info->default_x_offset;
 107              		.loc 1 156 0
 108 004c 2B49     		ldr	r1, .L15+16
 109 004e FFF7FEFF 		bl	u8x8_cad_SendSequence
 110              	.LVL12:
 157:..\u8g2\csrc/u8x8_d_ist3020.c ****       }
 111              		.loc 1 157 0
 112 0052 2B68     		ldr	r3, [r5]
 113 0054 9B7C     		ldrb	r3, [r3, #18]	@ zero_extendqisi2
 114 0056 85F82230 		strb	r3, [r5, #34]
 115              		.loc 1 197 0
 116 005a 0120     		movs	r0, #1
 117 005c F8BD     		pop	{r3, r4, r5, r6, r7, pc}
 118              	.LVL13:
 119              	.L11:
 161:..\u8g2\csrc/u8x8_d_ist3020.c **** 	u8x8->x_offset = u8x8->display_info->flipmode_x_offset;
 120              		.loc 1 161 0
 121 005e 2849     		ldr	r1, .L15+20
 122 0060 FFF7FEFF 		bl	u8x8_cad_SendSequence
 123              	.LVL14:
 162:..\u8g2\csrc/u8x8_d_ist3020.c ****       }	
 124              		.loc 1 162 0
 125 0064 2B68     		ldr	r3, [r5]
 126 0066 DB7C     		ldrb	r3, [r3, #19]	@ zero_extendqisi2
 127 0068 85F82230 		strb	r3, [r5, #34]
 128              		.loc 1 197 0
 129 006c 0120     		movs	r0, #1
 130 006e F8BD     		pop	{r3, r4, r5, r6, r7, pc}
 131              	.LVL15:
 132              	.L8:
 167:..\u8g2\csrc/u8x8_d_ist3020.c ****       u8x8_cad_SendCmd(u8x8, 0x081 );
ARM GAS  C:\Users\brian\AppData\Local\Temp\ccNquUH9.s 			page 7


 133              		.loc 1 167 0
 134 0070 FFF7FEFF 		bl	u8x8_cad_StartTransfer
 135              	.LVL16:
 168:..\u8g2\csrc/u8x8_d_ist3020.c ****       u8x8_cad_SendArg(u8x8, arg_int >> 2 );	/* st7567 has range from 0 to 63 */
 136              		.loc 1 168 0
 137 0074 8121     		movs	r1, #129
 138 0076 2846     		mov	r0, r5
 139 0078 FFF7FEFF 		bl	u8x8_cad_SendCmd
 140              	.LVL17:
 169:..\u8g2\csrc/u8x8_d_ist3020.c ****       u8x8_cad_EndTransfer(u8x8);
 141              		.loc 1 169 0
 142 007c A108     		lsrs	r1, r4, #2
 143 007e 2846     		mov	r0, r5
 144 0080 FFF7FEFF 		bl	u8x8_cad_SendArg
 145              	.LVL18:
 170:..\u8g2\csrc/u8x8_d_ist3020.c ****       break;
 146              		.loc 1 170 0
 147 0084 2846     		mov	r0, r5
 148 0086 FFF7FEFF 		bl	u8x8_cad_EndTransfer
 149              	.LVL19:
 150              		.loc 1 197 0
 151 008a 0120     		movs	r0, #1
 171:..\u8g2\csrc/u8x8_d_ist3020.c **** #endif
 152              		.loc 1 171 0
 153 008c F8BD     		pop	{r3, r4, r5, r6, r7, pc}
 154              	.LVL20:
 155              	.L9:
 174:..\u8g2\csrc/u8x8_d_ist3020.c ****     
 156              		.loc 1 174 0
 157 008e FFF7FEFF 		bl	u8x8_cad_StartTransfer
 158              	.LVL21:
 176:..\u8g2\csrc/u8x8_d_ist3020.c ****       x *= 8;
 159              		.loc 1 176 0
 160 0092 7E79     		ldrb	r6, [r7, #5]	@ zero_extendqisi2
 161              	.LVL22:
 177:..\u8g2\csrc/u8x8_d_ist3020.c ****       x += u8x8->x_offset;
 162              		.loc 1 177 0
 163 0094 F600     		lsls	r6, r6, #3
 164              	.LVL23:
 165 0096 F6B2     		uxtb	r6, r6
 166              	.LVL24:
 178:..\u8g2\csrc/u8x8_d_ist3020.c ****       u8x8_cad_SendCmd(u8x8, 0x010 | (x>>4) );
 167              		.loc 1 178 0
 168 0098 95F82230 		ldrb	r3, [r5, #34]	@ zero_extendqisi2
 169 009c 1E44     		add	r6, r6, r3
 170              	.LVL25:
 171 009e F6B2     		uxtb	r6, r6
 172              	.LVL26:
 179:..\u8g2\csrc/u8x8_d_ist3020.c ****       u8x8_cad_SendCmd(u8x8, 0x000 | ((x&15)));
 173              		.loc 1 179 0
 174 00a0 3109     		lsrs	r1, r6, #4
 175 00a2 41F01001 		orr	r1, r1, #16
 176 00a6 2846     		mov	r0, r5
 177 00a8 FFF7FEFF 		bl	u8x8_cad_SendCmd
 178              	.LVL27:
 180:..\u8g2\csrc/u8x8_d_ist3020.c ****       u8x8_cad_SendCmd(u8x8, 0x0b0 | (((u8x8_tile_t *)arg_ptr)->y_pos));
 179              		.loc 1 180 0
ARM GAS  C:\Users\brian\AppData\Local\Temp\ccNquUH9.s 			page 8


 180 00ac 06F00F01 		and	r1, r6, #15
 181 00b0 2846     		mov	r0, r5
 182 00b2 FFF7FEFF 		bl	u8x8_cad_SendCmd
 183              	.LVL28:
 181:..\u8g2\csrc/u8x8_d_ist3020.c ****     
 184              		.loc 1 181 0
 185 00b6 B979     		ldrb	r1, [r7, #6]	@ zero_extendqisi2
 186 00b8 41F0B001 		orr	r1, r1, #176
 187 00bc 2846     		mov	r0, r5
 188 00be FFF7FEFF 		bl	u8x8_cad_SendCmd
 189              	.LVL29:
 183:..\u8g2\csrc/u8x8_d_ist3020.c ****       c *= 8;
 190              		.loc 1 183 0
 191 00c2 3E79     		ldrb	r6, [r7, #4]	@ zero_extendqisi2
 192              	.LVL30:
 184:..\u8g2\csrc/u8x8_d_ist3020.c ****       ptr = ((u8x8_tile_t *)arg_ptr)->tile_ptr;
 193              		.loc 1 184 0
 194 00c4 F600     		lsls	r6, r6, #3
 195              	.LVL31:
 196 00c6 F6B2     		uxtb	r6, r6
 197              	.LVL32:
 185:..\u8g2\csrc/u8x8_d_ist3020.c ****       do
 198              		.loc 1 185 0
 199 00c8 3F68     		ldr	r7, [r7]
 200              	.LVL33:
 201              	.L12:
 188:..\u8g2\csrc/u8x8_d_ist3020.c **** 	arg_int--;
 202              		.loc 1 188 0 discriminator 1
 203 00ca 3A46     		mov	r2, r7
 204 00cc 3146     		mov	r1, r6
 205 00ce 2846     		mov	r0, r5
 206 00d0 FFF7FEFF 		bl	u8x8_cad_SendData
 207              	.LVL34:
 189:..\u8g2\csrc/u8x8_d_ist3020.c ****       } while( arg_int > 0 );
 208              		.loc 1 189 0 discriminator 1
 209 00d4 621E     		subs	r2, r4, #1
 210              	.LVL35:
 190:..\u8g2\csrc/u8x8_d_ist3020.c ****       
 211              		.loc 1 190 0 discriminator 1
 212 00d6 12F0FF04 		ands	r4, r2, #255
 213 00da F6D1     		bne	.L12
 192:..\u8g2\csrc/u8x8_d_ist3020.c ****       break;
 214              		.loc 1 192 0
 215 00dc 2846     		mov	r0, r5
 216 00de FFF7FEFF 		bl	u8x8_cad_EndTransfer
 217              	.LVL36:
 218              		.loc 1 197 0
 219 00e2 0120     		movs	r0, #1
 193:..\u8g2\csrc/u8x8_d_ist3020.c ****     default:
 220              		.loc 1 193 0
 221 00e4 F8BD     		pop	{r3, r4, r5, r6, r7, pc}
 222              	.LVL37:
 223              	.L13:
 195:..\u8g2\csrc/u8x8_d_ist3020.c ****   }
 224              		.loc 1 195 0
 225 00e6 0020     		movs	r0, #0
 226              	.LVL38:
ARM GAS  C:\Users\brian\AppData\Local\Temp\ccNquUH9.s 			page 9


 198:..\u8g2\csrc/u8x8_d_ist3020.c **** }
 227              		.loc 1 198 0
 228 00e8 F8BD     		pop	{r3, r4, r5, r6, r7, pc}
 229              	.LVL39:
 230              	.L16:
 231 00ea 00BF     		.align	2
 232              	.L15:
 233 00ec 00000000 		.word	.LANCHOR0
 234 00f0 18000000 		.word	.LANCHOR0+24
 235 00f4 44000000 		.word	.LANCHOR0+68
 236 00f8 4C000000 		.word	.LANCHOR0+76
 237 00fc 54000000 		.word	.LANCHOR0+84
 238 0100 5C000000 		.word	.LANCHOR0+92
 239              		.cfi_endproc
 240              	.LFE0:
 241              		.size	u8x8_d_ist3020_erc19264, .-u8x8_d_ist3020_erc19264
 242              		.section	.rodata
 243              		.align	2
 244              		.set	.LANCHOR0,. + 0
 245              		.type	u8x8_ist3020_erc19264_display_info, %object
 246              		.size	u8x8_ist3020_erc19264_display_info, 24
 247              	u8x8_ist3020_erc19264_display_info:
 248 0000 00       		.byte	0
 249 0001 01       		.byte	1
 250 0002 96       		.byte	-106
 251 0003 96       		.byte	-106
 252 0004 01       		.byte	1
 253 0005 01       		.byte	1
 254 0006 64       		.byte	100
 255 0007 64       		.byte	100
 256 0008 00093D00 		.word	4000000
 257 000c 00       		.byte	0
 258 000d 04       		.byte	4
 259 000e 28       		.byte	40
 260 000f 3C       		.byte	60
 261 0010 18       		.byte	24
 262 0011 08       		.byte	8
 263 0012 00       		.byte	0
 264 0013 40       		.byte	64
 265 0014 C000     		.short	192
 266 0016 4000     		.short	64
 267              		.type	u8x8_d_ist3020_erc19264_init_seq, %object
 268              		.size	u8x8_d_ist3020_erc19264_init_seq, 41
 269              	u8x8_d_ist3020_erc19264_init_seq:
 270 0018 18       		.byte	24
 271 0019 15       		.byte	21
 272 001a E2       		.byte	-30
 273 001b 15       		.byte	21
 274 001c AB       		.byte	-85
 275 001d 15       		.byte	21
 276 001e AE       		.byte	-82
 277 001f 15       		.byte	21
 278 0020 40       		.byte	64
 279 0021 15       		.byte	21
 280 0022 A0       		.byte	-96
 281 0023 15       		.byte	21
 282 0024 C8       		.byte	-56
ARM GAS  C:\Users\brian\AppData\Local\Temp\ccNquUH9.s 			page 10


 283 0025 15       		.byte	21
 284 0026 A6       		.byte	-90
 285 0027 15       		.byte	21
 286 0028 A3       		.byte	-93
 287 0029 15       		.byte	21
 288 002a 2C       		.byte	44
 289 002b FE       		.byte	-2
 290 002c 32       		.byte	50
 291 002d 15       		.byte	21
 292 002e 2E       		.byte	46
 293 002f FE       		.byte	-2
 294 0030 32       		.byte	50
 295 0031 15       		.byte	21
 296 0032 2F       		.byte	47
 297 0033 FE       		.byte	-2
 298 0034 32       		.byte	50
 299 0035 15       		.byte	21
 300 0036 20       		.byte	32
 301 0037 15       		.byte	21
 302 0038 81       		.byte	-127
 303 0039 16       		.byte	22
 304 003a 19       		.byte	25
 305 003b 15       		.byte	21
 306 003c AE       		.byte	-82
 307 003d 15       		.byte	21
 308 003e A5       		.byte	-91
 309 003f 19       		.byte	25
 310 0040 FF       		.byte	-1
 311 0041 000000   		.space	3
 312              		.type	u8x8_d_ist3020_erc19264_powersave0_seq, %object
 313              		.size	u8x8_d_ist3020_erc19264_powersave0_seq, 7
 314              	u8x8_d_ist3020_erc19264_powersave0_seq:
 315 0044 18       		.byte	24
 316 0045 15       		.byte	21
 317 0046 A4       		.byte	-92
 318 0047 15       		.byte	21
 319 0048 AF       		.byte	-81
 320 0049 19       		.byte	25
 321 004a FF       		.byte	-1
 322 004b 00       		.space	1
 323              		.type	u8x8_d_ist3020_erc19264_powersave1_seq, %object
 324              		.size	u8x8_d_ist3020_erc19264_powersave1_seq, 7
 325              	u8x8_d_ist3020_erc19264_powersave1_seq:
 326 004c 18       		.byte	24
 327 004d 15       		.byte	21
 328 004e AE       		.byte	-82
 329 004f 15       		.byte	21
 330 0050 A5       		.byte	-91
 331 0051 19       		.byte	25
 332 0052 FF       		.byte	-1
 333 0053 00       		.space	1
 334              		.type	u8x8_d_ist3020_erc19264_flip0_seq, %object
 335              		.size	u8x8_d_ist3020_erc19264_flip0_seq, 7
 336              	u8x8_d_ist3020_erc19264_flip0_seq:
 337 0054 18       		.byte	24
 338 0055 15       		.byte	21
 339 0056 A0       		.byte	-96
ARM GAS  C:\Users\brian\AppData\Local\Temp\ccNquUH9.s 			page 11


 340 0057 15       		.byte	21
 341 0058 C8       		.byte	-56
 342 0059 19       		.byte	25
 343 005a FF       		.byte	-1
 344 005b 00       		.space	1
 345              		.type	u8x8_d_ist3020_erc19264_flip1_seq, %object
 346              		.size	u8x8_d_ist3020_erc19264_flip1_seq, 7
 347              	u8x8_d_ist3020_erc19264_flip1_seq:
 348 005c 18       		.byte	24
 349 005d 15       		.byte	21
 350 005e A1       		.byte	-95
 351 005f 15       		.byte	21
 352 0060 C0       		.byte	-64
 353 0061 19       		.byte	25
 354 0062 FF       		.byte	-1
 355              		.text
 356              	.Letext0:
 357              		.file 2 "c:\\program files (x86)\\cypress\\psoc creator\\4.4\\psoc creator\\import\\gnu\\arm\\5.4.
 358              		.file 3 "c:\\program files (x86)\\cypress\\psoc creator\\4.4\\psoc creator\\import\\gnu\\arm\\5.4.
 359              		.file 4 "..\\u8g2\\csrc\\u8x8.h"
 360              		.section	.debug_info,"",%progbits
 361              	.Ldebug_info0:
 362 0000 7F060000 		.4byte	0x67f
 363 0004 0400     		.2byte	0x4
 364 0006 00000000 		.4byte	.Ldebug_abbrev0
 365 000a 04       		.byte	0x4
 366 000b 01       		.uleb128 0x1
 367 000c 46050000 		.4byte	.LASF83
 368 0010 0C       		.byte	0xc
 369 0011 8F010000 		.4byte	.LASF84
 370 0015 23010000 		.4byte	.LASF85
 371 0019 00000000 		.4byte	.Ldebug_ranges0+0
 372 001d 00000000 		.4byte	0
 373 0021 00000000 		.4byte	.Ldebug_line0
 374 0025 02       		.uleb128 0x2
 375 0026 01       		.byte	0x1
 376 0027 06       		.byte	0x6
 377 0028 11030000 		.4byte	.LASF0
 378 002c 03       		.uleb128 0x3
 379 002d BE020000 		.4byte	.LASF3
 380 0031 02       		.byte	0x2
 381 0032 1D       		.byte	0x1d
 382 0033 37000000 		.4byte	0x37
 383 0037 02       		.uleb128 0x2
 384 0038 01       		.byte	0x1
 385 0039 08       		.byte	0x8
 386 003a 03030000 		.4byte	.LASF1
 387 003e 02       		.uleb128 0x2
 388 003f 02       		.byte	0x2
 389 0040 05       		.byte	0x5
 390 0041 81000000 		.4byte	.LASF2
 391 0045 03       		.uleb128 0x3
 392 0046 E1000000 		.4byte	.LASF4
 393 004a 02       		.byte	0x2
 394 004b 2B       		.byte	0x2b
 395 004c 50000000 		.4byte	0x50
 396 0050 02       		.uleb128 0x2
ARM GAS  C:\Users\brian\AppData\Local\Temp\ccNquUH9.s 			page 12


 397 0051 02       		.byte	0x2
 398 0052 07       		.byte	0x7
 399 0053 D2030000 		.4byte	.LASF5
 400 0057 02       		.uleb128 0x2
 401 0058 04       		.byte	0x4
 402 0059 05       		.byte	0x5
 403 005a 70020000 		.4byte	.LASF6
 404 005e 03       		.uleb128 0x3
 405 005f D6000000 		.4byte	.LASF7
 406 0063 02       		.byte	0x2
 407 0064 41       		.byte	0x41
 408 0065 69000000 		.4byte	0x69
 409 0069 02       		.uleb128 0x2
 410 006a 04       		.byte	0x4
 411 006b 07       		.byte	0x7
 412 006c 77040000 		.4byte	.LASF8
 413 0070 02       		.uleb128 0x2
 414 0071 08       		.byte	0x8
 415 0072 05       		.byte	0x5
 416 0073 17020000 		.4byte	.LASF9
 417 0077 02       		.uleb128 0x2
 418 0078 08       		.byte	0x8
 419 0079 07       		.byte	0x7
 420 007a 1D030000 		.4byte	.LASF10
 421 007e 04       		.uleb128 0x4
 422 007f 04       		.byte	0x4
 423 0080 05       		.byte	0x5
 424 0081 696E7400 		.ascii	"int\000"
 425 0085 02       		.uleb128 0x2
 426 0086 04       		.byte	0x4
 427 0087 07       		.byte	0x7
 428 0088 4E030000 		.4byte	.LASF11
 429 008c 03       		.uleb128 0x3
 430 008d 6E010000 		.4byte	.LASF12
 431 0091 03       		.byte	0x3
 432 0092 18       		.byte	0x18
 433 0093 2C000000 		.4byte	0x2c
 434 0097 03       		.uleb128 0x3
 435 0098 5B030000 		.4byte	.LASF13
 436 009c 03       		.byte	0x3
 437 009d 24       		.byte	0x24
 438 009e 45000000 		.4byte	0x45
 439 00a2 03       		.uleb128 0x3
 440 00a3 34030000 		.4byte	.LASF14
 441 00a7 03       		.byte	0x3
 442 00a8 30       		.byte	0x30
 443 00a9 5E000000 		.4byte	0x5e
 444 00ad 05       		.uleb128 0x5
 445 00ae 04       		.byte	0x4
 446 00af 02       		.uleb128 0x2
 447 00b0 08       		.byte	0x8
 448 00b1 04       		.byte	0x4
 449 00b2 EB020000 		.4byte	.LASF15
 450 00b6 03       		.uleb128 0x3
 451 00b7 A9030000 		.4byte	.LASF16
 452 00bb 04       		.byte	0x4
 453 00bc CD       		.byte	0xcd
ARM GAS  C:\Users\brian\AppData\Local\Temp\ccNquUH9.s 			page 13


 454 00bd C1000000 		.4byte	0xc1
 455 00c1 06       		.uleb128 0x6
 456 00c2 43040000 		.4byte	.LASF37
 457 00c6 2C       		.byte	0x2c
 458 00c7 04       		.byte	0x4
 459 00c8 5001     		.2byte	0x150
 460 00ca C6010000 		.4byte	0x1c6
 461 00ce 07       		.uleb128 0x7
 462 00cf 12040000 		.4byte	.LASF17
 463 00d3 04       		.byte	0x4
 464 00d4 5201     		.2byte	0x152
 465 00d6 74030000 		.4byte	0x374
 466 00da 00       		.byte	0
 467 00db 07       		.uleb128 0x7
 468 00dc FB050000 		.4byte	.LASF18
 469 00e0 04       		.byte	0x4
 470 00e1 5301     		.2byte	0x153
 471 00e3 49030000 		.4byte	0x349
 472 00e7 04       		.byte	0x4
 473 00e8 07       		.uleb128 0x7
 474 00e9 C8020000 		.4byte	.LASF19
 475 00ed 04       		.byte	0x4
 476 00ee 5401     		.2byte	0x154
 477 00f0 14030000 		.4byte	0x314
 478 00f4 08       		.byte	0x8
 479 00f5 07       		.uleb128 0x7
 480 00f6 33050000 		.4byte	.LASF20
 481 00fa 04       		.byte	0x4
 482 00fb 5501     		.2byte	0x155
 483 00fd 14030000 		.4byte	0x314
 484 0101 0C       		.byte	0xc
 485 0102 07       		.uleb128 0x7
 486 0103 89040000 		.4byte	.LASF21
 487 0107 04       		.byte	0x4
 488 0108 5601     		.2byte	0x156
 489 010a 14030000 		.4byte	0x314
 490 010e 10       		.byte	0x10
 491 010f 07       		.uleb128 0x7
 492 0110 8B000000 		.4byte	.LASF22
 493 0114 04       		.byte	0x4
 494 0115 5701     		.2byte	0x157
 495 0117 14030000 		.4byte	0x314
 496 011b 14       		.byte	0x14
 497 011c 07       		.uleb128 0x7
 498 011d D0010000 		.4byte	.LASF23
 499 0121 04       		.byte	0x4
 500 0122 5801     		.2byte	0x158
 501 0124 A2000000 		.4byte	0xa2
 502 0128 18       		.byte	0x18
 503 0129 07       		.uleb128 0x7
 504 012a 68000000 		.4byte	.LASF24
 505 012e 04       		.byte	0x4
 506 012f 5901     		.2byte	0x159
 507 0131 7F030000 		.4byte	0x37f
 508 0135 1C       		.byte	0x1c
 509 0136 07       		.uleb128 0x7
 510 0137 E5040000 		.4byte	.LASF25
ARM GAS  C:\Users\brian\AppData\Local\Temp\ccNquUH9.s 			page 14


 511 013b 04       		.byte	0x4
 512 013c 5A01     		.2byte	0x15a
 513 013e 97000000 		.4byte	0x97
 514 0142 20       		.byte	0x20
 515 0143 07       		.uleb128 0x7
 516 0144 27000000 		.4byte	.LASF26
 517 0148 04       		.byte	0x4
 518 0149 5B01     		.2byte	0x15b
 519 014b 8C000000 		.4byte	0x8c
 520 014f 22       		.byte	0x22
 521 0150 07       		.uleb128 0x7
 522 0151 30000000 		.4byte	.LASF27
 523 0155 04       		.byte	0x4
 524 0156 5C01     		.2byte	0x15c
 525 0158 8C000000 		.4byte	0x8c
 526 015c 23       		.byte	0x23
 527 015d 07       		.uleb128 0x7
 528 015e A4040000 		.4byte	.LASF28
 529 0162 04       		.byte	0x4
 530 0163 5D01     		.2byte	0x15d
 531 0165 8C000000 		.4byte	0x8c
 532 0169 24       		.byte	0x24
 533 016a 07       		.uleb128 0x7
 534 016b 04050000 		.4byte	.LASF29
 535 016f 04       		.byte	0x4
 536 0170 6001     		.2byte	0x160
 537 0172 8C000000 		.4byte	0x8c
 538 0176 25       		.byte	0x25
 539 0177 07       		.uleb128 0x7
 540 0178 38040000 		.4byte	.LASF30
 541 017c 04       		.byte	0x4
 542 017d 6201     		.2byte	0x162
 543 017f 8C000000 		.4byte	0x8c
 544 0183 26       		.byte	0x26
 545 0184 07       		.uleb128 0x7
 546 0185 25020000 		.4byte	.LASF31
 547 0189 04       		.byte	0x4
 548 018a 6301     		.2byte	0x163
 549 018c 8C000000 		.4byte	0x8c
 550 0190 27       		.byte	0x27
 551 0191 07       		.uleb128 0x7
 552 0192 D4050000 		.4byte	.LASF32
 553 0196 04       		.byte	0x4
 554 0197 6401     		.2byte	0x164
 555 0199 8C000000 		.4byte	0x8c
 556 019d 28       		.byte	0x28
 557 019e 07       		.uleb128 0x7
 558 019f FF010000 		.4byte	.LASF33
 559 01a3 04       		.byte	0x4
 560 01a4 6501     		.2byte	0x165
 561 01a6 8C000000 		.4byte	0x8c
 562 01aa 29       		.byte	0x29
 563 01ab 07       		.uleb128 0x7
 564 01ac F2030000 		.4byte	.LASF34
 565 01b0 04       		.byte	0x4
 566 01b1 6601     		.2byte	0x166
 567 01b3 8C000000 		.4byte	0x8c
ARM GAS  C:\Users\brian\AppData\Local\Temp\ccNquUH9.s 			page 15


 568 01b7 2A       		.byte	0x2a
 569 01b8 07       		.uleb128 0x7
 570 01b9 6D000000 		.4byte	.LASF35
 571 01bd 04       		.byte	0x4
 572 01be 6701     		.2byte	0x167
 573 01c0 8C000000 		.4byte	0x8c
 574 01c4 2B       		.byte	0x2b
 575 01c5 00       		.byte	0
 576 01c6 03       		.uleb128 0x3
 577 01c7 EB010000 		.4byte	.LASF36
 578 01cb 04       		.byte	0x4
 579 01cc CE       		.byte	0xce
 580 01cd D1010000 		.4byte	0x1d1
 581 01d1 08       		.uleb128 0x8
 582 01d2 64030000 		.4byte	.LASF38
 583 01d6 18       		.byte	0x18
 584 01d7 04       		.byte	0x4
 585 01d8 E7       		.byte	0xe7
 586 01d9 CC020000 		.4byte	0x2cc
 587 01dd 09       		.uleb128 0x9
 588 01de 56000000 		.4byte	.LASF39
 589 01e2 04       		.byte	0x4
 590 01e3 EB       		.byte	0xeb
 591 01e4 8C000000 		.4byte	0x8c
 592 01e8 00       		.byte	0
 593 01e9 09       		.uleb128 0x9
 594 01ea 91040000 		.4byte	.LASF40
 595 01ee 04       		.byte	0x4
 596 01ef EC       		.byte	0xec
 597 01f0 8C000000 		.4byte	0x8c
 598 01f4 01       		.byte	0x1
 599 01f5 09       		.uleb128 0x9
 600 01f6 76010000 		.4byte	.LASF41
 601 01fa 04       		.byte	0x4
 602 01fb EE       		.byte	0xee
 603 01fc 8C000000 		.4byte	0x8c
 604 0200 02       		.byte	0x2
 605 0201 09       		.uleb128 0x9
 606 0202 24060000 		.4byte	.LASF42
 607 0206 04       		.byte	0x4
 608 0207 EF       		.byte	0xef
 609 0208 8C000000 		.4byte	0x8c
 610 020c 03       		.byte	0x3
 611 020d 09       		.uleb128 0x9
 612 020e 94030000 		.4byte	.LASF43
 613 0212 04       		.byte	0x4
 614 0213 F0       		.byte	0xf0
 615 0214 8C000000 		.4byte	0x8c
 616 0218 04       		.byte	0x4
 617 0219 09       		.uleb128 0x9
 618 021a C3000000 		.4byte	.LASF44
 619 021e 04       		.byte	0x4
 620 021f F1       		.byte	0xf1
 621 0220 8C000000 		.4byte	0x8c
 622 0224 05       		.byte	0x5
 623 0225 09       		.uleb128 0x9
 624 0226 B1000000 		.4byte	.LASF45
ARM GAS  C:\Users\brian\AppData\Local\Temp\ccNquUH9.s 			page 16


 625 022a 04       		.byte	0x4
 626 022b F8       		.byte	0xf8
 627 022c 8C000000 		.4byte	0x8c
 628 0230 06       		.byte	0x6
 629 0231 09       		.uleb128 0x9
 630 0232 31020000 		.4byte	.LASF46
 631 0236 04       		.byte	0x4
 632 0237 FC       		.byte	0xfc
 633 0238 8C000000 		.4byte	0x8c
 634 023c 07       		.byte	0x7
 635 023d 09       		.uleb128 0x9
 636 023e C5030000 		.4byte	.LASF47
 637 0242 04       		.byte	0x4
 638 0243 FF       		.byte	0xff
 639 0244 A2000000 		.4byte	0xa2
 640 0248 08       		.byte	0x8
 641 0249 07       		.uleb128 0x7
 642 024a 45000000 		.4byte	.LASF48
 643 024e 04       		.byte	0x4
 644 024f 0901     		.2byte	0x109
 645 0251 8C000000 		.4byte	0x8c
 646 0255 0C       		.byte	0xc
 647 0256 07       		.uleb128 0x7
 648 0257 B0030000 		.4byte	.LASF49
 649 025b 04       		.byte	0x4
 650 025c 0C01     		.2byte	0x10c
 651 025e 8C000000 		.4byte	0x8c
 652 0262 0D       		.byte	0xd
 653 0263 07       		.uleb128 0x7
 654 0264 D8020000 		.4byte	.LASF50
 655 0268 04       		.byte	0x4
 656 0269 1201     		.2byte	0x112
 657 026b 8C000000 		.4byte	0x8c
 658 026f 0E       		.byte	0xe
 659 0270 07       		.uleb128 0x7
 660 0271 59010000 		.4byte	.LASF51
 661 0275 04       		.byte	0x4
 662 0276 1401     		.2byte	0x114
 663 0278 8C000000 		.4byte	0x8c
 664 027c 0F       		.byte	0xf
 665 027d 07       		.uleb128 0x7
 666 027e 9D000000 		.4byte	.LASF52
 667 0282 04       		.byte	0x4
 668 0283 1701     		.2byte	0x117
 669 0285 8C000000 		.4byte	0x8c
 670 0289 10       		.byte	0x10
 671 028a 07       		.uleb128 0x7
 672 028b F7020000 		.4byte	.LASF53
 673 028f 04       		.byte	0x4
 674 0290 1801     		.2byte	0x118
 675 0292 8C000000 		.4byte	0x8c
 676 0296 11       		.byte	0x11
 677 0297 07       		.uleb128 0x7
 678 0298 DA010000 		.4byte	.LASF54
 679 029c 04       		.byte	0x4
 680 029d 1A01     		.2byte	0x11a
 681 029f 8C000000 		.4byte	0x8c
ARM GAS  C:\Users\brian\AppData\Local\Temp\ccNquUH9.s 			page 17


 682 02a3 12       		.byte	0x12
 683 02a4 07       		.uleb128 0x7
 684 02a5 D3040000 		.4byte	.LASF55
 685 02a9 04       		.byte	0x4
 686 02aa 1B01     		.2byte	0x11b
 687 02ac 8C000000 		.4byte	0x8c
 688 02b0 13       		.byte	0x13
 689 02b1 07       		.uleb128 0x7
 690 02b2 2C040000 		.4byte	.LASF56
 691 02b6 04       		.byte	0x4
 692 02b7 2301     		.2byte	0x123
 693 02b9 97000000 		.4byte	0x97
 694 02bd 14       		.byte	0x14
 695 02be 07       		.uleb128 0x7
 696 02bf 1F040000 		.4byte	.LASF57
 697 02c3 04       		.byte	0x4
 698 02c4 2401     		.2byte	0x124
 699 02c6 97000000 		.4byte	0x97
 700 02ca 16       		.byte	0x16
 701 02cb 00       		.byte	0
 702 02cc 03       		.uleb128 0x3
 703 02cd 3A050000 		.4byte	.LASF58
 704 02d1 04       		.byte	0x4
 705 02d2 CF       		.byte	0xcf
 706 02d3 D7020000 		.4byte	0x2d7
 707 02d7 08       		.uleb128 0x8
 708 02d8 3D030000 		.4byte	.LASF59
 709 02dc 08       		.byte	0x8
 710 02dd 04       		.byte	0x4
 711 02de DE       		.byte	0xde
 712 02df 14030000 		.4byte	0x314
 713 02e3 09       		.uleb128 0x9
 714 02e4 AD010000 		.4byte	.LASF60
 715 02e8 04       		.byte	0x4
 716 02e9 E0       		.byte	0xe0
 717 02ea 6E030000 		.4byte	0x36e
 718 02ee 00       		.byte	0
 719 02ef 0A       		.uleb128 0xa
 720 02f0 636E7400 		.ascii	"cnt\000"
 721 02f4 04       		.byte	0x4
 722 02f5 E1       		.byte	0xe1
 723 02f6 8C000000 		.4byte	0x8c
 724 02fa 04       		.byte	0x4
 725 02fb 09       		.uleb128 0x9
 726 02fc B8020000 		.4byte	.LASF61
 727 0300 04       		.byte	0x4
 728 0301 E2       		.byte	0xe2
 729 0302 8C000000 		.4byte	0x8c
 730 0306 05       		.byte	0x5
 731 0307 09       		.uleb128 0x9
 732 0308 4F040000 		.4byte	.LASF62
 733 030c 04       		.byte	0x4
 734 030d E3       		.byte	0xe3
 735 030e 8C000000 		.4byte	0x8c
 736 0312 06       		.byte	0x6
 737 0313 00       		.byte	0
 738 0314 03       		.uleb128 0x3
ARM GAS  C:\Users\brian\AppData\Local\Temp\ccNquUH9.s 			page 18


 739 0315 EF050000 		.4byte	.LASF63
 740 0319 04       		.byte	0x4
 741 031a D1       		.byte	0xd1
 742 031b 1F030000 		.4byte	0x31f
 743 031f 0B       		.uleb128 0xb
 744 0320 04       		.byte	0x4
 745 0321 25030000 		.4byte	0x325
 746 0325 0C       		.uleb128 0xc
 747 0326 8C000000 		.4byte	0x8c
 748 032a 43030000 		.4byte	0x343
 749 032e 0D       		.uleb128 0xd
 750 032f 43030000 		.4byte	0x343
 751 0333 0D       		.uleb128 0xd
 752 0334 8C000000 		.4byte	0x8c
 753 0338 0D       		.uleb128 0xd
 754 0339 8C000000 		.4byte	0x8c
 755 033d 0D       		.uleb128 0xd
 756 033e AD000000 		.4byte	0xad
 757 0342 00       		.byte	0
 758 0343 0B       		.uleb128 0xb
 759 0344 04       		.byte	0x4
 760 0345 B6000000 		.4byte	0xb6
 761 0349 03       		.uleb128 0x3
 762 034a E5030000 		.4byte	.LASF64
 763 034e 04       		.byte	0x4
 764 034f D2       		.byte	0xd2
 765 0350 54030000 		.4byte	0x354
 766 0354 0B       		.uleb128 0xb
 767 0355 04       		.byte	0x4
 768 0356 5A030000 		.4byte	0x35a
 769 035a 0C       		.uleb128 0xc
 770 035b 97000000 		.4byte	0x97
 771 035f 6E030000 		.4byte	0x36e
 772 0363 0D       		.uleb128 0xd
 773 0364 43030000 		.4byte	0x343
 774 0368 0D       		.uleb128 0xd
 775 0369 8C000000 		.4byte	0x8c
 776 036d 00       		.byte	0
 777 036e 0B       		.uleb128 0xb
 778 036f 04       		.byte	0x4
 779 0370 8C000000 		.4byte	0x8c
 780 0374 0B       		.uleb128 0xb
 781 0375 04       		.byte	0x4
 782 0376 7A030000 		.4byte	0x37a
 783 037a 0E       		.uleb128 0xe
 784 037b C6010000 		.4byte	0x1c6
 785 037f 0B       		.uleb128 0xb
 786 0380 04       		.byte	0x4
 787 0381 85030000 		.4byte	0x385
 788 0385 0E       		.uleb128 0xe
 789 0386 8C000000 		.4byte	0x8c
 790 038a 0F       		.uleb128 0xf
 791 038b 79020000 		.4byte	.LASF86
 792 038f 01       		.byte	0x1
 793 0390 86       		.byte	0x86
 794 0391 8C000000 		.4byte	0x8c
 795 0395 00000000 		.4byte	.LFB0
ARM GAS  C:\Users\brian\AppData\Local\Temp\ccNquUH9.s 			page 19


 796 0399 04010000 		.4byte	.LFE0-.LFB0
 797 039d 01       		.uleb128 0x1
 798 039e 9C       		.byte	0x9c
 799 039f 7C050000 		.4byte	0x57c
 800 03a3 10       		.uleb128 0x10
 801 03a4 D3020000 		.4byte	.LASF65
 802 03a8 01       		.byte	0x1
 803 03a9 86       		.byte	0x86
 804 03aa 43030000 		.4byte	0x343
 805 03ae 00000000 		.4byte	.LLST0
 806 03b2 11       		.uleb128 0x11
 807 03b3 6D736700 		.ascii	"msg\000"
 808 03b7 01       		.byte	0x1
 809 03b8 86       		.byte	0x86
 810 03b9 8C000000 		.4byte	0x8c
 811 03bd DC000000 		.4byte	.LLST1
 812 03c1 10       		.uleb128 0x10
 813 03c2 B6010000 		.4byte	.LASF66
 814 03c6 01       		.byte	0x1
 815 03c7 86       		.byte	0x86
 816 03c8 8C000000 		.4byte	0x8c
 817 03cc FD000000 		.4byte	.LLST2
 818 03d0 10       		.uleb128 0x10
 819 03d1 4E000000 		.4byte	.LASF67
 820 03d5 01       		.byte	0x1
 821 03d6 86       		.byte	0x86
 822 03d7 AD000000 		.4byte	0xad
 823 03db EE010000 		.4byte	.LLST3
 824 03df 12       		.uleb128 0x12
 825 03e0 7800     		.ascii	"x\000"
 826 03e2 01       		.byte	0x1
 827 03e3 88       		.byte	0x88
 828 03e4 8C000000 		.4byte	0x8c
 829 03e8 33020000 		.4byte	.LLST4
 830 03ec 12       		.uleb128 0x12
 831 03ed 6300     		.ascii	"c\000"
 832 03ef 01       		.byte	0x1
 833 03f0 88       		.byte	0x88
 834 03f1 8C000000 		.4byte	0x8c
 835 03f5 79020000 		.4byte	.LLST5
 836 03f9 12       		.uleb128 0x12
 837 03fa 70747200 		.ascii	"ptr\000"
 838 03fe 01       		.byte	0x1
 839 03ff 89       		.byte	0x89
 840 0400 6E030000 		.4byte	0x36e
 841 0404 A3020000 		.4byte	.LLST6
 842 0408 13       		.uleb128 0x13
 843 0409 20000000 		.4byte	.LVL3
 844 040d 22060000 		.4byte	0x622
 845 0411 1F040000 		.4byte	0x41f
 846 0415 14       		.uleb128 0x14
 847 0416 01       		.uleb128 0x1
 848 0417 51       		.byte	0x51
 849 0418 05       		.uleb128 0x5
 850 0419 03       		.byte	0x3
 851 041a 00000000 		.4byte	.LANCHOR0
 852 041e 00       		.byte	0
ARM GAS  C:\Users\brian\AppData\Local\Temp\ccNquUH9.s 			page 20


 853 041f 15       		.uleb128 0x15
 854 0420 28000000 		.4byte	.LVL5
 855 0424 2E060000 		.4byte	0x62e
 856 0428 13       		.uleb128 0x13
 857 0429 30000000 		.4byte	.LVL6
 858 042d 3A060000 		.4byte	0x63a
 859 0431 45040000 		.4byte	0x445
 860 0435 14       		.uleb128 0x14
 861 0436 01       		.uleb128 0x1
 862 0437 50       		.byte	0x50
 863 0438 02       		.uleb128 0x2
 864 0439 75       		.byte	0x75
 865 043a 00       		.sleb128 0
 866 043b 14       		.uleb128 0x14
 867 043c 01       		.uleb128 0x1
 868 043d 51       		.byte	0x51
 869 043e 05       		.uleb128 0x5
 870 043f 03       		.byte	0x3
 871 0440 18000000 		.4byte	.LANCHOR0+24
 872 0444 00       		.byte	0
 873 0445 13       		.uleb128 0x13
 874 0446 3C000000 		.4byte	.LVL8
 875 044a 3A060000 		.4byte	0x63a
 876 044e 5C040000 		.4byte	0x45c
 877 0452 14       		.uleb128 0x14
 878 0453 01       		.uleb128 0x1
 879 0454 51       		.byte	0x51
 880 0455 05       		.uleb128 0x5
 881 0456 03       		.byte	0x3
 882 0457 44000000 		.4byte	.LANCHOR0+68
 883 045b 00       		.byte	0
 884 045c 13       		.uleb128 0x13
 885 045d 46000000 		.4byte	.LVL10
 886 0461 3A060000 		.4byte	0x63a
 887 0465 73040000 		.4byte	0x473
 888 0469 14       		.uleb128 0x14
 889 046a 01       		.uleb128 0x1
 890 046b 51       		.byte	0x51
 891 046c 05       		.uleb128 0x5
 892 046d 03       		.byte	0x3
 893 046e 4C000000 		.4byte	.LANCHOR0+76
 894 0472 00       		.byte	0
 895 0473 13       		.uleb128 0x13
 896 0474 52000000 		.4byte	.LVL12
 897 0478 3A060000 		.4byte	0x63a
 898 047c 8A040000 		.4byte	0x48a
 899 0480 14       		.uleb128 0x14
 900 0481 01       		.uleb128 0x1
 901 0482 51       		.byte	0x51
 902 0483 05       		.uleb128 0x5
 903 0484 03       		.byte	0x3
 904 0485 54000000 		.4byte	.LANCHOR0+84
 905 0489 00       		.byte	0
 906 048a 13       		.uleb128 0x13
 907 048b 64000000 		.4byte	.LVL14
 908 048f 3A060000 		.4byte	0x63a
 909 0493 A1040000 		.4byte	0x4a1
ARM GAS  C:\Users\brian\AppData\Local\Temp\ccNquUH9.s 			page 21


 910 0497 14       		.uleb128 0x14
 911 0498 01       		.uleb128 0x1
 912 0499 51       		.byte	0x51
 913 049a 05       		.uleb128 0x5
 914 049b 03       		.byte	0x3
 915 049c 5C000000 		.4byte	.LANCHOR0+92
 916 04a0 00       		.byte	0
 917 04a1 15       		.uleb128 0x15
 918 04a2 74000000 		.4byte	.LVL16
 919 04a6 46060000 		.4byte	0x646
 920 04aa 13       		.uleb128 0x13
 921 04ab 7C000000 		.4byte	.LVL17
 922 04af 52060000 		.4byte	0x652
 923 04b3 C4040000 		.4byte	0x4c4
 924 04b7 14       		.uleb128 0x14
 925 04b8 01       		.uleb128 0x1
 926 04b9 50       		.byte	0x50
 927 04ba 02       		.uleb128 0x2
 928 04bb 75       		.byte	0x75
 929 04bc 00       		.sleb128 0
 930 04bd 14       		.uleb128 0x14
 931 04be 01       		.uleb128 0x1
 932 04bf 51       		.byte	0x51
 933 04c0 02       		.uleb128 0x2
 934 04c1 09       		.byte	0x9
 935 04c2 81       		.byte	0x81
 936 04c3 00       		.byte	0
 937 04c4 13       		.uleb128 0x13
 938 04c5 84000000 		.4byte	.LVL18
 939 04c9 5E060000 		.4byte	0x65e
 940 04cd E0040000 		.4byte	0x4e0
 941 04d1 14       		.uleb128 0x14
 942 04d2 01       		.uleb128 0x1
 943 04d3 50       		.byte	0x50
 944 04d4 02       		.uleb128 0x2
 945 04d5 75       		.byte	0x75
 946 04d6 00       		.sleb128 0
 947 04d7 14       		.uleb128 0x14
 948 04d8 01       		.uleb128 0x1
 949 04d9 51       		.byte	0x51
 950 04da 04       		.uleb128 0x4
 951 04db 74       		.byte	0x74
 952 04dc 00       		.sleb128 0
 953 04dd 32       		.byte	0x32
 954 04de 25       		.byte	0x25
 955 04df 00       		.byte	0
 956 04e0 13       		.uleb128 0x13
 957 04e1 8A000000 		.4byte	.LVL19
 958 04e5 6A060000 		.4byte	0x66a
 959 04e9 F4040000 		.4byte	0x4f4
 960 04ed 14       		.uleb128 0x14
 961 04ee 01       		.uleb128 0x1
 962 04ef 50       		.byte	0x50
 963 04f0 02       		.uleb128 0x2
 964 04f1 75       		.byte	0x75
 965 04f2 00       		.sleb128 0
 966 04f3 00       		.byte	0
ARM GAS  C:\Users\brian\AppData\Local\Temp\ccNquUH9.s 			page 22


 967 04f4 15       		.uleb128 0x15
 968 04f5 92000000 		.4byte	.LVL21
 969 04f9 46060000 		.4byte	0x646
 970 04fd 13       		.uleb128 0x13
 971 04fe AC000000 		.4byte	.LVL27
 972 0502 52060000 		.4byte	0x652
 973 0506 1B050000 		.4byte	0x51b
 974 050a 14       		.uleb128 0x14
 975 050b 01       		.uleb128 0x1
 976 050c 50       		.byte	0x50
 977 050d 02       		.uleb128 0x2
 978 050e 75       		.byte	0x75
 979 050f 00       		.sleb128 0
 980 0510 14       		.uleb128 0x14
 981 0511 01       		.uleb128 0x1
 982 0512 51       		.byte	0x51
 983 0513 06       		.uleb128 0x6
 984 0514 76       		.byte	0x76
 985 0515 00       		.sleb128 0
 986 0516 34       		.byte	0x34
 987 0517 25       		.byte	0x25
 988 0518 40       		.byte	0x40
 989 0519 21       		.byte	0x21
 990 051a 00       		.byte	0
 991 051b 13       		.uleb128 0x13
 992 051c B6000000 		.4byte	.LVL28
 993 0520 52060000 		.4byte	0x652
 994 0524 37050000 		.4byte	0x537
 995 0528 14       		.uleb128 0x14
 996 0529 01       		.uleb128 0x1
 997 052a 50       		.byte	0x50
 998 052b 02       		.uleb128 0x2
 999 052c 75       		.byte	0x75
 1000 052d 00       		.sleb128 0
 1001 052e 14       		.uleb128 0x14
 1002 052f 01       		.uleb128 0x1
 1003 0530 51       		.byte	0x51
 1004 0531 04       		.uleb128 0x4
 1005 0532 76       		.byte	0x76
 1006 0533 00       		.sleb128 0
 1007 0534 3F       		.byte	0x3f
 1008 0535 1A       		.byte	0x1a
 1009 0536 00       		.byte	0
 1010 0537 13       		.uleb128 0x13
 1011 0538 C2000000 		.4byte	.LVL29
 1012 053c 52060000 		.4byte	0x652
 1013 0540 4B050000 		.4byte	0x54b
 1014 0544 14       		.uleb128 0x14
 1015 0545 01       		.uleb128 0x1
 1016 0546 50       		.byte	0x50
 1017 0547 02       		.uleb128 0x2
 1018 0548 75       		.byte	0x75
 1019 0549 00       		.sleb128 0
 1020 054a 00       		.byte	0
 1021 054b 13       		.uleb128 0x13
 1022 054c D4000000 		.4byte	.LVL34
 1023 0550 76060000 		.4byte	0x676
ARM GAS  C:\Users\brian\AppData\Local\Temp\ccNquUH9.s 			page 23


 1024 0554 6B050000 		.4byte	0x56b
 1025 0558 14       		.uleb128 0x14
 1026 0559 01       		.uleb128 0x1
 1027 055a 50       		.byte	0x50
 1028 055b 02       		.uleb128 0x2
 1029 055c 75       		.byte	0x75
 1030 055d 00       		.sleb128 0
 1031 055e 14       		.uleb128 0x14
 1032 055f 01       		.uleb128 0x1
 1033 0560 51       		.byte	0x51
 1034 0561 02       		.uleb128 0x2
 1035 0562 76       		.byte	0x76
 1036 0563 00       		.sleb128 0
 1037 0564 14       		.uleb128 0x14
 1038 0565 01       		.uleb128 0x1
 1039 0566 52       		.byte	0x52
 1040 0567 02       		.uleb128 0x2
 1041 0568 77       		.byte	0x77
 1042 0569 00       		.sleb128 0
 1043 056a 00       		.byte	0
 1044 056b 16       		.uleb128 0x16
 1045 056c E2000000 		.4byte	.LVL36
 1046 0570 6A060000 		.4byte	0x66a
 1047 0574 14       		.uleb128 0x14
 1048 0575 01       		.uleb128 0x1
 1049 0576 50       		.byte	0x50
 1050 0577 02       		.uleb128 0x2
 1051 0578 75       		.byte	0x75
 1052 0579 00       		.sleb128 0
 1053 057a 00       		.byte	0
 1054 057b 00       		.byte	0
 1055 057c 17       		.uleb128 0x17
 1056 057d 85030000 		.4byte	0x385
 1057 0581 8C050000 		.4byte	0x58c
 1058 0585 18       		.uleb128 0x18
 1059 0586 8C050000 		.4byte	0x58c
 1060 058a 06       		.byte	0x6
 1061 058b 00       		.byte	0
 1062 058c 02       		.uleb128 0x2
 1063 058d 04       		.byte	0x4
 1064 058e 07       		.byte	0x7
 1065 058f A8000000 		.4byte	.LASF68
 1066 0593 19       		.uleb128 0x19
 1067 0594 00000000 		.4byte	.LASF69
 1068 0598 01       		.byte	0x1
 1069 0599 29       		.byte	0x29
 1070 059a A4050000 		.4byte	0x5a4
 1071 059e 05       		.uleb128 0x5
 1072 059f 03       		.byte	0x3
 1073 05a0 44000000 		.4byte	u8x8_d_ist3020_erc19264_powersave0_seq
 1074 05a4 0E       		.uleb128 0xe
 1075 05a5 7C050000 		.4byte	0x57c
 1076 05a9 19       		.uleb128 0x19
 1077 05aa 91020000 		.4byte	.LASF70
 1078 05ae 01       		.byte	0x1
 1079 05af 31       		.byte	0x31
 1080 05b0 BA050000 		.4byte	0x5ba
ARM GAS  C:\Users\brian\AppData\Local\Temp\ccNquUH9.s 			page 24


 1081 05b4 05       		.uleb128 0x5
 1082 05b5 03       		.byte	0x3
 1083 05b6 4C000000 		.4byte	u8x8_d_ist3020_erc19264_powersave1_seq
 1084 05ba 0E       		.uleb128 0xe
 1085 05bb 7C050000 		.4byte	0x57c
 1086 05bf 19       		.uleb128 0x19
 1087 05c0 55040000 		.4byte	.LASF71
 1088 05c4 01       		.byte	0x1
 1089 05c5 39       		.byte	0x39
 1090 05c6 D0050000 		.4byte	0x5d0
 1091 05ca 05       		.uleb128 0x5
 1092 05cb 03       		.byte	0x3
 1093 05cc 54000000 		.4byte	u8x8_d_ist3020_erc19264_flip0_seq
 1094 05d0 0E       		.uleb128 0xe
 1095 05d1 7C050000 		.4byte	0x57c
 1096 05d5 19       		.uleb128 0x19
 1097 05d6 EC000000 		.4byte	.LASF72
 1098 05da 01       		.byte	0x1
 1099 05db 41       		.byte	0x41
 1100 05dc E6050000 		.4byte	0x5e6
 1101 05e0 05       		.uleb128 0x5
 1102 05e1 03       		.byte	0x3
 1103 05e2 5C000000 		.4byte	u8x8_d_ist3020_erc19264_flip1_seq
 1104 05e6 0E       		.uleb128 0xe
 1105 05e7 7C050000 		.4byte	0x57c
 1106 05eb 19       		.uleb128 0x19
 1107 05ec B0040000 		.4byte	.LASF73
 1108 05f0 01       		.byte	0x1
 1109 05f1 4A       		.byte	0x4a
 1110 05f2 7A030000 		.4byte	0x37a
 1111 05f6 05       		.uleb128 0x5
 1112 05f7 03       		.byte	0x3
 1113 05f8 00000000 		.4byte	u8x8_ist3020_erc19264_display_info
 1114 05fc 17       		.uleb128 0x17
 1115 05fd 85030000 		.4byte	0x385
 1116 0601 0C060000 		.4byte	0x60c
 1117 0605 18       		.uleb128 0x18
 1118 0606 8C050000 		.4byte	0x58c
 1119 060a 28       		.byte	0x28
 1120 060b 00       		.byte	0
 1121 060c 19       		.uleb128 0x19
 1122 060d 03060000 		.4byte	.LASF74
 1123 0611 01       		.byte	0x1
 1124 0612 62       		.byte	0x62
 1125 0613 1D060000 		.4byte	0x61d
 1126 0617 05       		.uleb128 0x5
 1127 0618 03       		.byte	0x3
 1128 0619 18000000 		.4byte	u8x8_d_ist3020_erc19264_init_seq
 1129 061d 0E       		.uleb128 0xe
 1130 061e FC050000 		.4byte	0x5fc
 1131 0622 1A       		.uleb128 0x1a
 1132 0623 10050000 		.4byte	.LASF75
 1133 0627 10050000 		.4byte	.LASF75
 1134 062b 04       		.byte	0x4
 1135 062c AE01     		.2byte	0x1ae
 1136 062e 1A       		.uleb128 0x1a
 1137 062f 55020000 		.4byte	.LASF76
ARM GAS  C:\Users\brian\AppData\Local\Temp\ccNquUH9.s 			page 25


 1138 0633 55020000 		.4byte	.LASF76
 1139 0637 04       		.byte	0x4
 1140 0638 AF01     		.2byte	0x1af
 1141 063a 1A       		.uleb128 0x1a
 1142 063b EE040000 		.4byte	.LASF77
 1143 063f EE040000 		.4byte	.LASF77
 1144 0643 04       		.byte	0x4
 1145 0644 8A02     		.2byte	0x28a
 1146 0646 1A       		.uleb128 0x1a
 1147 0647 7D030000 		.4byte	.LASF78
 1148 064b 7D030000 		.4byte	.LASF78
 1149 064f 04       		.byte	0x4
 1150 0650 6B02     		.2byte	0x26b
 1151 0652 1A       		.uleb128 0x1a
 1152 0653 44020000 		.4byte	.LASF79
 1153 0657 44020000 		.4byte	.LASF79
 1154 065b 04       		.byte	0x4
 1155 065c 6702     		.2byte	0x267
 1156 065e 1A       		.uleb128 0x1a
 1157 065f 01040000 		.4byte	.LASF80
 1158 0663 01040000 		.4byte	.LASF80
 1159 0667 04       		.byte	0x4
 1160 0668 6802     		.2byte	0x268
 1161 066a 1A       		.uleb128 0x1a
 1162 066b 0E010000 		.4byte	.LASF81
 1163 066f 0E010000 		.4byte	.LASF81
 1164 0673 04       		.byte	0x4
 1165 0674 6C02     		.2byte	0x26c
 1166 0676 1A       		.uleb128 0x1a
 1167 0677 BE010000 		.4byte	.LASF82
 1168 067b BE010000 		.4byte	.LASF82
 1169 067f 04       		.byte	0x4
 1170 0680 6A02     		.2byte	0x26a
 1171 0682 00       		.byte	0
 1172              		.section	.debug_abbrev,"",%progbits
 1173              	.Ldebug_abbrev0:
 1174 0000 01       		.uleb128 0x1
 1175 0001 11       		.uleb128 0x11
 1176 0002 01       		.byte	0x1
 1177 0003 25       		.uleb128 0x25
 1178 0004 0E       		.uleb128 0xe
 1179 0005 13       		.uleb128 0x13
 1180 0006 0B       		.uleb128 0xb
 1181 0007 03       		.uleb128 0x3
 1182 0008 0E       		.uleb128 0xe
 1183 0009 1B       		.uleb128 0x1b
 1184 000a 0E       		.uleb128 0xe
 1185 000b 55       		.uleb128 0x55
 1186 000c 17       		.uleb128 0x17
 1187 000d 11       		.uleb128 0x11
 1188 000e 01       		.uleb128 0x1
 1189 000f 10       		.uleb128 0x10
 1190 0010 17       		.uleb128 0x17
 1191 0011 00       		.byte	0
 1192 0012 00       		.byte	0
 1193 0013 02       		.uleb128 0x2
 1194 0014 24       		.uleb128 0x24
ARM GAS  C:\Users\brian\AppData\Local\Temp\ccNquUH9.s 			page 26


 1195 0015 00       		.byte	0
 1196 0016 0B       		.uleb128 0xb
 1197 0017 0B       		.uleb128 0xb
 1198 0018 3E       		.uleb128 0x3e
 1199 0019 0B       		.uleb128 0xb
 1200 001a 03       		.uleb128 0x3
 1201 001b 0E       		.uleb128 0xe
 1202 001c 00       		.byte	0
 1203 001d 00       		.byte	0
 1204 001e 03       		.uleb128 0x3
 1205 001f 16       		.uleb128 0x16
 1206 0020 00       		.byte	0
 1207 0021 03       		.uleb128 0x3
 1208 0022 0E       		.uleb128 0xe
 1209 0023 3A       		.uleb128 0x3a
 1210 0024 0B       		.uleb128 0xb
 1211 0025 3B       		.uleb128 0x3b
 1212 0026 0B       		.uleb128 0xb
 1213 0027 49       		.uleb128 0x49
 1214 0028 13       		.uleb128 0x13
 1215 0029 00       		.byte	0
 1216 002a 00       		.byte	0
 1217 002b 04       		.uleb128 0x4
 1218 002c 24       		.uleb128 0x24
 1219 002d 00       		.byte	0
 1220 002e 0B       		.uleb128 0xb
 1221 002f 0B       		.uleb128 0xb
 1222 0030 3E       		.uleb128 0x3e
 1223 0031 0B       		.uleb128 0xb
 1224 0032 03       		.uleb128 0x3
 1225 0033 08       		.uleb128 0x8
 1226 0034 00       		.byte	0
 1227 0035 00       		.byte	0
 1228 0036 05       		.uleb128 0x5
 1229 0037 0F       		.uleb128 0xf
 1230 0038 00       		.byte	0
 1231 0039 0B       		.uleb128 0xb
 1232 003a 0B       		.uleb128 0xb
 1233 003b 00       		.byte	0
 1234 003c 00       		.byte	0
 1235 003d 06       		.uleb128 0x6
 1236 003e 13       		.uleb128 0x13
 1237 003f 01       		.byte	0x1
 1238 0040 03       		.uleb128 0x3
 1239 0041 0E       		.uleb128 0xe
 1240 0042 0B       		.uleb128 0xb
 1241 0043 0B       		.uleb128 0xb
 1242 0044 3A       		.uleb128 0x3a
 1243 0045 0B       		.uleb128 0xb
 1244 0046 3B       		.uleb128 0x3b
 1245 0047 05       		.uleb128 0x5
 1246 0048 01       		.uleb128 0x1
 1247 0049 13       		.uleb128 0x13
 1248 004a 00       		.byte	0
 1249 004b 00       		.byte	0
 1250 004c 07       		.uleb128 0x7
 1251 004d 0D       		.uleb128 0xd
ARM GAS  C:\Users\brian\AppData\Local\Temp\ccNquUH9.s 			page 27


 1252 004e 00       		.byte	0
 1253 004f 03       		.uleb128 0x3
 1254 0050 0E       		.uleb128 0xe
 1255 0051 3A       		.uleb128 0x3a
 1256 0052 0B       		.uleb128 0xb
 1257 0053 3B       		.uleb128 0x3b
 1258 0054 05       		.uleb128 0x5
 1259 0055 49       		.uleb128 0x49
 1260 0056 13       		.uleb128 0x13
 1261 0057 38       		.uleb128 0x38
 1262 0058 0B       		.uleb128 0xb
 1263 0059 00       		.byte	0
 1264 005a 00       		.byte	0
 1265 005b 08       		.uleb128 0x8
 1266 005c 13       		.uleb128 0x13
 1267 005d 01       		.byte	0x1
 1268 005e 03       		.uleb128 0x3
 1269 005f 0E       		.uleb128 0xe
 1270 0060 0B       		.uleb128 0xb
 1271 0061 0B       		.uleb128 0xb
 1272 0062 3A       		.uleb128 0x3a
 1273 0063 0B       		.uleb128 0xb
 1274 0064 3B       		.uleb128 0x3b
 1275 0065 0B       		.uleb128 0xb
 1276 0066 01       		.uleb128 0x1
 1277 0067 13       		.uleb128 0x13
 1278 0068 00       		.byte	0
 1279 0069 00       		.byte	0
 1280 006a 09       		.uleb128 0x9
 1281 006b 0D       		.uleb128 0xd
 1282 006c 00       		.byte	0
 1283 006d 03       		.uleb128 0x3
 1284 006e 0E       		.uleb128 0xe
 1285 006f 3A       		.uleb128 0x3a
 1286 0070 0B       		.uleb128 0xb
 1287 0071 3B       		.uleb128 0x3b
 1288 0072 0B       		.uleb128 0xb
 1289 0073 49       		.uleb128 0x49
 1290 0074 13       		.uleb128 0x13
 1291 0075 38       		.uleb128 0x38
 1292 0076 0B       		.uleb128 0xb
 1293 0077 00       		.byte	0
 1294 0078 00       		.byte	0
 1295 0079 0A       		.uleb128 0xa
 1296 007a 0D       		.uleb128 0xd
 1297 007b 00       		.byte	0
 1298 007c 03       		.uleb128 0x3
 1299 007d 08       		.uleb128 0x8
 1300 007e 3A       		.uleb128 0x3a
 1301 007f 0B       		.uleb128 0xb
 1302 0080 3B       		.uleb128 0x3b
 1303 0081 0B       		.uleb128 0xb
 1304 0082 49       		.uleb128 0x49
 1305 0083 13       		.uleb128 0x13
 1306 0084 38       		.uleb128 0x38
 1307 0085 0B       		.uleb128 0xb
 1308 0086 00       		.byte	0
ARM GAS  C:\Users\brian\AppData\Local\Temp\ccNquUH9.s 			page 28


 1309 0087 00       		.byte	0
 1310 0088 0B       		.uleb128 0xb
 1311 0089 0F       		.uleb128 0xf
 1312 008a 00       		.byte	0
 1313 008b 0B       		.uleb128 0xb
 1314 008c 0B       		.uleb128 0xb
 1315 008d 49       		.uleb128 0x49
 1316 008e 13       		.uleb128 0x13
 1317 008f 00       		.byte	0
 1318 0090 00       		.byte	0
 1319 0091 0C       		.uleb128 0xc
 1320 0092 15       		.uleb128 0x15
 1321 0093 01       		.byte	0x1
 1322 0094 27       		.uleb128 0x27
 1323 0095 19       		.uleb128 0x19
 1324 0096 49       		.uleb128 0x49
 1325 0097 13       		.uleb128 0x13
 1326 0098 01       		.uleb128 0x1
 1327 0099 13       		.uleb128 0x13
 1328 009a 00       		.byte	0
 1329 009b 00       		.byte	0
 1330 009c 0D       		.uleb128 0xd
 1331 009d 05       		.uleb128 0x5
 1332 009e 00       		.byte	0
 1333 009f 49       		.uleb128 0x49
 1334 00a0 13       		.uleb128 0x13
 1335 00a1 00       		.byte	0
 1336 00a2 00       		.byte	0
 1337 00a3 0E       		.uleb128 0xe
 1338 00a4 26       		.uleb128 0x26
 1339 00a5 00       		.byte	0
 1340 00a6 49       		.uleb128 0x49
 1341 00a7 13       		.uleb128 0x13
 1342 00a8 00       		.byte	0
 1343 00a9 00       		.byte	0
 1344 00aa 0F       		.uleb128 0xf
 1345 00ab 2E       		.uleb128 0x2e
 1346 00ac 01       		.byte	0x1
 1347 00ad 3F       		.uleb128 0x3f
 1348 00ae 19       		.uleb128 0x19
 1349 00af 03       		.uleb128 0x3
 1350 00b0 0E       		.uleb128 0xe
 1351 00b1 3A       		.uleb128 0x3a
 1352 00b2 0B       		.uleb128 0xb
 1353 00b3 3B       		.uleb128 0x3b
 1354 00b4 0B       		.uleb128 0xb
 1355 00b5 27       		.uleb128 0x27
 1356 00b6 19       		.uleb128 0x19
 1357 00b7 49       		.uleb128 0x49
 1358 00b8 13       		.uleb128 0x13
 1359 00b9 11       		.uleb128 0x11
 1360 00ba 01       		.uleb128 0x1
 1361 00bb 12       		.uleb128 0x12
 1362 00bc 06       		.uleb128 0x6
 1363 00bd 40       		.uleb128 0x40
 1364 00be 18       		.uleb128 0x18
 1365 00bf 9742     		.uleb128 0x2117
ARM GAS  C:\Users\brian\AppData\Local\Temp\ccNquUH9.s 			page 29


 1366 00c1 19       		.uleb128 0x19
 1367 00c2 01       		.uleb128 0x1
 1368 00c3 13       		.uleb128 0x13
 1369 00c4 00       		.byte	0
 1370 00c5 00       		.byte	0
 1371 00c6 10       		.uleb128 0x10
 1372 00c7 05       		.uleb128 0x5
 1373 00c8 00       		.byte	0
 1374 00c9 03       		.uleb128 0x3
 1375 00ca 0E       		.uleb128 0xe
 1376 00cb 3A       		.uleb128 0x3a
 1377 00cc 0B       		.uleb128 0xb
 1378 00cd 3B       		.uleb128 0x3b
 1379 00ce 0B       		.uleb128 0xb
 1380 00cf 49       		.uleb128 0x49
 1381 00d0 13       		.uleb128 0x13
 1382 00d1 02       		.uleb128 0x2
 1383 00d2 17       		.uleb128 0x17
 1384 00d3 00       		.byte	0
 1385 00d4 00       		.byte	0
 1386 00d5 11       		.uleb128 0x11
 1387 00d6 05       		.uleb128 0x5
 1388 00d7 00       		.byte	0
 1389 00d8 03       		.uleb128 0x3
 1390 00d9 08       		.uleb128 0x8
 1391 00da 3A       		.uleb128 0x3a
 1392 00db 0B       		.uleb128 0xb
 1393 00dc 3B       		.uleb128 0x3b
 1394 00dd 0B       		.uleb128 0xb
 1395 00de 49       		.uleb128 0x49
 1396 00df 13       		.uleb128 0x13
 1397 00e0 02       		.uleb128 0x2
 1398 00e1 17       		.uleb128 0x17
 1399 00e2 00       		.byte	0
 1400 00e3 00       		.byte	0
 1401 00e4 12       		.uleb128 0x12
 1402 00e5 34       		.uleb128 0x34
 1403 00e6 00       		.byte	0
 1404 00e7 03       		.uleb128 0x3
 1405 00e8 08       		.uleb128 0x8
 1406 00e9 3A       		.uleb128 0x3a
 1407 00ea 0B       		.uleb128 0xb
 1408 00eb 3B       		.uleb128 0x3b
 1409 00ec 0B       		.uleb128 0xb
 1410 00ed 49       		.uleb128 0x49
 1411 00ee 13       		.uleb128 0x13
 1412 00ef 02       		.uleb128 0x2
 1413 00f0 17       		.uleb128 0x17
 1414 00f1 00       		.byte	0
 1415 00f2 00       		.byte	0
 1416 00f3 13       		.uleb128 0x13
 1417 00f4 898201   		.uleb128 0x4109
 1418 00f7 01       		.byte	0x1
 1419 00f8 11       		.uleb128 0x11
 1420 00f9 01       		.uleb128 0x1
 1421 00fa 31       		.uleb128 0x31
 1422 00fb 13       		.uleb128 0x13
ARM GAS  C:\Users\brian\AppData\Local\Temp\ccNquUH9.s 			page 30


 1423 00fc 01       		.uleb128 0x1
 1424 00fd 13       		.uleb128 0x13
 1425 00fe 00       		.byte	0
 1426 00ff 00       		.byte	0
 1427 0100 14       		.uleb128 0x14
 1428 0101 8A8201   		.uleb128 0x410a
 1429 0104 00       		.byte	0
 1430 0105 02       		.uleb128 0x2
 1431 0106 18       		.uleb128 0x18
 1432 0107 9142     		.uleb128 0x2111
 1433 0109 18       		.uleb128 0x18
 1434 010a 00       		.byte	0
 1435 010b 00       		.byte	0
 1436 010c 15       		.uleb128 0x15
 1437 010d 898201   		.uleb128 0x4109
 1438 0110 00       		.byte	0
 1439 0111 11       		.uleb128 0x11
 1440 0112 01       		.uleb128 0x1
 1441 0113 31       		.uleb128 0x31
 1442 0114 13       		.uleb128 0x13
 1443 0115 00       		.byte	0
 1444 0116 00       		.byte	0
 1445 0117 16       		.uleb128 0x16
 1446 0118 898201   		.uleb128 0x4109
 1447 011b 01       		.byte	0x1
 1448 011c 11       		.uleb128 0x11
 1449 011d 01       		.uleb128 0x1
 1450 011e 31       		.uleb128 0x31
 1451 011f 13       		.uleb128 0x13
 1452 0120 00       		.byte	0
 1453 0121 00       		.byte	0
 1454 0122 17       		.uleb128 0x17
 1455 0123 01       		.uleb128 0x1
 1456 0124 01       		.byte	0x1
 1457 0125 49       		.uleb128 0x49
 1458 0126 13       		.uleb128 0x13
 1459 0127 01       		.uleb128 0x1
 1460 0128 13       		.uleb128 0x13
 1461 0129 00       		.byte	0
 1462 012a 00       		.byte	0
 1463 012b 18       		.uleb128 0x18
 1464 012c 21       		.uleb128 0x21
 1465 012d 00       		.byte	0
 1466 012e 49       		.uleb128 0x49
 1467 012f 13       		.uleb128 0x13
 1468 0130 2F       		.uleb128 0x2f
 1469 0131 0B       		.uleb128 0xb
 1470 0132 00       		.byte	0
 1471 0133 00       		.byte	0
 1472 0134 19       		.uleb128 0x19
 1473 0135 34       		.uleb128 0x34
 1474 0136 00       		.byte	0
 1475 0137 03       		.uleb128 0x3
 1476 0138 0E       		.uleb128 0xe
 1477 0139 3A       		.uleb128 0x3a
 1478 013a 0B       		.uleb128 0xb
 1479 013b 3B       		.uleb128 0x3b
ARM GAS  C:\Users\brian\AppData\Local\Temp\ccNquUH9.s 			page 31


 1480 013c 0B       		.uleb128 0xb
 1481 013d 49       		.uleb128 0x49
 1482 013e 13       		.uleb128 0x13
 1483 013f 02       		.uleb128 0x2
 1484 0140 18       		.uleb128 0x18
 1485 0141 00       		.byte	0
 1486 0142 00       		.byte	0
 1487 0143 1A       		.uleb128 0x1a
 1488 0144 2E       		.uleb128 0x2e
 1489 0145 00       		.byte	0
 1490 0146 3F       		.uleb128 0x3f
 1491 0147 19       		.uleb128 0x19
 1492 0148 3C       		.uleb128 0x3c
 1493 0149 19       		.uleb128 0x19
 1494 014a 6E       		.uleb128 0x6e
 1495 014b 0E       		.uleb128 0xe
 1496 014c 03       		.uleb128 0x3
 1497 014d 0E       		.uleb128 0xe
 1498 014e 3A       		.uleb128 0x3a
 1499 014f 0B       		.uleb128 0xb
 1500 0150 3B       		.uleb128 0x3b
 1501 0151 05       		.uleb128 0x5
 1502 0152 00       		.byte	0
 1503 0153 00       		.byte	0
 1504 0154 00       		.byte	0
 1505              		.section	.debug_loc,"",%progbits
 1506              	.Ldebug_loc0:
 1507              	.LLST0:
 1508 0000 00000000 		.4byte	.LVL0
 1509 0004 1F000000 		.4byte	.LVL3-1
 1510 0008 0100     		.2byte	0x1
 1511 000a 50       		.byte	0x50
 1512 000b 1F000000 		.4byte	.LVL3-1
 1513 000f 24000000 		.4byte	.LVL4
 1514 0013 0100     		.2byte	0x1
 1515 0015 55       		.byte	0x55
 1516 0016 24000000 		.4byte	.LVL4
 1517 001a 27000000 		.4byte	.LVL5-1
 1518 001e 0100     		.2byte	0x1
 1519 0020 50       		.byte	0x50
 1520 0021 27000000 		.4byte	.LVL5-1
 1521 0025 34000000 		.4byte	.LVL7
 1522 0029 0100     		.2byte	0x1
 1523 002b 55       		.byte	0x55
 1524 002c 34000000 		.4byte	.LVL7
 1525 0030 3B000000 		.4byte	.LVL8-1
 1526 0034 0100     		.2byte	0x1
 1527 0036 50       		.byte	0x50
 1528 0037 3B000000 		.4byte	.LVL8-1
 1529 003b 40000000 		.4byte	.LVL9
 1530 003f 0100     		.2byte	0x1
 1531 0041 55       		.byte	0x55
 1532 0042 40000000 		.4byte	.LVL9
 1533 0046 45000000 		.4byte	.LVL10-1
 1534 004a 0100     		.2byte	0x1
 1535 004c 50       		.byte	0x50
 1536 004d 45000000 		.4byte	.LVL10-1
ARM GAS  C:\Users\brian\AppData\Local\Temp\ccNquUH9.s 			page 32


 1537 0051 4A000000 		.4byte	.LVL11
 1538 0055 0100     		.2byte	0x1
 1539 0057 55       		.byte	0x55
 1540 0058 4A000000 		.4byte	.LVL11
 1541 005c 51000000 		.4byte	.LVL12-1
 1542 0060 0100     		.2byte	0x1
 1543 0062 50       		.byte	0x50
 1544 0063 51000000 		.4byte	.LVL12-1
 1545 0067 5E000000 		.4byte	.LVL13
 1546 006b 0100     		.2byte	0x1
 1547 006d 55       		.byte	0x55
 1548 006e 5E000000 		.4byte	.LVL13
 1549 0072 63000000 		.4byte	.LVL14-1
 1550 0076 0100     		.2byte	0x1
 1551 0078 50       		.byte	0x50
 1552 0079 63000000 		.4byte	.LVL14-1
 1553 007d 70000000 		.4byte	.LVL15
 1554 0081 0100     		.2byte	0x1
 1555 0083 55       		.byte	0x55
 1556 0084 70000000 		.4byte	.LVL15
 1557 0088 73000000 		.4byte	.LVL16-1
 1558 008c 0100     		.2byte	0x1
 1559 008e 50       		.byte	0x50
 1560 008f 73000000 		.4byte	.LVL16-1
 1561 0093 8E000000 		.4byte	.LVL20
 1562 0097 0100     		.2byte	0x1
 1563 0099 55       		.byte	0x55
 1564 009a 8E000000 		.4byte	.LVL20
 1565 009e 91000000 		.4byte	.LVL21-1
 1566 00a2 0100     		.2byte	0x1
 1567 00a4 50       		.byte	0x50
 1568 00a5 91000000 		.4byte	.LVL21-1
 1569 00a9 E6000000 		.4byte	.LVL37
 1570 00ad 0100     		.2byte	0x1
 1571 00af 55       		.byte	0x55
 1572 00b0 E6000000 		.4byte	.LVL37
 1573 00b4 E8000000 		.4byte	.LVL38
 1574 00b8 0100     		.2byte	0x1
 1575 00ba 50       		.byte	0x50
 1576 00bb E8000000 		.4byte	.LVL38
 1577 00bf EA000000 		.4byte	.LVL39
 1578 00c3 0100     		.2byte	0x1
 1579 00c5 55       		.byte	0x55
 1580 00c6 EA000000 		.4byte	.LVL39
 1581 00ca 04010000 		.4byte	.LFE0
 1582 00ce 0400     		.2byte	0x4
 1583 00d0 F3       		.byte	0xf3
 1584 00d1 01       		.uleb128 0x1
 1585 00d2 50       		.byte	0x50
 1586 00d3 9F       		.byte	0x9f
 1587 00d4 00000000 		.4byte	0
 1588 00d8 00000000 		.4byte	0
 1589              	.LLST1:
 1590 00dc 00000000 		.4byte	.LVL0
 1591 00e0 0A000000 		.4byte	.LVL1
 1592 00e4 0100     		.2byte	0x1
 1593 00e6 51       		.byte	0x51
ARM GAS  C:\Users\brian\AppData\Local\Temp\ccNquUH9.s 			page 33


 1594 00e7 0A000000 		.4byte	.LVL1
 1595 00eb 04010000 		.4byte	.LFE0
 1596 00ef 0400     		.2byte	0x4
 1597 00f1 F3       		.byte	0xf3
 1598 00f2 01       		.uleb128 0x1
 1599 00f3 51       		.byte	0x51
 1600 00f4 9F       		.byte	0x9f
 1601 00f5 00000000 		.4byte	0
 1602 00f9 00000000 		.4byte	0
 1603              	.LLST2:
 1604 00fd 00000000 		.4byte	.LVL0
 1605 0101 1F000000 		.4byte	.LVL3-1
 1606 0105 0100     		.2byte	0x1
 1607 0107 52       		.byte	0x52
 1608 0108 1F000000 		.4byte	.LVL3-1
 1609 010c 24000000 		.4byte	.LVL4
 1610 0110 0400     		.2byte	0x4
 1611 0112 F3       		.byte	0xf3
 1612 0113 01       		.uleb128 0x1
 1613 0114 52       		.byte	0x52
 1614 0115 9F       		.byte	0x9f
 1615 0116 24000000 		.4byte	.LVL4
 1616 011a 27000000 		.4byte	.LVL5-1
 1617 011e 0100     		.2byte	0x1
 1618 0120 52       		.byte	0x52
 1619 0121 27000000 		.4byte	.LVL5-1
 1620 0125 34000000 		.4byte	.LVL7
 1621 0129 0400     		.2byte	0x4
 1622 012b F3       		.byte	0xf3
 1623 012c 01       		.uleb128 0x1
 1624 012d 52       		.byte	0x52
 1625 012e 9F       		.byte	0x9f
 1626 012f 34000000 		.4byte	.LVL7
 1627 0133 3B000000 		.4byte	.LVL8-1
 1628 0137 0100     		.2byte	0x1
 1629 0139 52       		.byte	0x52
 1630 013a 3B000000 		.4byte	.LVL8-1
 1631 013e 40000000 		.4byte	.LVL9
 1632 0142 0400     		.2byte	0x4
 1633 0144 F3       		.byte	0xf3
 1634 0145 01       		.uleb128 0x1
 1635 0146 52       		.byte	0x52
 1636 0147 9F       		.byte	0x9f
 1637 0148 40000000 		.4byte	.LVL9
 1638 014c 45000000 		.4byte	.LVL10-1
 1639 0150 0100     		.2byte	0x1
 1640 0152 52       		.byte	0x52
 1641 0153 45000000 		.4byte	.LVL10-1
 1642 0157 4A000000 		.4byte	.LVL11
 1643 015b 0400     		.2byte	0x4
 1644 015d F3       		.byte	0xf3
 1645 015e 01       		.uleb128 0x1
 1646 015f 52       		.byte	0x52
 1647 0160 9F       		.byte	0x9f
 1648 0161 4A000000 		.4byte	.LVL11
 1649 0165 51000000 		.4byte	.LVL12-1
 1650 0169 0100     		.2byte	0x1
ARM GAS  C:\Users\brian\AppData\Local\Temp\ccNquUH9.s 			page 34


 1651 016b 52       		.byte	0x52
 1652 016c 51000000 		.4byte	.LVL12-1
 1653 0170 5E000000 		.4byte	.LVL13
 1654 0174 0400     		.2byte	0x4
 1655 0176 F3       		.byte	0xf3
 1656 0177 01       		.uleb128 0x1
 1657 0178 52       		.byte	0x52
 1658 0179 9F       		.byte	0x9f
 1659 017a 5E000000 		.4byte	.LVL13
 1660 017e 63000000 		.4byte	.LVL14-1
 1661 0182 0100     		.2byte	0x1
 1662 0184 52       		.byte	0x52
 1663 0185 63000000 		.4byte	.LVL14-1
 1664 0189 70000000 		.4byte	.LVL15
 1665 018d 0400     		.2byte	0x4
 1666 018f F3       		.byte	0xf3
 1667 0190 01       		.uleb128 0x1
 1668 0191 52       		.byte	0x52
 1669 0192 9F       		.byte	0x9f
 1670 0193 70000000 		.4byte	.LVL15
 1671 0197 73000000 		.4byte	.LVL16-1
 1672 019b 0100     		.2byte	0x1
 1673 019d 52       		.byte	0x52
 1674 019e 73000000 		.4byte	.LVL16-1
 1675 01a2 8E000000 		.4byte	.LVL20
 1676 01a6 0400     		.2byte	0x4
 1677 01a8 F3       		.byte	0xf3
 1678 01a9 01       		.uleb128 0x1
 1679 01aa 52       		.byte	0x52
 1680 01ab 9F       		.byte	0x9f
 1681 01ac 8E000000 		.4byte	.LVL20
 1682 01b0 91000000 		.4byte	.LVL21-1
 1683 01b4 0100     		.2byte	0x1
 1684 01b6 52       		.byte	0x52
 1685 01b7 91000000 		.4byte	.LVL21-1
 1686 01bb CA000000 		.4byte	.LVL33
 1687 01bf 0400     		.2byte	0x4
 1688 01c1 F3       		.byte	0xf3
 1689 01c2 01       		.uleb128 0x1
 1690 01c3 52       		.byte	0x52
 1691 01c4 9F       		.byte	0x9f
 1692 01c5 CA000000 		.4byte	.LVL33
 1693 01c9 D6000000 		.4byte	.LVL35
 1694 01cd 0100     		.2byte	0x1
 1695 01cf 54       		.byte	0x54
 1696 01d0 D6000000 		.4byte	.LVL35
 1697 01d4 E1000000 		.4byte	.LVL36-1
 1698 01d8 0100     		.2byte	0x1
 1699 01da 52       		.byte	0x52
 1700 01db E6000000 		.4byte	.LVL37
 1701 01df 04010000 		.4byte	.LFE0
 1702 01e3 0100     		.2byte	0x1
 1703 01e5 52       		.byte	0x52
 1704 01e6 00000000 		.4byte	0
 1705 01ea 00000000 		.4byte	0
 1706              	.LLST3:
 1707 01ee 00000000 		.4byte	.LVL0
ARM GAS  C:\Users\brian\AppData\Local\Temp\ccNquUH9.s 			page 35


 1708 01f2 12000000 		.4byte	.LVL2
 1709 01f6 0100     		.2byte	0x1
 1710 01f8 53       		.byte	0x53
 1711 01f9 12000000 		.4byte	.LVL2
 1712 01fd CA000000 		.4byte	.LVL33
 1713 0201 0100     		.2byte	0x1
 1714 0203 57       		.byte	0x57
 1715 0204 CA000000 		.4byte	.LVL33
 1716 0208 E6000000 		.4byte	.LVL37
 1717 020c 0400     		.2byte	0x4
 1718 020e F3       		.byte	0xf3
 1719 020f 01       		.uleb128 0x1
 1720 0210 53       		.byte	0x53
 1721 0211 9F       		.byte	0x9f
 1722 0212 E6000000 		.4byte	.LVL37
 1723 0216 EA000000 		.4byte	.LVL39
 1724 021a 0100     		.2byte	0x1
 1725 021c 57       		.byte	0x57
 1726 021d EA000000 		.4byte	.LVL39
 1727 0221 04010000 		.4byte	.LFE0
 1728 0225 0400     		.2byte	0x4
 1729 0227 F3       		.byte	0xf3
 1730 0228 01       		.uleb128 0x1
 1731 0229 53       		.byte	0x53
 1732 022a 9F       		.byte	0x9f
 1733 022b 00000000 		.4byte	0
 1734 022f 00000000 		.4byte	0
 1735              	.LLST4:
 1736 0233 94000000 		.4byte	.LVL22
 1737 0237 96000000 		.4byte	.LVL23
 1738 023b 0100     		.2byte	0x1
 1739 023d 56       		.byte	0x56
 1740 023e 96000000 		.4byte	.LVL23
 1741 0242 98000000 		.4byte	.LVL24
 1742 0246 0200     		.2byte	0x2
 1743 0248 77       		.byte	0x77
 1744 0249 05       		.sleb128 5
 1745 024a 98000000 		.4byte	.LVL24
 1746 024e 9E000000 		.4byte	.LVL25
 1747 0252 0100     		.2byte	0x1
 1748 0254 56       		.byte	0x56
 1749 0255 9E000000 		.4byte	.LVL25
 1750 0259 A0000000 		.4byte	.LVL26
 1751 025d 0700     		.2byte	0x7
 1752 025f 77       		.byte	0x77
 1753 0260 05       		.sleb128 5
 1754 0261 94       		.byte	0x94
 1755 0262 01       		.byte	0x1
 1756 0263 33       		.byte	0x33
 1757 0264 24       		.byte	0x24
 1758 0265 9F       		.byte	0x9f
 1759 0266 A0000000 		.4byte	.LVL26
 1760 026a C4000000 		.4byte	.LVL30
 1761 026e 0100     		.2byte	0x1
 1762 0270 56       		.byte	0x56
 1763 0271 00000000 		.4byte	0
 1764 0275 00000000 		.4byte	0
ARM GAS  C:\Users\brian\AppData\Local\Temp\ccNquUH9.s 			page 36


 1765              	.LLST5:
 1766 0279 C4000000 		.4byte	.LVL30
 1767 027d C6000000 		.4byte	.LVL31
 1768 0281 0100     		.2byte	0x1
 1769 0283 56       		.byte	0x56
 1770 0284 C6000000 		.4byte	.LVL31
 1771 0288 C8000000 		.4byte	.LVL32
 1772 028c 0200     		.2byte	0x2
 1773 028e 77       		.byte	0x77
 1774 028f 04       		.sleb128 4
 1775 0290 C8000000 		.4byte	.LVL32
 1776 0294 E6000000 		.4byte	.LVL37
 1777 0298 0100     		.2byte	0x1
 1778 029a 56       		.byte	0x56
 1779 029b 00000000 		.4byte	0
 1780 029f 00000000 		.4byte	0
 1781              	.LLST6:
 1782 02a3 CA000000 		.4byte	.LVL33
 1783 02a7 E6000000 		.4byte	.LVL37
 1784 02ab 0100     		.2byte	0x1
 1785 02ad 57       		.byte	0x57
 1786 02ae 00000000 		.4byte	0
 1787 02b2 00000000 		.4byte	0
 1788              		.section	.debug_aranges,"",%progbits
 1789 0000 1C000000 		.4byte	0x1c
 1790 0004 0200     		.2byte	0x2
 1791 0006 00000000 		.4byte	.Ldebug_info0
 1792 000a 04       		.byte	0x4
 1793 000b 00       		.byte	0
 1794 000c 0000     		.2byte	0
 1795 000e 0000     		.2byte	0
 1796 0010 00000000 		.4byte	.LFB0
 1797 0014 04010000 		.4byte	.LFE0-.LFB0
 1798 0018 00000000 		.4byte	0
 1799 001c 00000000 		.4byte	0
 1800              		.section	.debug_ranges,"",%progbits
 1801              	.Ldebug_ranges0:
 1802 0000 00000000 		.4byte	.LFB0
 1803 0004 04010000 		.4byte	.LFE0
 1804 0008 00000000 		.4byte	0
 1805 000c 00000000 		.4byte	0
 1806              		.section	.debug_line,"",%progbits
 1807              	.Ldebug_line0:
 1808 0000 A5010000 		.section	.debug_str,"MS",%progbits,1
 1808      02003B01 
 1808      00000201 
 1808      FB0E0D00 
 1808      01010101 
 1809              	.LASF69:
 1810 0000 75387838 		.ascii	"u8x8_d_ist3020_erc19264_powersave0_seq\000"
 1810      5F645F69 
 1810      73743330 
 1810      32305F65 
 1810      72633139 
 1811              	.LASF26:
 1812 0027 785F6F66 		.ascii	"x_offset\000"
 1812      66736574 
ARM GAS  C:\Users\brian\AppData\Local\Temp\ccNquUH9.s 			page 37


 1812      00
 1813              	.LASF27:
 1814 0030 69735F66 		.ascii	"is_font_inverse_mode\000"
 1814      6F6E745F 
 1814      696E7665 
 1814      7273655F 
 1814      6D6F6465 
 1815              	.LASF48:
 1816 0045 7370695F 		.ascii	"spi_mode\000"
 1816      6D6F6465 
 1816      00
 1817              	.LASF67:
 1818 004e 6172675F 		.ascii	"arg_ptr\000"
 1818      70747200 
 1819              	.LASF39:
 1820 0056 63686970 		.ascii	"chip_enable_level\000"
 1820      5F656E61 
 1820      626C655F 
 1820      6C657665 
 1820      6C00
 1821              	.LASF24:
 1822 0068 666F6E74 		.ascii	"font\000"
 1822      00
 1823              	.LASF35:
 1824 006d 6465626F 		.ascii	"debounce_result_msg\000"
 1824      756E6365 
 1824      5F726573 
 1824      756C745F 
 1824      6D736700 
 1825              	.LASF2:
 1826 0081 73686F72 		.ascii	"short int\000"
 1826      7420696E 
 1826      7400
 1827              	.LASF22:
 1828 008b 6770696F 		.ascii	"gpio_and_delay_cb\000"
 1828      5F616E64 
 1828      5F64656C 
 1828      61795F63 
 1828      6200
 1829              	.LASF52:
 1830 009d 74696C65 		.ascii	"tile_width\000"
 1830      5F776964 
 1830      746800
 1831              	.LASF68:
 1832 00a8 73697A65 		.ascii	"sizetype\000"
 1832      74797065 
 1832      00
 1833              	.LASF45:
 1834 00b1 7364615F 		.ascii	"sda_setup_time_ns\000"
 1834      73657475 
 1834      705F7469 
 1834      6D655F6E 
 1834      7300
 1835              	.LASF44:
 1836 00c3 706F7374 		.ascii	"post_reset_wait_ms\000"
 1836      5F726573 
 1836      65745F77 
ARM GAS  C:\Users\brian\AppData\Local\Temp\ccNquUH9.s 			page 38


 1836      6169745F 
 1836      6D7300
 1837              	.LASF7:
 1838 00d6 5F5F7569 		.ascii	"__uint32_t\000"
 1838      6E743332 
 1838      5F7400
 1839              	.LASF4:
 1840 00e1 5F5F7569 		.ascii	"__uint16_t\000"
 1840      6E743136 
 1840      5F7400
 1841              	.LASF72:
 1842 00ec 75387838 		.ascii	"u8x8_d_ist3020_erc19264_flip1_seq\000"
 1842      5F645F69 
 1842      73743330 
 1842      32305F65 
 1842      72633139 
 1843              	.LASF81:
 1844 010e 75387838 		.ascii	"u8x8_cad_EndTransfer\000"
 1844      5F636164 
 1844      5F456E64 
 1844      5472616E 
 1844      73666572 
 1845              	.LASF85:
 1846 0123 433A5C55 		.ascii	"C:\\Users\\brian\\Documents\\PSoC Creator\\Lab7\\La"
 1846      73657273 
 1846      5C627269 
 1846      616E5C44 
 1846      6F63756D 
 1847 0150 62372E63 		.ascii	"b7.cydsn\000"
 1847      7964736E 
 1847      00
 1848              	.LASF51:
 1849 0159 77726974 		.ascii	"write_pulse_width_ns\000"
 1849      655F7075 
 1849      6C73655F 
 1849      77696474 
 1849      685F6E73 
 1850              	.LASF12:
 1851 016e 75696E74 		.ascii	"uint8_t\000"
 1851      385F7400 
 1852              	.LASF41:
 1853 0176 706F7374 		.ascii	"post_chip_enable_wait_ns\000"
 1853      5F636869 
 1853      705F656E 
 1853      61626C65 
 1853      5F776169 
 1854              	.LASF84:
 1855 018f 2E2E5C75 		.ascii	"..\\u8g2\\csrc\\u8x8_d_ist3020.c\000"
 1855      3867325C 
 1855      63737263 
 1855      5C753878 
 1855      385F645F 
 1856              	.LASF60:
 1857 01ad 74696C65 		.ascii	"tile_ptr\000"
 1857      5F707472 
 1857      00
 1858              	.LASF66:
ARM GAS  C:\Users\brian\AppData\Local\Temp\ccNquUH9.s 			page 39


 1859 01b6 6172675F 		.ascii	"arg_int\000"
 1859      696E7400 
 1860              	.LASF82:
 1861 01be 75387838 		.ascii	"u8x8_cad_SendData\000"
 1861      5F636164 
 1861      5F53656E 
 1861      64446174 
 1861      6100
 1862              	.LASF23:
 1863 01d0 6275735F 		.ascii	"bus_clock\000"
 1863      636C6F63 
 1863      6B00
 1864              	.LASF54:
 1865 01da 64656661 		.ascii	"default_x_offset\000"
 1865      756C745F 
 1865      785F6F66 
 1865      66736574 
 1865      00
 1866              	.LASF36:
 1867 01eb 75387838 		.ascii	"u8x8_display_info_t\000"
 1867      5F646973 
 1867      706C6179 
 1867      5F696E66 
 1867      6F5F7400 
 1868              	.LASF33:
 1869 01ff 6465626F 		.ascii	"debounce_last_pin_state\000"
 1869      756E6365 
 1869      5F6C6173 
 1869      745F7069 
 1869      6E5F7374 
 1870              	.LASF9:
 1871 0217 6C6F6E67 		.ascii	"long long int\000"
 1871      206C6F6E 
 1871      6720696E 
 1871      7400
 1872              	.LASF31:
 1873 0225 6770696F 		.ascii	"gpio_result\000"
 1873      5F726573 
 1873      756C7400 
 1874              	.LASF46:
 1875 0231 73636B5F 		.ascii	"sck_pulse_width_ns\000"
 1875      70756C73 
 1875      655F7769 
 1875      6474685F 
 1875      6E7300
 1876              	.LASF79:
 1877 0244 75387838 		.ascii	"u8x8_cad_SendCmd\000"
 1877      5F636164 
 1877      5F53656E 
 1877      64436D64 
 1877      00
 1878              	.LASF76:
 1879 0255 75387838 		.ascii	"u8x8_d_helper_display_init\000"
 1879      5F645F68 
 1879      656C7065 
 1879      725F6469 
 1879      73706C61 
ARM GAS  C:\Users\brian\AppData\Local\Temp\ccNquUH9.s 			page 40


 1880              	.LASF6:
 1881 0270 6C6F6E67 		.ascii	"long int\000"
 1881      20696E74 
 1881      00
 1882              	.LASF86:
 1883 0279 75387838 		.ascii	"u8x8_d_ist3020_erc19264\000"
 1883      5F645F69 
 1883      73743330 
 1883      32305F65 
 1883      72633139 
 1884              	.LASF70:
 1885 0291 75387838 		.ascii	"u8x8_d_ist3020_erc19264_powersave1_seq\000"
 1885      5F645F69 
 1885      73743330 
 1885      32305F65 
 1885      72633139 
 1886              	.LASF61:
 1887 02b8 785F706F 		.ascii	"x_pos\000"
 1887      7300
 1888              	.LASF3:
 1889 02be 5F5F7569 		.ascii	"__uint8_t\000"
 1889      6E74385F 
 1889      7400
 1890              	.LASF19:
 1891 02c8 64697370 		.ascii	"display_cb\000"
 1891      6C61795F 
 1891      636200
 1892              	.LASF65:
 1893 02d3 75387838 		.ascii	"u8x8\000"
 1893      00
 1894              	.LASF50:
 1895 02d8 64617461 		.ascii	"data_setup_time_ns\000"
 1895      5F736574 
 1895      75705F74 
 1895      696D655F 
 1895      6E7300
 1896              	.LASF15:
 1897 02eb 6C6F6E67 		.ascii	"long double\000"
 1897      20646F75 
 1897      626C6500 
 1898              	.LASF53:
 1899 02f7 74696C65 		.ascii	"tile_height\000"
 1899      5F686569 
 1899      67687400 
 1900              	.LASF1:
 1901 0303 756E7369 		.ascii	"unsigned char\000"
 1901      676E6564 
 1901      20636861 
 1901      7200
 1902              	.LASF0:
 1903 0311 7369676E 		.ascii	"signed char\000"
 1903      65642063 
 1903      68617200 
 1904              	.LASF10:
 1905 031d 6C6F6E67 		.ascii	"long long unsigned int\000"
 1905      206C6F6E 
 1905      6720756E 
ARM GAS  C:\Users\brian\AppData\Local\Temp\ccNquUH9.s 			page 41


 1905      7369676E 
 1905      65642069 
 1906              	.LASF14:
 1907 0334 75696E74 		.ascii	"uint32_t\000"
 1907      33325F74 
 1907      00
 1908              	.LASF59:
 1909 033d 75387838 		.ascii	"u8x8_tile_struct\000"
 1909      5F74696C 
 1909      655F7374 
 1909      72756374 
 1909      00
 1910              	.LASF11:
 1911 034e 756E7369 		.ascii	"unsigned int\000"
 1911      676E6564 
 1911      20696E74 
 1911      00
 1912              	.LASF13:
 1913 035b 75696E74 		.ascii	"uint16_t\000"
 1913      31365F74 
 1913      00
 1914              	.LASF38:
 1915 0364 75387838 		.ascii	"u8x8_display_info_struct\000"
 1915      5F646973 
 1915      706C6179 
 1915      5F696E66 
 1915      6F5F7374 
 1916              	.LASF78:
 1917 037d 75387838 		.ascii	"u8x8_cad_StartTransfer\000"
 1917      5F636164 
 1917      5F537461 
 1917      72745472 
 1917      616E7366 
 1918              	.LASF43:
 1919 0394 72657365 		.ascii	"reset_pulse_width_ms\000"
 1919      745F7075 
 1919      6C73655F 
 1919      77696474 
 1919      685F6D73 
 1920              	.LASF16:
 1921 03a9 75387838 		.ascii	"u8x8_t\000"
 1921      5F7400
 1922              	.LASF49:
 1923 03b0 6932635F 		.ascii	"i2c_bus_clock_100kHz\000"
 1923      6275735F 
 1923      636C6F63 
 1923      6B5F3130 
 1923      306B487A 
 1924              	.LASF47:
 1925 03c5 73636B5F 		.ascii	"sck_clock_hz\000"
 1925      636C6F63 
 1925      6B5F687A 
 1925      00
 1926              	.LASF5:
 1927 03d2 73686F72 		.ascii	"short unsigned int\000"
 1927      7420756E 
 1927      7369676E 
ARM GAS  C:\Users\brian\AppData\Local\Temp\ccNquUH9.s 			page 42


 1927      65642069 
 1927      6E7400
 1928              	.LASF64:
 1929 03e5 75387838 		.ascii	"u8x8_char_cb\000"
 1929      5F636861 
 1929      725F6362 
 1929      00
 1930              	.LASF34:
 1931 03f2 6465626F 		.ascii	"debounce_state\000"
 1931      756E6365 
 1931      5F737461 
 1931      746500
 1932              	.LASF80:
 1933 0401 75387838 		.ascii	"u8x8_cad_SendArg\000"
 1933      5F636164 
 1933      5F53656E 
 1933      64417267 
 1933      00
 1934              	.LASF17:
 1935 0412 64697370 		.ascii	"display_info\000"
 1935      6C61795F 
 1935      696E666F 
 1935      00
 1936              	.LASF57:
 1937 041f 70697865 		.ascii	"pixel_height\000"
 1937      6C5F6865 
 1937      69676874 
 1937      00
 1938              	.LASF56:
 1939 042c 70697865 		.ascii	"pixel_width\000"
 1939      6C5F7769 
 1939      64746800 
 1940              	.LASF30:
 1941 0438 75746638 		.ascii	"utf8_state\000"
 1941      5F737461 
 1941      746500
 1942              	.LASF37:
 1943 0443 75387838 		.ascii	"u8x8_struct\000"
 1943      5F737472 
 1943      75637400 
 1944              	.LASF62:
 1945 044f 795F706F 		.ascii	"y_pos\000"
 1945      7300
 1946              	.LASF71:
 1947 0455 75387838 		.ascii	"u8x8_d_ist3020_erc19264_flip0_seq\000"
 1947      5F645F69 
 1947      73743330 
 1947      32305F65 
 1947      72633139 
 1948              	.LASF8:
 1949 0477 6C6F6E67 		.ascii	"long unsigned int\000"
 1949      20756E73 
 1949      69676E65 
 1949      6420696E 
 1949      7400
 1950              	.LASF21:
 1951 0489 62797465 		.ascii	"byte_cb\000"
ARM GAS  C:\Users\brian\AppData\Local\Temp\ccNquUH9.s 			page 43


 1951      5F636200 
 1952              	.LASF40:
 1953 0491 63686970 		.ascii	"chip_disable_level\000"
 1953      5F646973 
 1953      61626C65 
 1953      5F6C6576 
 1953      656C00
 1954              	.LASF28:
 1955 04a4 6932635F 		.ascii	"i2c_address\000"
 1955      61646472 
 1955      65737300 
 1956              	.LASF73:
 1957 04b0 75387838 		.ascii	"u8x8_ist3020_erc19264_display_info\000"
 1957      5F697374 
 1957      33303230 
 1957      5F657263 
 1957      31393236 
 1958              	.LASF55:
 1959 04d3 666C6970 		.ascii	"flipmode_x_offset\000"
 1959      6D6F6465 
 1959      5F785F6F 
 1959      66667365 
 1959      7400
 1960              	.LASF25:
 1961 04e5 656E636F 		.ascii	"encoding\000"
 1961      64696E67 
 1961      00
 1962              	.LASF77:
 1963 04ee 75387838 		.ascii	"u8x8_cad_SendSequence\000"
 1963      5F636164 
 1963      5F53656E 
 1963      64536571 
 1963      75656E63 
 1964              	.LASF29:
 1965 0504 6932635F 		.ascii	"i2c_started\000"
 1965      73746172 
 1965      74656400 
 1966              	.LASF75:
 1967 0510 75387838 		.ascii	"u8x8_d_helper_display_setup_memory\000"
 1967      5F645F68 
 1967      656C7065 
 1967      725F6469 
 1967      73706C61 
 1968              	.LASF20:
 1969 0533 6361645F 		.ascii	"cad_cb\000"
 1969      636200
 1970              	.LASF58:
 1971 053a 75387838 		.ascii	"u8x8_tile_t\000"
 1971      5F74696C 
 1971      655F7400 
 1972              	.LASF83:
 1973 0546 474E5520 		.ascii	"GNU C11 5.4.1 20160609 (release) [ARM/embedded-5-br"
 1973      43313120 
 1973      352E342E 
 1973      31203230 
 1973      31363036 
 1974 0579 616E6368 		.ascii	"anch revision 237715] -mcpu=cortex-m3 -mthumb -g -O"
ARM GAS  C:\Users\brian\AppData\Local\Temp\ccNquUH9.s 			page 44


 1974      20726576 
 1974      6973696F 
 1974      6E203233 
 1974      37373135 
 1975 05ac 67202D66 		.ascii	"g -ffunction-sections -ffat-lto-objects\000"
 1975      66756E63 
 1975      74696F6E 
 1975      2D736563 
 1975      74696F6E 
 1976              	.LASF32:
 1977 05d4 6465626F 		.ascii	"debounce_default_pin_state\000"
 1977      756E6365 
 1977      5F646566 
 1977      61756C74 
 1977      5F70696E 
 1978              	.LASF63:
 1979 05ef 75387838 		.ascii	"u8x8_msg_cb\000"
 1979      5F6D7367 
 1979      5F636200 
 1980              	.LASF18:
 1981 05fb 6E657874 		.ascii	"next_cb\000"
 1981      5F636200 
 1982              	.LASF74:
 1983 0603 75387838 		.ascii	"u8x8_d_ist3020_erc19264_init_seq\000"
 1983      5F645F69 
 1983      73743330 
 1983      32305F65 
 1983      72633139 
 1984              	.LASF42:
 1985 0624 7072655F 		.ascii	"pre_chip_disable_wait_ns\000"
 1985      63686970 
 1985      5F646973 
 1985      61626C65 
 1985      5F776169 
 1986              		.ident	"GCC: (GNU Tools for ARM Embedded Processors) 5.4.1 20160609 (release) [ARM/embedded-5-bran
