ARM GAS  C:\Users\brian\AppData\Local\Temp\cc28c3Jo.s 			page 1


   1              		.syntax unified
   2              		.cpu cortex-m3
   3              		.fpu softvfp
   4              		.eabi_attribute 20, 1
   5              		.eabi_attribute 21, 1
   6              		.eabi_attribute 23, 3
   7              		.eabi_attribute 24, 1
   8              		.eabi_attribute 25, 1
   9              		.eabi_attribute 26, 1
  10              		.eabi_attribute 30, 1
  11              		.eabi_attribute 34, 1
  12              		.eabi_attribute 18, 4
  13              		.thumb
  14              		.syntax unified
  15              		.file	"u8x8_fonts.c"
  16              		.text
  17              	.Ltext0:
  18              		.cfi_sections	.debug_frame
  19              		.global	u8x8_font_amstrad_cpc_extended_f
  20              		.section	.rodata
  21              		.align	2
  22              		.type	u8x8_font_amstrad_cpc_extended_f, %object
  23              		.size	u8x8_font_amstrad_cpc_extended_f, 1796
  24              	u8x8_font_amstrad_cpc_extended_f:
  25 0000 20FF0101 		.ascii	" \377\001\001\000\000\000\000\000\000\000\000\000\000"
  25      00000000 
  25      00000000 
  25      0000
  26 000e 005F5F00 		.ascii	"\000__\000\000\000\000\007\007\000\007\007\000\000\024"
  26      00000007 
  26      07000707 
  26      000014
  27 001d 7F7F1C7F 		.ascii	"\177\177\034\177\177\024\000\000$*\177\177*\022\000"
  27      7F140000 
  27      242A7F7F 
  27      2A1200
  28 002c 46663018 		.ascii	"Ff0\030\014fb\0000zO]7zH\000\000\000\000\007\007\000"
  28      0C666200 
  28      307A4F5D 
  28      377A4800 
  28      00000007 
  29 0042 00000000 		.ascii	"\000\000\000\000\034>cA\000\000\000\000Ac>\034\000\000"
  29      1C3E6341 
  29      00000000 
  29      41633E1C 
  29      0000
  30 0054 082A3E1C 		.ascii	"\010*>\034\034>*\010\000\010\010>>\010\010\000\000\000"
  30      1C3E2A08 
  30      0008083E 
  30      3E080800 
  30      0000
  31 0066 80E06000 		.ascii	"\200\340`\000\000\000\000\010\010\010\010\010\010\000"
  31      00000008 
  31      08080808 
  31      0800
  32 0074 00000060 		.ascii	"\000\000\000``\000\000\000`0\030\014\006\003\001\000"
  32      60000000 
ARM GAS  C:\Users\brian\AppData\Local\Temp\cc28c3Jo.s 			page 2


  32      6030180C 
  32      06030100 
  33 0084 3E7F5149 		.ascii	">\177QIE\177>\000\000@B\177\177@@\000\000r{IIof\000"
  33      457F3E00 
  33      0040427F 
  33      7F404000 
  33      00727B49 
  34 009c 00226149 		.ascii	"\000\"aII\1776\000\030\024R\177\177P\020\000\000'oI"
  34      497F3600 
  34      1814527F 
  34      7F501000 
  34      00276F49 
  35 00b0 49793300 		.ascii	"Iy3\000\000>\177II{2\000\000\003\001q}\017\007\000\000"
  35      003E7F49 
  35      497B3200 
  35      00030171 
  35      7D0F0700 
  36 00c5 367F4949 		.ascii	"6\177II\1776\000\000&oII\177>\000\000\000\000ll\000"
  36      7F360000 
  36      266F4949 
  36      7F3E0000 
  36      00006C6C 
  37 00da 00000000 		.ascii	"\000\000\000\000\200\354l\000\000\000\000\010\0346c"
  37      80EC6C00 
  37      00000008 
  37      1C3663
  38 00e9 41000000 		.ascii	"A\000\000\000$$$$$$\000\000Ac6\034\010\000\000\000\002"
  38      24242424 
  38      24240000 
  38      4163361C 
  38      08000000 
  39 00fe 0351590F 		.ascii	"\003QY\017\006\000>\177A]]_\036\000\000|~\023\023~|"
  39      06003E7F 
  39      415D5D5F 
  39      1E00007C 
  39      7E13137E 
  40 0113 00417F7F 		.ascii	"\000A\177\177II\1776\000\034>cAAc\"\000A\177\177Ac>"
  40      49497F36 
  40      001C3E63 
  40      41416322 
  40      00417F7F 
  41 012a 1C00417F 		.ascii	"\034\000A\177\177I]Ac\000A\177\177I\035\001\003\000"
  41      7F495D41 
  41      6300417F 
  41      7F491D01 
  41      0300
  42 013c 3C7E4341 		.ascii	"<~CAQsr\000\000\177\177\010\010\177\177\000\000AA\177"
  42      51737200 
  42      007F7F08 
  42      087F7F00 
  42      0041417F 
  43 0150 7F414100 		.ascii	"\177AA\0000p@A\177?\001\000A\177\177\010\034wc\000A"
  43      30704041 
  43      7F3F0100 
  43      417F7F08 
  43      1C776300 
  44 0165 7F7F4140 		.ascii	"\177\177A@`p\000\177\177\016\034\016\177\177\000\177"
ARM GAS  C:\Users\brian\AppData\Local\Temp\cc28c3Jo.s 			page 3


  44      6070007F 
  44      7F0E1C0E 
  44      7F7F007F 
  45 0175 7F060C18 		.ascii	"\177\006\014\030\177\177\000\034>cAc>\034\000A\177\177"
  45      7F7F001C 
  45      3E634163 
  45      3E1C0041 
  45      7F7F
  46 0187 49090706 		.ascii	"I\011\007\006\000<~CQ3n\\\000A\177\177\011\031?f\000"
  46      003C7E43 
  46      51336E5C 
  46      00417F7F 
  46      09193F66 
  47 019c 00266F49 		.ascii	"\000&oII{2\000\000\003A\177\177A\003\000\000?\177@@"
  47      497B3200 
  47      0003417F 
  47      7F410300 
  47      003F7F40 
  48 01b1 7F3F0000 		.ascii	"\177?\000\000\037?``?\037\000\177\1770\0300\177\177"
  48      1F3F6060 
  48      3F1F007F 
  48      7F301830 
  48      7F7F
  49 01c3 0061731E 		.ascii	"\000as\036\014\036sa\000\000\007OxxO\007\000GcqYMgs"
  49      0C1E7361 
  49      0000074F 
  49      78784F07 
  49      00476371 
  50 01db 0000007F 		.ascii	"\000\000\000\177\177AA\000\000\001\003\006\014\0300"
  50      7F414100 
  50      00010306 
  50      0C1830
  51 01ea 60000000 		.ascii	"`\000\000\000AA\177\177\000\000\010\014\006\003\006"
  51      41417F7F 
  51      0000080C 
  51      060306
  52 01f9 0C080080 		.ascii	"\014\010\000\200\200\200\200\200\200\200\200\000\000"
  52      80808080 
  52      80808000 
  52      00
  53 0206 02060C08 		.ascii	"\002\006\014\010\000\000 tTT<x@\000C?\177DD|8\000\000"
  53      00002074 
  53      54543C78 
  53      4000433F 
  53      7F44447C 
  54 021d 387C4444 		.ascii	"8|DDl(\0008|DE?\177@\000\0008|TT\\\030\000\000H~\177"
  54      6C280038 
  54      7C44453F 
  54      7F400000 
  54      387C5454 
  55 0238 49030200 		.ascii	"I\003\002\000\000\230\274\244\244\374|\000A\177\177"
  55      0098BCA4 
  55      A4FC7C00 
  55      417F7F
  56 0247 08047C78 		.ascii	"\010\004|x\000\000\000D}}@\000\000\000`\340\200\204"
  56      00000044 
  56      7D7D4000 
ARM GAS  C:\Users\brian\AppData\Local\Temp\cc28c3Jo.s 			page 4


  56      000060E0 
  56      8084
  57 0259 FC7D0041 		.ascii	"\374}\000A\177\177\0208lD\000\000\000A\177\177@\000"
  57      7F7F1038 
  57      6C440000 
  57      00417F7F 
  57      4000
  58 026b 00787C0C 		.ascii	"\000x|\0148\014|x\000\004|x\004\004xx\000\0008|DD|8"
  58      380C7C78 
  58      00047C78 
  58      04047878 
  58      0000387C 
  59 0283 0084FCF8 		.ascii	"\000\204\374\370\244$<\030\000\030<$\244\370\374\204"
  59      A4243C18 
  59      00183C24 
  59      A4F8FC84 
  60 0293 00447C78 		.ascii	"\000D|xD\014\010\000\000\000H\\TTt \000\000\004?\177"
  60      440C0800 
  60      0000485C 
  60      54547420 
  60      0000043F 
  61 02a8 44642000 		.ascii	"Dd \000\000<|@@||\000\000\034<``<\034\000<|`8`|<\000"
  61      003C7C40 
  61      407C7C00 
  61      001C3C60 
  61      603C1C00 
  62 02c4 446C3810 		.ascii	"Dl8\0208lD\000\000\234\274\240\240\374|\000\000Ldt\\"
  62      386C4400 
  62      009CBCA0 
  62      A0FC7C00 
  62      004C6474 
  63 02d9 4C440000 		.ascii	"LD\000\000AAw>\010\010\000\000\000\000\177\177\000\000"
  63      4141773E 
  63      08080000 
  63      00007F7F 
  63      0000
  64 02eb 00000808 		.ascii	"\000\000\010\010>wAA\000\002\003\001\003\002\001\001"
  64      3E774141 
  64      00020301 
  64      03020101 
  65 02fb 00000000 		.ascii	"\000\000\000\000\000\000\000\000\000\000\000\000\377"
  65      00000000 
  65      00000000 
  65      FF
  66 0308 FF000000 		.ascii	"\377\000\000\000\030\030\030\030\030\030\030\030\000"
  66      18181818 
  66      18181818 
  66      00
  67 0315 00001F1F 		.ascii	"\000\000\037\037\030\030\030\000\000\000\370\370\030"
  67      18181800 
  67      0000F8F8 
  67      18
  68 0322 18181818 		.ascii	"\030\030\030\030\030\370\370\000\000\000\030\030\030"
  68      18F8F800 
  68      00001818 
  68      18
  69 032f 1F1F0000 		.ascii	"\037\037\000\000\000\030\030\030\037\037\030\030\030"
ARM GAS  C:\Users\brian\AppData\Local\Temp\cc28c3Jo.s 			page 5


  69      00181818 
  69      1F1F1818 
  69      18
  70 033c 000000FF 		.ascii	"\000\000\000\377\377\030\030\030\030\030\030\370\370"
  70      FF181818 
  70      181818F8 
  70      F8
  71 0349 18181818 		.ascii	"\030\030\030\030\030\030\377\377\000\000\000\030\030"
  71      1818FFFF 
  71      00000018 
  71      18
  72 0356 18FFFF18 		.ascii	"\030\377\377\030\030\030\000\010\034>\010\010\010\000"
  72      18180008 
  72      1C3E0808 
  72      0800
  73 0364 00080C3E 		.ascii	"\000\010\014>\014\010\000\000\000\010\010\010>\034\010"
  73      0C080000 
  73      00080808 
  73      3E1C08
  74 0373 00000818 		.ascii	"\000\000\010\030>\030\010\000\000\000\000\000\000\360"
  74      3E180800 
  74      00000000 
  74      00F0
  75 0381 F0F0F0F0 		.ascii	"\360\360\360\360\360\360\360\000\000\000\000\360\360"
  75      F0F0F000 
  75      000000F0 
  75      F0
  76 038e F0F0F0F0 		.ascii	"\360\360\360\360\360\360\000\000\000\000\017\017\017"
  76      F0F00000 
  76      00000F0F 
  76      0F
  77 039b 0F000000 		.ascii	"\017\000\000\000\000\377\377\377\377\360\360\360\360"
  77      00FFFFFF 
  77      FFF0F0F0 
  77      F0
  78 03a8 0F0F0F0F 		.ascii	"\017\017\017\017\360\360\360\360\377\377\377\377\017"
  78      F0F0F0F0 
  78      FFFFFFFF 
  78      0F
  79 03b5 0F0F0F00 		.ascii	"\017\017\017\000\000\000\000\017\017\017\017\360\360"
  79      0000000F 
  79      0F0F0FF0 
  79      F0
  80 03c2 F0F0FFFF 		.ascii	"\360\360\377\377\377\377\000\000\000\000\377\377\377"
  80      FFFF0000 
  80      0000FFFF 
  80      FF
  81 03cf FFF0F0F0 		.ascii	"\377\360\360\360\360\017\017\017\017\017\017\017\017"
  81      F00F0F0F 
  81      0F0F0F0F 
  81      0F
  82 03dc 0F0F0F0F 		.ascii	"\017\017\017\017\377\377\377\377\377\377\377\377\017"
  82      FFFFFFFF 
  82      FFFFFFFF 
  82      0F
  83 03e9 0F0F0FFF 		.ascii	"\017\017\017\377\377\377\377\377\377\377\377\300\300"
  83      FFFFFFFF 
ARM GAS  C:\Users\brian\AppData\Local\Temp\cc28c3Jo.s 			page 6


  83      FFFFFFC0 
  83      C0
  84 03f6 C0C0C0C0 		.ascii	"\300\300\300\300\300\300\374\374\374\374\374\374\374"
  84      C0C0FCFC 
  84      FCFCFCFC 
  84      FC
  85 0403 FC000000 		.ascii	"\374\000\000\000\000\000\000\000\000\000\000\000}}\000"
  85      00000000 
  85      00000000 
  85      7D7D00
  86 0412 0000387C 		.ascii	"\000\0008|D\376Dl(\000H~\177IIcb\000\000Z<$$<Z\000\000"
  86      44FE446C 
  86      2800487E 
  86      7F494963 
  86      6200005A 
  87 042d 15577E7E 		.ascii	"\025W~~W\025\000\000\000\000ww\000\000\000@H~w\035\011"
  87      57150000 
  87      00007777 
  87      00000040 
  87      487E771D 
  88 0442 01000003 		.ascii	"\001\000\000\003\003\000\000\003\003\000\034\"]UU\""
  88      03000003 
  88      03001C22 
  88      5D555522 
  89 0452 1C00485D 		.ascii	"\034\000H]UO^P\000\000\010\0346*\0346\"\000\000\010"
  89      554F5E50 
  89      0000081C 
  89      362A1C36 
  89      22000008 
  90 0466 08080808 		.ascii	"\010\010\010\010\030\000\000\000\020\020\020\000\000"
  90      18000000 
  90      10101000 
  90      00
  91 0473 001C225D 		.ascii	"\000\034\"]MU\"\034\000\000\000\001\001\001\001\000"
  91      4D55221C 
  91      00000001 
  91      01010100 
  92 0483 00000E1B 		.ascii	"\000\000\016\033\021\033\016\000\000\000HH~~HH\000\000"
  92      111B0E00 
  92      00004848 
  92      7E7E4848 
  92      0000
  93 0495 191D1517 		.ascii	"\031\035\025\027\022\000\000\000\021\025\025\037\012"
  93      12000000 
  93      1115151F 
  93      0A
  94 04a2 00000000 		.ascii	"\000\000\000\000\004\007\003\000\000\000\000\370\370"
  94      04070300 
  94      000000F8 
  94      F8
  95 04af 40407838 		.ascii	"@@x8\000\002\017\177\177\001\177\001\000\000\000\000"
  95      00020F7F 
  95      7F017F01 
  95      00000000 
  96 04bf 18180000 		.ascii	"\030\030\000\000\000\000\000@@`\000\000\000\000\000"
  96      00000040 
  96      40600000 
ARM GAS  C:\Users\brian\AppData\Local\Temp\cc28c3Jo.s 			page 7


  96      000000
  97 04ce 111F1F10 		.ascii	"\021\037\037\020\000\000\000N[Q[N\000\000\"6\034*6\034"
  97      0000004E 
  97      5B515B4E 
  97      00002236 
  97      1C2A361C 
  98 04e2 0800021F 		.ascii	"\010\000\002\037\0000(| \000\002\037\000HdTH\000\021"
  98      0030287C 
  98      2000021F 
  98      00486454 
  98      480011
  99 04f5 15150A30 		.ascii	"\025\025\0120(| \0000xMEp0\000\000x}\025\024|x\000\000"
  99      287C2000 
  99      30784D45 
  99      70300000 
  99      787D1514 
 100 050d 787C1415 		.ascii	"x|\024\025}x\000\000x|\025\025|x\000\000x}\025\025}"
 100      7D780000 
 100      787C1515 
 100      7C780000 
 100      787D1515 
 101 0522 78000079 		.ascii	"x\000\000y}\024\024}y\000\000x~\025\025~x\000x|\022"
 101      7D14147D 
 101      79000078 
 101      7E15157E 
 101      7800787C 
 102 0537 7F7F496B 		.ascii	"\177\177Ik\000\014\236\263\341\3413\022\000D}}TTTD\000"
 102      000C9EB3 
 102      E1E13312 
 102      00447D7D 
 102      54545444 
 103 054c 447C7C55 		.ascii	"D||UUTD\000D|}UUUD\000D}}TUUD\000\000DE}|DD\000\000"
 103      55544400 
 103      447C7D55 
 103      55554400 
 103      447D7D54 
 104 056d 44447C7D 		.ascii	"DD|}ED\000\000DE}}ED\000\000EE||EE\000I\177\177Ic>\034"
 104      45440000 
 104      44457D7D 
 104      45440000 
 104      45457C7C 
 105 058b 00007A79 		.ascii	"\000\000zy\021\"zy\0008|EED|8\0008|DDE}8\0008|EEE|8"
 105      11227A79 
 105      00387C45 
 105      45447C38 
 105      00387C44 
 106 05ab 00387D45 		.ascii	"\0008}EEE}8\0008}EDE}8\000Bf<\030<fB\000\\>s]g>\035"
 106      45457D38 
 106      00387D45 
 106      44457D38 
 106      0042663C 
 107 05cb 01003C7D 		.ascii	"\001\000<}A@|<\000\000<|@A}<\000\000<}AA}<\000\000="
 107      41407C3C 
 107      00003C7C 
 107      40417D3C 
 107      00003C7D 
 108 05e6 7D40407D 		.ascii	"}@@}=\000\000\014]qp\\\014\000\177\177\"\"\"\034\000"
ARM GAS  C:\Users\brian\AppData\Local\Temp\cc28c3Jo.s 			page 8


 108      3D00000C 
 108      5D71705C 
 108      0C007F7F 
 108      2222221C 
 109 05fb 007E7F49 		.ascii	"\000~\177III>6\000 uUT<x@\000 tTU=x@\000 tUU=x@\000"
 109      49493E36 
 109      00207555 
 109      543C7840 
 109      00207454 
 110 061c 20755555 		.ascii	" uUU=y@\000 uUT=y@\000 vUU>x@\000 tT|4TX\000\000\030"
 110      3D794000 
 110      20755554 
 110      3D794000 
 110      20765555 
 111 063e 3CA4E424 		.ascii	"<\244\344$(\000\0008}UT\\\030\000\0008|TU]\030\000\000"
 111      28000038 
 111      7D55545C 
 111      18000038 
 111      7C54555D 
 112 0655 387D5555 		.ascii	"8}UU]\030\000\0009}TT]\031\000\000\000I{z@\000\000\000"
 112      5D180000 
 112      397D5454 
 112      5D190000 
 112      00497B7A 
 113 066d 00487A7B 		.ascii	"\000Hz{A\000\000\000\000JyyB\000\000\000\002JxxB\002"
 113      41000000 
 113      004A7979 
 113      42000000 
 113      024A7878 
 114 0683 00003575 		.ascii	"\000\0005uKN}1\000\010zq\011\012zq\000\0000yKJx0\000"
 114      4B4E7D31 
 114      00087A71 
 114      090A7A71 
 114      00003079 
 115 069c 0030784A 		.ascii	"\0000xJKy0\000\0000zIIz0\000\0002yIJz1\000\0002zHHz"
 115      4B793000 
 115      00307A49 
 115      497A3000 
 115      00327949 
 116 06ba 32000008 		.ascii	"2\000\000\010\010kk\010\010\000\200\260xhXx4\004\000"
 116      086B6B08 
 116      080080B0 
 116      78685878 
 116      340400
 117 06cd 38794342 		.ascii	"8yCBxx\000\0008xBCyx\000\0008zAAzx\000\000:z@@zz\000"
 117      78780000 
 117      38784243 
 117      79780000 
 117      387A4141 
 118 06ec 0098B8A2 		.ascii	"\000\230\270\242\243\371x\000\000~$$$\030\000\000\000"
 118      A3F97800 
 118      007E2424 
 118      24180000 
 118      00
 119 06fd 9ABAA0A0 		.ascii	"\232\272\240\240\372z\000"
 119      FA7A00
 120              		.text
ARM GAS  C:\Users\brian\AppData\Local\Temp\cc28c3Jo.s 			page 9


 121              	.Letext0:
 122              		.file 1 "c:\\program files (x86)\\cypress\\psoc creator\\4.4\\psoc creator\\import\\gnu\\arm\\5.4.
 123              		.file 2 "c:\\program files (x86)\\cypress\\psoc creator\\4.4\\psoc creator\\import\\gnu\\arm\\5.4.
 124              		.file 3 "..\\u8g2\\csrc\\u8x8_fonts.c"
 125              		.section	.debug_info,"",%progbits
 126              	.Ldebug_info0:
 127 0000 B0000000 		.4byte	0xb0
 128 0004 0400     		.2byte	0x4
 129 0006 00000000 		.4byte	.Ldebug_abbrev0
 130 000a 04       		.byte	0x4
 131 000b 01       		.uleb128 0x1
 132 000c 1B000000 		.4byte	.LASF13
 133 0010 0C       		.byte	0xc
 134 0011 1F010000 		.4byte	.LASF14
 135 0015 A9000000 		.4byte	.LASF15
 136 0019 00000000 		.4byte	.Ldebug_line0
 137 001d 02       		.uleb128 0x2
 138 001e 01       		.byte	0x1
 139 001f 06       		.byte	0x6
 140 0020 5E010000 		.4byte	.LASF0
 141 0024 03       		.uleb128 0x3
 142 0025 F6000000 		.4byte	.LASF9
 143 0029 01       		.byte	0x1
 144 002a 1D       		.byte	0x1d
 145 002b 2F000000 		.4byte	0x2f
 146 002f 02       		.uleb128 0x2
 147 0030 01       		.byte	0x1
 148 0031 08       		.byte	0x8
 149 0032 08010000 		.4byte	.LASF1
 150 0036 02       		.uleb128 0x2
 151 0037 02       		.byte	0x2
 152 0038 05       		.byte	0x5
 153 0039 97010000 		.4byte	.LASF2
 154 003d 02       		.uleb128 0x2
 155 003e 02       		.byte	0x2
 156 003f 07       		.byte	0x7
 157 0040 4B010000 		.4byte	.LASF3
 158 0044 02       		.uleb128 0x2
 159 0045 04       		.byte	0x4
 160 0046 05       		.byte	0x5
 161 0047 16010000 		.4byte	.LASF4
 162 004b 02       		.uleb128 0x2
 163 004c 04       		.byte	0x4
 164 004d 07       		.byte	0x7
 165 004e 39010000 		.4byte	.LASF5
 166 0052 02       		.uleb128 0x2
 167 0053 08       		.byte	0x8
 168 0054 05       		.byte	0x5
 169 0055 00000000 		.4byte	.LASF6
 170 0059 02       		.uleb128 0x2
 171 005a 08       		.byte	0x8
 172 005b 07       		.byte	0x7
 173 005c DF000000 		.4byte	.LASF7
 174 0060 04       		.uleb128 0x4
 175 0061 04       		.byte	0x4
 176 0062 05       		.byte	0x5
 177 0063 696E7400 		.ascii	"int\000"
ARM GAS  C:\Users\brian\AppData\Local\Temp\cc28c3Jo.s 			page 10


 178 0067 02       		.uleb128 0x2
 179 0068 04       		.byte	0x4
 180 0069 07       		.byte	0x7
 181 006a 0E000000 		.4byte	.LASF8
 182 006e 03       		.uleb128 0x3
 183 006f 00010000 		.4byte	.LASF10
 184 0073 02       		.byte	0x2
 185 0074 18       		.byte	0x18
 186 0075 24000000 		.4byte	0x24
 187 0079 02       		.uleb128 0x2
 188 007a 08       		.byte	0x8
 189 007b 04       		.byte	0x4
 190 007c 8B010000 		.4byte	.LASF11
 191 0080 05       		.uleb128 0x5
 192 0081 6E000000 		.4byte	0x6e
 193 0085 06       		.uleb128 0x6
 194 0086 80000000 		.4byte	0x80
 195 008a 96000000 		.4byte	0x96
 196 008e 07       		.uleb128 0x7
 197 008f 96000000 		.4byte	0x96
 198 0093 0307     		.2byte	0x703
 199 0095 00       		.byte	0
 200 0096 02       		.uleb128 0x2
 201 0097 04       		.byte	0x4
 202 0098 07       		.byte	0x7
 203 0099 A1010000 		.4byte	.LASF12
 204 009d 08       		.uleb128 0x8
 205 009e 6A010000 		.4byte	.LASF16
 206 00a2 03       		.byte	0x3
 207 00a3 0C       		.byte	0xc
 208 00a4 AE000000 		.4byte	0xae
 209 00a8 05       		.uleb128 0x5
 210 00a9 03       		.byte	0x3
 211 00aa 00000000 		.4byte	u8x8_font_amstrad_cpc_extended_f
 212 00ae 05       		.uleb128 0x5
 213 00af 85000000 		.4byte	0x85
 214 00b3 00       		.byte	0
 215              		.section	.debug_abbrev,"",%progbits
 216              	.Ldebug_abbrev0:
 217 0000 01       		.uleb128 0x1
 218 0001 11       		.uleb128 0x11
 219 0002 01       		.byte	0x1
 220 0003 25       		.uleb128 0x25
 221 0004 0E       		.uleb128 0xe
 222 0005 13       		.uleb128 0x13
 223 0006 0B       		.uleb128 0xb
 224 0007 03       		.uleb128 0x3
 225 0008 0E       		.uleb128 0xe
 226 0009 1B       		.uleb128 0x1b
 227 000a 0E       		.uleb128 0xe
 228 000b 10       		.uleb128 0x10
 229 000c 17       		.uleb128 0x17
 230 000d 00       		.byte	0
 231 000e 00       		.byte	0
 232 000f 02       		.uleb128 0x2
 233 0010 24       		.uleb128 0x24
 234 0011 00       		.byte	0
ARM GAS  C:\Users\brian\AppData\Local\Temp\cc28c3Jo.s 			page 11


 235 0012 0B       		.uleb128 0xb
 236 0013 0B       		.uleb128 0xb
 237 0014 3E       		.uleb128 0x3e
 238 0015 0B       		.uleb128 0xb
 239 0016 03       		.uleb128 0x3
 240 0017 0E       		.uleb128 0xe
 241 0018 00       		.byte	0
 242 0019 00       		.byte	0
 243 001a 03       		.uleb128 0x3
 244 001b 16       		.uleb128 0x16
 245 001c 00       		.byte	0
 246 001d 03       		.uleb128 0x3
 247 001e 0E       		.uleb128 0xe
 248 001f 3A       		.uleb128 0x3a
 249 0020 0B       		.uleb128 0xb
 250 0021 3B       		.uleb128 0x3b
 251 0022 0B       		.uleb128 0xb
 252 0023 49       		.uleb128 0x49
 253 0024 13       		.uleb128 0x13
 254 0025 00       		.byte	0
 255 0026 00       		.byte	0
 256 0027 04       		.uleb128 0x4
 257 0028 24       		.uleb128 0x24
 258 0029 00       		.byte	0
 259 002a 0B       		.uleb128 0xb
 260 002b 0B       		.uleb128 0xb
 261 002c 3E       		.uleb128 0x3e
 262 002d 0B       		.uleb128 0xb
 263 002e 03       		.uleb128 0x3
 264 002f 08       		.uleb128 0x8
 265 0030 00       		.byte	0
 266 0031 00       		.byte	0
 267 0032 05       		.uleb128 0x5
 268 0033 26       		.uleb128 0x26
 269 0034 00       		.byte	0
 270 0035 49       		.uleb128 0x49
 271 0036 13       		.uleb128 0x13
 272 0037 00       		.byte	0
 273 0038 00       		.byte	0
 274 0039 06       		.uleb128 0x6
 275 003a 01       		.uleb128 0x1
 276 003b 01       		.byte	0x1
 277 003c 49       		.uleb128 0x49
 278 003d 13       		.uleb128 0x13
 279 003e 01       		.uleb128 0x1
 280 003f 13       		.uleb128 0x13
 281 0040 00       		.byte	0
 282 0041 00       		.byte	0
 283 0042 07       		.uleb128 0x7
 284 0043 21       		.uleb128 0x21
 285 0044 00       		.byte	0
 286 0045 49       		.uleb128 0x49
 287 0046 13       		.uleb128 0x13
 288 0047 2F       		.uleb128 0x2f
 289 0048 05       		.uleb128 0x5
 290 0049 00       		.byte	0
 291 004a 00       		.byte	0
ARM GAS  C:\Users\brian\AppData\Local\Temp\cc28c3Jo.s 			page 12


 292 004b 08       		.uleb128 0x8
 293 004c 34       		.uleb128 0x34
 294 004d 00       		.byte	0
 295 004e 03       		.uleb128 0x3
 296 004f 0E       		.uleb128 0xe
 297 0050 3A       		.uleb128 0x3a
 298 0051 0B       		.uleb128 0xb
 299 0052 3B       		.uleb128 0x3b
 300 0053 0B       		.uleb128 0xb
 301 0054 49       		.uleb128 0x49
 302 0055 13       		.uleb128 0x13
 303 0056 3F       		.uleb128 0x3f
 304 0057 19       		.uleb128 0x19
 305 0058 02       		.uleb128 0x2
 306 0059 18       		.uleb128 0x18
 307 005a 00       		.byte	0
 308 005b 00       		.byte	0
 309 005c 00       		.byte	0
 310              		.section	.debug_aranges,"",%progbits
 311 0000 14000000 		.4byte	0x14
 312 0004 0200     		.2byte	0x2
 313 0006 00000000 		.4byte	.Ldebug_info0
 314 000a 04       		.byte	0x4
 315 000b 00       		.byte	0
 316 000c 0000     		.2byte	0
 317 000e 0000     		.2byte	0
 318 0010 00000000 		.4byte	0
 319 0014 00000000 		.4byte	0
 320              		.section	.debug_line,"",%progbits
 321              	.Ldebug_line0:
 322 0000 33010000 		.section	.debug_str,"MS",%progbits,1
 322      02002D01 
 322      00000201 
 322      FB0E0D00 
 322      01010101 
 323              	.LASF6:
 324 0000 6C6F6E67 		.ascii	"long long int\000"
 324      206C6F6E 
 324      6720696E 
 324      7400
 325              	.LASF8:
 326 000e 756E7369 		.ascii	"unsigned int\000"
 326      676E6564 
 326      20696E74 
 326      00
 327              	.LASF13:
 328 001b 474E5520 		.ascii	"GNU C11 5.4.1 20160609 (release) [ARM/embedded-5-br"
 328      43313120 
 328      352E342E 
 328      31203230 
 328      31363036 
 329 004e 616E6368 		.ascii	"anch revision 237715] -mcpu=cortex-m3 -mthumb -g -O"
 329      20726576 
 329      6973696F 
 329      6E203233 
 329      37373135 
 330 0081 67202D66 		.ascii	"g -ffunction-sections -ffat-lto-objects\000"
ARM GAS  C:\Users\brian\AppData\Local\Temp\cc28c3Jo.s 			page 13


 330      66756E63 
 330      74696F6E 
 330      2D736563 
 330      74696F6E 
 331              	.LASF15:
 332 00a9 433A5C55 		.ascii	"C:\\Users\\brian\\Documents\\PSoC Creator\\Lab7\\La"
 332      73657273 
 332      5C627269 
 332      616E5C44 
 332      6F63756D 
 333 00d6 62372E63 		.ascii	"b7.cydsn\000"
 333      7964736E 
 333      00
 334              	.LASF7:
 335 00df 6C6F6E67 		.ascii	"long long unsigned int\000"
 335      206C6F6E 
 335      6720756E 
 335      7369676E 
 335      65642069 
 336              	.LASF9:
 337 00f6 5F5F7569 		.ascii	"__uint8_t\000"
 337      6E74385F 
 337      7400
 338              	.LASF10:
 339 0100 75696E74 		.ascii	"uint8_t\000"
 339      385F7400 
 340              	.LASF1:
 341 0108 756E7369 		.ascii	"unsigned char\000"
 341      676E6564 
 341      20636861 
 341      7200
 342              	.LASF4:
 343 0116 6C6F6E67 		.ascii	"long int\000"
 343      20696E74 
 343      00
 344              	.LASF14:
 345 011f 2E2E5C75 		.ascii	"..\\u8g2\\csrc\\u8x8_fonts.c\000"
 345      3867325C 
 345      63737263 
 345      5C753878 
 345      385F666F 
 346              	.LASF5:
 347 0139 6C6F6E67 		.ascii	"long unsigned int\000"
 347      20756E73 
 347      69676E65 
 347      6420696E 
 347      7400
 348              	.LASF3:
 349 014b 73686F72 		.ascii	"short unsigned int\000"
 349      7420756E 
 349      7369676E 
 349      65642069 
 349      6E7400
 350              	.LASF0:
 351 015e 7369676E 		.ascii	"signed char\000"
 351      65642063 
 351      68617200 
ARM GAS  C:\Users\brian\AppData\Local\Temp\cc28c3Jo.s 			page 14


 352              	.LASF16:
 353 016a 75387838 		.ascii	"u8x8_font_amstrad_cpc_extended_f\000"
 353      5F666F6E 
 353      745F616D 
 353      73747261 
 353      645F6370 
 354              	.LASF11:
 355 018b 6C6F6E67 		.ascii	"long double\000"
 355      20646F75 
 355      626C6500 
 356              	.LASF2:
 357 0197 73686F72 		.ascii	"short int\000"
 357      7420696E 
 357      7400
 358              	.LASF12:
 359 01a1 73697A65 		.ascii	"sizetype\000"
 359      74797065 
 359      00
 360              		.ident	"GCC: (GNU Tools for ARM Embedded Processors) 5.4.1 20160609 (release) [ARM/embedded-5-bran
