ARM GAS  C:\Users\brian\AppData\Local\Temp\ccbhEcoA.s 			page 1


   1              		.syntax unified
   2              		.cpu cortex-m3
   3              		.fpu softvfp
   4              		.eabi_attribute 20, 1
   5              		.eabi_attribute 21, 1
   6              		.eabi_attribute 23, 3
   7              		.eabi_attribute 24, 1
   8              		.eabi_attribute 25, 1
   9              		.eabi_attribute 26, 1
  10              		.eabi_attribute 30, 1
  11              		.eabi_attribute 34, 1
  12              		.eabi_attribute 18, 4
  13              		.thumb
  14              		.syntax unified
  15              		.file	"u8x8_capture.c"
  16              		.text
  17              	.Ltext0:
  18              		.cfi_sections	.debug_frame
  19              		.section	.text.u8x8_capture_get_pixel_1,"ax",%progbits
  20              		.align	2
  21              		.global	u8x8_capture_get_pixel_1
  22              		.thumb
  23              		.thumb_func
  24              		.type	u8x8_capture_get_pixel_1, %function
  25              	u8x8_capture_get_pixel_1:
  26              	.LFB0:
  27              		.file 1 "..\\u8g2\\csrc\\u8x8_capture.c"
   1:..\u8g2\csrc/u8x8_capture.c **** /*
   2:..\u8g2\csrc/u8x8_capture.c **** 
   3:..\u8g2\csrc/u8x8_capture.c ****   u8x8_capture.c
   4:..\u8g2\csrc/u8x8_capture.c ****   
   5:..\u8g2\csrc/u8x8_capture.c ****   Screen capture funcion
   6:..\u8g2\csrc/u8x8_capture.c ****   
   7:..\u8g2\csrc/u8x8_capture.c ****   Universal 8bit Graphics Library (https://github.com/olikraus/u8g2/)
   8:..\u8g2\csrc/u8x8_capture.c **** 
   9:..\u8g2\csrc/u8x8_capture.c ****   Copyright (c) 2016, olikraus@gmail.com
  10:..\u8g2\csrc/u8x8_capture.c ****   All rights reserved.
  11:..\u8g2\csrc/u8x8_capture.c **** 
  12:..\u8g2\csrc/u8x8_capture.c ****   Redistribution and use in source and binary forms, with or without modification, 
  13:..\u8g2\csrc/u8x8_capture.c ****   are permitted provided that the following conditions are met:
  14:..\u8g2\csrc/u8x8_capture.c **** 
  15:..\u8g2\csrc/u8x8_capture.c ****   * Redistributions of source code must retain the above copyright notice, this list 
  16:..\u8g2\csrc/u8x8_capture.c ****     of conditions and the following disclaimer.
  17:..\u8g2\csrc/u8x8_capture.c ****     
  18:..\u8g2\csrc/u8x8_capture.c ****   * Redistributions in binary form must reproduce the above copyright notice, this 
  19:..\u8g2\csrc/u8x8_capture.c ****     list of conditions and the following disclaimer in the documentation and/or other 
  20:..\u8g2\csrc/u8x8_capture.c ****     materials provided with the distribution.
  21:..\u8g2\csrc/u8x8_capture.c **** 
  22:..\u8g2\csrc/u8x8_capture.c ****   THIS SOFTWARE IS PROVIDED BY THE COPYRIGHT HOLDERS AND 
  23:..\u8g2\csrc/u8x8_capture.c ****   CONTRIBUTORS "AS IS" AND ANY EXPRESS OR IMPLIED WARRANTIES, 
  24:..\u8g2\csrc/u8x8_capture.c ****   INCLUDING, BUT NOT LIMITED TO, THE IMPLIED WARRANTIES OF 
  25:..\u8g2\csrc/u8x8_capture.c ****   MERCHANTABILITY AND FITNESS FOR A PARTICULAR PURPOSE ARE 
  26:..\u8g2\csrc/u8x8_capture.c ****   DISCLAIMED. IN NO EVENT SHALL THE COPYRIGHT HOLDER OR 
  27:..\u8g2\csrc/u8x8_capture.c ****   CONTRIBUTORS BE LIABLE FOR ANY DIRECT, INDIRECT, INCIDENTAL, 
  28:..\u8g2\csrc/u8x8_capture.c ****   SPECIAL, EXEMPLARY, OR CONSEQUENTIAL DAMAGES (INCLUDING, BUT 
  29:..\u8g2\csrc/u8x8_capture.c ****   NOT LIMITED TO, PROCUREMENT OF SUBSTITUTE GOODS OR SERVICES; 
  30:..\u8g2\csrc/u8x8_capture.c ****   LOSS OF USE, DATA, OR PROFITS; OR BUSINESS INTERRUPTION) HOWEVER 
ARM GAS  C:\Users\brian\AppData\Local\Temp\ccbhEcoA.s 			page 2


  31:..\u8g2\csrc/u8x8_capture.c ****   CAUSED AND ON ANY THEORY OF LIABILITY, WHETHER IN CONTRACT, 
  32:..\u8g2\csrc/u8x8_capture.c ****   STRICT LIABILITY, OR TORT (INCLUDING NEGLIGENCE OR OTHERWISE) 
  33:..\u8g2\csrc/u8x8_capture.c ****   ARISING IN ANY WAY OUT OF THE USE OF THIS SOFTWARE, EVEN IF 
  34:..\u8g2\csrc/u8x8_capture.c ****   ADVISED OF THE POSSIBILITY OF SUCH DAMAGE.  
  35:..\u8g2\csrc/u8x8_capture.c **** 
  36:..\u8g2\csrc/u8x8_capture.c **** 
  37:..\u8g2\csrc/u8x8_capture.c **** */
  38:..\u8g2\csrc/u8x8_capture.c **** 
  39:..\u8g2\csrc/u8x8_capture.c **** #include "u8x8.h"
  40:..\u8g2\csrc/u8x8_capture.c **** 
  41:..\u8g2\csrc/u8x8_capture.c **** /*========================================================*/
  42:..\u8g2\csrc/u8x8_capture.c **** 
  43:..\u8g2\csrc/u8x8_capture.c **** 
  44:..\u8g2\csrc/u8x8_capture.c **** /* vertical top lsb memory architecture */
  45:..\u8g2\csrc/u8x8_capture.c **** uint8_t u8x8_capture_get_pixel_1(uint16_t x, uint16_t y, uint8_t *dest_ptr, uint8_t tile_width)
  46:..\u8g2\csrc/u8x8_capture.c **** {
  28              		.loc 1 46 0
  29              		.cfi_startproc
  30              		@ args = 0, pretend = 0, frame = 0
  31              		@ frame_needed = 0, uses_anonymous_args = 0
  32              		@ link register save eliminated.
  33              	.LVL0:
  34 0000 10B4     		push	{r4}
  35              		.cfi_def_cfa_offset 4
  36              		.cfi_offset 4, -4
  47:..\u8g2\csrc/u8x8_capture.c ****   //uint8_t *dest_ptr = capture->buffer;
  48:..\u8g2\csrc/u8x8_capture.c ****   //if ( dest_ptr == NULL )
  49:..\u8g2\csrc/u8x8_capture.c ****     //return 0;
  50:..\u8g2\csrc/u8x8_capture.c ****   //dest_ptr += (y/8)*capture->tile_width*8;
  51:..\u8g2\csrc/u8x8_capture.c ****   dest_ptr += (y/8)*tile_width*8;
  37              		.loc 1 51 0
  38 0002 CC08     		lsrs	r4, r1, #3
  39 0004 04FB03F3 		mul	r3, r4, r3
  40              	.LVL1:
  52:..\u8g2\csrc/u8x8_capture.c ****   y &= 7;
  41              		.loc 1 52 0
  42 0008 01F00701 		and	r1, r1, #7
  43              	.LVL2:
  53:..\u8g2\csrc/u8x8_capture.c ****   dest_ptr += x;
  44              		.loc 1 53 0
  45 000c 00EBC300 		add	r0, r0, r3, lsl #3
  46              	.LVL3:
  54:..\u8g2\csrc/u8x8_capture.c ****   if ( (*dest_ptr & (1<<y)) == 0 )
  47              		.loc 1 54 0
  48 0010 135C     		ldrb	r3, [r2, r0]	@ zero_extendqisi2
  49 0012 43FA01F1 		asr	r1, r3, r1
  50              	.LVL4:
  51 0016 11F0010F 		tst	r1, #1
  52 001a 01D1     		bne	.L3
  55:..\u8g2\csrc/u8x8_capture.c ****     return 0;
  53              		.loc 1 55 0
  54 001c 0020     		movs	r0, #0
  55              	.LVL5:
  56 001e 00E0     		b	.L2
  57              	.LVL6:
  58              	.L3:
  56:..\u8g2\csrc/u8x8_capture.c ****   return 1;
ARM GAS  C:\Users\brian\AppData\Local\Temp\ccbhEcoA.s 			page 3


  59              		.loc 1 56 0
  60 0020 0120     		movs	r0, #1
  61              	.LVL7:
  62              	.L2:
  57:..\u8g2\csrc/u8x8_capture.c **** }
  63              		.loc 1 57 0
  64 0022 10BC     		pop	{r4}
  65              		.cfi_restore 4
  66              		.cfi_def_cfa_offset 0
  67 0024 7047     		bx	lr
  68              		.cfi_endproc
  69              	.LFE0:
  70              		.size	u8x8_capture_get_pixel_1, .-u8x8_capture_get_pixel_1
  71 0026 00BF     		.section	.text.u8x8_capture_get_pixel_2,"ax",%progbits
  72              		.align	2
  73              		.global	u8x8_capture_get_pixel_2
  74              		.thumb
  75              		.thumb_func
  76              		.type	u8x8_capture_get_pixel_2, %function
  77              	u8x8_capture_get_pixel_2:
  78              	.LFB1:
  58:..\u8g2\csrc/u8x8_capture.c **** 
  59:..\u8g2\csrc/u8x8_capture.c **** /* horizontal right lsb memory architecture */
  60:..\u8g2\csrc/u8x8_capture.c **** /* SH1122, LD7032, ST7920, ST7986, LC7981, T6963, SED1330, RA8835, MAX7219, LS0 */ 
  61:..\u8g2\csrc/u8x8_capture.c **** uint8_t u8x8_capture_get_pixel_2(uint16_t x, uint16_t y, uint8_t *dest_ptr, uint8_t tile_width)
  62:..\u8g2\csrc/u8x8_capture.c **** {
  79              		.loc 1 62 0
  80              		.cfi_startproc
  81              		@ args = 0, pretend = 0, frame = 0
  82              		@ frame_needed = 0, uses_anonymous_args = 0
  83              		@ link register save eliminated.
  84              	.LVL8:
  63:..\u8g2\csrc/u8x8_capture.c ****   //uint8_t *dest_ptr = capture->buffer;
  64:..\u8g2\csrc/u8x8_capture.c ****   //if ( dest_ptr == NULL )
  65:..\u8g2\csrc/u8x8_capture.c ****   //  return 0;
  66:..\u8g2\csrc/u8x8_capture.c ****   //dest_ptr += y*capture->tile_width;
  67:..\u8g2\csrc/u8x8_capture.c ****   y *= tile_width;
  85              		.loc 1 67 0
  86 0000 03FB01F1 		mul	r1, r3, r1
  87              	.LVL9:
  88 0004 89B2     		uxth	r1, r1
  89              	.LVL10:
  68:..\u8g2\csrc/u8x8_capture.c ****   dest_ptr += y;
  69:..\u8g2\csrc/u8x8_capture.c ****   dest_ptr += x>>3;
  90              		.loc 1 69 0
  91 0006 01EBD001 		add	r1, r1, r0, lsr #3
  92              	.LVL11:
  70:..\u8g2\csrc/u8x8_capture.c ****   if ( (*dest_ptr & (128>>(x&7))) == 0 )
  93              		.loc 1 70 0
  94 000a 525C     		ldrb	r2, [r2, r1]	@ zero_extendqisi2
  95              	.LVL12:
  96 000c 00F00700 		and	r0, r0, #7
  97              	.LVL13:
  98 0010 8023     		movs	r3, #128
  99              	.LVL14:
 100 0012 43FA00F0 		asr	r0, r3, r0
 101 0016 0242     		tst	r2, r0
ARM GAS  C:\Users\brian\AppData\Local\Temp\ccbhEcoA.s 			page 4


 102 0018 01D1     		bne	.L7
  71:..\u8g2\csrc/u8x8_capture.c ****     return 0;
 103              		.loc 1 71 0
 104 001a 0020     		movs	r0, #0
 105 001c 7047     		bx	lr
 106              	.L7:
  72:..\u8g2\csrc/u8x8_capture.c ****   return 1;
 107              		.loc 1 72 0
 108 001e 0120     		movs	r0, #1
  73:..\u8g2\csrc/u8x8_capture.c **** }
 109              		.loc 1 73 0
 110 0020 7047     		bx	lr
 111              		.cfi_endproc
 112              	.LFE1:
 113              		.size	u8x8_capture_get_pixel_2, .-u8x8_capture_get_pixel_2
 114 0022 00BF     		.section	.text.u8x8_capture_write_pbm_pre,"ax",%progbits
 115              		.align	2
 116              		.global	u8x8_capture_write_pbm_pre
 117              		.thumb
 118              		.thumb_func
 119              		.type	u8x8_capture_write_pbm_pre, %function
 120              	u8x8_capture_write_pbm_pre:
 121              	.LFB2:
  74:..\u8g2\csrc/u8x8_capture.c **** 
  75:..\u8g2\csrc/u8x8_capture.c **** void u8x8_capture_write_pbm_pre(uint8_t tile_width, uint8_t tile_height, void (*out)(const char *s)
  76:..\u8g2\csrc/u8x8_capture.c **** {
 122              		.loc 1 76 0
 123              		.cfi_startproc
 124              		@ args = 0, pretend = 0, frame = 0
 125              		@ frame_needed = 0, uses_anonymous_args = 0
 126              	.LVL15:
 127 0000 70B5     		push	{r4, r5, r6, lr}
 128              		.cfi_def_cfa_offset 16
 129              		.cfi_offset 4, -16
 130              		.cfi_offset 5, -12
 131              		.cfi_offset 6, -8
 132              		.cfi_offset 14, -4
 133 0002 0546     		mov	r5, r0
 134 0004 0E46     		mov	r6, r1
 135 0006 1446     		mov	r4, r2
  77:..\u8g2\csrc/u8x8_capture.c ****   out("P1\n");
 136              		.loc 1 77 0
 137 0008 0748     		ldr	r0, .L10
 138              	.LVL16:
 139 000a 9047     		blx	r2
 140              	.LVL17:
  78:..\u8g2\csrc/u8x8_capture.c ****   out(u8x8_utoa((uint16_t)tile_width*8));
 141              		.loc 1 78 0
 142 000c E800     		lsls	r0, r5, #3
 143 000e FFF7FEFF 		bl	u8x8_utoa
 144              	.LVL18:
 145 0012 A047     		blx	r4
 146              	.LVL19:
  79:..\u8g2\csrc/u8x8_capture.c ****   out("\n");
 147              		.loc 1 79 0
 148 0014 054D     		ldr	r5, .L10+4
 149 0016 2846     		mov	r0, r5
ARM GAS  C:\Users\brian\AppData\Local\Temp\ccbhEcoA.s 			page 5


 150 0018 A047     		blx	r4
 151              	.LVL20:
  80:..\u8g2\csrc/u8x8_capture.c ****   out(u8x8_utoa((uint16_t)tile_height*8));
 152              		.loc 1 80 0
 153 001a F000     		lsls	r0, r6, #3
 154 001c FFF7FEFF 		bl	u8x8_utoa
 155              	.LVL21:
 156 0020 A047     		blx	r4
 157              	.LVL22:
  81:..\u8g2\csrc/u8x8_capture.c ****   out("\n");
 158              		.loc 1 81 0
 159 0022 2846     		mov	r0, r5
 160 0024 A047     		blx	r4
 161              	.LVL23:
 162 0026 70BD     		pop	{r4, r5, r6, pc}
 163              	.LVL24:
 164              	.L11:
 165              		.align	2
 166              	.L10:
 167 0028 00000000 		.word	.LC0
 168 002c 04000000 		.word	.LC1
 169              		.cfi_endproc
 170              	.LFE2:
 171              		.size	u8x8_capture_write_pbm_pre, .-u8x8_capture_write_pbm_pre
 172              		.section	.text.u8x8_capture_write_pbm_buffer,"ax",%progbits
 173              		.align	2
 174              		.global	u8x8_capture_write_pbm_buffer
 175              		.thumb
 176              		.thumb_func
 177              		.type	u8x8_capture_write_pbm_buffer, %function
 178              	u8x8_capture_write_pbm_buffer:
 179              	.LFB3:
  82:..\u8g2\csrc/u8x8_capture.c **** }
  83:..\u8g2\csrc/u8x8_capture.c **** 
  84:..\u8g2\csrc/u8x8_capture.c **** 
  85:..\u8g2\csrc/u8x8_capture.c **** void u8x8_capture_write_pbm_buffer(uint8_t *buffer, uint8_t tile_width, uint8_t tile_height, uint8_
  86:..\u8g2\csrc/u8x8_capture.c **** {
 180              		.loc 1 86 0
 181              		.cfi_startproc
 182              		@ args = 4, pretend = 0, frame = 0
 183              		@ frame_needed = 0, uses_anonymous_args = 0
 184              	.LVL25:
 185 0000 2DE9F84F 		push	{r3, r4, r5, r6, r7, r8, r9, r10, fp, lr}
 186              		.cfi_def_cfa_offset 40
 187              		.cfi_offset 3, -40
 188              		.cfi_offset 4, -36
 189              		.cfi_offset 5, -32
 190              		.cfi_offset 6, -28
 191              		.cfi_offset 7, -24
 192              		.cfi_offset 8, -20
 193              		.cfi_offset 9, -16
 194              		.cfi_offset 10, -12
 195              		.cfi_offset 11, -8
 196              		.cfi_offset 14, -4
 197 0004 8246     		mov	r10, r0
 198 0006 8846     		mov	r8, r1
 199 0008 9946     		mov	r9, r3
ARM GAS  C:\Users\brian\AppData\Local\Temp\ccbhEcoA.s 			page 6


 200 000a 0A9F     		ldr	r7, [sp, #40]
 201              	.LVL26:
  87:..\u8g2\csrc/u8x8_capture.c ****   uint16_t x, y;
  88:..\u8g2\csrc/u8x8_capture.c ****   uint16_t w, h;
  89:..\u8g2\csrc/u8x8_capture.c **** 
  90:..\u8g2\csrc/u8x8_capture.c ****   w = tile_width;
  91:..\u8g2\csrc/u8x8_capture.c ****   w *= 8;
 202              		.loc 1 91 0
 203 000c CE00     		lsls	r6, r1, #3
 204              	.LVL27:
  92:..\u8g2\csrc/u8x8_capture.c ****   h = tile_height;
  93:..\u8g2\csrc/u8x8_capture.c ****   h *= 8;
 205              		.loc 1 93 0
 206 000e 4FEAC20B 		lsl	fp, r2, #3
 207              	.LVL28:
  94:..\u8g2\csrc/u8x8_capture.c ****     
  95:..\u8g2\csrc/u8x8_capture.c ****   for( y = 0; y < h; y++)
 208              		.loc 1 95 0
 209 0012 0025     		movs	r5, #0
 210 0014 14E0     		b	.L13
 211              	.LVL29:
 212              	.L16:
  96:..\u8g2\csrc/u8x8_capture.c ****   {
  97:..\u8g2\csrc/u8x8_capture.c ****     for( x = 0; x < w; x++)
  98:..\u8g2\csrc/u8x8_capture.c ****     {
  99:..\u8g2\csrc/u8x8_capture.c ****       if ( get_pixel(x, y, buffer, tile_width) )
 213              		.loc 1 99 0
 214 0016 4346     		mov	r3, r8
 215 0018 5246     		mov	r2, r10
 216 001a 2946     		mov	r1, r5
 217 001c 2046     		mov	r0, r4
 218 001e C847     		blx	r9
 219              	.LVL30:
 220 0020 10B1     		cbz	r0, .L14
 100:..\u8g2\csrc/u8x8_capture.c **** 	out("1");
 221              		.loc 1 100 0
 222 0022 0948     		ldr	r0, .L20
 223 0024 B847     		blx	r7
 224              	.LVL31:
 225 0026 01E0     		b	.L15
 226              	.L14:
 101:..\u8g2\csrc/u8x8_capture.c ****       else
 102:..\u8g2\csrc/u8x8_capture.c **** 	out("0"); 	  
 227              		.loc 1 102 0
 228 0028 0848     		ldr	r0, .L20+4
 229 002a B847     		blx	r7
 230              	.LVL32:
 231              	.L15:
  97:..\u8g2\csrc/u8x8_capture.c ****     {
 232              		.loc 1 97 0 discriminator 2
 233 002c 0134     		adds	r4, r4, #1
 234              	.LVL33:
 235 002e A4B2     		uxth	r4, r4
 236              	.LVL34:
 237 0030 00E0     		b	.L17
 238              	.LVL35:
 239              	.L18:
ARM GAS  C:\Users\brian\AppData\Local\Temp\ccbhEcoA.s 			page 7


 240 0032 0024     		movs	r4, #0
 241              	.L17:
 242              	.LVL36:
  97:..\u8g2\csrc/u8x8_capture.c ****     {
 243              		.loc 1 97 0 is_stmt 0 discriminator 1
 244 0034 B442     		cmp	r4, r6
 245 0036 EED3     		bcc	.L16
 103:..\u8g2\csrc/u8x8_capture.c ****     }
 104:..\u8g2\csrc/u8x8_capture.c ****     out("\n");
 246              		.loc 1 104 0 is_stmt 1 discriminator 2
 247 0038 0548     		ldr	r0, .L20+8
 248 003a B847     		blx	r7
 249              	.LVL37:
  95:..\u8g2\csrc/u8x8_capture.c ****   {
 250              		.loc 1 95 0 discriminator 2
 251 003c 0135     		adds	r5, r5, #1
 252              	.LVL38:
 253 003e ADB2     		uxth	r5, r5
 254              	.LVL39:
 255              	.L13:
  95:..\u8g2\csrc/u8x8_capture.c ****   {
 256              		.loc 1 95 0 is_stmt 0 discriminator 1
 257 0040 5D45     		cmp	r5, fp
 258 0042 F6D3     		bcc	.L18
 105:..\u8g2\csrc/u8x8_capture.c ****   }
 106:..\u8g2\csrc/u8x8_capture.c **** }
 259              		.loc 1 106 0 is_stmt 1
 260 0044 BDE8F88F 		pop	{r3, r4, r5, r6, r7, r8, r9, r10, fp, pc}
 261              	.LVL40:
 262              	.L21:
 263              		.align	2
 264              	.L20:
 265 0048 08000000 		.word	.LC2
 266 004c 0C000000 		.word	.LC3
 267 0050 04000000 		.word	.LC1
 268              		.cfi_endproc
 269              	.LFE3:
 270              		.size	u8x8_capture_write_pbm_buffer, .-u8x8_capture_write_pbm_buffer
 271              		.section	.text.u8x8_capture_write_xbm_pre,"ax",%progbits
 272              		.align	2
 273              		.global	u8x8_capture_write_xbm_pre
 274              		.thumb
 275              		.thumb_func
 276              		.type	u8x8_capture_write_xbm_pre, %function
 277              	u8x8_capture_write_xbm_pre:
 278              	.LFB4:
 107:..\u8g2\csrc/u8x8_capture.c **** 
 108:..\u8g2\csrc/u8x8_capture.c **** 
 109:..\u8g2\csrc/u8x8_capture.c **** 
 110:..\u8g2\csrc/u8x8_capture.c **** 
 111:..\u8g2\csrc/u8x8_capture.c **** void u8x8_capture_write_xbm_pre(uint8_t tile_width, uint8_t tile_height, void (*out)(const char *s)
 112:..\u8g2\csrc/u8x8_capture.c **** {
 279              		.loc 1 112 0
 280              		.cfi_startproc
 281              		@ args = 0, pretend = 0, frame = 0
 282              		@ frame_needed = 0, uses_anonymous_args = 0
 283              	.LVL41:
ARM GAS  C:\Users\brian\AppData\Local\Temp\ccbhEcoA.s 			page 8


 284 0000 70B5     		push	{r4, r5, r6, lr}
 285              		.cfi_def_cfa_offset 16
 286              		.cfi_offset 4, -16
 287              		.cfi_offset 5, -12
 288              		.cfi_offset 6, -8
 289              		.cfi_offset 14, -4
 290 0002 0546     		mov	r5, r0
 291 0004 0E46     		mov	r6, r1
 292 0006 1446     		mov	r4, r2
 113:..\u8g2\csrc/u8x8_capture.c ****   out("#define xbm_width ");
 293              		.loc 1 113 0
 294 0008 0948     		ldr	r0, .L24
 295              	.LVL42:
 296 000a 9047     		blx	r2
 297              	.LVL43:
 114:..\u8g2\csrc/u8x8_capture.c ****   out(u8x8_utoa((uint16_t)tile_width*8));
 298              		.loc 1 114 0
 299 000c E800     		lsls	r0, r5, #3
 300 000e FFF7FEFF 		bl	u8x8_utoa
 301              	.LVL44:
 302 0012 A047     		blx	r4
 303              	.LVL45:
 115:..\u8g2\csrc/u8x8_capture.c ****   out("\n");
 304              		.loc 1 115 0
 305 0014 074D     		ldr	r5, .L24+4
 306 0016 2846     		mov	r0, r5
 307 0018 A047     		blx	r4
 308              	.LVL46:
 116:..\u8g2\csrc/u8x8_capture.c ****   out("#define xbm_height ");
 309              		.loc 1 116 0
 310 001a 0748     		ldr	r0, .L24+8
 311 001c A047     		blx	r4
 312              	.LVL47:
 117:..\u8g2\csrc/u8x8_capture.c ****   out(u8x8_utoa((uint16_t)tile_height*8));
 313              		.loc 1 117 0
 314 001e F000     		lsls	r0, r6, #3
 315 0020 FFF7FEFF 		bl	u8x8_utoa
 316              	.LVL48:
 317 0024 A047     		blx	r4
 318              	.LVL49:
 118:..\u8g2\csrc/u8x8_capture.c ****   out("\n");  
 319              		.loc 1 118 0
 320 0026 2846     		mov	r0, r5
 321 0028 A047     		blx	r4
 322              	.LVL50:
 119:..\u8g2\csrc/u8x8_capture.c ****   out("static unsigned char xbm_bits[] = {\n");  
 323              		.loc 1 119 0
 324 002a 0448     		ldr	r0, .L24+12
 325 002c A047     		blx	r4
 326              	.LVL51:
 327 002e 70BD     		pop	{r4, r5, r6, pc}
 328              	.LVL52:
 329              	.L25:
 330              		.align	2
 331              	.L24:
 332 0030 10000000 		.word	.LC4
 333 0034 04000000 		.word	.LC1
ARM GAS  C:\Users\brian\AppData\Local\Temp\ccbhEcoA.s 			page 9


 334 0038 24000000 		.word	.LC5
 335 003c 38000000 		.word	.LC6
 336              		.cfi_endproc
 337              	.LFE4:
 338              		.size	u8x8_capture_write_xbm_pre, .-u8x8_capture_write_xbm_pre
 339              		.section	.text.u8x8_capture_write_xbm_buffer,"ax",%progbits
 340              		.align	2
 341              		.global	u8x8_capture_write_xbm_buffer
 342              		.thumb
 343              		.thumb_func
 344              		.type	u8x8_capture_write_xbm_buffer, %function
 345              	u8x8_capture_write_xbm_buffer:
 346              	.LFB5:
 120:..\u8g2\csrc/u8x8_capture.c **** }
 121:..\u8g2\csrc/u8x8_capture.c **** 
 122:..\u8g2\csrc/u8x8_capture.c **** void u8x8_capture_write_xbm_buffer(uint8_t *buffer, uint8_t tile_width, uint8_t tile_height, uint8_
 123:..\u8g2\csrc/u8x8_capture.c **** {
 347              		.loc 1 123 0
 348              		.cfi_startproc
 349              		@ args = 4, pretend = 0, frame = 16
 350              		@ frame_needed = 0, uses_anonymous_args = 0
 351              	.LVL53:
 352 0000 2DE9F04F 		push	{r4, r5, r6, r7, r8, r9, r10, fp, lr}
 353              		.cfi_def_cfa_offset 36
 354              		.cfi_offset 4, -36
 355              		.cfi_offset 5, -32
 356              		.cfi_offset 6, -28
 357              		.cfi_offset 7, -24
 358              		.cfi_offset 8, -20
 359              		.cfi_offset 9, -16
 360              		.cfi_offset 10, -12
 361              		.cfi_offset 11, -8
 362              		.cfi_offset 14, -4
 363 0004 85B0     		sub	sp, sp, #20
 364              		.cfi_def_cfa_offset 56
 365 0006 8846     		mov	r8, r1
 366 0008 1F46     		mov	r7, r3
 367 000a DDF838A0 		ldr	r10, [sp, #56]
 124:..\u8g2\csrc/u8x8_capture.c ****   uint16_t x, y;
 125:..\u8g2\csrc/u8x8_capture.c ****   uint16_t w, h;
 126:..\u8g2\csrc/u8x8_capture.c ****   uint8_t v, b;
 127:..\u8g2\csrc/u8x8_capture.c ****   char s[2];
 128:..\u8g2\csrc/u8x8_capture.c ****   s[1] = '\0';
 368              		.loc 1 128 0
 369 000e 0023     		movs	r3, #0
 370              	.LVL54:
 371 0010 8DF80D30 		strb	r3, [sp, #13]
 372              	.LVL55:
 129:..\u8g2\csrc/u8x8_capture.c **** 
 130:..\u8g2\csrc/u8x8_capture.c ****   w = tile_width;
 131:..\u8g2\csrc/u8x8_capture.c ****   w *= 8;
 373              		.loc 1 131 0
 374 0014 4FEAC10B 		lsl	fp, r1, #3
 375              	.LVL56:
 132:..\u8g2\csrc/u8x8_capture.c ****   h = tile_height;
 133:..\u8g2\csrc/u8x8_capture.c ****   h *= 8;
 376              		.loc 1 133 0
ARM GAS  C:\Users\brian\AppData\Local\Temp\ccbhEcoA.s 			page 10


 377 0018 D200     		lsls	r2, r2, #3
 378              	.LVL57:
 379 001a 0192     		str	r2, [sp, #4]
 380              	.LVL58:
 134:..\u8g2\csrc/u8x8_capture.c **** 
 135:..\u8g2\csrc/u8x8_capture.c ****   y = 0;
 381              		.loc 1 135 0
 382 001c 0090     		str	r0, [sp]
 383 001e 9946     		mov	r9, r3
 384              	.LVL59:
 385              	.L37:
 136:..\u8g2\csrc/u8x8_capture.c ****   for(;;)
 137:..\u8g2\csrc/u8x8_capture.c ****   {
 138:..\u8g2\csrc/u8x8_capture.c ****     x = 0;
 386              		.loc 1 138 0
 387 0020 0026     		movs	r6, #0
 388              	.LVL60:
 389              	.L35:
 139:..\u8g2\csrc/u8x8_capture.c ****     for(;;)
 140:..\u8g2\csrc/u8x8_capture.c ****     {
 141:..\u8g2\csrc/u8x8_capture.c ****       v = 0;
 142:..\u8g2\csrc/u8x8_capture.c ****       for( b = 0; b < 8; b++ )
 390              		.loc 1 142 0
 391 0022 0024     		movs	r4, #0
 141:..\u8g2\csrc/u8x8_capture.c ****       for( b = 0; b < 8; b++ )
 392              		.loc 1 141 0
 393 0024 2546     		mov	r5, r4
 394              		.loc 1 142 0
 395 0026 0DE0     		b	.L27
 396              	.LVL61:
 397              	.L29:
 143:..\u8g2\csrc/u8x8_capture.c ****       {
 144:..\u8g2\csrc/u8x8_capture.c **** 	v <<= 1;
 398              		.loc 1 144 0
 399 0028 6D00     		lsls	r5, r5, #1
 400              	.LVL62:
 401 002a EDB2     		uxtb	r5, r5
 402              	.LVL63:
 145:..\u8g2\csrc/u8x8_capture.c **** 	if ( get_pixel(x+7-b, y, buffer, tile_width) )
 403              		.loc 1 145 0
 404 002c 301B     		subs	r0, r6, r4
 405 002e 0730     		adds	r0, r0, #7
 406 0030 4346     		mov	r3, r8
 407 0032 009A     		ldr	r2, [sp]
 408 0034 4946     		mov	r1, r9
 409 0036 80B2     		uxth	r0, r0
 410 0038 B847     		blx	r7
 411              	.LVL64:
 412 003a 08B1     		cbz	r0, .L28
 146:..\u8g2\csrc/u8x8_capture.c **** 	  v |= 1;
 413              		.loc 1 146 0
 414 003c 45F00105 		orr	r5, r5, #1
 415              	.LVL65:
 416              	.L28:
 142:..\u8g2\csrc/u8x8_capture.c ****       {
 417              		.loc 1 142 0 discriminator 2
 418 0040 0134     		adds	r4, r4, #1
ARM GAS  C:\Users\brian\AppData\Local\Temp\ccbhEcoA.s 			page 11


 419              	.LVL66:
 420 0042 E4B2     		uxtb	r4, r4
 421              	.LVL67:
 422              	.L27:
 142:..\u8g2\csrc/u8x8_capture.c ****       {
 423              		.loc 1 142 0 is_stmt 0 discriminator 1
 424 0044 072C     		cmp	r4, #7
 425 0046 EFD9     		bls	.L29
 147:..\u8g2\csrc/u8x8_capture.c ****       }
 148:..\u8g2\csrc/u8x8_capture.c ****       out("0x");
 426              		.loc 1 148 0 is_stmt 1
 427 0048 1948     		ldr	r0, .L39
 428 004a D047     		blx	r10
 429              	.LVL68:
 149:..\u8g2\csrc/u8x8_capture.c ****       s[0] = (v>>4);
 430              		.loc 1 149 0
 431 004c 2B09     		lsrs	r3, r5, #4
 150:..\u8g2\csrc/u8x8_capture.c ****       if ( s[0] <= 9 )
 432              		.loc 1 150 0
 433 004e 092B     		cmp	r3, #9
 434 0050 03D8     		bhi	.L30
 151:..\u8g2\csrc/u8x8_capture.c **** 	s[0] += '0';
 435              		.loc 1 151 0
 436 0052 3033     		adds	r3, r3, #48
 437 0054 8DF80C30 		strb	r3, [sp, #12]
 438 0058 02E0     		b	.L31
 439              	.L30:
 152:..\u8g2\csrc/u8x8_capture.c ****       else
 153:..\u8g2\csrc/u8x8_capture.c **** 	s[0] += 'a'-10;
 440              		.loc 1 153 0
 441 005a 5733     		adds	r3, r3, #87
 442 005c 8DF80C30 		strb	r3, [sp, #12]
 443              	.L31:
 154:..\u8g2\csrc/u8x8_capture.c ****       out(s);
 444              		.loc 1 154 0
 445 0060 03A8     		add	r0, sp, #12
 446 0062 D047     		blx	r10
 447              	.LVL69:
 155:..\u8g2\csrc/u8x8_capture.c ****       s[0] = (v&15);
 448              		.loc 1 155 0
 449 0064 05F00F05 		and	r5, r5, #15
 450              	.LVL70:
 156:..\u8g2\csrc/u8x8_capture.c ****       if ( s[0] <= 9 )
 451              		.loc 1 156 0
 452 0068 092D     		cmp	r5, #9
 453 006a 03D8     		bhi	.L32
 157:..\u8g2\csrc/u8x8_capture.c **** 	s[0] += '0';
 454              		.loc 1 157 0
 455 006c 3035     		adds	r5, r5, #48
 456 006e 8DF80C50 		strb	r5, [sp, #12]
 457 0072 02E0     		b	.L33
 458              	.L32:
 158:..\u8g2\csrc/u8x8_capture.c ****       else
 159:..\u8g2\csrc/u8x8_capture.c **** 	s[0] += 'a'-10;
 459              		.loc 1 159 0
 460 0074 5735     		adds	r5, r5, #87
 461 0076 8DF80C50 		strb	r5, [sp, #12]
ARM GAS  C:\Users\brian\AppData\Local\Temp\ccbhEcoA.s 			page 12


 462              	.L33:
 160:..\u8g2\csrc/u8x8_capture.c ****       out(s);
 463              		.loc 1 160 0
 464 007a 03A8     		add	r0, sp, #12
 465 007c D047     		blx	r10
 466              	.LVL71:
 161:..\u8g2\csrc/u8x8_capture.c ****       x += 8;
 467              		.loc 1 161 0
 468 007e 0836     		adds	r6, r6, #8
 469              	.LVL72:
 470 0080 B6B2     		uxth	r6, r6
 471              	.LVL73:
 162:..\u8g2\csrc/u8x8_capture.c ****       if ( x >= w )
 472              		.loc 1 162 0
 473 0082 B345     		cmp	fp, r6
 474 0084 02D9     		bls	.L34
 163:..\u8g2\csrc/u8x8_capture.c **** 	break;
 164:..\u8g2\csrc/u8x8_capture.c ****       out(",");
 475              		.loc 1 164 0
 476 0086 0B48     		ldr	r0, .L39+4
 477 0088 D047     		blx	r10
 478              	.LVL74:
 165:..\u8g2\csrc/u8x8_capture.c ****     }
 479              		.loc 1 165 0
 480 008a CAE7     		b	.L35
 481              	.L34:
 166:..\u8g2\csrc/u8x8_capture.c ****     y++;
 482              		.loc 1 166 0
 483 008c 09F10109 		add	r9, r9, #1
 484              	.LVL75:
 485 0090 1FFA89F9 		uxth	r9, r9
 486              	.LVL76:
 167:..\u8g2\csrc/u8x8_capture.c ****     if ( y >= h )
 487              		.loc 1 167 0
 488 0094 019B     		ldr	r3, [sp, #4]
 489 0096 4B45     		cmp	r3, r9
 490 0098 04D9     		bls	.L36
 168:..\u8g2\csrc/u8x8_capture.c ****       break;
 169:..\u8g2\csrc/u8x8_capture.c ****     out(",");
 491              		.loc 1 169 0
 492 009a 0648     		ldr	r0, .L39+4
 493 009c D047     		blx	r10
 494              	.LVL77:
 170:..\u8g2\csrc/u8x8_capture.c ****     out("\n");
 495              		.loc 1 170 0
 496 009e 0648     		ldr	r0, .L39+8
 497 00a0 D047     		blx	r10
 498              	.LVL78:
 171:..\u8g2\csrc/u8x8_capture.c ****   }
 499              		.loc 1 171 0
 500 00a2 BDE7     		b	.L37
 501              	.L36:
 172:..\u8g2\csrc/u8x8_capture.c ****   out("};\n");
 502              		.loc 1 172 0
 503 00a4 0548     		ldr	r0, .L39+12
 504 00a6 D047     		blx	r10
 505              	.LVL79:
ARM GAS  C:\Users\brian\AppData\Local\Temp\ccbhEcoA.s 			page 13


 173:..\u8g2\csrc/u8x8_capture.c ****   
 174:..\u8g2\csrc/u8x8_capture.c **** }
 506              		.loc 1 174 0
 507 00a8 05B0     		add	sp, sp, #20
 508              		.cfi_def_cfa_offset 36
 509              	.LVL80:
 510              		@ sp needed
 511 00aa BDE8F08F 		pop	{r4, r5, r6, r7, r8, r9, r10, fp, pc}
 512              	.LVL81:
 513              	.L40:
 514 00ae 00BF     		.align	2
 515              	.L39:
 516 00b0 60000000 		.word	.LC7
 517 00b4 64000000 		.word	.LC8
 518 00b8 04000000 		.word	.LC1
 519 00bc 68000000 		.word	.LC9
 520              		.cfi_endproc
 521              	.LFE5:
 522              		.size	u8x8_capture_write_xbm_buffer, .-u8x8_capture_write_xbm_buffer
 523              		.section	.rodata.str1.4,"aMS",%progbits,1
 524              		.align	2
 525              	.LC0:
 526 0000 50310A00 		.ascii	"P1\012\000"
 527              	.LC1:
 528 0004 0A00     		.ascii	"\012\000"
 529 0006 0000     		.space	2
 530              	.LC2:
 531 0008 3100     		.ascii	"1\000"
 532 000a 0000     		.space	2
 533              	.LC3:
 534 000c 3000     		.ascii	"0\000"
 535 000e 0000     		.space	2
 536              	.LC4:
 537 0010 23646566 		.ascii	"#define xbm_width \000"
 537      696E6520 
 537      78626D5F 
 537      77696474 
 537      682000
 538 0023 00       		.space	1
 539              	.LC5:
 540 0024 23646566 		.ascii	"#define xbm_height \000"
 540      696E6520 
 540      78626D5F 
 540      68656967 
 540      68742000 
 541              	.LC6:
 542 0038 73746174 		.ascii	"static unsigned char xbm_bits[] = {\012\000"
 542      69632075 
 542      6E736967 
 542      6E656420 
 542      63686172 
 543 005d 000000   		.space	3
 544              	.LC7:
 545 0060 307800   		.ascii	"0x\000"
 546 0063 00       		.space	1
 547              	.LC8:
 548 0064 2C00     		.ascii	",\000"
ARM GAS  C:\Users\brian\AppData\Local\Temp\ccbhEcoA.s 			page 14


 549 0066 0000     		.space	2
 550              	.LC9:
 551 0068 7D3B0A00 		.ascii	"};\012\000"
 552              		.text
 553              	.Letext0:
 554              		.file 2 "c:\\program files (x86)\\cypress\\psoc creator\\4.4\\psoc creator\\import\\gnu\\arm\\5.4.
 555              		.file 3 "c:\\program files (x86)\\cypress\\psoc creator\\4.4\\psoc creator\\import\\gnu\\arm\\5.4.
 556              		.file 4 "..\\u8g2\\csrc\\u8x8.h"
 557              		.section	.debug_info,"",%progbits
 558              	.Ldebug_info0:
 559 0000 93050000 		.4byte	0x593
 560 0004 0400     		.2byte	0x4
 561 0006 00000000 		.4byte	.Ldebug_abbrev0
 562 000a 04       		.byte	0x4
 563 000b 01       		.uleb128 0x1
 564 000c D7010000 		.4byte	.LASF27
 565 0010 0C       		.byte	0xc
 566 0011 29000000 		.4byte	.LASF28
 567 0015 77000000 		.4byte	.LASF29
 568 0019 00000000 		.4byte	.Ldebug_ranges0+0
 569 001d 00000000 		.4byte	0
 570 0021 00000000 		.4byte	.Ldebug_line0
 571 0025 02       		.uleb128 0x2
 572 0026 01       		.byte	0x1
 573 0027 06       		.byte	0x6
 574 0028 19010000 		.4byte	.LASF0
 575 002c 03       		.uleb128 0x3
 576 002d DF000000 		.4byte	.LASF3
 577 0031 02       		.byte	0x2
 578 0032 1D       		.byte	0x1d
 579 0033 37000000 		.4byte	0x37
 580 0037 02       		.uleb128 0x2
 581 0038 01       		.byte	0x1
 582 0039 08       		.byte	0x8
 583 003a 01010000 		.4byte	.LASF1
 584 003e 02       		.uleb128 0x2
 585 003f 02       		.byte	0x2
 586 0040 05       		.byte	0x5
 587 0041 00000000 		.4byte	.LASF2
 588 0045 03       		.uleb128 0x3
 589 0046 1E000000 		.4byte	.LASF4
 590 004a 02       		.byte	0x2
 591 004b 2B       		.byte	0x2b
 592 004c 50000000 		.4byte	0x50
 593 0050 02       		.uleb128 0x2
 594 0051 02       		.byte	0x2
 595 0052 07       		.byte	0x7
 596 0053 52010000 		.4byte	.LASF5
 597 0057 02       		.uleb128 0x2
 598 0058 04       		.byte	0x4
 599 0059 05       		.byte	0x5
 600 005a D6000000 		.4byte	.LASF6
 601 005e 02       		.uleb128 0x2
 602 005f 04       		.byte	0x4
 603 0060 07       		.byte	0x7
 604 0061 AA010000 		.4byte	.LASF7
 605 0065 02       		.uleb128 0x2
ARM GAS  C:\Users\brian\AppData\Local\Temp\ccbhEcoA.s 			page 15


 606 0066 08       		.byte	0x8
 607 0067 05       		.byte	0x5
 608 0068 C8000000 		.4byte	.LASF8
 609 006c 02       		.uleb128 0x2
 610 006d 08       		.byte	0x8
 611 006e 07       		.byte	0x7
 612 006f 25010000 		.4byte	.LASF9
 613 0073 04       		.uleb128 0x4
 614 0074 04       		.byte	0x4
 615 0075 05       		.byte	0x5
 616 0076 696E7400 		.ascii	"int\000"
 617 007a 02       		.uleb128 0x2
 618 007b 04       		.byte	0x4
 619 007c 07       		.byte	0x7
 620 007d 3C010000 		.4byte	.LASF10
 621 0081 03       		.uleb128 0x3
 622 0082 AD000000 		.4byte	.LASF11
 623 0086 03       		.byte	0x3
 624 0087 18       		.byte	0x18
 625 0088 2C000000 		.4byte	0x2c
 626 008c 03       		.uleb128 0x3
 627 008d 49010000 		.4byte	.LASF12
 628 0091 03       		.byte	0x3
 629 0092 24       		.byte	0x24
 630 0093 45000000 		.4byte	0x45
 631 0097 02       		.uleb128 0x2
 632 0098 08       		.byte	0x8
 633 0099 04       		.byte	0x4
 634 009a E9000000 		.4byte	.LASF13
 635 009e 05       		.uleb128 0x5
 636 009f 04       		.byte	0x4
 637 00a0 81000000 		.4byte	0x81
 638 00a4 06       		.uleb128 0x6
 639 00a5 45000000 		.4byte	.LASF16
 640 00a9 01       		.byte	0x1
 641 00aa 2D       		.byte	0x2d
 642 00ab 81000000 		.4byte	0x81
 643 00af 00000000 		.4byte	.LFB0
 644 00b3 26000000 		.4byte	.LFE0-.LFB0
 645 00b7 01       		.uleb128 0x1
 646 00b8 9C       		.byte	0x9c
 647 00b9 F6000000 		.4byte	0xf6
 648 00bd 07       		.uleb128 0x7
 649 00be 7800     		.ascii	"x\000"
 650 00c0 01       		.byte	0x1
 651 00c1 2D       		.byte	0x2d
 652 00c2 8C000000 		.4byte	0x8c
 653 00c6 00000000 		.4byte	.LLST0
 654 00ca 07       		.uleb128 0x7
 655 00cb 7900     		.ascii	"y\000"
 656 00cd 01       		.byte	0x1
 657 00ce 2D       		.byte	0x2d
 658 00cf 8C000000 		.4byte	0x8c
 659 00d3 21000000 		.4byte	.LLST1
 660 00d7 08       		.uleb128 0x8
 661 00d8 BF000000 		.4byte	.LASF14
 662 00dc 01       		.byte	0x1
ARM GAS  C:\Users\brian\AppData\Local\Temp\ccbhEcoA.s 			page 16


 663 00dd 2D       		.byte	0x2d
 664 00de 9E000000 		.4byte	0x9e
 665 00e2 3F000000 		.4byte	.LLST2
 666 00e6 08       		.uleb128 0x8
 667 00e7 0A000000 		.4byte	.LASF15
 668 00eb 01       		.byte	0x1
 669 00ec 2D       		.byte	0x2d
 670 00ed 81000000 		.4byte	0x81
 671 00f1 84000000 		.4byte	.LLST3
 672 00f5 00       		.byte	0
 673 00f6 06       		.uleb128 0x6
 674 00f7 5E000000 		.4byte	.LASF17
 675 00fb 01       		.byte	0x1
 676 00fc 3D       		.byte	0x3d
 677 00fd 81000000 		.4byte	0x81
 678 0101 00000000 		.4byte	.LFB1
 679 0105 22000000 		.4byte	.LFE1-.LFB1
 680 0109 01       		.uleb128 0x1
 681 010a 9C       		.byte	0x9c
 682 010b 48010000 		.4byte	0x148
 683 010f 07       		.uleb128 0x7
 684 0110 7800     		.ascii	"x\000"
 685 0112 01       		.byte	0x1
 686 0113 3D       		.byte	0x3d
 687 0114 8C000000 		.4byte	0x8c
 688 0118 A5000000 		.4byte	.LLST4
 689 011c 07       		.uleb128 0x7
 690 011d 7900     		.ascii	"y\000"
 691 011f 01       		.byte	0x1
 692 0120 3D       		.byte	0x3d
 693 0121 8C000000 		.4byte	0x8c
 694 0125 C6000000 		.4byte	.LLST5
 695 0129 08       		.uleb128 0x8
 696 012a BF000000 		.4byte	.LASF14
 697 012e 01       		.byte	0x1
 698 012f 3D       		.byte	0x3d
 699 0130 9E000000 		.4byte	0x9e
 700 0134 F2000000 		.4byte	.LLST6
 701 0138 08       		.uleb128 0x8
 702 0139 0A000000 		.4byte	.LASF15
 703 013d 01       		.byte	0x1
 704 013e 3D       		.byte	0x3d
 705 013f 81000000 		.4byte	0x81
 706 0143 26010000 		.4byte	.LLST7
 707 0147 00       		.byte	0
 708 0148 09       		.uleb128 0x9
 709 0149 6A010000 		.4byte	.LASF20
 710 014d 01       		.byte	0x1
 711 014e 4B       		.byte	0x4b
 712 014f 00000000 		.4byte	.LFB2
 713 0153 30000000 		.4byte	.LFE2-.LFB2
 714 0157 01       		.uleb128 0x1
 715 0158 9C       		.byte	0x9c
 716 0159 FF010000 		.4byte	0x1ff
 717 015d 08       		.uleb128 0x8
 718 015e 0A000000 		.4byte	.LASF15
 719 0162 01       		.byte	0x1
ARM GAS  C:\Users\brian\AppData\Local\Temp\ccbhEcoA.s 			page 17


 720 0163 4B       		.byte	0x4b
 721 0164 81000000 		.4byte	0x81
 722 0168 47010000 		.4byte	.LLST8
 723 016c 08       		.uleb128 0x8
 724 016d F5000000 		.4byte	.LASF18
 725 0171 01       		.byte	0x1
 726 0172 4B       		.byte	0x4b
 727 0173 81000000 		.4byte	0x81
 728 0177 68010000 		.4byte	.LLST9
 729 017b 07       		.uleb128 0x7
 730 017c 6F757400 		.ascii	"out\000"
 731 0180 01       		.byte	0x1
 732 0181 4B       		.byte	0x4b
 733 0182 1C020000 		.4byte	0x21c
 734 0186 89010000 		.4byte	.LLST10
 735 018a 0A       		.uleb128 0xa
 736 018b 0C000000 		.4byte	.LVL17
 737 018f 02       		.uleb128 0x2
 738 0190 74       		.byte	0x74
 739 0191 00       		.sleb128 0
 740 0192 A0010000 		.4byte	0x1a0
 741 0196 0B       		.uleb128 0xb
 742 0197 01       		.uleb128 0x1
 743 0198 50       		.byte	0x50
 744 0199 05       		.uleb128 0x5
 745 019a 03       		.byte	0x3
 746 019b 00000000 		.4byte	.LC0
 747 019f 00       		.byte	0
 748 01a0 0C       		.uleb128 0xc
 749 01a1 12000000 		.4byte	.LVL18
 750 01a5 8A050000 		.4byte	0x58a
 751 01a9 B6010000 		.4byte	0x1b6
 752 01ad 0B       		.uleb128 0xb
 753 01ae 01       		.uleb128 0x1
 754 01af 50       		.byte	0x50
 755 01b0 04       		.uleb128 0x4
 756 01b1 75       		.byte	0x75
 757 01b2 00       		.sleb128 0
 758 01b3 33       		.byte	0x33
 759 01b4 24       		.byte	0x24
 760 01b5 00       		.byte	0
 761 01b6 0D       		.uleb128 0xd
 762 01b7 14000000 		.4byte	.LVL19
 763 01bb 02       		.uleb128 0x2
 764 01bc 74       		.byte	0x74
 765 01bd 00       		.sleb128 0
 766 01be 0A       		.uleb128 0xa
 767 01bf 1A000000 		.4byte	.LVL20
 768 01c3 02       		.uleb128 0x2
 769 01c4 74       		.byte	0x74
 770 01c5 00       		.sleb128 0
 771 01c6 D1010000 		.4byte	0x1d1
 772 01ca 0B       		.uleb128 0xb
 773 01cb 01       		.uleb128 0x1
 774 01cc 50       		.byte	0x50
 775 01cd 02       		.uleb128 0x2
 776 01ce 75       		.byte	0x75
ARM GAS  C:\Users\brian\AppData\Local\Temp\ccbhEcoA.s 			page 18


 777 01cf 00       		.sleb128 0
 778 01d0 00       		.byte	0
 779 01d1 0C       		.uleb128 0xc
 780 01d2 20000000 		.4byte	.LVL21
 781 01d6 8A050000 		.4byte	0x58a
 782 01da E7010000 		.4byte	0x1e7
 783 01de 0B       		.uleb128 0xb
 784 01df 01       		.uleb128 0x1
 785 01e0 50       		.byte	0x50
 786 01e1 04       		.uleb128 0x4
 787 01e2 76       		.byte	0x76
 788 01e3 00       		.sleb128 0
 789 01e4 33       		.byte	0x33
 790 01e5 24       		.byte	0x24
 791 01e6 00       		.byte	0
 792 01e7 0D       		.uleb128 0xd
 793 01e8 22000000 		.4byte	.LVL22
 794 01ec 02       		.uleb128 0x2
 795 01ed 74       		.byte	0x74
 796 01ee 00       		.sleb128 0
 797 01ef 0E       		.uleb128 0xe
 798 01f0 26000000 		.4byte	.LVL23
 799 01f4 02       		.uleb128 0x2
 800 01f5 74       		.byte	0x74
 801 01f6 00       		.sleb128 0
 802 01f7 0B       		.uleb128 0xb
 803 01f8 01       		.uleb128 0x1
 804 01f9 50       		.byte	0x50
 805 01fa 02       		.uleb128 0x2
 806 01fb 75       		.byte	0x75
 807 01fc 00       		.sleb128 0
 808 01fd 00       		.byte	0
 809 01fe 00       		.byte	0
 810 01ff 0F       		.uleb128 0xf
 811 0200 0A020000 		.4byte	0x20a
 812 0204 10       		.uleb128 0x10
 813 0205 0A020000 		.4byte	0x20a
 814 0209 00       		.byte	0
 815 020a 05       		.uleb128 0x5
 816 020b 04       		.byte	0x4
 817 020c 17020000 		.4byte	0x217
 818 0210 02       		.uleb128 0x2
 819 0211 01       		.byte	0x1
 820 0212 08       		.byte	0x8
 821 0213 65010000 		.4byte	.LASF19
 822 0217 11       		.uleb128 0x11
 823 0218 10020000 		.4byte	0x210
 824 021c 05       		.uleb128 0x5
 825 021d 04       		.byte	0x4
 826 021e FF010000 		.4byte	0x1ff
 827 0222 09       		.uleb128 0x9
 828 0223 65020000 		.4byte	.LASF21
 829 0227 01       		.byte	0x1
 830 0228 55       		.byte	0x55
 831 0229 00000000 		.4byte	.LFB3
 832 022d 54000000 		.4byte	.LFE3-.LFB3
 833 0231 01       		.uleb128 0x1
ARM GAS  C:\Users\brian\AppData\Local\Temp\ccbhEcoA.s 			page 19


 834 0232 9C       		.byte	0x9c
 835 0233 0E030000 		.4byte	0x30e
 836 0237 08       		.uleb128 0x8
 837 0238 A3010000 		.4byte	.LASF22
 838 023c 01       		.byte	0x1
 839 023d 55       		.byte	0x55
 840 023e 9E000000 		.4byte	0x9e
 841 0242 B5010000 		.4byte	.LLST11
 842 0246 08       		.uleb128 0x8
 843 0247 0A000000 		.4byte	.LASF15
 844 024b 01       		.byte	0x1
 845 024c 55       		.byte	0x55
 846 024d 81000000 		.4byte	0x81
 847 0251 E1010000 		.4byte	.LLST12
 848 0255 08       		.uleb128 0x8
 849 0256 F5000000 		.4byte	.LASF18
 850 025a 01       		.byte	0x1
 851 025b 55       		.byte	0x55
 852 025c 81000000 		.4byte	0x81
 853 0260 02020000 		.4byte	.LLST13
 854 0264 08       		.uleb128 0x8
 855 0265 B5000000 		.4byte	.LASF23
 856 0269 01       		.byte	0x1
 857 026a 55       		.byte	0x55
 858 026b 2C030000 		.4byte	0x32c
 859 026f 23020000 		.4byte	.LLST14
 860 0273 07       		.uleb128 0x7
 861 0274 6F757400 		.ascii	"out\000"
 862 0278 01       		.byte	0x1
 863 0279 55       		.byte	0x55
 864 027a 1C020000 		.4byte	0x21c
 865 027e 4F020000 		.4byte	.LLST15
 866 0282 12       		.uleb128 0x12
 867 0283 7800     		.ascii	"x\000"
 868 0285 01       		.byte	0x1
 869 0286 57       		.byte	0x57
 870 0287 8C000000 		.4byte	0x8c
 871 028b 6F020000 		.4byte	.LLST16
 872 028f 12       		.uleb128 0x12
 873 0290 7900     		.ascii	"y\000"
 874 0292 01       		.byte	0x1
 875 0293 57       		.byte	0x57
 876 0294 8C000000 		.4byte	0x8c
 877 0298 98020000 		.4byte	.LLST17
 878 029c 12       		.uleb128 0x12
 879 029d 7700     		.ascii	"w\000"
 880 029f 01       		.byte	0x1
 881 02a0 58       		.byte	0x58
 882 02a1 8C000000 		.4byte	0x8c
 883 02a5 C2020000 		.4byte	.LLST18
 884 02a9 12       		.uleb128 0x12
 885 02aa 6800     		.ascii	"h\000"
 886 02ac 01       		.byte	0x1
 887 02ad 58       		.byte	0x58
 888 02ae 8C000000 		.4byte	0x8c
 889 02b2 E0020000 		.4byte	.LLST19
 890 02b6 13       		.uleb128 0x13
ARM GAS  C:\Users\brian\AppData\Local\Temp\ccbhEcoA.s 			page 20


 891 02b7 20000000 		.4byte	.LVL30
 892 02bb D8020000 		.4byte	0x2d8
 893 02bf 0B       		.uleb128 0xb
 894 02c0 01       		.uleb128 0x1
 895 02c1 50       		.byte	0x50
 896 02c2 02       		.uleb128 0x2
 897 02c3 74       		.byte	0x74
 898 02c4 00       		.sleb128 0
 899 02c5 0B       		.uleb128 0xb
 900 02c6 01       		.uleb128 0x1
 901 02c7 51       		.byte	0x51
 902 02c8 02       		.uleb128 0x2
 903 02c9 75       		.byte	0x75
 904 02ca 00       		.sleb128 0
 905 02cb 0B       		.uleb128 0xb
 906 02cc 01       		.uleb128 0x1
 907 02cd 52       		.byte	0x52
 908 02ce 02       		.uleb128 0x2
 909 02cf 7A       		.byte	0x7a
 910 02d0 00       		.sleb128 0
 911 02d1 0B       		.uleb128 0xb
 912 02d2 01       		.uleb128 0x1
 913 02d3 53       		.byte	0x53
 914 02d4 02       		.uleb128 0x2
 915 02d5 78       		.byte	0x78
 916 02d6 00       		.sleb128 0
 917 02d7 00       		.byte	0
 918 02d8 13       		.uleb128 0x13
 919 02d9 26000000 		.4byte	.LVL31
 920 02dd EB020000 		.4byte	0x2eb
 921 02e1 0B       		.uleb128 0xb
 922 02e2 01       		.uleb128 0x1
 923 02e3 50       		.byte	0x50
 924 02e4 05       		.uleb128 0x5
 925 02e5 03       		.byte	0x3
 926 02e6 08000000 		.4byte	.LC2
 927 02ea 00       		.byte	0
 928 02eb 13       		.uleb128 0x13
 929 02ec 2C000000 		.4byte	.LVL32
 930 02f0 FE020000 		.4byte	0x2fe
 931 02f4 0B       		.uleb128 0xb
 932 02f5 01       		.uleb128 0x1
 933 02f6 50       		.byte	0x50
 934 02f7 05       		.uleb128 0x5
 935 02f8 03       		.byte	0x3
 936 02f9 0C000000 		.4byte	.LC3
 937 02fd 00       		.byte	0
 938 02fe 14       		.uleb128 0x14
 939 02ff 3C000000 		.4byte	.LVL37
 940 0303 0B       		.uleb128 0xb
 941 0304 01       		.uleb128 0x1
 942 0305 50       		.byte	0x50
 943 0306 05       		.uleb128 0x5
 944 0307 03       		.byte	0x3
 945 0308 04000000 		.4byte	.LC1
 946 030c 00       		.byte	0
 947 030d 00       		.byte	0
ARM GAS  C:\Users\brian\AppData\Local\Temp\ccbhEcoA.s 			page 21


 948 030e 15       		.uleb128 0x15
 949 030f 81000000 		.4byte	0x81
 950 0313 2C030000 		.4byte	0x32c
 951 0317 10       		.uleb128 0x10
 952 0318 8C000000 		.4byte	0x8c
 953 031c 10       		.uleb128 0x10
 954 031d 8C000000 		.4byte	0x8c
 955 0321 10       		.uleb128 0x10
 956 0322 9E000000 		.4byte	0x9e
 957 0326 10       		.uleb128 0x10
 958 0327 81000000 		.4byte	0x81
 959 032b 00       		.byte	0
 960 032c 05       		.uleb128 0x5
 961 032d 04       		.byte	0x4
 962 032e 0E030000 		.4byte	0x30e
 963 0332 09       		.uleb128 0x9
 964 0333 BC010000 		.4byte	.LASF24
 965 0337 01       		.byte	0x1
 966 0338 6F       		.byte	0x6f
 967 0339 00000000 		.4byte	.LFB4
 968 033d 40000000 		.4byte	.LFE4-.LFB4
 969 0341 01       		.uleb128 0x1
 970 0342 9C       		.byte	0x9c
 971 0343 15040000 		.4byte	0x415
 972 0347 08       		.uleb128 0x8
 973 0348 0A000000 		.4byte	.LASF15
 974 034c 01       		.byte	0x1
 975 034d 6F       		.byte	0x6f
 976 034e 81000000 		.4byte	0x81
 977 0352 FE020000 		.4byte	.LLST20
 978 0356 08       		.uleb128 0x8
 979 0357 F5000000 		.4byte	.LASF18
 980 035b 01       		.byte	0x1
 981 035c 6F       		.byte	0x6f
 982 035d 81000000 		.4byte	0x81
 983 0361 1F030000 		.4byte	.LLST21
 984 0365 07       		.uleb128 0x7
 985 0366 6F757400 		.ascii	"out\000"
 986 036a 01       		.byte	0x1
 987 036b 6F       		.byte	0x6f
 988 036c 1C020000 		.4byte	0x21c
 989 0370 40030000 		.4byte	.LLST22
 990 0374 0A       		.uleb128 0xa
 991 0375 0C000000 		.4byte	.LVL43
 992 0379 02       		.uleb128 0x2
 993 037a 74       		.byte	0x74
 994 037b 00       		.sleb128 0
 995 037c 8A030000 		.4byte	0x38a
 996 0380 0B       		.uleb128 0xb
 997 0381 01       		.uleb128 0x1
 998 0382 50       		.byte	0x50
 999 0383 05       		.uleb128 0x5
 1000 0384 03       		.byte	0x3
 1001 0385 10000000 		.4byte	.LC4
 1002 0389 00       		.byte	0
 1003 038a 0C       		.uleb128 0xc
 1004 038b 12000000 		.4byte	.LVL44
ARM GAS  C:\Users\brian\AppData\Local\Temp\ccbhEcoA.s 			page 22


 1005 038f 8A050000 		.4byte	0x58a
 1006 0393 A0030000 		.4byte	0x3a0
 1007 0397 0B       		.uleb128 0xb
 1008 0398 01       		.uleb128 0x1
 1009 0399 50       		.byte	0x50
 1010 039a 04       		.uleb128 0x4
 1011 039b 75       		.byte	0x75
 1012 039c 00       		.sleb128 0
 1013 039d 33       		.byte	0x33
 1014 039e 24       		.byte	0x24
 1015 039f 00       		.byte	0
 1016 03a0 0D       		.uleb128 0xd
 1017 03a1 14000000 		.4byte	.LVL45
 1018 03a5 02       		.uleb128 0x2
 1019 03a6 74       		.byte	0x74
 1020 03a7 00       		.sleb128 0
 1021 03a8 0A       		.uleb128 0xa
 1022 03a9 1A000000 		.4byte	.LVL46
 1023 03ad 02       		.uleb128 0x2
 1024 03ae 74       		.byte	0x74
 1025 03af 00       		.sleb128 0
 1026 03b0 BB030000 		.4byte	0x3bb
 1027 03b4 0B       		.uleb128 0xb
 1028 03b5 01       		.uleb128 0x1
 1029 03b6 50       		.byte	0x50
 1030 03b7 02       		.uleb128 0x2
 1031 03b8 75       		.byte	0x75
 1032 03b9 00       		.sleb128 0
 1033 03ba 00       		.byte	0
 1034 03bb 0A       		.uleb128 0xa
 1035 03bc 1E000000 		.4byte	.LVL47
 1036 03c0 02       		.uleb128 0x2
 1037 03c1 74       		.byte	0x74
 1038 03c2 00       		.sleb128 0
 1039 03c3 D1030000 		.4byte	0x3d1
 1040 03c7 0B       		.uleb128 0xb
 1041 03c8 01       		.uleb128 0x1
 1042 03c9 50       		.byte	0x50
 1043 03ca 05       		.uleb128 0x5
 1044 03cb 03       		.byte	0x3
 1045 03cc 24000000 		.4byte	.LC5
 1046 03d0 00       		.byte	0
 1047 03d1 0C       		.uleb128 0xc
 1048 03d2 24000000 		.4byte	.LVL48
 1049 03d6 8A050000 		.4byte	0x58a
 1050 03da E7030000 		.4byte	0x3e7
 1051 03de 0B       		.uleb128 0xb
 1052 03df 01       		.uleb128 0x1
 1053 03e0 50       		.byte	0x50
 1054 03e1 04       		.uleb128 0x4
 1055 03e2 76       		.byte	0x76
 1056 03e3 00       		.sleb128 0
 1057 03e4 33       		.byte	0x33
 1058 03e5 24       		.byte	0x24
 1059 03e6 00       		.byte	0
 1060 03e7 0D       		.uleb128 0xd
 1061 03e8 26000000 		.4byte	.LVL49
ARM GAS  C:\Users\brian\AppData\Local\Temp\ccbhEcoA.s 			page 23


 1062 03ec 02       		.uleb128 0x2
 1063 03ed 74       		.byte	0x74
 1064 03ee 00       		.sleb128 0
 1065 03ef 0A       		.uleb128 0xa
 1066 03f0 2A000000 		.4byte	.LVL50
 1067 03f4 02       		.uleb128 0x2
 1068 03f5 74       		.byte	0x74
 1069 03f6 00       		.sleb128 0
 1070 03f7 02040000 		.4byte	0x402
 1071 03fb 0B       		.uleb128 0xb
 1072 03fc 01       		.uleb128 0x1
 1073 03fd 50       		.byte	0x50
 1074 03fe 02       		.uleb128 0x2
 1075 03ff 75       		.byte	0x75
 1076 0400 00       		.sleb128 0
 1077 0401 00       		.byte	0
 1078 0402 0E       		.uleb128 0xe
 1079 0403 2E000000 		.4byte	.LVL51
 1080 0407 02       		.uleb128 0x2
 1081 0408 74       		.byte	0x74
 1082 0409 00       		.sleb128 0
 1083 040a 0B       		.uleb128 0xb
 1084 040b 01       		.uleb128 0x1
 1085 040c 50       		.byte	0x50
 1086 040d 05       		.uleb128 0x5
 1087 040e 03       		.byte	0x3
 1088 040f 38000000 		.4byte	.LC6
 1089 0413 00       		.byte	0
 1090 0414 00       		.byte	0
 1091 0415 09       		.uleb128 0x9
 1092 0416 85010000 		.4byte	.LASF25
 1093 041a 01       		.byte	0x1
 1094 041b 7A       		.byte	0x7a
 1095 041c 00000000 		.4byte	.LFB5
 1096 0420 C0000000 		.4byte	.LFE5-.LFB5
 1097 0424 01       		.uleb128 0x1
 1098 0425 9C       		.byte	0x9c
 1099 0426 73050000 		.4byte	0x573
 1100 042a 08       		.uleb128 0x8
 1101 042b A3010000 		.4byte	.LASF22
 1102 042f 01       		.byte	0x1
 1103 0430 7A       		.byte	0x7a
 1104 0431 9E000000 		.4byte	0x9e
 1105 0435 6C030000 		.4byte	.LLST23
 1106 0439 08       		.uleb128 0x8
 1107 043a 0A000000 		.4byte	.LASF15
 1108 043e 01       		.byte	0x1
 1109 043f 7A       		.byte	0x7a
 1110 0440 81000000 		.4byte	0x81
 1111 0444 A3030000 		.4byte	.LLST24
 1112 0448 08       		.uleb128 0x8
 1113 0449 F5000000 		.4byte	.LASF18
 1114 044d 01       		.byte	0x1
 1115 044e 7A       		.byte	0x7a
 1116 044f 81000000 		.4byte	0x81
 1117 0453 C4030000 		.4byte	.LLST25
 1118 0457 08       		.uleb128 0x8
ARM GAS  C:\Users\brian\AppData\Local\Temp\ccbhEcoA.s 			page 24


 1119 0458 B5000000 		.4byte	.LASF23
 1120 045c 01       		.byte	0x1
 1121 045d 7A       		.byte	0x7a
 1122 045e 2C030000 		.4byte	0x32c
 1123 0462 E5030000 		.4byte	.LLST26
 1124 0466 07       		.uleb128 0x7
 1125 0467 6F757400 		.ascii	"out\000"
 1126 046b 01       		.byte	0x1
 1127 046c 7A       		.byte	0x7a
 1128 046d 1C020000 		.4byte	0x21c
 1129 0471 11040000 		.4byte	.LLST27
 1130 0475 12       		.uleb128 0x12
 1131 0476 7800     		.ascii	"x\000"
 1132 0478 01       		.byte	0x1
 1133 0479 7C       		.byte	0x7c
 1134 047a 8C000000 		.4byte	0x8c
 1135 047e 31040000 		.4byte	.LLST28
 1136 0482 12       		.uleb128 0x12
 1137 0483 7900     		.ascii	"y\000"
 1138 0485 01       		.byte	0x1
 1139 0486 7C       		.byte	0x7c
 1140 0487 8C000000 		.4byte	0x8c
 1141 048b 5B040000 		.4byte	.LLST29
 1142 048f 12       		.uleb128 0x12
 1143 0490 7700     		.ascii	"w\000"
 1144 0492 01       		.byte	0x1
 1145 0493 7D       		.byte	0x7d
 1146 0494 8C000000 		.4byte	0x8c
 1147 0498 85040000 		.4byte	.LLST30
 1148 049c 12       		.uleb128 0x12
 1149 049d 6800     		.ascii	"h\000"
 1150 049f 01       		.byte	0x1
 1151 04a0 7D       		.byte	0x7d
 1152 04a1 8C000000 		.4byte	0x8c
 1153 04a5 A3040000 		.4byte	.LLST31
 1154 04a9 12       		.uleb128 0x12
 1155 04aa 7600     		.ascii	"v\000"
 1156 04ac 01       		.byte	0x1
 1157 04ad 7E       		.byte	0x7e
 1158 04ae 81000000 		.4byte	0x81
 1159 04b2 CE040000 		.4byte	.LLST32
 1160 04b6 12       		.uleb128 0x12
 1161 04b7 6200     		.ascii	"b\000"
 1162 04b9 01       		.byte	0x1
 1163 04ba 7E       		.byte	0x7e
 1164 04bb 81000000 		.4byte	0x81
 1165 04bf F8040000 		.4byte	.LLST33
 1166 04c3 16       		.uleb128 0x16
 1167 04c4 7300     		.ascii	"s\000"
 1168 04c6 01       		.byte	0x1
 1169 04c7 7F       		.byte	0x7f
 1170 04c8 73050000 		.4byte	0x573
 1171 04cc 02       		.uleb128 0x2
 1172 04cd 91       		.byte	0x91
 1173 04ce 54       		.sleb128 -44
 1174 04cf 13       		.uleb128 0x13
 1175 04d0 3A000000 		.4byte	.LVL64
ARM GAS  C:\Users\brian\AppData\Local\Temp\ccbhEcoA.s 			page 25


 1176 04d4 F7040000 		.4byte	0x4f7
 1177 04d8 0B       		.uleb128 0xb
 1178 04d9 01       		.uleb128 0x1
 1179 04da 50       		.byte	0x50
 1180 04db 07       		.uleb128 0x7
 1181 04dc 76       		.byte	0x76
 1182 04dd 00       		.sleb128 0
 1183 04de 74       		.byte	0x74
 1184 04df 00       		.sleb128 0
 1185 04e0 1C       		.byte	0x1c
 1186 04e1 23       		.byte	0x23
 1187 04e2 07       		.uleb128 0x7
 1188 04e3 0B       		.uleb128 0xb
 1189 04e4 01       		.uleb128 0x1
 1190 04e5 51       		.byte	0x51
 1191 04e6 02       		.uleb128 0x2
 1192 04e7 79       		.byte	0x79
 1193 04e8 00       		.sleb128 0
 1194 04e9 0B       		.uleb128 0xb
 1195 04ea 01       		.uleb128 0x1
 1196 04eb 52       		.byte	0x52
 1197 04ec 03       		.uleb128 0x3
 1198 04ed 7D       		.byte	0x7d
 1199 04ee 00       		.sleb128 0
 1200 04ef 06       		.byte	0x6
 1201 04f0 0B       		.uleb128 0xb
 1202 04f1 01       		.uleb128 0x1
 1203 04f2 53       		.byte	0x53
 1204 04f3 02       		.uleb128 0x2
 1205 04f4 78       		.byte	0x78
 1206 04f5 00       		.sleb128 0
 1207 04f6 00       		.byte	0
 1208 04f7 13       		.uleb128 0x13
 1209 04f8 4C000000 		.4byte	.LVL68
 1210 04fc 0A050000 		.4byte	0x50a
 1211 0500 0B       		.uleb128 0xb
 1212 0501 01       		.uleb128 0x1
 1213 0502 50       		.byte	0x50
 1214 0503 05       		.uleb128 0x5
 1215 0504 03       		.byte	0x3
 1216 0505 60000000 		.4byte	.LC7
 1217 0509 00       		.byte	0
 1218 050a 13       		.uleb128 0x13
 1219 050b 64000000 		.4byte	.LVL69
 1220 050f 1A050000 		.4byte	0x51a
 1221 0513 0B       		.uleb128 0xb
 1222 0514 01       		.uleb128 0x1
 1223 0515 50       		.byte	0x50
 1224 0516 02       		.uleb128 0x2
 1225 0517 91       		.byte	0x91
 1226 0518 54       		.sleb128 -44
 1227 0519 00       		.byte	0
 1228 051a 13       		.uleb128 0x13
 1229 051b 7E000000 		.4byte	.LVL71
 1230 051f 2A050000 		.4byte	0x52a
 1231 0523 0B       		.uleb128 0xb
 1232 0524 01       		.uleb128 0x1
ARM GAS  C:\Users\brian\AppData\Local\Temp\ccbhEcoA.s 			page 26


 1233 0525 50       		.byte	0x50
 1234 0526 02       		.uleb128 0x2
 1235 0527 91       		.byte	0x91
 1236 0528 54       		.sleb128 -44
 1237 0529 00       		.byte	0
 1238 052a 13       		.uleb128 0x13
 1239 052b 8A000000 		.4byte	.LVL74
 1240 052f 3D050000 		.4byte	0x53d
 1241 0533 0B       		.uleb128 0xb
 1242 0534 01       		.uleb128 0x1
 1243 0535 50       		.byte	0x50
 1244 0536 05       		.uleb128 0x5
 1245 0537 03       		.byte	0x3
 1246 0538 64000000 		.4byte	.LC8
 1247 053c 00       		.byte	0
 1248 053d 13       		.uleb128 0x13
 1249 053e 9E000000 		.4byte	.LVL77
 1250 0542 50050000 		.4byte	0x550
 1251 0546 0B       		.uleb128 0xb
 1252 0547 01       		.uleb128 0x1
 1253 0548 50       		.byte	0x50
 1254 0549 05       		.uleb128 0x5
 1255 054a 03       		.byte	0x3
 1256 054b 64000000 		.4byte	.LC8
 1257 054f 00       		.byte	0
 1258 0550 13       		.uleb128 0x13
 1259 0551 A2000000 		.4byte	.LVL78
 1260 0555 63050000 		.4byte	0x563
 1261 0559 0B       		.uleb128 0xb
 1262 055a 01       		.uleb128 0x1
 1263 055b 50       		.byte	0x50
 1264 055c 05       		.uleb128 0x5
 1265 055d 03       		.byte	0x3
 1266 055e 04000000 		.4byte	.LC1
 1267 0562 00       		.byte	0
 1268 0563 14       		.uleb128 0x14
 1269 0564 A8000000 		.4byte	.LVL79
 1270 0568 0B       		.uleb128 0xb
 1271 0569 01       		.uleb128 0x1
 1272 056a 50       		.byte	0x50
 1273 056b 05       		.uleb128 0x5
 1274 056c 03       		.byte	0x3
 1275 056d 68000000 		.4byte	.LC9
 1276 0571 00       		.byte	0
 1277 0572 00       		.byte	0
 1278 0573 17       		.uleb128 0x17
 1279 0574 10020000 		.4byte	0x210
 1280 0578 83050000 		.4byte	0x583
 1281 057c 18       		.uleb128 0x18
 1282 057d 83050000 		.4byte	0x583
 1283 0581 01       		.byte	0x1
 1284 0582 00       		.byte	0
 1285 0583 02       		.uleb128 0x2
 1286 0584 04       		.byte	0x4
 1287 0585 07       		.byte	0x7
 1288 0586 15000000 		.4byte	.LASF26
 1289 058a 19       		.uleb128 0x19
ARM GAS  C:\Users\brian\AppData\Local\Temp\ccbhEcoA.s 			page 27


 1290 058b 0F010000 		.4byte	.LASF30
 1291 058f 0F010000 		.4byte	.LASF30
 1292 0593 04       		.byte	0x4
 1293 0594 F703     		.2byte	0x3f7
 1294 0596 00       		.byte	0
 1295              		.section	.debug_abbrev,"",%progbits
 1296              	.Ldebug_abbrev0:
 1297 0000 01       		.uleb128 0x1
 1298 0001 11       		.uleb128 0x11
 1299 0002 01       		.byte	0x1
 1300 0003 25       		.uleb128 0x25
 1301 0004 0E       		.uleb128 0xe
 1302 0005 13       		.uleb128 0x13
 1303 0006 0B       		.uleb128 0xb
 1304 0007 03       		.uleb128 0x3
 1305 0008 0E       		.uleb128 0xe
 1306 0009 1B       		.uleb128 0x1b
 1307 000a 0E       		.uleb128 0xe
 1308 000b 55       		.uleb128 0x55
 1309 000c 17       		.uleb128 0x17
 1310 000d 11       		.uleb128 0x11
 1311 000e 01       		.uleb128 0x1
 1312 000f 10       		.uleb128 0x10
 1313 0010 17       		.uleb128 0x17
 1314 0011 00       		.byte	0
 1315 0012 00       		.byte	0
 1316 0013 02       		.uleb128 0x2
 1317 0014 24       		.uleb128 0x24
 1318 0015 00       		.byte	0
 1319 0016 0B       		.uleb128 0xb
 1320 0017 0B       		.uleb128 0xb
 1321 0018 3E       		.uleb128 0x3e
 1322 0019 0B       		.uleb128 0xb
 1323 001a 03       		.uleb128 0x3
 1324 001b 0E       		.uleb128 0xe
 1325 001c 00       		.byte	0
 1326 001d 00       		.byte	0
 1327 001e 03       		.uleb128 0x3
 1328 001f 16       		.uleb128 0x16
 1329 0020 00       		.byte	0
 1330 0021 03       		.uleb128 0x3
 1331 0022 0E       		.uleb128 0xe
 1332 0023 3A       		.uleb128 0x3a
 1333 0024 0B       		.uleb128 0xb
 1334 0025 3B       		.uleb128 0x3b
 1335 0026 0B       		.uleb128 0xb
 1336 0027 49       		.uleb128 0x49
 1337 0028 13       		.uleb128 0x13
 1338 0029 00       		.byte	0
 1339 002a 00       		.byte	0
 1340 002b 04       		.uleb128 0x4
 1341 002c 24       		.uleb128 0x24
 1342 002d 00       		.byte	0
 1343 002e 0B       		.uleb128 0xb
 1344 002f 0B       		.uleb128 0xb
 1345 0030 3E       		.uleb128 0x3e
 1346 0031 0B       		.uleb128 0xb
ARM GAS  C:\Users\brian\AppData\Local\Temp\ccbhEcoA.s 			page 28


 1347 0032 03       		.uleb128 0x3
 1348 0033 08       		.uleb128 0x8
 1349 0034 00       		.byte	0
 1350 0035 00       		.byte	0
 1351 0036 05       		.uleb128 0x5
 1352 0037 0F       		.uleb128 0xf
 1353 0038 00       		.byte	0
 1354 0039 0B       		.uleb128 0xb
 1355 003a 0B       		.uleb128 0xb
 1356 003b 49       		.uleb128 0x49
 1357 003c 13       		.uleb128 0x13
 1358 003d 00       		.byte	0
 1359 003e 00       		.byte	0
 1360 003f 06       		.uleb128 0x6
 1361 0040 2E       		.uleb128 0x2e
 1362 0041 01       		.byte	0x1
 1363 0042 3F       		.uleb128 0x3f
 1364 0043 19       		.uleb128 0x19
 1365 0044 03       		.uleb128 0x3
 1366 0045 0E       		.uleb128 0xe
 1367 0046 3A       		.uleb128 0x3a
 1368 0047 0B       		.uleb128 0xb
 1369 0048 3B       		.uleb128 0x3b
 1370 0049 0B       		.uleb128 0xb
 1371 004a 27       		.uleb128 0x27
 1372 004b 19       		.uleb128 0x19
 1373 004c 49       		.uleb128 0x49
 1374 004d 13       		.uleb128 0x13
 1375 004e 11       		.uleb128 0x11
 1376 004f 01       		.uleb128 0x1
 1377 0050 12       		.uleb128 0x12
 1378 0051 06       		.uleb128 0x6
 1379 0052 40       		.uleb128 0x40
 1380 0053 18       		.uleb128 0x18
 1381 0054 9742     		.uleb128 0x2117
 1382 0056 19       		.uleb128 0x19
 1383 0057 01       		.uleb128 0x1
 1384 0058 13       		.uleb128 0x13
 1385 0059 00       		.byte	0
 1386 005a 00       		.byte	0
 1387 005b 07       		.uleb128 0x7
 1388 005c 05       		.uleb128 0x5
 1389 005d 00       		.byte	0
 1390 005e 03       		.uleb128 0x3
 1391 005f 08       		.uleb128 0x8
 1392 0060 3A       		.uleb128 0x3a
 1393 0061 0B       		.uleb128 0xb
 1394 0062 3B       		.uleb128 0x3b
 1395 0063 0B       		.uleb128 0xb
 1396 0064 49       		.uleb128 0x49
 1397 0065 13       		.uleb128 0x13
 1398 0066 02       		.uleb128 0x2
 1399 0067 17       		.uleb128 0x17
 1400 0068 00       		.byte	0
 1401 0069 00       		.byte	0
 1402 006a 08       		.uleb128 0x8
 1403 006b 05       		.uleb128 0x5
ARM GAS  C:\Users\brian\AppData\Local\Temp\ccbhEcoA.s 			page 29


 1404 006c 00       		.byte	0
 1405 006d 03       		.uleb128 0x3
 1406 006e 0E       		.uleb128 0xe
 1407 006f 3A       		.uleb128 0x3a
 1408 0070 0B       		.uleb128 0xb
 1409 0071 3B       		.uleb128 0x3b
 1410 0072 0B       		.uleb128 0xb
 1411 0073 49       		.uleb128 0x49
 1412 0074 13       		.uleb128 0x13
 1413 0075 02       		.uleb128 0x2
 1414 0076 17       		.uleb128 0x17
 1415 0077 00       		.byte	0
 1416 0078 00       		.byte	0
 1417 0079 09       		.uleb128 0x9
 1418 007a 2E       		.uleb128 0x2e
 1419 007b 01       		.byte	0x1
 1420 007c 3F       		.uleb128 0x3f
 1421 007d 19       		.uleb128 0x19
 1422 007e 03       		.uleb128 0x3
 1423 007f 0E       		.uleb128 0xe
 1424 0080 3A       		.uleb128 0x3a
 1425 0081 0B       		.uleb128 0xb
 1426 0082 3B       		.uleb128 0x3b
 1427 0083 0B       		.uleb128 0xb
 1428 0084 27       		.uleb128 0x27
 1429 0085 19       		.uleb128 0x19
 1430 0086 11       		.uleb128 0x11
 1431 0087 01       		.uleb128 0x1
 1432 0088 12       		.uleb128 0x12
 1433 0089 06       		.uleb128 0x6
 1434 008a 40       		.uleb128 0x40
 1435 008b 18       		.uleb128 0x18
 1436 008c 9742     		.uleb128 0x2117
 1437 008e 19       		.uleb128 0x19
 1438 008f 01       		.uleb128 0x1
 1439 0090 13       		.uleb128 0x13
 1440 0091 00       		.byte	0
 1441 0092 00       		.byte	0
 1442 0093 0A       		.uleb128 0xa
 1443 0094 898201   		.uleb128 0x4109
 1444 0097 01       		.byte	0x1
 1445 0098 11       		.uleb128 0x11
 1446 0099 01       		.uleb128 0x1
 1447 009a 9342     		.uleb128 0x2113
 1448 009c 18       		.uleb128 0x18
 1449 009d 01       		.uleb128 0x1
 1450 009e 13       		.uleb128 0x13
 1451 009f 00       		.byte	0
 1452 00a0 00       		.byte	0
 1453 00a1 0B       		.uleb128 0xb
 1454 00a2 8A8201   		.uleb128 0x410a
 1455 00a5 00       		.byte	0
 1456 00a6 02       		.uleb128 0x2
 1457 00a7 18       		.uleb128 0x18
 1458 00a8 9142     		.uleb128 0x2111
 1459 00aa 18       		.uleb128 0x18
 1460 00ab 00       		.byte	0
ARM GAS  C:\Users\brian\AppData\Local\Temp\ccbhEcoA.s 			page 30


 1461 00ac 00       		.byte	0
 1462 00ad 0C       		.uleb128 0xc
 1463 00ae 898201   		.uleb128 0x4109
 1464 00b1 01       		.byte	0x1
 1465 00b2 11       		.uleb128 0x11
 1466 00b3 01       		.uleb128 0x1
 1467 00b4 31       		.uleb128 0x31
 1468 00b5 13       		.uleb128 0x13
 1469 00b6 01       		.uleb128 0x1
 1470 00b7 13       		.uleb128 0x13
 1471 00b8 00       		.byte	0
 1472 00b9 00       		.byte	0
 1473 00ba 0D       		.uleb128 0xd
 1474 00bb 898201   		.uleb128 0x4109
 1475 00be 00       		.byte	0
 1476 00bf 11       		.uleb128 0x11
 1477 00c0 01       		.uleb128 0x1
 1478 00c1 9342     		.uleb128 0x2113
 1479 00c3 18       		.uleb128 0x18
 1480 00c4 00       		.byte	0
 1481 00c5 00       		.byte	0
 1482 00c6 0E       		.uleb128 0xe
 1483 00c7 898201   		.uleb128 0x4109
 1484 00ca 01       		.byte	0x1
 1485 00cb 11       		.uleb128 0x11
 1486 00cc 01       		.uleb128 0x1
 1487 00cd 9342     		.uleb128 0x2113
 1488 00cf 18       		.uleb128 0x18
 1489 00d0 00       		.byte	0
 1490 00d1 00       		.byte	0
 1491 00d2 0F       		.uleb128 0xf
 1492 00d3 15       		.uleb128 0x15
 1493 00d4 01       		.byte	0x1
 1494 00d5 27       		.uleb128 0x27
 1495 00d6 19       		.uleb128 0x19
 1496 00d7 01       		.uleb128 0x1
 1497 00d8 13       		.uleb128 0x13
 1498 00d9 00       		.byte	0
 1499 00da 00       		.byte	0
 1500 00db 10       		.uleb128 0x10
 1501 00dc 05       		.uleb128 0x5
 1502 00dd 00       		.byte	0
 1503 00de 49       		.uleb128 0x49
 1504 00df 13       		.uleb128 0x13
 1505 00e0 00       		.byte	0
 1506 00e1 00       		.byte	0
 1507 00e2 11       		.uleb128 0x11
 1508 00e3 26       		.uleb128 0x26
 1509 00e4 00       		.byte	0
 1510 00e5 49       		.uleb128 0x49
 1511 00e6 13       		.uleb128 0x13
 1512 00e7 00       		.byte	0
 1513 00e8 00       		.byte	0
 1514 00e9 12       		.uleb128 0x12
 1515 00ea 34       		.uleb128 0x34
 1516 00eb 00       		.byte	0
 1517 00ec 03       		.uleb128 0x3
ARM GAS  C:\Users\brian\AppData\Local\Temp\ccbhEcoA.s 			page 31


 1518 00ed 08       		.uleb128 0x8
 1519 00ee 3A       		.uleb128 0x3a
 1520 00ef 0B       		.uleb128 0xb
 1521 00f0 3B       		.uleb128 0x3b
 1522 00f1 0B       		.uleb128 0xb
 1523 00f2 49       		.uleb128 0x49
 1524 00f3 13       		.uleb128 0x13
 1525 00f4 02       		.uleb128 0x2
 1526 00f5 17       		.uleb128 0x17
 1527 00f6 00       		.byte	0
 1528 00f7 00       		.byte	0
 1529 00f8 13       		.uleb128 0x13
 1530 00f9 898201   		.uleb128 0x4109
 1531 00fc 01       		.byte	0x1
 1532 00fd 11       		.uleb128 0x11
 1533 00fe 01       		.uleb128 0x1
 1534 00ff 01       		.uleb128 0x1
 1535 0100 13       		.uleb128 0x13
 1536 0101 00       		.byte	0
 1537 0102 00       		.byte	0
 1538 0103 14       		.uleb128 0x14
 1539 0104 898201   		.uleb128 0x4109
 1540 0107 01       		.byte	0x1
 1541 0108 11       		.uleb128 0x11
 1542 0109 01       		.uleb128 0x1
 1543 010a 00       		.byte	0
 1544 010b 00       		.byte	0
 1545 010c 15       		.uleb128 0x15
 1546 010d 15       		.uleb128 0x15
 1547 010e 01       		.byte	0x1
 1548 010f 27       		.uleb128 0x27
 1549 0110 19       		.uleb128 0x19
 1550 0111 49       		.uleb128 0x49
 1551 0112 13       		.uleb128 0x13
 1552 0113 01       		.uleb128 0x1
 1553 0114 13       		.uleb128 0x13
 1554 0115 00       		.byte	0
 1555 0116 00       		.byte	0
 1556 0117 16       		.uleb128 0x16
 1557 0118 34       		.uleb128 0x34
 1558 0119 00       		.byte	0
 1559 011a 03       		.uleb128 0x3
 1560 011b 08       		.uleb128 0x8
 1561 011c 3A       		.uleb128 0x3a
 1562 011d 0B       		.uleb128 0xb
 1563 011e 3B       		.uleb128 0x3b
 1564 011f 0B       		.uleb128 0xb
 1565 0120 49       		.uleb128 0x49
 1566 0121 13       		.uleb128 0x13
 1567 0122 02       		.uleb128 0x2
 1568 0123 18       		.uleb128 0x18
 1569 0124 00       		.byte	0
 1570 0125 00       		.byte	0
 1571 0126 17       		.uleb128 0x17
 1572 0127 01       		.uleb128 0x1
 1573 0128 01       		.byte	0x1
 1574 0129 49       		.uleb128 0x49
ARM GAS  C:\Users\brian\AppData\Local\Temp\ccbhEcoA.s 			page 32


 1575 012a 13       		.uleb128 0x13
 1576 012b 01       		.uleb128 0x1
 1577 012c 13       		.uleb128 0x13
 1578 012d 00       		.byte	0
 1579 012e 00       		.byte	0
 1580 012f 18       		.uleb128 0x18
 1581 0130 21       		.uleb128 0x21
 1582 0131 00       		.byte	0
 1583 0132 49       		.uleb128 0x49
 1584 0133 13       		.uleb128 0x13
 1585 0134 2F       		.uleb128 0x2f
 1586 0135 0B       		.uleb128 0xb
 1587 0136 00       		.byte	0
 1588 0137 00       		.byte	0
 1589 0138 19       		.uleb128 0x19
 1590 0139 2E       		.uleb128 0x2e
 1591 013a 00       		.byte	0
 1592 013b 3F       		.uleb128 0x3f
 1593 013c 19       		.uleb128 0x19
 1594 013d 3C       		.uleb128 0x3c
 1595 013e 19       		.uleb128 0x19
 1596 013f 6E       		.uleb128 0x6e
 1597 0140 0E       		.uleb128 0xe
 1598 0141 03       		.uleb128 0x3
 1599 0142 0E       		.uleb128 0xe
 1600 0143 3A       		.uleb128 0x3a
 1601 0144 0B       		.uleb128 0xb
 1602 0145 3B       		.uleb128 0x3b
 1603 0146 05       		.uleb128 0x5
 1604 0147 00       		.byte	0
 1605 0148 00       		.byte	0
 1606 0149 00       		.byte	0
 1607              		.section	.debug_loc,"",%progbits
 1608              	.Ldebug_loc0:
 1609              	.LLST0:
 1610 0000 00000000 		.4byte	.LVL0
 1611 0004 10000000 		.4byte	.LVL3
 1612 0008 0100     		.2byte	0x1
 1613 000a 50       		.byte	0x50
 1614 000b 10000000 		.4byte	.LVL3
 1615 000f 26000000 		.4byte	.LFE0
 1616 0013 0400     		.2byte	0x4
 1617 0015 F3       		.byte	0xf3
 1618 0016 01       		.uleb128 0x1
 1619 0017 50       		.byte	0x50
 1620 0018 9F       		.byte	0x9f
 1621 0019 00000000 		.4byte	0
 1622 001d 00000000 		.4byte	0
 1623              	.LLST1:
 1624 0021 00000000 		.4byte	.LVL0
 1625 0025 0C000000 		.4byte	.LVL2
 1626 0029 0100     		.2byte	0x1
 1627 002b 51       		.byte	0x51
 1628 002c 0C000000 		.4byte	.LVL2
 1629 0030 16000000 		.4byte	.LVL4
 1630 0034 0100     		.2byte	0x1
 1631 0036 51       		.byte	0x51
ARM GAS  C:\Users\brian\AppData\Local\Temp\ccbhEcoA.s 			page 33


 1632 0037 00000000 		.4byte	0
 1633 003b 00000000 		.4byte	0
 1634              	.LLST2:
 1635 003f 00000000 		.4byte	.LVL0
 1636 0043 08000000 		.4byte	.LVL1
 1637 0047 0100     		.2byte	0x1
 1638 0049 52       		.byte	0x52
 1639 004a 08000000 		.4byte	.LVL1
 1640 004e 10000000 		.4byte	.LVL3
 1641 0052 0800     		.2byte	0x8
 1642 0054 73       		.byte	0x73
 1643 0055 00       		.sleb128 0
 1644 0056 33       		.byte	0x33
 1645 0057 24       		.byte	0x24
 1646 0058 72       		.byte	0x72
 1647 0059 00       		.sleb128 0
 1648 005a 22       		.byte	0x22
 1649 005b 9F       		.byte	0x9f
 1650 005c 10000000 		.4byte	.LVL3
 1651 0060 1E000000 		.4byte	.LVL5
 1652 0064 0600     		.2byte	0x6
 1653 0066 72       		.byte	0x72
 1654 0067 00       		.sleb128 0
 1655 0068 70       		.byte	0x70
 1656 0069 00       		.sleb128 0
 1657 006a 22       		.byte	0x22
 1658 006b 9F       		.byte	0x9f
 1659 006c 20000000 		.4byte	.LVL6
 1660 0070 22000000 		.4byte	.LVL7
 1661 0074 0600     		.2byte	0x6
 1662 0076 72       		.byte	0x72
 1663 0077 00       		.sleb128 0
 1664 0078 70       		.byte	0x70
 1665 0079 00       		.sleb128 0
 1666 007a 22       		.byte	0x22
 1667 007b 9F       		.byte	0x9f
 1668 007c 00000000 		.4byte	0
 1669 0080 00000000 		.4byte	0
 1670              	.LLST3:
 1671 0084 00000000 		.4byte	.LVL0
 1672 0088 08000000 		.4byte	.LVL1
 1673 008c 0100     		.2byte	0x1
 1674 008e 53       		.byte	0x53
 1675 008f 08000000 		.4byte	.LVL1
 1676 0093 26000000 		.4byte	.LFE0
 1677 0097 0400     		.2byte	0x4
 1678 0099 F3       		.byte	0xf3
 1679 009a 01       		.uleb128 0x1
 1680 009b 53       		.byte	0x53
 1681 009c 9F       		.byte	0x9f
 1682 009d 00000000 		.4byte	0
 1683 00a1 00000000 		.4byte	0
 1684              	.LLST4:
 1685 00a5 00000000 		.4byte	.LVL8
 1686 00a9 10000000 		.4byte	.LVL13
 1687 00ad 0100     		.2byte	0x1
 1688 00af 50       		.byte	0x50
ARM GAS  C:\Users\brian\AppData\Local\Temp\ccbhEcoA.s 			page 34


 1689 00b0 10000000 		.4byte	.LVL13
 1690 00b4 22000000 		.4byte	.LFE1
 1691 00b8 0400     		.2byte	0x4
 1692 00ba F3       		.byte	0xf3
 1693 00bb 01       		.uleb128 0x1
 1694 00bc 50       		.byte	0x50
 1695 00bd 9F       		.byte	0x9f
 1696 00be 00000000 		.4byte	0
 1697 00c2 00000000 		.4byte	0
 1698              	.LLST5:
 1699 00c6 00000000 		.4byte	.LVL8
 1700 00ca 04000000 		.4byte	.LVL9
 1701 00ce 0100     		.2byte	0x1
 1702 00d0 51       		.byte	0x51
 1703 00d1 04000000 		.4byte	.LVL9
 1704 00d5 06000000 		.4byte	.LVL10
 1705 00d9 0400     		.2byte	0x4
 1706 00db F3       		.byte	0xf3
 1707 00dc 01       		.uleb128 0x1
 1708 00dd 51       		.byte	0x51
 1709 00de 9F       		.byte	0x9f
 1710 00df 06000000 		.4byte	.LVL10
 1711 00e3 0A000000 		.4byte	.LVL11
 1712 00e7 0100     		.2byte	0x1
 1713 00e9 51       		.byte	0x51
 1714 00ea 00000000 		.4byte	0
 1715 00ee 00000000 		.4byte	0
 1716              	.LLST6:
 1717 00f2 00000000 		.4byte	.LVL8
 1718 00f6 06000000 		.4byte	.LVL10
 1719 00fa 0100     		.2byte	0x1
 1720 00fc 52       		.byte	0x52
 1721 00fd 06000000 		.4byte	.LVL10
 1722 0101 0C000000 		.4byte	.LVL12
 1723 0105 0600     		.2byte	0x6
 1724 0107 72       		.byte	0x72
 1725 0108 00       		.sleb128 0
 1726 0109 71       		.byte	0x71
 1727 010a 00       		.sleb128 0
 1728 010b 22       		.byte	0x22
 1729 010c 9F       		.byte	0x9f
 1730 010d 0C000000 		.4byte	.LVL12
 1731 0111 22000000 		.4byte	.LFE1
 1732 0115 0700     		.2byte	0x7
 1733 0117 F3       		.byte	0xf3
 1734 0118 01       		.uleb128 0x1
 1735 0119 52       		.byte	0x52
 1736 011a 71       		.byte	0x71
 1737 011b 00       		.sleb128 0
 1738 011c 22       		.byte	0x22
 1739 011d 9F       		.byte	0x9f
 1740 011e 00000000 		.4byte	0
 1741 0122 00000000 		.4byte	0
 1742              	.LLST7:
 1743 0126 00000000 		.4byte	.LVL8
 1744 012a 12000000 		.4byte	.LVL14
 1745 012e 0100     		.2byte	0x1
ARM GAS  C:\Users\brian\AppData\Local\Temp\ccbhEcoA.s 			page 35


 1746 0130 53       		.byte	0x53
 1747 0131 12000000 		.4byte	.LVL14
 1748 0135 22000000 		.4byte	.LFE1
 1749 0139 0400     		.2byte	0x4
 1750 013b F3       		.byte	0xf3
 1751 013c 01       		.uleb128 0x1
 1752 013d 53       		.byte	0x53
 1753 013e 9F       		.byte	0x9f
 1754 013f 00000000 		.4byte	0
 1755 0143 00000000 		.4byte	0
 1756              	.LLST8:
 1757 0147 00000000 		.4byte	.LVL15
 1758 014b 0A000000 		.4byte	.LVL16
 1759 014f 0100     		.2byte	0x1
 1760 0151 50       		.byte	0x50
 1761 0152 0A000000 		.4byte	.LVL16
 1762 0156 30000000 		.4byte	.LFE2
 1763 015a 0400     		.2byte	0x4
 1764 015c F3       		.byte	0xf3
 1765 015d 01       		.uleb128 0x1
 1766 015e 50       		.byte	0x50
 1767 015f 9F       		.byte	0x9f
 1768 0160 00000000 		.4byte	0
 1769 0164 00000000 		.4byte	0
 1770              	.LLST9:
 1771 0168 00000000 		.4byte	.LVL15
 1772 016c 0B000000 		.4byte	.LVL17-1
 1773 0170 0100     		.2byte	0x1
 1774 0172 51       		.byte	0x51
 1775 0173 0B000000 		.4byte	.LVL17-1
 1776 0177 30000000 		.4byte	.LFE2
 1777 017b 0400     		.2byte	0x4
 1778 017d F3       		.byte	0xf3
 1779 017e 01       		.uleb128 0x1
 1780 017f 51       		.byte	0x51
 1781 0180 9F       		.byte	0x9f
 1782 0181 00000000 		.4byte	0
 1783 0185 00000000 		.4byte	0
 1784              	.LLST10:
 1785 0189 00000000 		.4byte	.LVL15
 1786 018d 0B000000 		.4byte	.LVL17-1
 1787 0191 0100     		.2byte	0x1
 1788 0193 52       		.byte	0x52
 1789 0194 0B000000 		.4byte	.LVL17-1
 1790 0198 28000000 		.4byte	.LVL24
 1791 019c 0100     		.2byte	0x1
 1792 019e 54       		.byte	0x54
 1793 019f 28000000 		.4byte	.LVL24
 1794 01a3 30000000 		.4byte	.LFE2
 1795 01a7 0400     		.2byte	0x4
 1796 01a9 F3       		.byte	0xf3
 1797 01aa 01       		.uleb128 0x1
 1798 01ab 52       		.byte	0x52
 1799 01ac 9F       		.byte	0x9f
 1800 01ad 00000000 		.4byte	0
 1801 01b1 00000000 		.4byte	0
 1802              	.LLST11:
ARM GAS  C:\Users\brian\AppData\Local\Temp\ccbhEcoA.s 			page 36


 1803 01b5 00000000 		.4byte	.LVL25
 1804 01b9 16000000 		.4byte	.LVL29
 1805 01bd 0100     		.2byte	0x1
 1806 01bf 50       		.byte	0x50
 1807 01c0 16000000 		.4byte	.LVL29
 1808 01c4 48000000 		.4byte	.LVL40
 1809 01c8 0100     		.2byte	0x1
 1810 01ca 5A       		.byte	0x5a
 1811 01cb 48000000 		.4byte	.LVL40
 1812 01cf 54000000 		.4byte	.LFE3
 1813 01d3 0400     		.2byte	0x4
 1814 01d5 F3       		.byte	0xf3
 1815 01d6 01       		.uleb128 0x1
 1816 01d7 50       		.byte	0x50
 1817 01d8 9F       		.byte	0x9f
 1818 01d9 00000000 		.4byte	0
 1819 01dd 00000000 		.4byte	0
 1820              	.LLST12:
 1821 01e1 00000000 		.4byte	.LVL25
 1822 01e5 16000000 		.4byte	.LVL29
 1823 01e9 0100     		.2byte	0x1
 1824 01eb 51       		.byte	0x51
 1825 01ec 16000000 		.4byte	.LVL29
 1826 01f0 54000000 		.4byte	.LFE3
 1827 01f4 0400     		.2byte	0x4
 1828 01f6 F3       		.byte	0xf3
 1829 01f7 01       		.uleb128 0x1
 1830 01f8 51       		.byte	0x51
 1831 01f9 9F       		.byte	0x9f
 1832 01fa 00000000 		.4byte	0
 1833 01fe 00000000 		.4byte	0
 1834              	.LLST13:
 1835 0202 00000000 		.4byte	.LVL25
 1836 0206 16000000 		.4byte	.LVL29
 1837 020a 0100     		.2byte	0x1
 1838 020c 52       		.byte	0x52
 1839 020d 16000000 		.4byte	.LVL29
 1840 0211 54000000 		.4byte	.LFE3
 1841 0215 0400     		.2byte	0x4
 1842 0217 F3       		.byte	0xf3
 1843 0218 01       		.uleb128 0x1
 1844 0219 52       		.byte	0x52
 1845 021a 9F       		.byte	0x9f
 1846 021b 00000000 		.4byte	0
 1847 021f 00000000 		.4byte	0
 1848              	.LLST14:
 1849 0223 00000000 		.4byte	.LVL25
 1850 0227 16000000 		.4byte	.LVL29
 1851 022b 0100     		.2byte	0x1
 1852 022d 53       		.byte	0x53
 1853 022e 16000000 		.4byte	.LVL29
 1854 0232 48000000 		.4byte	.LVL40
 1855 0236 0100     		.2byte	0x1
 1856 0238 59       		.byte	0x59
 1857 0239 48000000 		.4byte	.LVL40
 1858 023d 54000000 		.4byte	.LFE3
 1859 0241 0400     		.2byte	0x4
ARM GAS  C:\Users\brian\AppData\Local\Temp\ccbhEcoA.s 			page 37


 1860 0243 F3       		.byte	0xf3
 1861 0244 01       		.uleb128 0x1
 1862 0245 53       		.byte	0x53
 1863 0246 9F       		.byte	0x9f
 1864 0247 00000000 		.4byte	0
 1865 024b 00000000 		.4byte	0
 1866              	.LLST15:
 1867 024f 00000000 		.4byte	.LVL25
 1868 0253 48000000 		.4byte	.LVL40
 1869 0257 0200     		.2byte	0x2
 1870 0259 91       		.byte	0x91
 1871 025a 00       		.sleb128 0
 1872 025b 48000000 		.4byte	.LVL40
 1873 025f 54000000 		.4byte	.LFE3
 1874 0263 0200     		.2byte	0x2
 1875 0265 7D       		.byte	0x7d
 1876 0266 00       		.sleb128 0
 1877 0267 00000000 		.4byte	0
 1878 026b 00000000 		.4byte	0
 1879              	.LLST16:
 1880 026f 16000000 		.4byte	.LVL29
 1881 0273 2E000000 		.4byte	.LVL33
 1882 0277 0100     		.2byte	0x1
 1883 0279 54       		.byte	0x54
 1884 027a 30000000 		.4byte	.LVL34
 1885 027e 32000000 		.4byte	.LVL35
 1886 0282 0100     		.2byte	0x1
 1887 0284 54       		.byte	0x54
 1888 0285 34000000 		.4byte	.LVL36
 1889 0289 40000000 		.4byte	.LVL39
 1890 028d 0100     		.2byte	0x1
 1891 028f 54       		.byte	0x54
 1892 0290 00000000 		.4byte	0
 1893 0294 00000000 		.4byte	0
 1894              	.LLST17:
 1895 0298 12000000 		.4byte	.LVL28
 1896 029c 16000000 		.4byte	.LVL29
 1897 02a0 0200     		.2byte	0x2
 1898 02a2 30       		.byte	0x30
 1899 02a3 9F       		.byte	0x9f
 1900 02a4 16000000 		.4byte	.LVL29
 1901 02a8 3E000000 		.4byte	.LVL38
 1902 02ac 0100     		.2byte	0x1
 1903 02ae 55       		.byte	0x55
 1904 02af 40000000 		.4byte	.LVL39
 1905 02b3 48000000 		.4byte	.LVL40
 1906 02b7 0100     		.2byte	0x1
 1907 02b9 55       		.byte	0x55
 1908 02ba 00000000 		.4byte	0
 1909 02be 00000000 		.4byte	0
 1910              	.LLST18:
 1911 02c2 0C000000 		.4byte	.LVL26
 1912 02c6 0E000000 		.4byte	.LVL27
 1913 02ca 0100     		.2byte	0x1
 1914 02cc 51       		.byte	0x51
 1915 02cd 0E000000 		.4byte	.LVL27
 1916 02d1 48000000 		.4byte	.LVL40
ARM GAS  C:\Users\brian\AppData\Local\Temp\ccbhEcoA.s 			page 38


 1917 02d5 0100     		.2byte	0x1
 1918 02d7 56       		.byte	0x56
 1919 02d8 00000000 		.4byte	0
 1920 02dc 00000000 		.4byte	0
 1921              	.LLST19:
 1922 02e0 0E000000 		.4byte	.LVL27
 1923 02e4 12000000 		.4byte	.LVL28
 1924 02e8 0100     		.2byte	0x1
 1925 02ea 52       		.byte	0x52
 1926 02eb 12000000 		.4byte	.LVL28
 1927 02ef 48000000 		.4byte	.LVL40
 1928 02f3 0100     		.2byte	0x1
 1929 02f5 5B       		.byte	0x5b
 1930 02f6 00000000 		.4byte	0
 1931 02fa 00000000 		.4byte	0
 1932              	.LLST20:
 1933 02fe 00000000 		.4byte	.LVL41
 1934 0302 0A000000 		.4byte	.LVL42
 1935 0306 0100     		.2byte	0x1
 1936 0308 50       		.byte	0x50
 1937 0309 0A000000 		.4byte	.LVL42
 1938 030d 40000000 		.4byte	.LFE4
 1939 0311 0400     		.2byte	0x4
 1940 0313 F3       		.byte	0xf3
 1941 0314 01       		.uleb128 0x1
 1942 0315 50       		.byte	0x50
 1943 0316 9F       		.byte	0x9f
 1944 0317 00000000 		.4byte	0
 1945 031b 00000000 		.4byte	0
 1946              	.LLST21:
 1947 031f 00000000 		.4byte	.LVL41
 1948 0323 0B000000 		.4byte	.LVL43-1
 1949 0327 0100     		.2byte	0x1
 1950 0329 51       		.byte	0x51
 1951 032a 0B000000 		.4byte	.LVL43-1
 1952 032e 40000000 		.4byte	.LFE4
 1953 0332 0400     		.2byte	0x4
 1954 0334 F3       		.byte	0xf3
 1955 0335 01       		.uleb128 0x1
 1956 0336 51       		.byte	0x51
 1957 0337 9F       		.byte	0x9f
 1958 0338 00000000 		.4byte	0
 1959 033c 00000000 		.4byte	0
 1960              	.LLST22:
 1961 0340 00000000 		.4byte	.LVL41
 1962 0344 0B000000 		.4byte	.LVL43-1
 1963 0348 0100     		.2byte	0x1
 1964 034a 52       		.byte	0x52
 1965 034b 0B000000 		.4byte	.LVL43-1
 1966 034f 30000000 		.4byte	.LVL52
 1967 0353 0100     		.2byte	0x1
 1968 0355 54       		.byte	0x54
 1969 0356 30000000 		.4byte	.LVL52
 1970 035a 40000000 		.4byte	.LFE4
 1971 035e 0400     		.2byte	0x4
 1972 0360 F3       		.byte	0xf3
 1973 0361 01       		.uleb128 0x1
ARM GAS  C:\Users\brian\AppData\Local\Temp\ccbhEcoA.s 			page 39


 1974 0362 52       		.byte	0x52
 1975 0363 9F       		.byte	0x9f
 1976 0364 00000000 		.4byte	0
 1977 0368 00000000 		.4byte	0
 1978              	.LLST23:
 1979 036c 00000000 		.4byte	.LVL53
 1980 0370 20000000 		.4byte	.LVL59
 1981 0374 0100     		.2byte	0x1
 1982 0376 50       		.byte	0x50
 1983 0377 20000000 		.4byte	.LVL59
 1984 037b AA000000 		.4byte	.LVL80
 1985 037f 0200     		.2byte	0x2
 1986 0381 7D       		.byte	0x7d
 1987 0382 00       		.sleb128 0
 1988 0383 AA000000 		.4byte	.LVL80
 1989 0387 AE000000 		.4byte	.LVL81
 1990 038b 0200     		.2byte	0x2
 1991 038d 91       		.byte	0x91
 1992 038e 48       		.sleb128 -56
 1993 038f AE000000 		.4byte	.LVL81
 1994 0393 C0000000 		.4byte	.LFE5
 1995 0397 0200     		.2byte	0x2
 1996 0399 7D       		.byte	0x7d
 1997 039a 48       		.sleb128 -56
 1998 039b 00000000 		.4byte	0
 1999 039f 00000000 		.4byte	0
 2000              	.LLST24:
 2001 03a3 00000000 		.4byte	.LVL53
 2002 03a7 20000000 		.4byte	.LVL59
 2003 03ab 0100     		.2byte	0x1
 2004 03ad 51       		.byte	0x51
 2005 03ae 20000000 		.4byte	.LVL59
 2006 03b2 C0000000 		.4byte	.LFE5
 2007 03b6 0400     		.2byte	0x4
 2008 03b8 F3       		.byte	0xf3
 2009 03b9 01       		.uleb128 0x1
 2010 03ba 51       		.byte	0x51
 2011 03bb 9F       		.byte	0x9f
 2012 03bc 00000000 		.4byte	0
 2013 03c0 00000000 		.4byte	0
 2014              	.LLST25:
 2015 03c4 00000000 		.4byte	.LVL53
 2016 03c8 1A000000 		.4byte	.LVL57
 2017 03cc 0100     		.2byte	0x1
 2018 03ce 52       		.byte	0x52
 2019 03cf 1A000000 		.4byte	.LVL57
 2020 03d3 C0000000 		.4byte	.LFE5
 2021 03d7 0400     		.2byte	0x4
 2022 03d9 F3       		.byte	0xf3
 2023 03da 01       		.uleb128 0x1
 2024 03db 52       		.byte	0x52
 2025 03dc 9F       		.byte	0x9f
 2026 03dd 00000000 		.4byte	0
 2027 03e1 00000000 		.4byte	0
 2028              	.LLST26:
 2029 03e5 00000000 		.4byte	.LVL53
 2030 03e9 10000000 		.4byte	.LVL54
ARM GAS  C:\Users\brian\AppData\Local\Temp\ccbhEcoA.s 			page 40


 2031 03ed 0100     		.2byte	0x1
 2032 03ef 53       		.byte	0x53
 2033 03f0 10000000 		.4byte	.LVL54
 2034 03f4 AE000000 		.4byte	.LVL81
 2035 03f8 0100     		.2byte	0x1
 2036 03fa 57       		.byte	0x57
 2037 03fb AE000000 		.4byte	.LVL81
 2038 03ff C0000000 		.4byte	.LFE5
 2039 0403 0400     		.2byte	0x4
 2040 0405 F3       		.byte	0xf3
 2041 0406 01       		.uleb128 0x1
 2042 0407 53       		.byte	0x53
 2043 0408 9F       		.byte	0x9f
 2044 0409 00000000 		.4byte	0
 2045 040d 00000000 		.4byte	0
 2046              	.LLST27:
 2047 0411 00000000 		.4byte	.LVL53
 2048 0415 AE000000 		.4byte	.LVL81
 2049 0419 0200     		.2byte	0x2
 2050 041b 91       		.byte	0x91
 2051 041c 00       		.sleb128 0
 2052 041d AE000000 		.4byte	.LVL81
 2053 0421 C0000000 		.4byte	.LFE5
 2054 0425 0200     		.2byte	0x2
 2055 0427 7D       		.byte	0x7d
 2056 0428 00       		.sleb128 0
 2057 0429 00000000 		.4byte	0
 2058 042d 00000000 		.4byte	0
 2059              	.LLST28:
 2060 0431 20000000 		.4byte	.LVL59
 2061 0435 22000000 		.4byte	.LVL60
 2062 0439 0200     		.2byte	0x2
 2063 043b 30       		.byte	0x30
 2064 043c 9F       		.byte	0x9f
 2065 043d 22000000 		.4byte	.LVL60
 2066 0441 80000000 		.4byte	.LVL72
 2067 0445 0100     		.2byte	0x1
 2068 0447 56       		.byte	0x56
 2069 0448 82000000 		.4byte	.LVL73
 2070 044c AE000000 		.4byte	.LVL81
 2071 0450 0100     		.2byte	0x1
 2072 0452 56       		.byte	0x56
 2073 0453 00000000 		.4byte	0
 2074 0457 00000000 		.4byte	0
 2075              	.LLST29:
 2076 045b 1C000000 		.4byte	.LVL58
 2077 045f 20000000 		.4byte	.LVL59
 2078 0463 0200     		.2byte	0x2
 2079 0465 30       		.byte	0x30
 2080 0466 9F       		.byte	0x9f
 2081 0467 20000000 		.4byte	.LVL59
 2082 046b 90000000 		.4byte	.LVL75
 2083 046f 0100     		.2byte	0x1
 2084 0471 59       		.byte	0x59
 2085 0472 94000000 		.4byte	.LVL76
 2086 0476 AE000000 		.4byte	.LVL81
 2087 047a 0100     		.2byte	0x1
ARM GAS  C:\Users\brian\AppData\Local\Temp\ccbhEcoA.s 			page 41


 2088 047c 59       		.byte	0x59
 2089 047d 00000000 		.4byte	0
 2090 0481 00000000 		.4byte	0
 2091              	.LLST30:
 2092 0485 14000000 		.4byte	.LVL55
 2093 0489 18000000 		.4byte	.LVL56
 2094 048d 0100     		.2byte	0x1
 2095 048f 51       		.byte	0x51
 2096 0490 18000000 		.4byte	.LVL56
 2097 0494 AE000000 		.4byte	.LVL81
 2098 0498 0100     		.2byte	0x1
 2099 049a 5B       		.byte	0x5b
 2100 049b 00000000 		.4byte	0
 2101 049f 00000000 		.4byte	0
 2102              	.LLST31:
 2103 04a3 18000000 		.4byte	.LVL56
 2104 04a7 1A000000 		.4byte	.LVL57
 2105 04ab 0100     		.2byte	0x1
 2106 04ad 52       		.byte	0x52
 2107 04ae 1C000000 		.4byte	.LVL58
 2108 04b2 AE000000 		.4byte	.LVL81
 2109 04b6 0200     		.2byte	0x2
 2110 04b8 91       		.byte	0x91
 2111 04b9 4C       		.sleb128 -52
 2112 04ba AE000000 		.4byte	.LVL81
 2113 04be C0000000 		.4byte	.LFE5
 2114 04c2 0200     		.2byte	0x2
 2115 04c4 7D       		.byte	0x7d
 2116 04c5 4C       		.sleb128 -52
 2117 04c6 00000000 		.4byte	0
 2118 04ca 00000000 		.4byte	0
 2119              	.LLST32:
 2120 04ce 22000000 		.4byte	.LVL60
 2121 04d2 28000000 		.4byte	.LVL61
 2122 04d6 0200     		.2byte	0x2
 2123 04d8 30       		.byte	0x30
 2124 04d9 9F       		.byte	0x9f
 2125 04da 28000000 		.4byte	.LVL61
 2126 04de 2A000000 		.4byte	.LVL62
 2127 04e2 0100     		.2byte	0x1
 2128 04e4 55       		.byte	0x55
 2129 04e5 2C000000 		.4byte	.LVL63
 2130 04e9 68000000 		.4byte	.LVL70
 2131 04ed 0100     		.2byte	0x1
 2132 04ef 55       		.byte	0x55
 2133 04f0 00000000 		.4byte	0
 2134 04f4 00000000 		.4byte	0
 2135              	.LLST33:
 2136 04f8 22000000 		.4byte	.LVL60
 2137 04fc 28000000 		.4byte	.LVL61
 2138 0500 0200     		.2byte	0x2
 2139 0502 30       		.byte	0x30
 2140 0503 9F       		.byte	0x9f
 2141 0504 28000000 		.4byte	.LVL61
 2142 0508 42000000 		.4byte	.LVL66
 2143 050c 0100     		.2byte	0x1
 2144 050e 54       		.byte	0x54
ARM GAS  C:\Users\brian\AppData\Local\Temp\ccbhEcoA.s 			page 42


 2145 050f 44000000 		.4byte	.LVL67
 2146 0513 AE000000 		.4byte	.LVL81
 2147 0517 0100     		.2byte	0x1
 2148 0519 54       		.byte	0x54
 2149 051a 00000000 		.4byte	0
 2150 051e 00000000 		.4byte	0
 2151              		.section	.debug_aranges,"",%progbits
 2152 0000 44000000 		.4byte	0x44
 2153 0004 0200     		.2byte	0x2
 2154 0006 00000000 		.4byte	.Ldebug_info0
 2155 000a 04       		.byte	0x4
 2156 000b 00       		.byte	0
 2157 000c 0000     		.2byte	0
 2158 000e 0000     		.2byte	0
 2159 0010 00000000 		.4byte	.LFB0
 2160 0014 26000000 		.4byte	.LFE0-.LFB0
 2161 0018 00000000 		.4byte	.LFB1
 2162 001c 22000000 		.4byte	.LFE1-.LFB1
 2163 0020 00000000 		.4byte	.LFB2
 2164 0024 30000000 		.4byte	.LFE2-.LFB2
 2165 0028 00000000 		.4byte	.LFB3
 2166 002c 54000000 		.4byte	.LFE3-.LFB3
 2167 0030 00000000 		.4byte	.LFB4
 2168 0034 40000000 		.4byte	.LFE4-.LFB4
 2169 0038 00000000 		.4byte	.LFB5
 2170 003c C0000000 		.4byte	.LFE5-.LFB5
 2171 0040 00000000 		.4byte	0
 2172 0044 00000000 		.4byte	0
 2173              		.section	.debug_ranges,"",%progbits
 2174              	.Ldebug_ranges0:
 2175 0000 00000000 		.4byte	.LFB0
 2176 0004 26000000 		.4byte	.LFE0
 2177 0008 00000000 		.4byte	.LFB1
 2178 000c 22000000 		.4byte	.LFE1
 2179 0010 00000000 		.4byte	.LFB2
 2180 0014 30000000 		.4byte	.LFE2
 2181 0018 00000000 		.4byte	.LFB3
 2182 001c 54000000 		.4byte	.LFE3
 2183 0020 00000000 		.4byte	.LFB4
 2184 0024 40000000 		.4byte	.LFE4
 2185 0028 00000000 		.4byte	.LFB5
 2186 002c C0000000 		.4byte	.LFE5
 2187 0030 00000000 		.4byte	0
 2188 0034 00000000 		.4byte	0
 2189              		.section	.debug_line,"",%progbits
 2190              	.Ldebug_line0:
 2191 0000 0B020000 		.section	.debug_str,"MS",%progbits,1
 2191      02003901 
 2191      00000201 
 2191      FB0E0D00 
 2191      01010101 
 2192              	.LASF2:
 2193 0000 73686F72 		.ascii	"short int\000"
 2193      7420696E 
 2193      7400
 2194              	.LASF15:
 2195 000a 74696C65 		.ascii	"tile_width\000"
ARM GAS  C:\Users\brian\AppData\Local\Temp\ccbhEcoA.s 			page 43


 2195      5F776964 
 2195      746800
 2196              	.LASF26:
 2197 0015 73697A65 		.ascii	"sizetype\000"
 2197      74797065 
 2197      00
 2198              	.LASF4:
 2199 001e 5F5F7569 		.ascii	"__uint16_t\000"
 2199      6E743136 
 2199      5F7400
 2200              	.LASF28:
 2201 0029 2E2E5C75 		.ascii	"..\\u8g2\\csrc\\u8x8_capture.c\000"
 2201      3867325C 
 2201      63737263 
 2201      5C753878 
 2201      385F6361 
 2202              	.LASF16:
 2203 0045 75387838 		.ascii	"u8x8_capture_get_pixel_1\000"
 2203      5F636170 
 2203      74757265 
 2203      5F676574 
 2203      5F706978 
 2204              	.LASF17:
 2205 005e 75387838 		.ascii	"u8x8_capture_get_pixel_2\000"
 2205      5F636170 
 2205      74757265 
 2205      5F676574 
 2205      5F706978 
 2206              	.LASF29:
 2207 0077 433A5C55 		.ascii	"C:\\Users\\brian\\Documents\\PSoC Creator\\Lab7\\La"
 2207      73657273 
 2207      5C627269 
 2207      616E5C44 
 2207      6F63756D 
 2208 00a4 62372E63 		.ascii	"b7.cydsn\000"
 2208      7964736E 
 2208      00
 2209              	.LASF11:
 2210 00ad 75696E74 		.ascii	"uint8_t\000"
 2210      385F7400 
 2211              	.LASF23:
 2212 00b5 6765745F 		.ascii	"get_pixel\000"
 2212      70697865 
 2212      6C00
 2213              	.LASF14:
 2214 00bf 64657374 		.ascii	"dest_ptr\000"
 2214      5F707472 
 2214      00
 2215              	.LASF8:
 2216 00c8 6C6F6E67 		.ascii	"long long int\000"
 2216      206C6F6E 
 2216      6720696E 
 2216      7400
 2217              	.LASF6:
 2218 00d6 6C6F6E67 		.ascii	"long int\000"
 2218      20696E74 
 2218      00
ARM GAS  C:\Users\brian\AppData\Local\Temp\ccbhEcoA.s 			page 44


 2219              	.LASF3:
 2220 00df 5F5F7569 		.ascii	"__uint8_t\000"
 2220      6E74385F 
 2220      7400
 2221              	.LASF13:
 2222 00e9 6C6F6E67 		.ascii	"long double\000"
 2222      20646F75 
 2222      626C6500 
 2223              	.LASF18:
 2224 00f5 74696C65 		.ascii	"tile_height\000"
 2224      5F686569 
 2224      67687400 
 2225              	.LASF1:
 2226 0101 756E7369 		.ascii	"unsigned char\000"
 2226      676E6564 
 2226      20636861 
 2226      7200
 2227              	.LASF30:
 2228 010f 75387838 		.ascii	"u8x8_utoa\000"
 2228      5F75746F 
 2228      6100
 2229              	.LASF0:
 2230 0119 7369676E 		.ascii	"signed char\000"
 2230      65642063 
 2230      68617200 
 2231              	.LASF9:
 2232 0125 6C6F6E67 		.ascii	"long long unsigned int\000"
 2232      206C6F6E 
 2232      6720756E 
 2232      7369676E 
 2232      65642069 
 2233              	.LASF10:
 2234 013c 756E7369 		.ascii	"unsigned int\000"
 2234      676E6564 
 2234      20696E74 
 2234      00
 2235              	.LASF12:
 2236 0149 75696E74 		.ascii	"uint16_t\000"
 2236      31365F74 
 2236      00
 2237              	.LASF5:
 2238 0152 73686F72 		.ascii	"short unsigned int\000"
 2238      7420756E 
 2238      7369676E 
 2238      65642069 
 2238      6E7400
 2239              	.LASF19:
 2240 0165 63686172 		.ascii	"char\000"
 2240      00
 2241              	.LASF20:
 2242 016a 75387838 		.ascii	"u8x8_capture_write_pbm_pre\000"
 2242      5F636170 
 2242      74757265 
 2242      5F777269 
 2242      74655F70 
 2243              	.LASF25:
 2244 0185 75387838 		.ascii	"u8x8_capture_write_xbm_buffer\000"
ARM GAS  C:\Users\brian\AppData\Local\Temp\ccbhEcoA.s 			page 45


 2244      5F636170 
 2244      74757265 
 2244      5F777269 
 2244      74655F78 
 2245              	.LASF22:
 2246 01a3 62756666 		.ascii	"buffer\000"
 2246      657200
 2247              	.LASF7:
 2248 01aa 6C6F6E67 		.ascii	"long unsigned int\000"
 2248      20756E73 
 2248      69676E65 
 2248      6420696E 
 2248      7400
 2249              	.LASF24:
 2250 01bc 75387838 		.ascii	"u8x8_capture_write_xbm_pre\000"
 2250      5F636170 
 2250      74757265 
 2250      5F777269 
 2250      74655F78 
 2251              	.LASF27:
 2252 01d7 474E5520 		.ascii	"GNU C11 5.4.1 20160609 (release) [ARM/embedded-5-br"
 2252      43313120 
 2252      352E342E 
 2252      31203230 
 2252      31363036 
 2253 020a 616E6368 		.ascii	"anch revision 237715] -mcpu=cortex-m3 -mthumb -g -O"
 2253      20726576 
 2253      6973696F 
 2253      6E203233 
 2253      37373135 
 2254 023d 67202D66 		.ascii	"g -ffunction-sections -ffat-lto-objects\000"
 2254      66756E63 
 2254      74696F6E 
 2254      2D736563 
 2254      74696F6E 
 2255              	.LASF21:
 2256 0265 75387838 		.ascii	"u8x8_capture_write_pbm_buffer\000"
 2256      5F636170 
 2256      74757265 
 2256      5F777269 
 2256      74655F70 
 2257              		.ident	"GCC: (GNU Tools for ARM Embedded Processors) 5.4.1 20160609 (release) [ARM/embedded-5-bran
