ARM GAS  C:\Users\brian\AppData\Local\Temp\ccGap93a.s 			page 1


   1              		.syntax unified
   2              		.cpu cortex-m3
   3              		.fpu softvfp
   4              		.eabi_attribute 20, 1
   5              		.eabi_attribute 21, 1
   6              		.eabi_attribute 23, 3
   7              		.eabi_attribute 24, 1
   8              		.eabi_attribute 25, 1
   9              		.eabi_attribute 26, 1
  10              		.eabi_attribute 30, 1
  11              		.eabi_attribute 34, 1
  12              		.eabi_attribute 18, 4
  13              		.thumb
  14              		.syntax unified
  15              		.file	"u8x8_u16toa.c"
  16              		.text
  17              	.Ltext0:
  18              		.cfi_sections	.debug_frame
  19              		.section	.text.u8x8_u16toap,"ax",%progbits
  20              		.align	2
  21              		.global	u8x8_u16toap
  22              		.thumb
  23              		.thumb_func
  24              		.type	u8x8_u16toap, %function
  25              	u8x8_u16toap:
  26              	.LFB0:
  27              		.file 1 "..\\u8g2\\csrc\\u8x8_u16toa.c"
   1:..\u8g2\csrc/u8x8_u16toa.c **** /*
   2:..\u8g2\csrc/u8x8_u16toa.c **** 
   3:..\u8g2\csrc/u8x8_u16toa.c ****   u8x8_u16toa.c
   4:..\u8g2\csrc/u8x8_u16toa.c **** 
   5:..\u8g2\csrc/u8x8_u16toa.c ****   Universal 8bit Graphics Library (https://github.com/olikraus/u8g2/)
   6:..\u8g2\csrc/u8x8_u16toa.c **** 
   7:..\u8g2\csrc/u8x8_u16toa.c ****   Copyright (c) 2016, olikraus@gmail.com
   8:..\u8g2\csrc/u8x8_u16toa.c ****   All rights reserved.
   9:..\u8g2\csrc/u8x8_u16toa.c **** 
  10:..\u8g2\csrc/u8x8_u16toa.c ****   Redistribution and use in source and binary forms, with or without modification, 
  11:..\u8g2\csrc/u8x8_u16toa.c ****   are permitted provided that the following conditions are met:
  12:..\u8g2\csrc/u8x8_u16toa.c **** 
  13:..\u8g2\csrc/u8x8_u16toa.c ****   * Redistributions of source code must retain the above copyright notice, this list 
  14:..\u8g2\csrc/u8x8_u16toa.c ****     of conditions and the following disclaimer.
  15:..\u8g2\csrc/u8x8_u16toa.c ****     
  16:..\u8g2\csrc/u8x8_u16toa.c ****   * Redistributions in binary form must reproduce the above copyright notice, this 
  17:..\u8g2\csrc/u8x8_u16toa.c ****     list of conditions and the following disclaimer in the documentation and/or other 
  18:..\u8g2\csrc/u8x8_u16toa.c ****     materials provided with the distribution.
  19:..\u8g2\csrc/u8x8_u16toa.c **** 
  20:..\u8g2\csrc/u8x8_u16toa.c ****   THIS SOFTWARE IS PROVIDED BY THE COPYRIGHT HOLDERS AND 
  21:..\u8g2\csrc/u8x8_u16toa.c ****   CONTRIBUTORS "AS IS" AND ANY EXPRESS OR IMPLIED WARRANTIES, 
  22:..\u8g2\csrc/u8x8_u16toa.c ****   INCLUDING, BUT NOT LIMITED TO, THE IMPLIED WARRANTIES OF 
  23:..\u8g2\csrc/u8x8_u16toa.c ****   MERCHANTABILITY AND FITNESS FOR A PARTICULAR PURPOSE ARE 
  24:..\u8g2\csrc/u8x8_u16toa.c ****   DISCLAIMED. IN NO EVENT SHALL THE COPYRIGHT HOLDER OR 
  25:..\u8g2\csrc/u8x8_u16toa.c ****   CONTRIBUTORS BE LIABLE FOR ANY DIRECT, INDIRECT, INCIDENTAL, 
  26:..\u8g2\csrc/u8x8_u16toa.c ****   SPECIAL, EXEMPLARY, OR CONSEQUENTIAL DAMAGES (INCLUDING, BUT 
  27:..\u8g2\csrc/u8x8_u16toa.c ****   NOT LIMITED TO, PROCUREMENT OF SUBSTITUTE GOODS OR SERVICES; 
  28:..\u8g2\csrc/u8x8_u16toa.c ****   LOSS OF USE, DATA, OR PROFITS; OR BUSINESS INTERRUPTION) HOWEVER 
  29:..\u8g2\csrc/u8x8_u16toa.c ****   CAUSED AND ON ANY THEORY OF LIABILITY, WHETHER IN CONTRACT, 
  30:..\u8g2\csrc/u8x8_u16toa.c ****   STRICT LIABILITY, OR TORT (INCLUDING NEGLIGENCE OR OTHERWISE) 
ARM GAS  C:\Users\brian\AppData\Local\Temp\ccGap93a.s 			page 2


  31:..\u8g2\csrc/u8x8_u16toa.c ****   ARISING IN ANY WAY OUT OF THE USE OF THIS SOFTWARE, EVEN IF 
  32:..\u8g2\csrc/u8x8_u16toa.c ****   ADVISED OF THE POSSIBILITY OF SUCH DAMAGE.  
  33:..\u8g2\csrc/u8x8_u16toa.c **** 
  34:..\u8g2\csrc/u8x8_u16toa.c ****   
  35:..\u8g2\csrc/u8x8_u16toa.c **** */
  36:..\u8g2\csrc/u8x8_u16toa.c **** 
  37:..\u8g2\csrc/u8x8_u16toa.c **** 
  38:..\u8g2\csrc/u8x8_u16toa.c **** #include "u8x8.h"
  39:..\u8g2\csrc/u8x8_u16toa.c **** 
  40:..\u8g2\csrc/u8x8_u16toa.c **** const char *u8x8_u16toap(char * dest, uint16_t v)
  41:..\u8g2\csrc/u8x8_u16toa.c **** {
  28              		.loc 1 41 0
  29              		.cfi_startproc
  30              		@ args = 0, pretend = 0, frame = 0
  31              		@ frame_needed = 0, uses_anonymous_args = 0
  32              		@ link register save eliminated.
  33              	.LVL0:
  34 0000 10B4     		push	{r4}
  35              		.cfi_def_cfa_offset 4
  36              		.cfi_offset 4, -4
  37              	.LVL1:
  42:..\u8g2\csrc/u8x8_u16toa.c ****   uint8_t pos;
  43:..\u8g2\csrc/u8x8_u16toa.c ****   uint8_t d;
  44:..\u8g2\csrc/u8x8_u16toa.c ****   uint16_t c;
  45:..\u8g2\csrc/u8x8_u16toa.c ****   c = 10000;
  38              		.loc 1 45 0
  39 0002 42F21072 		movw	r2, #10000
  46:..\u8g2\csrc/u8x8_u16toa.c ****   for( pos = 0; pos < 5; pos++ )
  40              		.loc 1 46 0
  41 0006 0024     		movs	r4, #0
  42 0008 0EE0     		b	.L2
  43              	.LVL2:
  44              	.L3:
  47:..\u8g2\csrc/u8x8_u16toa.c ****   {
  48:..\u8g2\csrc/u8x8_u16toa.c ****       d = '0';
  49:..\u8g2\csrc/u8x8_u16toa.c ****       while( v >= c )
  50:..\u8g2\csrc/u8x8_u16toa.c ****       {
  51:..\u8g2\csrc/u8x8_u16toa.c **** 	v -= c;
  45              		.loc 1 51 0
  46 000a 891A     		subs	r1, r1, r2
  47              	.LVL3:
  48 000c 89B2     		uxth	r1, r1
  49              	.LVL4:
  52:..\u8g2\csrc/u8x8_u16toa.c **** 	d++;
  50              		.loc 1 52 0
  51 000e 0133     		adds	r3, r3, #1
  52              	.LVL5:
  53 0010 DBB2     		uxtb	r3, r3
  54              	.LVL6:
  55 0012 00E0     		b	.L4
  56              	.LVL7:
  57              	.L5:
  58 0014 3023     		movs	r3, #48
  59              	.L4:
  60              	.LVL8:
  49:..\u8g2\csrc/u8x8_u16toa.c ****       {
  61              		.loc 1 49 0
ARM GAS  C:\Users\brian\AppData\Local\Temp\ccGap93a.s 			page 3


  62 0016 9142     		cmp	r1, r2
  63 0018 F7D2     		bcs	.L3
  53:..\u8g2\csrc/u8x8_u16toa.c ****       }
  54:..\u8g2\csrc/u8x8_u16toa.c ****       dest[pos] = d;
  64              		.loc 1 54 0 discriminator 2
  65 001a 0355     		strb	r3, [r0, r4]
  55:..\u8g2\csrc/u8x8_u16toa.c ****       c /= 10;
  66              		.loc 1 55 0 discriminator 2
  67 001c 054B     		ldr	r3, .L7
  68              	.LVL9:
  69 001e A3FB0232 		umull	r3, r2, r3, r2
  70              	.LVL10:
  71 0022 D208     		lsrs	r2, r2, #3
  72              	.LVL11:
  46:..\u8g2\csrc/u8x8_u16toa.c ****   {
  73              		.loc 1 46 0 discriminator 2
  74 0024 0134     		adds	r4, r4, #1
  75              	.LVL12:
  76 0026 E4B2     		uxtb	r4, r4
  77              	.LVL13:
  78              	.L2:
  46:..\u8g2\csrc/u8x8_u16toa.c ****   {
  79              		.loc 1 46 0 is_stmt 0 discriminator 1
  80 0028 042C     		cmp	r4, #4
  81 002a F3D9     		bls	.L5
  56:..\u8g2\csrc/u8x8_u16toa.c ****   }  
  57:..\u8g2\csrc/u8x8_u16toa.c ****   dest[5] = '\0';
  82              		.loc 1 57 0 is_stmt 1
  83 002c 0023     		movs	r3, #0
  84 002e 4371     		strb	r3, [r0, #5]
  58:..\u8g2\csrc/u8x8_u16toa.c ****   return dest;
  59:..\u8g2\csrc/u8x8_u16toa.c **** }
  85              		.loc 1 59 0
  86 0030 10BC     		pop	{r4}
  87              		.cfi_restore 4
  88              		.cfi_def_cfa_offset 0
  89              	.LVL14:
  90 0032 7047     		bx	lr
  91              	.L8:
  92              		.align	2
  93              	.L7:
  94 0034 CDCCCCCC 		.word	-858993459
  95              		.cfi_endproc
  96              	.LFE0:
  97              		.size	u8x8_u16toap, .-u8x8_u16toap
  98              		.section	.text.u8x8_u16toa,"ax",%progbits
  99              		.align	2
 100              		.global	u8x8_u16toa
 101              		.thumb
 102              		.thumb_func
 103              		.type	u8x8_u16toa, %function
 104              	u8x8_u16toa:
 105              	.LFB1:
  60:..\u8g2\csrc/u8x8_u16toa.c **** 
  61:..\u8g2\csrc/u8x8_u16toa.c **** /* v = value, d = number of digits */
  62:..\u8g2\csrc/u8x8_u16toa.c **** const char *u8x8_u16toa(uint16_t v, uint8_t d)
  63:..\u8g2\csrc/u8x8_u16toa.c **** {
ARM GAS  C:\Users\brian\AppData\Local\Temp\ccGap93a.s 			page 4


 106              		.loc 1 63 0
 107              		.cfi_startproc
 108              		@ args = 0, pretend = 0, frame = 0
 109              		@ frame_needed = 0, uses_anonymous_args = 0
 110              	.LVL15:
 111 0000 10B5     		push	{r4, lr}
 112              		.cfi_def_cfa_offset 8
 113              		.cfi_offset 4, -8
 114              		.cfi_offset 14, -4
  64:..\u8g2\csrc/u8x8_u16toa.c ****   static char buf[6];
  65:..\u8g2\csrc/u8x8_u16toa.c ****   d = 5-d;
 115              		.loc 1 65 0
 116 0002 C1F10501 		rsb	r1, r1, #5
 117              	.LVL16:
 118 0006 CCB2     		uxtb	r4, r1
 119              	.LVL17:
  66:..\u8g2\csrc/u8x8_u16toa.c ****   return u8x8_u16toap(buf, v) + d;
 120              		.loc 1 66 0
 121 0008 0146     		mov	r1, r0
 122 000a 0248     		ldr	r0, .L11
 123              	.LVL18:
 124 000c FFF7FEFF 		bl	u8x8_u16toap
 125              	.LVL19:
  67:..\u8g2\csrc/u8x8_u16toa.c **** }
 126              		.loc 1 67 0
 127 0010 2044     		add	r0, r0, r4
 128 0012 10BD     		pop	{r4, pc}
 129              	.LVL20:
 130              	.L12:
 131              		.align	2
 132              	.L11:
 133 0014 00000000 		.word	.LANCHOR0
 134              		.cfi_endproc
 135              	.LFE1:
 136              		.size	u8x8_u16toa, .-u8x8_u16toa
 137              		.section	.text.u8x8_utoa,"ax",%progbits
 138              		.align	2
 139              		.global	u8x8_utoa
 140              		.thumb
 141              		.thumb_func
 142              		.type	u8x8_utoa, %function
 143              	u8x8_utoa:
 144              	.LFB2:
  68:..\u8g2\csrc/u8x8_u16toa.c **** 
  69:..\u8g2\csrc/u8x8_u16toa.c **** const char *u8x8_utoa(uint16_t v)
  70:..\u8g2\csrc/u8x8_u16toa.c **** {
 145              		.loc 1 70 0
 146              		.cfi_startproc
 147              		@ args = 0, pretend = 0, frame = 0
 148              		@ frame_needed = 0, uses_anonymous_args = 0
 149              	.LVL21:
 150 0000 08B5     		push	{r3, lr}
 151              		.cfi_def_cfa_offset 8
 152              		.cfi_offset 3, -8
 153              		.cfi_offset 14, -4
  71:..\u8g2\csrc/u8x8_u16toa.c ****   const char *s = u8x8_u16toa(v, 5);
 154              		.loc 1 71 0
ARM GAS  C:\Users\brian\AppData\Local\Temp\ccGap93a.s 			page 5


 155 0002 0521     		movs	r1, #5
 156 0004 FFF7FEFF 		bl	u8x8_u16toa
 157              	.LVL22:
  72:..\u8g2\csrc/u8x8_u16toa.c ****   while( *s == '0' )
 158              		.loc 1 72 0
 159 0008 00E0     		b	.L14
 160              	.L15:
  73:..\u8g2\csrc/u8x8_u16toa.c ****     s++;
 161              		.loc 1 73 0
 162 000a 0130     		adds	r0, r0, #1
 163              	.LVL23:
 164              	.L14:
  72:..\u8g2\csrc/u8x8_u16toa.c ****   while( *s == '0' )
 165              		.loc 1 72 0
 166 000c 0378     		ldrb	r3, [r0]	@ zero_extendqisi2
 167 000e 302B     		cmp	r3, #48
 168 0010 FBD0     		beq	.L15
  74:..\u8g2\csrc/u8x8_u16toa.c ****   if ( *s == '\0' )
 169              		.loc 1 74 0
 170 0012 03B9     		cbnz	r3, .L16
  75:..\u8g2\csrc/u8x8_u16toa.c ****     s--;
 171              		.loc 1 75 0
 172 0014 0138     		subs	r0, r0, #1
 173              	.LVL24:
 174              	.L16:
  76:..\u8g2\csrc/u8x8_u16toa.c ****   return s;
  77:..\u8g2\csrc/u8x8_u16toa.c **** }...
 175              		.loc 1 77 0
 176 0016 08BD     		pop	{r3, pc}
 177              		.cfi_endproc
 178              	.LFE2:
 179              		.size	u8x8_utoa, .-u8x8_utoa
 180              		.bss
 181              		.align	2
 182              		.set	.LANCHOR0,. + 0
 183              		.type	buf.5696, %object
 184              		.size	buf.5696, 6
 185              	buf.5696:
 186 0000 00000000 		.space	6
 186      0000
 187              		.text
 188              	.Letext0:
 189              		.file 2 "c:\\program files (x86)\\cypress\\psoc creator\\4.4\\psoc creator\\import\\gnu\\arm\\5.4.
 190              		.file 3 "c:\\program files (x86)\\cypress\\psoc creator\\4.4\\psoc creator\\import\\gnu\\arm\\5.4.
 191              		.section	.debug_info,"",%progbits
 192              	.Ldebug_info0:
 193 0000 BC010000 		.4byte	0x1bc
 194 0004 0400     		.2byte	0x4
 195 0006 00000000 		.4byte	.Ldebug_abbrev0
 196 000a 04       		.byte	0x4
 197 000b 01       		.uleb128 0x1
 198 000c 4E000000 		.4byte	.LASF19
 199 0010 0C       		.byte	0xc
 200 0011 12010000 		.4byte	.LASF20
 201 0015 DC000000 		.4byte	.LASF21
 202 0019 00000000 		.4byte	.Ldebug_ranges0+0
 203 001d 00000000 		.4byte	0
ARM GAS  C:\Users\brian\AppData\Local\Temp\ccGap93a.s 			page 6


 204 0021 00000000 		.4byte	.Ldebug_line0
 205 0025 02       		.uleb128 0x2
 206 0026 01       		.byte	0x1
 207 0027 06       		.byte	0x6
 208 0028 2D010000 		.4byte	.LASF0
 209 002c 03       		.uleb128 0x3
 210 002d 58010000 		.4byte	.LASF3
 211 0031 02       		.byte	0x2
 212 0032 1D       		.byte	0x1d
 213 0033 37000000 		.4byte	0x37
 214 0037 02       		.uleb128 0x2
 215 0038 01       		.byte	0x1
 216 0039 08       		.byte	0x8
 217 003a 33000000 		.4byte	.LASF1
 218 003e 02       		.uleb128 0x2
 219 003f 02       		.byte	0x2
 220 0040 05       		.byte	0x5
 221 0041 AE010000 		.4byte	.LASF2
 222 0045 03       		.uleb128 0x3
 223 0046 39010000 		.4byte	.LASF4
 224 004a 02       		.byte	0x2
 225 004b 2B       		.byte	0x2b
 226 004c 50000000 		.4byte	0x50
 227 0050 02       		.uleb128 0x2
 228 0051 02       		.byte	0x2
 229 0052 07       		.byte	0x7
 230 0053 0E000000 		.4byte	.LASF5
 231 0057 02       		.uleb128 0x2
 232 0058 04       		.byte	0x4
 233 0059 05       		.byte	0x5
 234 005a 67010000 		.4byte	.LASF6
 235 005e 02       		.uleb128 0x2
 236 005f 04       		.byte	0x4
 237 0060 07       		.byte	0x7
 238 0061 87010000 		.4byte	.LASF7
 239 0065 02       		.uleb128 0x2
 240 0066 08       		.byte	0x8
 241 0067 05       		.byte	0x5
 242 0068 00000000 		.4byte	.LASF8
 243 006c 02       		.uleb128 0x2
 244 006d 08       		.byte	0x8
 245 006e 07       		.byte	0x7
 246 006f 70010000 		.4byte	.LASF9
 247 0073 04       		.uleb128 0x4
 248 0074 04       		.byte	0x4
 249 0075 05       		.byte	0x5
 250 0076 696E7400 		.ascii	"int\000"
 251 007a 02       		.uleb128 0x2
 252 007b 04       		.byte	0x4
 253 007c 07       		.byte	0x7
 254 007d 21000000 		.4byte	.LASF10
 255 0081 03       		.uleb128 0x3
 256 0082 44010000 		.4byte	.LASF11
 257 0086 03       		.byte	0x3
 258 0087 18       		.byte	0x18
 259 0088 2C000000 		.4byte	0x2c
 260 008c 03       		.uleb128 0x3
ARM GAS  C:\Users\brian\AppData\Local\Temp\ccGap93a.s 			page 7


 261 008d 99010000 		.4byte	.LASF12
 262 0091 03       		.byte	0x3
 263 0092 24       		.byte	0x24
 264 0093 45000000 		.4byte	0x45
 265 0097 02       		.uleb128 0x2
 266 0098 08       		.byte	0x8
 267 0099 04       		.byte	0x4
 268 009a A2010000 		.4byte	.LASF13
 269 009e 05       		.uleb128 0x5
 270 009f 41000000 		.4byte	.LASF16
 271 00a3 01       		.byte	0x1
 272 00a4 28       		.byte	0x28
 273 00a5 FB000000 		.4byte	0xfb
 274 00a9 00000000 		.4byte	.LFB0
 275 00ad 38000000 		.4byte	.LFE0-.LFB0
 276 00b1 01       		.uleb128 0x1
 277 00b2 9C       		.byte	0x9c
 278 00b3 FB000000 		.4byte	0xfb
 279 00b7 06       		.uleb128 0x6
 280 00b8 2E000000 		.4byte	.LASF14
 281 00bc 01       		.byte	0x1
 282 00bd 28       		.byte	0x28
 283 00be 0D010000 		.4byte	0x10d
 284 00c2 01       		.uleb128 0x1
 285 00c3 50       		.byte	0x50
 286 00c4 07       		.uleb128 0x7
 287 00c5 7600     		.ascii	"v\000"
 288 00c7 01       		.byte	0x1
 289 00c8 28       		.byte	0x28
 290 00c9 8C000000 		.4byte	0x8c
 291 00cd 00000000 		.4byte	.LLST0
 292 00d1 08       		.uleb128 0x8
 293 00d2 706F7300 		.ascii	"pos\000"
 294 00d6 01       		.byte	0x1
 295 00d7 2A       		.byte	0x2a
 296 00d8 81000000 		.4byte	0x81
 297 00dc 1E000000 		.4byte	.LLST1
 298 00e0 08       		.uleb128 0x8
 299 00e1 6400     		.ascii	"d\000"
 300 00e3 01       		.byte	0x1
 301 00e4 2B       		.byte	0x2b
 302 00e5 81000000 		.4byte	0x81
 303 00e9 48000000 		.4byte	.LLST2
 304 00ed 08       		.uleb128 0x8
 305 00ee 6300     		.ascii	"c\000"
 306 00f0 01       		.byte	0x1
 307 00f1 2C       		.byte	0x2c
 308 00f2 8C000000 		.4byte	0x8c
 309 00f6 91000000 		.4byte	.LLST3
 310 00fa 00       		.byte	0
 311 00fb 09       		.uleb128 0x9
 312 00fc 04       		.byte	0x4
 313 00fd 08010000 		.4byte	0x108
 314 0101 02       		.uleb128 0x2
 315 0102 01       		.byte	0x1
 316 0103 08       		.byte	0x8
 317 0104 62010000 		.4byte	.LASF15
ARM GAS  C:\Users\brian\AppData\Local\Temp\ccGap93a.s 			page 8


 318 0108 0A       		.uleb128 0xa
 319 0109 01010000 		.4byte	0x101
 320 010d 09       		.uleb128 0x9
 321 010e 04       		.byte	0x4
 322 010f 01010000 		.4byte	0x101
 323 0113 05       		.uleb128 0x5
 324 0114 4C010000 		.4byte	.LASF17
 325 0118 01       		.byte	0x1
 326 0119 3E       		.byte	0x3e
 327 011a FB000000 		.4byte	0xfb
 328 011e 00000000 		.4byte	.LFB1
 329 0122 18000000 		.4byte	.LFE1-.LFB1
 330 0126 01       		.uleb128 0x1
 331 0127 9C       		.byte	0x9c
 332 0128 6B010000 		.4byte	0x16b
 333 012c 07       		.uleb128 0x7
 334 012d 7600     		.ascii	"v\000"
 335 012f 01       		.byte	0x1
 336 0130 3E       		.byte	0x3e
 337 0131 8C000000 		.4byte	0x8c
 338 0135 BD000000 		.4byte	.LLST4
 339 0139 07       		.uleb128 0x7
 340 013a 6400     		.ascii	"d\000"
 341 013c 01       		.byte	0x1
 342 013d 3E       		.byte	0x3e
 343 013e 81000000 		.4byte	0x81
 344 0142 DE000000 		.4byte	.LLST5
 345 0146 0B       		.uleb128 0xb
 346 0147 62756600 		.ascii	"buf\000"
 347 014b 01       		.byte	0x1
 348 014c 40       		.byte	0x40
 349 014d 6B010000 		.4byte	0x16b
 350 0151 05       		.uleb128 0x5
 351 0152 03       		.byte	0x3
 352 0153 00000000 		.4byte	buf.5696
 353 0157 0C       		.uleb128 0xc
 354 0158 10000000 		.4byte	.LVL19
 355 015c 9E000000 		.4byte	0x9e
 356 0160 0D       		.uleb128 0xd
 357 0161 01       		.uleb128 0x1
 358 0162 50       		.byte	0x50
 359 0163 05       		.uleb128 0x5
 360 0164 03       		.byte	0x3
 361 0165 00000000 		.4byte	.LANCHOR0
 362 0169 00       		.byte	0
 363 016a 00       		.byte	0
 364 016b 0E       		.uleb128 0xe
 365 016c 01010000 		.4byte	0x101
 366 0170 7B010000 		.4byte	0x17b
 367 0174 0F       		.uleb128 0xf
 368 0175 7B010000 		.4byte	0x17b
 369 0179 05       		.byte	0x5
 370 017a 00       		.byte	0
 371 017b 02       		.uleb128 0x2
 372 017c 04       		.byte	0x4
 373 017d 07       		.byte	0x7
 374 017e C2010000 		.4byte	.LASF18
ARM GAS  C:\Users\brian\AppData\Local\Temp\ccGap93a.s 			page 9


 375 0182 10       		.uleb128 0x10
 376 0183 B8010000 		.4byte	.LASF22
 377 0187 01       		.byte	0x1
 378 0188 45       		.byte	0x45
 379 0189 FB000000 		.4byte	0xfb
 380 018d 00000000 		.4byte	.LFB2
 381 0191 18000000 		.4byte	.LFE2-.LFB2
 382 0195 01       		.uleb128 0x1
 383 0196 9C       		.byte	0x9c
 384 0197 07       		.uleb128 0x7
 385 0198 7600     		.ascii	"v\000"
 386 019a 01       		.byte	0x1
 387 019b 45       		.byte	0x45
 388 019c 8C000000 		.4byte	0x8c
 389 01a0 0A010000 		.4byte	.LLST6
 390 01a4 0B       		.uleb128 0xb
 391 01a5 7300     		.ascii	"s\000"
 392 01a7 01       		.byte	0x1
 393 01a8 47       		.byte	0x47
 394 01a9 FB000000 		.4byte	0xfb
 395 01ad 01       		.uleb128 0x1
 396 01ae 50       		.byte	0x50
 397 01af 0C       		.uleb128 0xc
 398 01b0 08000000 		.4byte	.LVL22
 399 01b4 13010000 		.4byte	0x113
 400 01b8 0D       		.uleb128 0xd
 401 01b9 01       		.uleb128 0x1
 402 01ba 51       		.byte	0x51
 403 01bb 01       		.uleb128 0x1
 404 01bc 35       		.byte	0x35
 405 01bd 00       		.byte	0
 406 01be 00       		.byte	0
 407 01bf 00       		.byte	0
 408              		.section	.debug_abbrev,"",%progbits
 409              	.Ldebug_abbrev0:
 410 0000 01       		.uleb128 0x1
 411 0001 11       		.uleb128 0x11
 412 0002 01       		.byte	0x1
 413 0003 25       		.uleb128 0x25
 414 0004 0E       		.uleb128 0xe
 415 0005 13       		.uleb128 0x13
 416 0006 0B       		.uleb128 0xb
 417 0007 03       		.uleb128 0x3
 418 0008 0E       		.uleb128 0xe
 419 0009 1B       		.uleb128 0x1b
 420 000a 0E       		.uleb128 0xe
 421 000b 55       		.uleb128 0x55
 422 000c 17       		.uleb128 0x17
 423 000d 11       		.uleb128 0x11
 424 000e 01       		.uleb128 0x1
 425 000f 10       		.uleb128 0x10
 426 0010 17       		.uleb128 0x17
 427 0011 00       		.byte	0
 428 0012 00       		.byte	0
 429 0013 02       		.uleb128 0x2
 430 0014 24       		.uleb128 0x24
 431 0015 00       		.byte	0
ARM GAS  C:\Users\brian\AppData\Local\Temp\ccGap93a.s 			page 10


 432 0016 0B       		.uleb128 0xb
 433 0017 0B       		.uleb128 0xb
 434 0018 3E       		.uleb128 0x3e
 435 0019 0B       		.uleb128 0xb
 436 001a 03       		.uleb128 0x3
 437 001b 0E       		.uleb128 0xe
 438 001c 00       		.byte	0
 439 001d 00       		.byte	0
 440 001e 03       		.uleb128 0x3
 441 001f 16       		.uleb128 0x16
 442 0020 00       		.byte	0
 443 0021 03       		.uleb128 0x3
 444 0022 0E       		.uleb128 0xe
 445 0023 3A       		.uleb128 0x3a
 446 0024 0B       		.uleb128 0xb
 447 0025 3B       		.uleb128 0x3b
 448 0026 0B       		.uleb128 0xb
 449 0027 49       		.uleb128 0x49
 450 0028 13       		.uleb128 0x13
 451 0029 00       		.byte	0
 452 002a 00       		.byte	0
 453 002b 04       		.uleb128 0x4
 454 002c 24       		.uleb128 0x24
 455 002d 00       		.byte	0
 456 002e 0B       		.uleb128 0xb
 457 002f 0B       		.uleb128 0xb
 458 0030 3E       		.uleb128 0x3e
 459 0031 0B       		.uleb128 0xb
 460 0032 03       		.uleb128 0x3
 461 0033 08       		.uleb128 0x8
 462 0034 00       		.byte	0
 463 0035 00       		.byte	0
 464 0036 05       		.uleb128 0x5
 465 0037 2E       		.uleb128 0x2e
 466 0038 01       		.byte	0x1
 467 0039 3F       		.uleb128 0x3f
 468 003a 19       		.uleb128 0x19
 469 003b 03       		.uleb128 0x3
 470 003c 0E       		.uleb128 0xe
 471 003d 3A       		.uleb128 0x3a
 472 003e 0B       		.uleb128 0xb
 473 003f 3B       		.uleb128 0x3b
 474 0040 0B       		.uleb128 0xb
 475 0041 27       		.uleb128 0x27
 476 0042 19       		.uleb128 0x19
 477 0043 49       		.uleb128 0x49
 478 0044 13       		.uleb128 0x13
 479 0045 11       		.uleb128 0x11
 480 0046 01       		.uleb128 0x1
 481 0047 12       		.uleb128 0x12
 482 0048 06       		.uleb128 0x6
 483 0049 40       		.uleb128 0x40
 484 004a 18       		.uleb128 0x18
 485 004b 9742     		.uleb128 0x2117
 486 004d 19       		.uleb128 0x19
 487 004e 01       		.uleb128 0x1
 488 004f 13       		.uleb128 0x13
ARM GAS  C:\Users\brian\AppData\Local\Temp\ccGap93a.s 			page 11


 489 0050 00       		.byte	0
 490 0051 00       		.byte	0
 491 0052 06       		.uleb128 0x6
 492 0053 05       		.uleb128 0x5
 493 0054 00       		.byte	0
 494 0055 03       		.uleb128 0x3
 495 0056 0E       		.uleb128 0xe
 496 0057 3A       		.uleb128 0x3a
 497 0058 0B       		.uleb128 0xb
 498 0059 3B       		.uleb128 0x3b
 499 005a 0B       		.uleb128 0xb
 500 005b 49       		.uleb128 0x49
 501 005c 13       		.uleb128 0x13
 502 005d 02       		.uleb128 0x2
 503 005e 18       		.uleb128 0x18
 504 005f 00       		.byte	0
 505 0060 00       		.byte	0
 506 0061 07       		.uleb128 0x7
 507 0062 05       		.uleb128 0x5
 508 0063 00       		.byte	0
 509 0064 03       		.uleb128 0x3
 510 0065 08       		.uleb128 0x8
 511 0066 3A       		.uleb128 0x3a
 512 0067 0B       		.uleb128 0xb
 513 0068 3B       		.uleb128 0x3b
 514 0069 0B       		.uleb128 0xb
 515 006a 49       		.uleb128 0x49
 516 006b 13       		.uleb128 0x13
 517 006c 02       		.uleb128 0x2
 518 006d 17       		.uleb128 0x17
 519 006e 00       		.byte	0
 520 006f 00       		.byte	0
 521 0070 08       		.uleb128 0x8
 522 0071 34       		.uleb128 0x34
 523 0072 00       		.byte	0
 524 0073 03       		.uleb128 0x3
 525 0074 08       		.uleb128 0x8
 526 0075 3A       		.uleb128 0x3a
 527 0076 0B       		.uleb128 0xb
 528 0077 3B       		.uleb128 0x3b
 529 0078 0B       		.uleb128 0xb
 530 0079 49       		.uleb128 0x49
 531 007a 13       		.uleb128 0x13
 532 007b 02       		.uleb128 0x2
 533 007c 17       		.uleb128 0x17
 534 007d 00       		.byte	0
 535 007e 00       		.byte	0
 536 007f 09       		.uleb128 0x9
 537 0080 0F       		.uleb128 0xf
 538 0081 00       		.byte	0
 539 0082 0B       		.uleb128 0xb
 540 0083 0B       		.uleb128 0xb
 541 0084 49       		.uleb128 0x49
 542 0085 13       		.uleb128 0x13
 543 0086 00       		.byte	0
 544 0087 00       		.byte	0
 545 0088 0A       		.uleb128 0xa
ARM GAS  C:\Users\brian\AppData\Local\Temp\ccGap93a.s 			page 12


 546 0089 26       		.uleb128 0x26
 547 008a 00       		.byte	0
 548 008b 49       		.uleb128 0x49
 549 008c 13       		.uleb128 0x13
 550 008d 00       		.byte	0
 551 008e 00       		.byte	0
 552 008f 0B       		.uleb128 0xb
 553 0090 34       		.uleb128 0x34
 554 0091 00       		.byte	0
 555 0092 03       		.uleb128 0x3
 556 0093 08       		.uleb128 0x8
 557 0094 3A       		.uleb128 0x3a
 558 0095 0B       		.uleb128 0xb
 559 0096 3B       		.uleb128 0x3b
 560 0097 0B       		.uleb128 0xb
 561 0098 49       		.uleb128 0x49
 562 0099 13       		.uleb128 0x13
 563 009a 02       		.uleb128 0x2
 564 009b 18       		.uleb128 0x18
 565 009c 00       		.byte	0
 566 009d 00       		.byte	0
 567 009e 0C       		.uleb128 0xc
 568 009f 898201   		.uleb128 0x4109
 569 00a2 01       		.byte	0x1
 570 00a3 11       		.uleb128 0x11
 571 00a4 01       		.uleb128 0x1
 572 00a5 31       		.uleb128 0x31
 573 00a6 13       		.uleb128 0x13
 574 00a7 00       		.byte	0
 575 00a8 00       		.byte	0
 576 00a9 0D       		.uleb128 0xd
 577 00aa 8A8201   		.uleb128 0x410a
 578 00ad 00       		.byte	0
 579 00ae 02       		.uleb128 0x2
 580 00af 18       		.uleb128 0x18
 581 00b0 9142     		.uleb128 0x2111
 582 00b2 18       		.uleb128 0x18
 583 00b3 00       		.byte	0
 584 00b4 00       		.byte	0
 585 00b5 0E       		.uleb128 0xe
 586 00b6 01       		.uleb128 0x1
 587 00b7 01       		.byte	0x1
 588 00b8 49       		.uleb128 0x49
 589 00b9 13       		.uleb128 0x13
 590 00ba 01       		.uleb128 0x1
 591 00bb 13       		.uleb128 0x13
 592 00bc 00       		.byte	0
 593 00bd 00       		.byte	0
 594 00be 0F       		.uleb128 0xf
 595 00bf 21       		.uleb128 0x21
 596 00c0 00       		.byte	0
 597 00c1 49       		.uleb128 0x49
 598 00c2 13       		.uleb128 0x13
 599 00c3 2F       		.uleb128 0x2f
 600 00c4 0B       		.uleb128 0xb
 601 00c5 00       		.byte	0
 602 00c6 00       		.byte	0
ARM GAS  C:\Users\brian\AppData\Local\Temp\ccGap93a.s 			page 13


 603 00c7 10       		.uleb128 0x10
 604 00c8 2E       		.uleb128 0x2e
 605 00c9 01       		.byte	0x1
 606 00ca 3F       		.uleb128 0x3f
 607 00cb 19       		.uleb128 0x19
 608 00cc 03       		.uleb128 0x3
 609 00cd 0E       		.uleb128 0xe
 610 00ce 3A       		.uleb128 0x3a
 611 00cf 0B       		.uleb128 0xb
 612 00d0 3B       		.uleb128 0x3b
 613 00d1 0B       		.uleb128 0xb
 614 00d2 27       		.uleb128 0x27
 615 00d3 19       		.uleb128 0x19
 616 00d4 49       		.uleb128 0x49
 617 00d5 13       		.uleb128 0x13
 618 00d6 11       		.uleb128 0x11
 619 00d7 01       		.uleb128 0x1
 620 00d8 12       		.uleb128 0x12
 621 00d9 06       		.uleb128 0x6
 622 00da 40       		.uleb128 0x40
 623 00db 18       		.uleb128 0x18
 624 00dc 9742     		.uleb128 0x2117
 625 00de 19       		.uleb128 0x19
 626 00df 00       		.byte	0
 627 00e0 00       		.byte	0
 628 00e1 00       		.byte	0
 629              		.section	.debug_loc,"",%progbits
 630              	.Ldebug_loc0:
 631              	.LLST0:
 632 0000 00000000 		.4byte	.LVL0
 633 0004 0C000000 		.4byte	.LVL3
 634 0008 0100     		.2byte	0x1
 635 000a 51       		.byte	0x51
 636 000b 0E000000 		.4byte	.LVL4
 637 000f 38000000 		.4byte	.LFE0
 638 0013 0100     		.2byte	0x1
 639 0015 51       		.byte	0x51
 640 0016 00000000 		.4byte	0
 641 001a 00000000 		.4byte	0
 642              	.LLST1:
 643 001e 02000000 		.4byte	.LVL1
 644 0022 0A000000 		.4byte	.LVL2
 645 0026 0200     		.2byte	0x2
 646 0028 30       		.byte	0x30
 647 0029 9F       		.byte	0x9f
 648 002a 0A000000 		.4byte	.LVL2
 649 002e 26000000 		.4byte	.LVL12
 650 0032 0100     		.2byte	0x1
 651 0034 54       		.byte	0x54
 652 0035 28000000 		.4byte	.LVL13
 653 0039 32000000 		.4byte	.LVL14
 654 003d 0100     		.2byte	0x1
 655 003f 54       		.byte	0x54
 656 0040 00000000 		.4byte	0
 657 0044 00000000 		.4byte	0
 658              	.LLST2:
 659 0048 0A000000 		.4byte	.LVL2
ARM GAS  C:\Users\brian\AppData\Local\Temp\ccGap93a.s 			page 14


 660 004c 10000000 		.4byte	.LVL5
 661 0050 0100     		.2byte	0x1
 662 0052 53       		.byte	0x53
 663 0053 12000000 		.4byte	.LVL6
 664 0057 14000000 		.4byte	.LVL7
 665 005b 0100     		.2byte	0x1
 666 005d 53       		.byte	0x53
 667 005e 16000000 		.4byte	.LVL8
 668 0062 1E000000 		.4byte	.LVL9
 669 0066 0100     		.2byte	0x1
 670 0068 53       		.byte	0x53
 671 0069 1E000000 		.4byte	.LVL9
 672 006d 26000000 		.4byte	.LVL12
 673 0071 0500     		.2byte	0x5
 674 0073 70       		.byte	0x70
 675 0074 00       		.sleb128 0
 676 0075 74       		.byte	0x74
 677 0076 00       		.sleb128 0
 678 0077 22       		.byte	0x22
 679 0078 26000000 		.4byte	.LVL12
 680 007c 28000000 		.4byte	.LVL13
 681 0080 0700     		.2byte	0x7
 682 0082 70       		.byte	0x70
 683 0083 00       		.sleb128 0
 684 0084 74       		.byte	0x74
 685 0085 00       		.sleb128 0
 686 0086 22       		.byte	0x22
 687 0087 31       		.byte	0x31
 688 0088 1C       		.byte	0x1c
 689 0089 00000000 		.4byte	0
 690 008d 00000000 		.4byte	0
 691              	.LLST3:
 692 0091 02000000 		.4byte	.LVL1
 693 0095 0A000000 		.4byte	.LVL2
 694 0099 0400     		.2byte	0x4
 695 009b 0A       		.byte	0xa
 696 009c 1027     		.2byte	0x2710
 697 009e 9F       		.byte	0x9f
 698 009f 0A000000 		.4byte	.LVL2
 699 00a3 22000000 		.4byte	.LVL10
 700 00a7 0100     		.2byte	0x1
 701 00a9 52       		.byte	0x52
 702 00aa 24000000 		.4byte	.LVL11
 703 00ae 38000000 		.4byte	.LFE0
 704 00b2 0100     		.2byte	0x1
 705 00b4 52       		.byte	0x52
 706 00b5 00000000 		.4byte	0
 707 00b9 00000000 		.4byte	0
 708              	.LLST4:
 709 00bd 00000000 		.4byte	.LVL15
 710 00c1 0C000000 		.4byte	.LVL18
 711 00c5 0100     		.2byte	0x1
 712 00c7 50       		.byte	0x50
 713 00c8 0C000000 		.4byte	.LVL18
 714 00cc 18000000 		.4byte	.LFE1
 715 00d0 0400     		.2byte	0x4
 716 00d2 F3       		.byte	0xf3
ARM GAS  C:\Users\brian\AppData\Local\Temp\ccGap93a.s 			page 15


 717 00d3 01       		.uleb128 0x1
 718 00d4 50       		.byte	0x50
 719 00d5 9F       		.byte	0x9f
 720 00d6 00000000 		.4byte	0
 721 00da 00000000 		.4byte	0
 722              	.LLST5:
 723 00de 00000000 		.4byte	.LVL15
 724 00e2 06000000 		.4byte	.LVL16
 725 00e6 0100     		.2byte	0x1
 726 00e8 51       		.byte	0x51
 727 00e9 06000000 		.4byte	.LVL16
 728 00ed 08000000 		.4byte	.LVL17
 729 00f1 0400     		.2byte	0x4
 730 00f3 F3       		.byte	0xf3
 731 00f4 01       		.uleb128 0x1
 732 00f5 51       		.byte	0x51
 733 00f6 9F       		.byte	0x9f
 734 00f7 08000000 		.4byte	.LVL17
 735 00fb 14000000 		.4byte	.LVL20
 736 00ff 0100     		.2byte	0x1
 737 0101 54       		.byte	0x54
 738 0102 00000000 		.4byte	0
 739 0106 00000000 		.4byte	0
 740              	.LLST6:
 741 010a 00000000 		.4byte	.LVL21
 742 010e 07000000 		.4byte	.LVL22-1
 743 0112 0100     		.2byte	0x1
 744 0114 50       		.byte	0x50
 745 0115 07000000 		.4byte	.LVL22-1
 746 0119 18000000 		.4byte	.LFE2
 747 011d 0400     		.2byte	0x4
 748 011f F3       		.byte	0xf3
 749 0120 01       		.uleb128 0x1
 750 0121 50       		.byte	0x50
 751 0122 9F       		.byte	0x9f
 752 0123 00000000 		.4byte	0
 753 0127 00000000 		.4byte	0
 754              		.section	.debug_aranges,"",%progbits
 755 0000 2C000000 		.4byte	0x2c
 756 0004 0200     		.2byte	0x2
 757 0006 00000000 		.4byte	.Ldebug_info0
 758 000a 04       		.byte	0x4
 759 000b 00       		.byte	0
 760 000c 0000     		.2byte	0
 761 000e 0000     		.2byte	0
 762 0010 00000000 		.4byte	.LFB0
 763 0014 38000000 		.4byte	.LFE0-.LFB0
 764 0018 00000000 		.4byte	.LFB1
 765 001c 18000000 		.4byte	.LFE1-.LFB1
 766 0020 00000000 		.4byte	.LFB2
 767 0024 18000000 		.4byte	.LFE2-.LFB2
 768 0028 00000000 		.4byte	0
 769 002c 00000000 		.4byte	0
 770              		.section	.debug_ranges,"",%progbits
 771              	.Ldebug_ranges0:
 772 0000 00000000 		.4byte	.LFB0
 773 0004 38000000 		.4byte	.LFE0
ARM GAS  C:\Users\brian\AppData\Local\Temp\ccGap93a.s 			page 16


 774 0008 00000000 		.4byte	.LFB1
 775 000c 18000000 		.4byte	.LFE1
 776 0010 00000000 		.4byte	.LFB2
 777 0014 18000000 		.4byte	.LFE2
 778 0018 00000000 		.4byte	0
 779 001c 00000000 		.4byte	0
 780              		.section	.debug_line,"",%progbits
 781              	.Ldebug_line0:
 782 0000 8D010000 		.section	.debug_str,"MS",%progbits,1
 782      02002E01 
 782      00000201 
 782      FB0E0D00 
 782      01010101 
 783              	.LASF8:
 784 0000 6C6F6E67 		.ascii	"long long int\000"
 784      206C6F6E 
 784      6720696E 
 784      7400
 785              	.LASF5:
 786 000e 73686F72 		.ascii	"short unsigned int\000"
 786      7420756E 
 786      7369676E 
 786      65642069 
 786      6E7400
 787              	.LASF10:
 788 0021 756E7369 		.ascii	"unsigned int\000"
 788      676E6564 
 788      20696E74 
 788      00
 789              	.LASF14:
 790 002e 64657374 		.ascii	"dest\000"
 790      00
 791              	.LASF1:
 792 0033 756E7369 		.ascii	"unsigned char\000"
 792      676E6564 
 792      20636861 
 792      7200
 793              	.LASF16:
 794 0041 75387838 		.ascii	"u8x8_u16toap\000"
 794      5F753136 
 794      746F6170 
 794      00
 795              	.LASF19:
 796 004e 474E5520 		.ascii	"GNU C11 5.4.1 20160609 (release) [ARM/embedded-5-br"
 796      43313120 
 796      352E342E 
 796      31203230 
 796      31363036 
 797 0081 616E6368 		.ascii	"anch revision 237715] -mcpu=cortex-m3 -mthumb -g -O"
 797      20726576 
 797      6973696F 
 797      6E203233 
 797      37373135 
 798 00b4 67202D66 		.ascii	"g -ffunction-sections -ffat-lto-objects\000"
 798      66756E63 
 798      74696F6E 
 798      2D736563 
ARM GAS  C:\Users\brian\AppData\Local\Temp\ccGap93a.s 			page 17


 798      74696F6E 
 799              	.LASF21:
 800 00dc 433A5C55 		.ascii	"C:\\Users\\brian\\Documents\\PSoC Creator\\Lab7\\La"
 800      73657273 
 800      5C627269 
 800      616E5C44 
 800      6F63756D 
 801 0109 62372E63 		.ascii	"b7.cydsn\000"
 801      7964736E 
 801      00
 802              	.LASF20:
 803 0112 2E2E5C75 		.ascii	"..\\u8g2\\csrc\\u8x8_u16toa.c\000"
 803      3867325C 
 803      63737263 
 803      5C753878 
 803      385F7531 
 804              	.LASF0:
 805 012d 7369676E 		.ascii	"signed char\000"
 805      65642063 
 805      68617200 
 806              	.LASF4:
 807 0139 5F5F7569 		.ascii	"__uint16_t\000"
 807      6E743136 
 807      5F7400
 808              	.LASF11:
 809 0144 75696E74 		.ascii	"uint8_t\000"
 809      385F7400 
 810              	.LASF17:
 811 014c 75387838 		.ascii	"u8x8_u16toa\000"
 811      5F753136 
 811      746F6100 
 812              	.LASF3:
 813 0158 5F5F7569 		.ascii	"__uint8_t\000"
 813      6E74385F 
 813      7400
 814              	.LASF15:
 815 0162 63686172 		.ascii	"char\000"
 815      00
 816              	.LASF6:
 817 0167 6C6F6E67 		.ascii	"long int\000"
 817      20696E74 
 817      00
 818              	.LASF9:
 819 0170 6C6F6E67 		.ascii	"long long unsigned int\000"
 819      206C6F6E 
 819      6720756E 
 819      7369676E 
 819      65642069 
 820              	.LASF7:
 821 0187 6C6F6E67 		.ascii	"long unsigned int\000"
 821      20756E73 
 821      69676E65 
 821      6420696E 
 821      7400
 822              	.LASF12:
 823 0199 75696E74 		.ascii	"uint16_t\000"
 823      31365F74 
ARM GAS  C:\Users\brian\AppData\Local\Temp\ccGap93a.s 			page 18


 823      00
 824              	.LASF13:
 825 01a2 6C6F6E67 		.ascii	"long double\000"
 825      20646F75 
 825      626C6500 
 826              	.LASF2:
 827 01ae 73686F72 		.ascii	"short int\000"
 827      7420696E 
 827      7400
 828              	.LASF22:
 829 01b8 75387838 		.ascii	"u8x8_utoa\000"
 829      5F75746F 
 829      6100
 830              	.LASF18:
 831 01c2 73697A65 		.ascii	"sizetype\000"
 831      74797065 
 831      00
 832              		.ident	"GCC: (GNU Tools for ARM Embedded Processors) 5.4.1 20160609 (release) [ARM/embedded-5-bran
