ARM GAS  C:\Users\brian\AppData\Local\Temp\cctgGStL.s 			page 1


   1              		.syntax unified
   2              		.cpu cortex-m3
   3              		.fpu softvfp
   4              		.eabi_attribute 20, 1
   5              		.eabi_attribute 21, 1
   6              		.eabi_attribute 23, 3
   7              		.eabi_attribute 24, 1
   8              		.eabi_attribute 25, 1
   9              		.eabi_attribute 26, 1
  10              		.eabi_attribute 30, 1
  11              		.eabi_attribute 34, 1
  12              		.eabi_attribute 18, 4
  13              		.thumb
  14              		.syntax unified
  15              		.file	"u8x8_input_value.c"
  16              		.text
  17              	.Ltext0:
  18              		.cfi_sections	.debug_frame
  19              		.section	.text.u8x8_UserInterfaceInputValue,"ax",%progbits
  20              		.align	2
  21              		.global	u8x8_UserInterfaceInputValue
  22              		.thumb
  23              		.thumb_func
  24              		.type	u8x8_UserInterfaceInputValue, %function
  25              	u8x8_UserInterfaceInputValue:
  26              	.LFB0:
  27              		.file 1 "..\\u8g2\\csrc\\u8x8_input_value.c"
   1:..\u8g2\csrc/u8x8_input_value.c **** /*
   2:..\u8g2\csrc/u8x8_input_value.c **** 
   3:..\u8g2\csrc/u8x8_input_value.c ****   u8x8_input_value.c
   4:..\u8g2\csrc/u8x8_input_value.c ****   
   5:..\u8g2\csrc/u8x8_input_value.c ****   Universal 8bit Graphics Library (https://github.com/olikraus/u8g2/)
   6:..\u8g2\csrc/u8x8_input_value.c **** 
   7:..\u8g2\csrc/u8x8_input_value.c ****   Copyright (c) 2016, olikraus@gmail.com
   8:..\u8g2\csrc/u8x8_input_value.c ****   All rights reserved.
   9:..\u8g2\csrc/u8x8_input_value.c **** 
  10:..\u8g2\csrc/u8x8_input_value.c ****   Redistribution and use in source and binary forms, with or without modification, 
  11:..\u8g2\csrc/u8x8_input_value.c ****   are permitted provided that the following conditions are met:
  12:..\u8g2\csrc/u8x8_input_value.c **** 
  13:..\u8g2\csrc/u8x8_input_value.c ****   * Redistributions of source code must retain the above copyright notice, this list 
  14:..\u8g2\csrc/u8x8_input_value.c ****     of conditions and the following disclaimer.
  15:..\u8g2\csrc/u8x8_input_value.c ****     
  16:..\u8g2\csrc/u8x8_input_value.c ****   * Redistributions in binary form must reproduce the above copyright notice, this 
  17:..\u8g2\csrc/u8x8_input_value.c ****     list of conditions and the following disclaimer in the documentation and/or other 
  18:..\u8g2\csrc/u8x8_input_value.c ****     materials provided with the distribution.
  19:..\u8g2\csrc/u8x8_input_value.c **** 
  20:..\u8g2\csrc/u8x8_input_value.c ****   THIS SOFTWARE IS PROVIDED BY THE COPYRIGHT HOLDERS AND 
  21:..\u8g2\csrc/u8x8_input_value.c ****   CONTRIBUTORS "AS IS" AND ANY EXPRESS OR IMPLIED WARRANTIES, 
  22:..\u8g2\csrc/u8x8_input_value.c ****   INCLUDING, BUT NOT LIMITED TO, THE IMPLIED WARRANTIES OF 
  23:..\u8g2\csrc/u8x8_input_value.c ****   MERCHANTABILITY AND FITNESS FOR A PARTICULAR PURPOSE ARE 
  24:..\u8g2\csrc/u8x8_input_value.c ****   DISCLAIMED. IN NO EVENT SHALL THE COPYRIGHT HOLDER OR 
  25:..\u8g2\csrc/u8x8_input_value.c ****   CONTRIBUTORS BE LIABLE FOR ANY DIRECT, INDIRECT, INCIDENTAL, 
  26:..\u8g2\csrc/u8x8_input_value.c ****   SPECIAL, EXEMPLARY, OR CONSEQUENTIAL DAMAGES (INCLUDING, BUT 
  27:..\u8g2\csrc/u8x8_input_value.c ****   NOT LIMITED TO, PROCUREMENT OF SUBSTITUTE GOODS OR SERVICES; 
  28:..\u8g2\csrc/u8x8_input_value.c ****   LOSS OF USE, DATA, OR PROFITS; OR BUSINESS INTERRUPTION) HOWEVER 
  29:..\u8g2\csrc/u8x8_input_value.c ****   CAUSED AND ON ANY THEORY OF LIABILITY, WHETHER IN CONTRACT, 
  30:..\u8g2\csrc/u8x8_input_value.c ****   STRICT LIABILITY, OR TORT (INCLUDING NEGLIGENCE OR OTHERWISE) 
ARM GAS  C:\Users\brian\AppData\Local\Temp\cctgGStL.s 			page 2


  31:..\u8g2\csrc/u8x8_input_value.c ****   ARISING IN ANY WAY OUT OF THE USE OF THIS SOFTWARE, EVEN IF 
  32:..\u8g2\csrc/u8x8_input_value.c ****   ADVISED OF THE POSSIBILITY OF SUCH DAMAGE.  
  33:..\u8g2\csrc/u8x8_input_value.c ****   
  34:..\u8g2\csrc/u8x8_input_value.c **** */
  35:..\u8g2\csrc/u8x8_input_value.c **** 
  36:..\u8g2\csrc/u8x8_input_value.c **** #include "u8x8.h"
  37:..\u8g2\csrc/u8x8_input_value.c **** 
  38:..\u8g2\csrc/u8x8_input_value.c **** /*
  39:..\u8g2\csrc/u8x8_input_value.c ****   return:
  40:..\u8g2\csrc/u8x8_input_value.c ****     0: value is not changed (HOME/Break Button pressed)
  41:..\u8g2\csrc/u8x8_input_value.c ****     1: value has been updated
  42:..\u8g2\csrc/u8x8_input_value.c **** */
  43:..\u8g2\csrc/u8x8_input_value.c **** 
  44:..\u8g2\csrc/u8x8_input_value.c **** uint8_t u8x8_UserInterfaceInputValue(u8x8_t *u8x8, const char *title, const char *pre, uint8_t *val
  45:..\u8g2\csrc/u8x8_input_value.c **** {
  28              		.loc 1 45 0
  29              		.cfi_startproc
  30              		@ args = 16, pretend = 0, frame = 8
  31              		@ frame_needed = 0, uses_anonymous_args = 0
  32              	.LVL0:
  33 0000 2DE9F04F 		push	{r4, r5, r6, r7, r8, r9, r10, fp, lr}
  34              		.cfi_def_cfa_offset 36
  35              		.cfi_offset 4, -36
  36              		.cfi_offset 5, -32
  37              		.cfi_offset 6, -28
  38              		.cfi_offset 7, -24
  39              		.cfi_offset 8, -20
  40              		.cfi_offset 9, -16
  41              		.cfi_offset 10, -12
  42              		.cfi_offset 11, -8
  43              		.cfi_offset 14, -4
  44 0004 85B0     		sub	sp, sp, #20
  45              		.cfi_def_cfa_offset 56
  46 0006 0546     		mov	r5, r0
  47 0008 0391     		str	r1, [sp, #12]
  48 000a 0292     		str	r2, [sp, #8]
  49 000c 9B46     		mov	fp, r3
  50 000e 9DF83890 		ldrb	r9, [sp, #56]	@ zero_extendqisi2
  51 0012 9DF83C80 		ldrb	r8, [sp, #60]	@ zero_extendqisi2
  52 0016 9DF84060 		ldrb	r6, [sp, #64]	@ zero_extendqisi2
  46:..\u8g2\csrc/u8x8_input_value.c ****   uint8_t height;
  47:..\u8g2\csrc/u8x8_input_value.c ****   uint8_t y;
  48:..\u8g2\csrc/u8x8_input_value.c ****   uint8_t width;
  49:..\u8g2\csrc/u8x8_input_value.c ****   uint8_t x;
  50:..\u8g2\csrc/u8x8_input_value.c ****   uint8_t local_value = *value;
  53              		.loc 1 50 0
  54 001a 1C78     		ldrb	r4, [r3]	@ zero_extendqisi2
  55              	.LVL1:
  51:..\u8g2\csrc/u8x8_input_value.c ****   uint8_t r;
  52:..\u8g2\csrc/u8x8_input_value.c ****   uint8_t event;
  53:..\u8g2\csrc/u8x8_input_value.c **** 
  54:..\u8g2\csrc/u8x8_input_value.c ****   /* calculate overall height of the input value box */
  55:..\u8g2\csrc/u8x8_input_value.c ****   height = 1;	/* button line */
  56:..\u8g2\csrc/u8x8_input_value.c ****   height += u8x8_GetStringLineCnt(title);
  56              		.loc 1 56 0
  57 001c 0846     		mov	r0, r1
  58              	.LVL2:
ARM GAS  C:\Users\brian\AppData\Local\Temp\cctgGStL.s 			page 3


  59 001e FFF7FEFF 		bl	u8x8_GetStringLineCnt
  60              	.LVL3:
  61 0022 0130     		adds	r0, r0, #1
  62 0024 C0B2     		uxtb	r0, r0
  63              	.LVL4:
  57:..\u8g2\csrc/u8x8_input_value.c ****   
  58:..\u8g2\csrc/u8x8_input_value.c ****   /* calculate offset from top */
  59:..\u8g2\csrc/u8x8_input_value.c ****   y = 0;
  60:..\u8g2\csrc/u8x8_input_value.c ****   if ( height < u8x8_GetRows(u8x8)  )
  64              		.loc 1 60 0
  65 0026 2B68     		ldr	r3, [r5]
  66 0028 5B7C     		ldrb	r3, [r3, #17]	@ zero_extendqisi2
  67 002a 9842     		cmp	r0, r3
  68 002c 03D2     		bcs	.L13
  69              	.LVL5:
  61:..\u8g2\csrc/u8x8_input_value.c ****   {
  62:..\u8g2\csrc/u8x8_input_value.c ****     y = u8x8_GetRows(u8x8);
  63:..\u8g2\csrc/u8x8_input_value.c ****     y -= height;
  70              		.loc 1 63 0
  71 002e 181A     		subs	r0, r3, r0
  72              	.LVL6:
  64:..\u8g2\csrc/u8x8_input_value.c ****     y /= 2;
  73              		.loc 1 64 0
  74 0030 C0F3460A 		ubfx	r10, r0, #1, #7
  75              	.LVL7:
  76 0034 01E0     		b	.L2
  77              	.LVL8:
  78              	.L13:
  59:..\u8g2\csrc/u8x8_input_value.c ****   if ( height < u8x8_GetRows(u8x8)  )
  79              		.loc 1 59 0
  80 0036 4FF0000A 		mov	r10, #0
  81              	.LVL9:
  82              	.L2:
  65:..\u8g2\csrc/u8x8_input_value.c ****   }
  66:..\u8g2\csrc/u8x8_input_value.c ****   
  67:..\u8g2\csrc/u8x8_input_value.c ****   /* calculate offset from left for the label */
  68:..\u8g2\csrc/u8x8_input_value.c ****   x = 0;
  69:..\u8g2\csrc/u8x8_input_value.c ****   width = u8x8_GetUTF8Len(u8x8, pre);
  83              		.loc 1 69 0
  84 003a 0299     		ldr	r1, [sp, #8]
  85 003c 2846     		mov	r0, r5
  86 003e FFF7FEFF 		bl	u8x8_GetUTF8Len
  87              	.LVL10:
  70:..\u8g2\csrc/u8x8_input_value.c ****   width += digits;
  88              		.loc 1 70 0
  89 0042 3044     		add	r0, r0, r6
  90              	.LVL11:
  91 0044 C7B2     		uxtb	r7, r0
  92              	.LVL12:
  71:..\u8g2\csrc/u8x8_input_value.c ****   width += u8x8_GetUTF8Len(u8x8, post);
  93              		.loc 1 71 0
  94 0046 1199     		ldr	r1, [sp, #68]
  95 0048 2846     		mov	r0, r5
  96 004a FFF7FEFF 		bl	u8x8_GetUTF8Len
  97              	.LVL13:
  98 004e 3844     		add	r0, r0, r7
  99 0050 C0B2     		uxtb	r0, r0
ARM GAS  C:\Users\brian\AppData\Local\Temp\cctgGStL.s 			page 4


 100              	.LVL14:
  72:..\u8g2\csrc/u8x8_input_value.c ****   if ( width < u8x8_GetCols(u8x8) )
 101              		.loc 1 72 0
 102 0052 2B68     		ldr	r3, [r5]
 103 0054 1F7C     		ldrb	r7, [r3, #16]	@ zero_extendqisi2
 104 0056 B842     		cmp	r0, r7
 105 0058 03D2     		bcs	.L14
 106              	.LVL15:
  73:..\u8g2\csrc/u8x8_input_value.c ****   {
  74:..\u8g2\csrc/u8x8_input_value.c ****     x = u8x8_GetCols(u8x8);
  75:..\u8g2\csrc/u8x8_input_value.c ****     x -= width;
 107              		.loc 1 75 0
 108 005a 3F1A     		subs	r7, r7, r0
 109              	.LVL16:
  76:..\u8g2\csrc/u8x8_input_value.c ****     x /= 2;
 110              		.loc 1 76 0
 111 005c C7F34607 		ubfx	r7, r7, #1, #7
 112              	.LVL17:
 113 0060 00E0     		b	.L3
 114              	.LVL18:
 115              	.L14:
  68:..\u8g2\csrc/u8x8_input_value.c ****   width = u8x8_GetUTF8Len(u8x8, pre);
 116              		.loc 1 68 0
 117 0062 0027     		movs	r7, #0
 118              	.LVL19:
 119              	.L3:
  77:..\u8g2\csrc/u8x8_input_value.c ****   }
  78:..\u8g2\csrc/u8x8_input_value.c ****   
  79:..\u8g2\csrc/u8x8_input_value.c ****   /* render */
  80:..\u8g2\csrc/u8x8_input_value.c ****   u8x8_ClearDisplay(u8x8);   /* required, because not everything is filled */
 120              		.loc 1 80 0
 121 0064 2846     		mov	r0, r5
 122              	.LVL20:
 123 0066 FFF7FEFF 		bl	u8x8_ClearDisplay
 124              	.LVL21:
  81:..\u8g2\csrc/u8x8_input_value.c ****   u8x8_SetInverseFont(u8x8, 0);  
 125              		.loc 1 81 0
 126 006a 0021     		movs	r1, #0
 127 006c 85F82310 		strb	r1, [r5, #35]
  82:..\u8g2\csrc/u8x8_input_value.c ****   y += u8x8_DrawUTF8Lines(u8x8, 0, y, u8x8_GetCols(u8x8), title);
 128              		.loc 1 82 0
 129 0070 2B68     		ldr	r3, [r5]
 130 0072 1B7C     		ldrb	r3, [r3, #16]	@ zero_extendqisi2
 131 0074 039A     		ldr	r2, [sp, #12]
 132 0076 0092     		str	r2, [sp]
 133 0078 5246     		mov	r2, r10
 134 007a 2846     		mov	r0, r5
 135 007c FFF7FEFF 		bl	u8x8_DrawUTF8Lines
 136              	.LVL22:
 137 0080 5044     		add	r0, r0, r10
 138 0082 5FFA80FA 		uxtb	r10, r0
 139              	.LVL23:
  83:..\u8g2\csrc/u8x8_input_value.c ****   x += u8x8_DrawUTF8(u8x8, x, y, pre);
 140              		.loc 1 83 0
 141 0086 029B     		ldr	r3, [sp, #8]
 142 0088 5246     		mov	r2, r10
 143 008a 3946     		mov	r1, r7
ARM GAS  C:\Users\brian\AppData\Local\Temp\cctgGStL.s 			page 5


 144 008c 2846     		mov	r0, r5
 145 008e FFF7FEFF 		bl	u8x8_DrawUTF8
 146              	.LVL24:
 147 0092 3844     		add	r0, r0, r7
 148 0094 C7B2     		uxtb	r7, r0
 149              	.LVL25:
  84:..\u8g2\csrc/u8x8_input_value.c ****   u8x8_DrawUTF8(u8x8, x+digits, y, post);
 150              		.loc 1 84 0
 151 0096 F119     		adds	r1, r6, r7
 152 0098 119B     		ldr	r3, [sp, #68]
 153 009a 5246     		mov	r2, r10
 154 009c C9B2     		uxtb	r1, r1
 155 009e 2846     		mov	r0, r5
 156 00a0 FFF7FEFF 		bl	u8x8_DrawUTF8
 157              	.LVL26:
  85:..\u8g2\csrc/u8x8_input_value.c ****   u8x8_SetInverseFont(u8x8, 1);
 158              		.loc 1 85 0
 159 00a4 0123     		movs	r3, #1
 160 00a6 85F82330 		strb	r3, [r5, #35]
  86:..\u8g2\csrc/u8x8_input_value.c ****   
  87:..\u8g2\csrc/u8x8_input_value.c ****   /* event loop */
  88:..\u8g2\csrc/u8x8_input_value.c ****   u8x8_DrawUTF8(u8x8, x, y, u8x8_u8toa(local_value, digits));
 161              		.loc 1 88 0
 162 00aa 3146     		mov	r1, r6
 163 00ac 2046     		mov	r0, r4
 164 00ae FFF7FEFF 		bl	u8x8_u8toa
 165              	.LVL27:
 166 00b2 0346     		mov	r3, r0
 167 00b4 5246     		mov	r2, r10
 168 00b6 3946     		mov	r1, r7
 169 00b8 2846     		mov	r0, r5
 170 00ba FFF7FEFF 		bl	u8x8_DrawUTF8
 171              	.LVL28:
 172              	.L4:
  89:..\u8g2\csrc/u8x8_input_value.c ****   for(;;)
  90:..\u8g2\csrc/u8x8_input_value.c ****   {
  91:..\u8g2\csrc/u8x8_input_value.c ****     event = u8x8_GetMenuEvent(u8x8);
 173              		.loc 1 91 0
 174 00be 2846     		mov	r0, r5
 175 00c0 FFF7FEFF 		bl	u8x8_GetMenuEvent
 176              	.LVL29:
  92:..\u8g2\csrc/u8x8_input_value.c ****     if ( event == U8X8_MSG_GPIO_MENU_SELECT )
 177              		.loc 1 92 0
 178 00c4 5028     		cmp	r0, #80
 179 00c6 03D1     		bne	.L5
  93:..\u8g2\csrc/u8x8_input_value.c ****     {
  94:..\u8g2\csrc/u8x8_input_value.c ****       *value = local_value;
 180              		.loc 1 94 0
 181 00c8 8BF80040 		strb	r4, [fp]
 182              	.LVL30:
  95:..\u8g2\csrc/u8x8_input_value.c ****       r = 1;
 183              		.loc 1 95 0
 184 00cc 0120     		movs	r0, #1
 185              	.LVL31:
  96:..\u8g2\csrc/u8x8_input_value.c ****       break;
 186              		.loc 1 96 0
 187 00ce 2CE0     		b	.L6
ARM GAS  C:\Users\brian\AppData\Local\Temp\cctgGStL.s 			page 6


 188              	.LVL32:
 189              	.L5:
  97:..\u8g2\csrc/u8x8_input_value.c ****     }
  98:..\u8g2\csrc/u8x8_input_value.c ****     else if ( event == U8X8_MSG_GPIO_MENU_HOME )
 190              		.loc 1 98 0
 191 00d0 5328     		cmp	r0, #83
 192 00d2 29D0     		beq	.L15
  99:..\u8g2\csrc/u8x8_input_value.c ****     {
 100:..\u8g2\csrc/u8x8_input_value.c ****       r = 0;
 101:..\u8g2\csrc/u8x8_input_value.c ****       break;
 102:..\u8g2\csrc/u8x8_input_value.c ****     }
 103:..\u8g2\csrc/u8x8_input_value.c ****     else if ( event == U8X8_MSG_GPIO_MENU_NEXT || event == U8X8_MSG_GPIO_MENU_UP )
 193              		.loc 1 103 0
 194 00d4 5128     		cmp	r0, #81
 195 00d6 01D0     		beq	.L7
 196              		.loc 1 103 0 is_stmt 0 discriminator 1
 197 00d8 5428     		cmp	r0, #84
 198 00da 10D1     		bne	.L8
 199              	.L7:
 104:..\u8g2\csrc/u8x8_input_value.c ****     {
 105:..\u8g2\csrc/u8x8_input_value.c ****       if ( local_value >= hi )
 200              		.loc 1 105 0 is_stmt 1
 201 00dc 4445     		cmp	r4, r8
 202 00de 02D2     		bcs	.L16
 106:..\u8g2\csrc/u8x8_input_value.c **** 	local_value = lo;
 107:..\u8g2\csrc/u8x8_input_value.c ****       else
 108:..\u8g2\csrc/u8x8_input_value.c **** 	local_value++;
 203              		.loc 1 108 0
 204 00e0 0134     		adds	r4, r4, #1
 205              	.LVL33:
 206 00e2 E4B2     		uxtb	r4, r4
 207              	.LVL34:
 208 00e4 00E0     		b	.L9
 209              	.L16:
 106:..\u8g2\csrc/u8x8_input_value.c **** 	local_value = lo;
 210              		.loc 1 106 0
 211 00e6 4C46     		mov	r4, r9
 212              	.LVL35:
 213              	.L9:
 109:..\u8g2\csrc/u8x8_input_value.c ****       u8x8_DrawUTF8(u8x8, x, y, u8x8_u8toa(local_value, digits));
 214              		.loc 1 109 0
 215 00e8 3146     		mov	r1, r6
 216 00ea 2046     		mov	r0, r4
 217              	.LVL36:
 218 00ec FFF7FEFF 		bl	u8x8_u8toa
 219              	.LVL37:
 220 00f0 0346     		mov	r3, r0
 221 00f2 5246     		mov	r2, r10
 222 00f4 3946     		mov	r1, r7
 223 00f6 2846     		mov	r0, r5
 224 00f8 FFF7FEFF 		bl	u8x8_DrawUTF8
 225              	.LVL38:
 226 00fc DFE7     		b	.L4
 227              	.LVL39:
 228              	.L8:
 110:..\u8g2\csrc/u8x8_input_value.c ****     }
 111:..\u8g2\csrc/u8x8_input_value.c ****     else if ( event == U8X8_MSG_GPIO_MENU_PREV || event == U8X8_MSG_GPIO_MENU_DOWN )
ARM GAS  C:\Users\brian\AppData\Local\Temp\cctgGStL.s 			page 7


 229              		.loc 1 111 0
 230 00fe 5228     		cmp	r0, #82
 231 0100 01D0     		beq	.L11
 232              		.loc 1 111 0 is_stmt 0 discriminator 1
 233 0102 5528     		cmp	r0, #85
 234 0104 DBD1     		bne	.L4
 235              	.L11:
 112:..\u8g2\csrc/u8x8_input_value.c ****     {
 113:..\u8g2\csrc/u8x8_input_value.c ****       if ( local_value <= lo )
 236              		.loc 1 113 0 is_stmt 1
 237 0106 4C45     		cmp	r4, r9
 238 0108 02D9     		bls	.L17
 114:..\u8g2\csrc/u8x8_input_value.c **** 	local_value = hi;
 115:..\u8g2\csrc/u8x8_input_value.c ****       else
 116:..\u8g2\csrc/u8x8_input_value.c **** 	local_value--;
 239              		.loc 1 116 0
 240 010a 013C     		subs	r4, r4, #1
 241              	.LVL40:
 242 010c E4B2     		uxtb	r4, r4
 243              	.LVL41:
 244 010e 00E0     		b	.L12
 245              	.L17:
 114:..\u8g2\csrc/u8x8_input_value.c **** 	local_value = hi;
 246              		.loc 1 114 0
 247 0110 4446     		mov	r4, r8
 248              	.LVL42:
 249              	.L12:
 117:..\u8g2\csrc/u8x8_input_value.c ****       u8x8_DrawUTF8(u8x8, x, y, u8x8_u8toa(local_value, digits));
 250              		.loc 1 117 0
 251 0112 3146     		mov	r1, r6
 252 0114 2046     		mov	r0, r4
 253              	.LVL43:
 254 0116 FFF7FEFF 		bl	u8x8_u8toa
 255              	.LVL44:
 256 011a 0346     		mov	r3, r0
 257 011c 5246     		mov	r2, r10
 258 011e 3946     		mov	r1, r7
 259 0120 2846     		mov	r0, r5
 260 0122 FFF7FEFF 		bl	u8x8_DrawUTF8
 261              	.LVL45:
 262 0126 CAE7     		b	.L4
 263              	.LVL46:
 264              	.L15:
 100:..\u8g2\csrc/u8x8_input_value.c ****       break;
 265              		.loc 1 100 0
 266 0128 0020     		movs	r0, #0
 267              	.LVL47:
 268              	.L6:
 118:..\u8g2\csrc/u8x8_input_value.c ****     }        
 119:..\u8g2\csrc/u8x8_input_value.c ****   }
 120:..\u8g2\csrc/u8x8_input_value.c ****   
 121:..\u8g2\csrc/u8x8_input_value.c ****   u8x8_SetInverseFont(u8x8, 0);
 269              		.loc 1 121 0
 270 012a 0023     		movs	r3, #0
 271 012c 85F82330 		strb	r3, [r5, #35]
 122:..\u8g2\csrc/u8x8_input_value.c ****   return r;  
 123:..\u8g2\csrc/u8x8_input_value.c **** }
ARM GAS  C:\Users\brian\AppData\Local\Temp\cctgGStL.s 			page 8


 272              		.loc 1 123 0
 273 0130 05B0     		add	sp, sp, #20
 274              		.cfi_def_cfa_offset 36
 275              		@ sp needed
 276 0132 BDE8F08F 		pop	{r4, r5, r6, r7, r8, r9, r10, fp, pc}
 277              		.cfi_endproc
 278              	.LFE0:
 279              		.size	u8x8_UserInterfaceInputValue, .-u8x8_UserInterfaceInputValue
 280 0136 00BF     		.text
 281              	.Letext0:
 282              		.file 2 "c:\\program files (x86)\\cypress\\psoc creator\\4.4\\psoc creator\\import\\gnu\\arm\\5.4.
 283              		.file 3 "c:\\program files (x86)\\cypress\\psoc creator\\4.4\\psoc creator\\import\\gnu\\arm\\5.4.
 284              		.file 4 "..\\u8g2\\csrc\\u8x8.h"
 285              		.section	.debug_info,"",%progbits
 286              	.Ldebug_info0:
 287 0000 29060000 		.4byte	0x629
 288 0004 0400     		.2byte	0x4
 289 0006 00000000 		.4byte	.Ldebug_abbrev0
 290 000a 04       		.byte	0x4
 291 000b 01       		.uleb128 0x1
 292 000c 32040000 		.4byte	.LASF77
 293 0010 0C       		.byte	0xc
 294 0011 05000000 		.4byte	.LASF78
 295 0015 14010000 		.4byte	.LASF79
 296 0019 00000000 		.4byte	.Ldebug_ranges0+0
 297 001d 00000000 		.4byte	0
 298 0021 00000000 		.4byte	.Ldebug_line0
 299 0025 02       		.uleb128 0x2
 300 0026 01       		.byte	0x1
 301 0027 06       		.byte	0x6
 302 0028 95020000 		.4byte	.LASF0
 303 002c 03       		.uleb128 0x3
 304 002d 30020000 		.4byte	.LASF3
 305 0031 02       		.byte	0x2
 306 0032 1D       		.byte	0x1d
 307 0033 37000000 		.4byte	0x37
 308 0037 02       		.uleb128 0x2
 309 0038 01       		.byte	0x1
 310 0039 08       		.byte	0x8
 311 003a 87020000 		.4byte	.LASF1
 312 003e 02       		.uleb128 0x2
 313 003f 02       		.byte	0x2
 314 0040 05       		.byte	0x5
 315 0041 77000000 		.4byte	.LASF2
 316 0045 03       		.uleb128 0x3
 317 0046 03010000 		.4byte	.LASF4
 318 004a 02       		.byte	0x2
 319 004b 2B       		.byte	0x2b
 320 004c 50000000 		.4byte	0x50
 321 0050 02       		.uleb128 0x2
 322 0051 02       		.byte	0x2
 323 0052 07       		.byte	0x7
 324 0053 35030000 		.4byte	.LASF5
 325 0057 02       		.uleb128 0x2
 326 0058 04       		.byte	0x4
 327 0059 05       		.byte	0x5
 328 005a 27020000 		.4byte	.LASF6
ARM GAS  C:\Users\brian\AppData\Local\Temp\cctgGStL.s 			page 9


 329 005e 03       		.uleb128 0x3
 330 005f F2000000 		.4byte	.LASF7
 331 0063 02       		.byte	0x2
 332 0064 41       		.byte	0x41
 333 0065 69000000 		.4byte	0x69
 334 0069 02       		.uleb128 0x2
 335 006a 04       		.byte	0x4
 336 006b 07       		.byte	0x7
 337 006c CB030000 		.4byte	.LASF8
 338 0070 02       		.uleb128 0x2
 339 0071 08       		.byte	0x8
 340 0072 05       		.byte	0x5
 341 0073 FA010000 		.4byte	.LASF9
 342 0077 02       		.uleb128 0x2
 343 0078 08       		.byte	0x8
 344 0079 07       		.byte	0x7
 345 007a A1020000 		.4byte	.LASF10
 346 007e 04       		.uleb128 0x4
 347 007f 04       		.byte	0x4
 348 0080 05       		.byte	0x5
 349 0081 696E7400 		.ascii	"int\000"
 350 0085 02       		.uleb128 0x2
 351 0086 04       		.byte	0x4
 352 0087 07       		.byte	0x7
 353 0088 C8020000 		.4byte	.LASF11
 354 008c 03       		.uleb128 0x3
 355 008d 5F010000 		.4byte	.LASF12
 356 0091 03       		.byte	0x3
 357 0092 18       		.byte	0x18
 358 0093 2C000000 		.4byte	0x2c
 359 0097 03       		.uleb128 0x3
 360 0098 D5020000 		.4byte	.LASF13
 361 009c 03       		.byte	0x3
 362 009d 24       		.byte	0x24
 363 009e 45000000 		.4byte	0x45
 364 00a2 03       		.uleb128 0x3
 365 00a3 B8020000 		.4byte	.LASF14
 366 00a7 03       		.byte	0x3
 367 00a8 30       		.byte	0x30
 368 00a9 5E000000 		.4byte	0x5e
 369 00ad 05       		.uleb128 0x5
 370 00ae 04       		.byte	0x4
 371 00af 02       		.uleb128 0x2
 372 00b0 08       		.byte	0x8
 373 00b1 04       		.byte	0x4
 374 00b2 6F020000 		.4byte	.LASF15
 375 00b6 03       		.uleb128 0x3
 376 00b7 0C030000 		.4byte	.LASF16
 377 00bb 04       		.byte	0x4
 378 00bc CD       		.byte	0xcd
 379 00bd C1000000 		.4byte	0xc1
 380 00c1 06       		.uleb128 0x6
 381 00c2 BF030000 		.4byte	.LASF37
 382 00c6 2C       		.byte	0x2c
 383 00c7 04       		.byte	0x4
 384 00c8 5001     		.2byte	0x150
 385 00ca C6010000 		.4byte	0x1c6
ARM GAS  C:\Users\brian\AppData\Local\Temp\cctgGStL.s 			page 10


 386 00ce 07       		.uleb128 0x7
 387 00cf 69030000 		.4byte	.LASF17
 388 00d3 04       		.byte	0x4
 389 00d4 5201     		.2byte	0x152
 390 00d6 2C030000 		.4byte	0x32c
 391 00da 00       		.byte	0
 392 00db 07       		.uleb128 0x7
 393 00dc F2040000 		.4byte	.LASF18
 394 00e0 04       		.byte	0x4
 395 00e1 5301     		.2byte	0x153
 396 00e3 01030000 		.4byte	0x301
 397 00e7 04       		.byte	0x4
 398 00e8 07       		.uleb128 0x7
 399 00e9 3A020000 		.4byte	.LASF19
 400 00ed 04       		.byte	0x4
 401 00ee 5401     		.2byte	0x154
 402 00f0 CC020000 		.4byte	0x2cc
 403 00f4 08       		.byte	0x8
 404 00f5 07       		.uleb128 0x7
 405 00f6 2B040000 		.4byte	.LASF20
 406 00fa 04       		.byte	0x4
 407 00fb 5501     		.2byte	0x155
 408 00fd CC020000 		.4byte	0x2cc
 409 0101 0C       		.byte	0xc
 410 0102 07       		.uleb128 0x7
 411 0103 DD030000 		.4byte	.LASF21
 412 0107 04       		.byte	0x4
 413 0108 5601     		.2byte	0x156
 414 010a CC020000 		.4byte	0x2cc
 415 010e 10       		.byte	0x10
 416 010f 07       		.uleb128 0x7
 417 0110 81000000 		.4byte	.LASF22
 418 0114 04       		.byte	0x4
 419 0115 5701     		.2byte	0x157
 420 0117 CC020000 		.4byte	0x2cc
 421 011b 14       		.byte	0x14
 422 011c 07       		.uleb128 0x7
 423 011d B3010000 		.4byte	.LASF23
 424 0121 04       		.byte	0x4
 425 0122 5801     		.2byte	0x158
 426 0124 A2000000 		.4byte	0xa2
 427 0128 18       		.byte	0x18
 428 0129 07       		.uleb128 0x7
 429 012a 5E000000 		.4byte	.LASF24
 430 012e 04       		.byte	0x4
 431 012f 5901     		.2byte	0x159
 432 0131 37030000 		.4byte	0x337
 433 0135 1C       		.byte	0x1c
 434 0136 07       		.uleb128 0x7
 435 0137 16040000 		.4byte	.LASF25
 436 013b 04       		.byte	0x4
 437 013c 5A01     		.2byte	0x15a
 438 013e 97000000 		.4byte	0x97
 439 0142 20       		.byte	0x20
 440 0143 07       		.uleb128 0x7
 441 0144 25000000 		.4byte	.LASF26
 442 0148 04       		.byte	0x4
ARM GAS  C:\Users\brian\AppData\Local\Temp\cctgGStL.s 			page 11


 443 0149 5B01     		.2byte	0x15b
 444 014b 8C000000 		.4byte	0x8c
 445 014f 22       		.byte	0x22
 446 0150 07       		.uleb128 0x7
 447 0151 2E000000 		.4byte	.LASF27
 448 0155 04       		.byte	0x4
 449 0156 5C01     		.2byte	0x15c
 450 0158 8C000000 		.4byte	0x8c
 451 015c 23       		.byte	0x23
 452 015d 07       		.uleb128 0x7
 453 015e F8030000 		.4byte	.LASF28
 454 0162 04       		.byte	0x4
 455 0163 5D01     		.2byte	0x15d
 456 0165 8C000000 		.4byte	0x8c
 457 0169 24       		.byte	0x24
 458 016a 07       		.uleb128 0x7
 459 016b 1F040000 		.4byte	.LASF29
 460 016f 04       		.byte	0x4
 461 0170 6001     		.2byte	0x160
 462 0172 8C000000 		.4byte	0x8c
 463 0176 25       		.byte	0x25
 464 0177 07       		.uleb128 0x7
 465 0178 B4030000 		.4byte	.LASF30
 466 017c 04       		.byte	0x4
 467 017d 6201     		.2byte	0x162
 468 017f 8C000000 		.4byte	0x8c
 469 0183 26       		.byte	0x26
 470 0184 07       		.uleb128 0x7
 471 0185 08020000 		.4byte	.LASF31
 472 0189 04       		.byte	0x4
 473 018a 6301     		.2byte	0x163
 474 018c 8C000000 		.4byte	0x8c
 475 0190 27       		.byte	0x27
 476 0191 07       		.uleb128 0x7
 477 0192 C0040000 		.4byte	.LASF32
 478 0196 04       		.byte	0x4
 479 0197 6401     		.2byte	0x164
 480 0199 8C000000 		.4byte	0x8c
 481 019d 28       		.byte	0x28
 482 019e 07       		.uleb128 0x7
 483 019f E2010000 		.4byte	.LASF33
 484 01a3 04       		.byte	0x4
 485 01a4 6501     		.2byte	0x165
 486 01a6 8C000000 		.4byte	0x8c
 487 01aa 29       		.byte	0x29
 488 01ab 07       		.uleb128 0x7
 489 01ac 5A030000 		.4byte	.LASF34
 490 01b0 04       		.byte	0x4
 491 01b1 6601     		.2byte	0x166
 492 01b3 8C000000 		.4byte	0x8c
 493 01b7 2A       		.byte	0x2a
 494 01b8 07       		.uleb128 0x7
 495 01b9 63000000 		.4byte	.LASF35
 496 01bd 04       		.byte	0x4
 497 01be 6701     		.2byte	0x167
 498 01c0 8C000000 		.4byte	0x8c
 499 01c4 2B       		.byte	0x2b
ARM GAS  C:\Users\brian\AppData\Local\Temp\cctgGStL.s 			page 12


 500 01c5 00       		.byte	0
 501 01c6 03       		.uleb128 0x3
 502 01c7 CE010000 		.4byte	.LASF36
 503 01cb 04       		.byte	0x4
 504 01cc CE       		.byte	0xce
 505 01cd D1010000 		.4byte	0x1d1
 506 01d1 08       		.uleb128 0x8
 507 01d2 DE020000 		.4byte	.LASF38
 508 01d6 18       		.byte	0x18
 509 01d7 04       		.byte	0x4
 510 01d8 E7       		.byte	0xe7
 511 01d9 CC020000 		.4byte	0x2cc
 512 01dd 09       		.uleb128 0x9
 513 01de 4C000000 		.4byte	.LASF39
 514 01e2 04       		.byte	0x4
 515 01e3 EB       		.byte	0xeb
 516 01e4 8C000000 		.4byte	0x8c
 517 01e8 00       		.byte	0
 518 01e9 09       		.uleb128 0x9
 519 01ea E5030000 		.4byte	.LASF40
 520 01ee 04       		.byte	0x4
 521 01ef EC       		.byte	0xec
 522 01f0 8C000000 		.4byte	0x8c
 523 01f4 01       		.byte	0x1
 524 01f5 09       		.uleb128 0x9
 525 01f6 67010000 		.4byte	.LASF41
 526 01fa 04       		.byte	0x4
 527 01fb EE       		.byte	0xee
 528 01fc 8C000000 		.4byte	0x8c
 529 0200 02       		.byte	0x2
 530 0201 09       		.uleb128 0x9
 531 0202 08050000 		.4byte	.LASF42
 532 0206 04       		.byte	0x4
 533 0207 EF       		.byte	0xef
 534 0208 8C000000 		.4byte	0x8c
 535 020c 03       		.byte	0x3
 536 020d 09       		.uleb128 0x9
 537 020e F7020000 		.4byte	.LASF43
 538 0212 04       		.byte	0x4
 539 0213 F0       		.byte	0xf0
 540 0214 8C000000 		.4byte	0x8c
 541 0218 04       		.byte	0x4
 542 0219 09       		.uleb128 0x9
 543 021a DF000000 		.4byte	.LASF44
 544 021e 04       		.byte	0x4
 545 021f F1       		.byte	0xf1
 546 0220 8C000000 		.4byte	0x8c
 547 0224 05       		.byte	0x5
 548 0225 09       		.uleb128 0x9
 549 0226 CD000000 		.4byte	.LASF45
 550 022a 04       		.byte	0x4
 551 022b F8       		.byte	0xf8
 552 022c 8C000000 		.4byte	0x8c
 553 0230 06       		.byte	0x6
 554 0231 09       		.uleb128 0x9
 555 0232 14020000 		.4byte	.LASF46
 556 0236 04       		.byte	0x4
ARM GAS  C:\Users\brian\AppData\Local\Temp\cctgGStL.s 			page 13


 557 0237 FC       		.byte	0xfc
 558 0238 8C000000 		.4byte	0x8c
 559 023c 07       		.byte	0x7
 560 023d 09       		.uleb128 0x9
 561 023e 28030000 		.4byte	.LASF47
 562 0242 04       		.byte	0x4
 563 0243 FF       		.byte	0xff
 564 0244 A2000000 		.4byte	0xa2
 565 0248 08       		.byte	0x8
 566 0249 07       		.uleb128 0x7
 567 024a 43000000 		.4byte	.LASF48
 568 024e 04       		.byte	0x4
 569 024f 0901     		.2byte	0x109
 570 0251 8C000000 		.4byte	0x8c
 571 0255 0C       		.byte	0xc
 572 0256 07       		.uleb128 0x7
 573 0257 13030000 		.4byte	.LASF49
 574 025b 04       		.byte	0x4
 575 025c 0C01     		.2byte	0x10c
 576 025e 8C000000 		.4byte	0x8c
 577 0262 0D       		.byte	0xd
 578 0263 07       		.uleb128 0x7
 579 0264 4C020000 		.4byte	.LASF50
 580 0268 04       		.byte	0x4
 581 0269 1201     		.2byte	0x112
 582 026b 8C000000 		.4byte	0x8c
 583 026f 0E       		.byte	0xe
 584 0270 07       		.uleb128 0x7
 585 0271 4A010000 		.4byte	.LASF51
 586 0275 04       		.byte	0x4
 587 0276 1401     		.2byte	0x114
 588 0278 8C000000 		.4byte	0x8c
 589 027c 0F       		.byte	0xf
 590 027d 07       		.uleb128 0x7
 591 027e 93000000 		.4byte	.LASF52
 592 0282 04       		.byte	0x4
 593 0283 1701     		.2byte	0x117
 594 0285 8C000000 		.4byte	0x8c
 595 0289 10       		.byte	0x10
 596 028a 07       		.uleb128 0x7
 597 028b 7B020000 		.4byte	.LASF53
 598 028f 04       		.byte	0x4
 599 0290 1801     		.2byte	0x118
 600 0292 8C000000 		.4byte	0x8c
 601 0296 11       		.byte	0x11
 602 0297 07       		.uleb128 0x7
 603 0298 BD010000 		.4byte	.LASF54
 604 029c 04       		.byte	0x4
 605 029d 1A01     		.2byte	0x11a
 606 029f 8C000000 		.4byte	0x8c
 607 02a3 12       		.byte	0x12
 608 02a4 07       		.uleb128 0x7
 609 02a5 04040000 		.4byte	.LASF55
 610 02a9 04       		.byte	0x4
 611 02aa 1B01     		.2byte	0x11b
 612 02ac 8C000000 		.4byte	0x8c
 613 02b0 13       		.byte	0x13
ARM GAS  C:\Users\brian\AppData\Local\Temp\cctgGStL.s 			page 14


 614 02b1 07       		.uleb128 0x7
 615 02b2 A8030000 		.4byte	.LASF56
 616 02b6 04       		.byte	0x4
 617 02b7 2301     		.2byte	0x123
 618 02b9 97000000 		.4byte	0x97
 619 02bd 14       		.byte	0x14
 620 02be 07       		.uleb128 0x7
 621 02bf 76030000 		.4byte	.LASF57
 622 02c3 04       		.byte	0x4
 623 02c4 2401     		.2byte	0x124
 624 02c6 97000000 		.4byte	0x97
 625 02ca 16       		.byte	0x16
 626 02cb 00       		.byte	0
 627 02cc 03       		.uleb128 0x3
 628 02cd E6040000 		.4byte	.LASF58
 629 02d1 04       		.byte	0x4
 630 02d2 D1       		.byte	0xd1
 631 02d3 D7020000 		.4byte	0x2d7
 632 02d7 0A       		.uleb128 0xa
 633 02d8 04       		.byte	0x4
 634 02d9 DD020000 		.4byte	0x2dd
 635 02dd 0B       		.uleb128 0xb
 636 02de 8C000000 		.4byte	0x8c
 637 02e2 FB020000 		.4byte	0x2fb
 638 02e6 0C       		.uleb128 0xc
 639 02e7 FB020000 		.4byte	0x2fb
 640 02eb 0C       		.uleb128 0xc
 641 02ec 8C000000 		.4byte	0x8c
 642 02f0 0C       		.uleb128 0xc
 643 02f1 8C000000 		.4byte	0x8c
 644 02f5 0C       		.uleb128 0xc
 645 02f6 AD000000 		.4byte	0xad
 646 02fa 00       		.byte	0
 647 02fb 0A       		.uleb128 0xa
 648 02fc 04       		.byte	0x4
 649 02fd B6000000 		.4byte	0xb6
 650 0301 03       		.uleb128 0x3
 651 0302 48030000 		.4byte	.LASF59
 652 0306 04       		.byte	0x4
 653 0307 D2       		.byte	0xd2
 654 0308 0C030000 		.4byte	0x30c
 655 030c 0A       		.uleb128 0xa
 656 030d 04       		.byte	0x4
 657 030e 12030000 		.4byte	0x312
 658 0312 0B       		.uleb128 0xb
 659 0313 97000000 		.4byte	0x97
 660 0317 26030000 		.4byte	0x326
 661 031b 0C       		.uleb128 0xc
 662 031c FB020000 		.4byte	0x2fb
 663 0320 0C       		.uleb128 0xc
 664 0321 8C000000 		.4byte	0x8c
 665 0325 00       		.byte	0
 666 0326 0A       		.uleb128 0xa
 667 0327 04       		.byte	0x4
 668 0328 8C000000 		.4byte	0x8c
 669 032c 0A       		.uleb128 0xa
 670 032d 04       		.byte	0x4
ARM GAS  C:\Users\brian\AppData\Local\Temp\cctgGStL.s 			page 15


 671 032e 32030000 		.4byte	0x332
 672 0332 0D       		.uleb128 0xd
 673 0333 C6010000 		.4byte	0x1c6
 674 0337 0A       		.uleb128 0xa
 675 0338 04       		.byte	0x4
 676 0339 3D030000 		.4byte	0x33d
 677 033d 0D       		.uleb128 0xd
 678 033e 8C000000 		.4byte	0x8c
 679 0342 0E       		.uleb128 0xe
 680 0343 9E000000 		.4byte	.LASF80
 681 0347 01       		.byte	0x1
 682 0348 2C       		.byte	0x2c
 683 0349 8C000000 		.4byte	0x8c
 684 034d 00000000 		.4byte	.LFB0
 685 0351 36010000 		.4byte	.LFE0-.LFB0
 686 0355 01       		.uleb128 0x1
 687 0356 9C       		.byte	0x9c
 688 0357 C6050000 		.4byte	0x5c6
 689 035b 0F       		.uleb128 0xf
 690 035c 86010000 		.4byte	.LASF60
 691 0360 01       		.byte	0x1
 692 0361 2C       		.byte	0x2c
 693 0362 FB020000 		.4byte	0x2fb
 694 0366 00000000 		.4byte	.LLST0
 695 036a 0F       		.uleb128 0xf
 696 036b 80010000 		.4byte	.LASF61
 697 036f 01       		.byte	0x1
 698 0370 2C       		.byte	0x2c
 699 0371 C6050000 		.4byte	0x5c6
 700 0375 1E000000 		.4byte	.LLST1
 701 0379 10       		.uleb128 0x10
 702 037a 70726500 		.ascii	"pre\000"
 703 037e 01       		.byte	0x1
 704 037f 2C       		.byte	0x2c
 705 0380 C6050000 		.4byte	0x5c6
 706 0384 3D000000 		.4byte	.LLST2
 707 0388 0F       		.uleb128 0xf
 708 0389 0E010000 		.4byte	.LASF62
 709 038d 01       		.byte	0x1
 710 038e 2C       		.byte	0x2c
 711 038f 26030000 		.4byte	0x326
 712 0393 5C000000 		.4byte	.LLST3
 713 0397 11       		.uleb128 0x11
 714 0398 6C6F00   		.ascii	"lo\000"
 715 039b 01       		.byte	0x1
 716 039c 2C       		.byte	0x2c
 717 039d 8C000000 		.4byte	0x8c
 718 03a1 02       		.uleb128 0x2
 719 03a2 91       		.byte	0x91
 720 03a3 00       		.sleb128 0
 721 03a4 11       		.uleb128 0x11
 722 03a5 686900   		.ascii	"hi\000"
 723 03a8 01       		.byte	0x1
 724 03a9 2C       		.byte	0x2c
 725 03aa 8C000000 		.4byte	0x8c
 726 03ae 02       		.uleb128 0x2
 727 03af 91       		.byte	0x91
ARM GAS  C:\Users\brian\AppData\Local\Temp\cctgGStL.s 			page 16


 728 03b0 04       		.sleb128 4
 729 03b1 12       		.uleb128 0x12
 730 03b2 45020000 		.4byte	.LASF63
 731 03b6 01       		.byte	0x1
 732 03b7 2C       		.byte	0x2c
 733 03b8 8C000000 		.4byte	0x8c
 734 03bc 02       		.uleb128 0x2
 735 03bd 91       		.byte	0x91
 736 03be 08       		.sleb128 8
 737 03bf 12       		.uleb128 0x12
 738 03c0 00000000 		.4byte	.LASF64
 739 03c4 01       		.byte	0x1
 740 03c5 2C       		.byte	0x2c
 741 03c6 C6050000 		.4byte	0x5c6
 742 03ca 02       		.uleb128 0x2
 743 03cb 91       		.byte	0x91
 744 03cc 0C       		.sleb128 12
 745 03cd 13       		.uleb128 0x13
 746 03ce C1020000 		.4byte	.LASF65
 747 03d2 01       		.byte	0x1
 748 03d3 2E       		.byte	0x2e
 749 03d4 8C000000 		.4byte	0x8c
 750 03d8 7A000000 		.4byte	.LLST4
 751 03dc 14       		.uleb128 0x14
 752 03dd 7900     		.ascii	"y\000"
 753 03df 01       		.byte	0x1
 754 03e0 2F       		.byte	0x2f
 755 03e1 8C000000 		.4byte	0x8c
 756 03e5 A4000000 		.4byte	.LLST5
 757 03e9 13       		.uleb128 0x13
 758 03ea AD010000 		.4byte	.LASF66
 759 03ee 01       		.byte	0x1
 760 03ef 30       		.byte	0x30
 761 03f0 8C000000 		.4byte	0x8c
 762 03f4 F0000000 		.4byte	.LLST6
 763 03f8 14       		.uleb128 0x14
 764 03f9 7800     		.ascii	"x\000"
 765 03fb 01       		.byte	0x1
 766 03fc 31       		.byte	0x31
 767 03fd 8C000000 		.4byte	0x8c
 768 0401 19010000 		.4byte	.LLST7
 769 0405 13       		.uleb128 0x13
 770 0406 8B010000 		.4byte	.LASF67
 771 040a 01       		.byte	0x1
 772 040b 32       		.byte	0x32
 773 040c 8C000000 		.4byte	0x8c
 774 0410 4F010000 		.4byte	.LLST8
 775 0414 14       		.uleb128 0x14
 776 0415 7200     		.ascii	"r\000"
 777 0417 01       		.byte	0x1
 778 0418 33       		.byte	0x33
 779 0419 8C000000 		.4byte	0x8c
 780 041d 78010000 		.4byte	.LLST9
 781 0421 13       		.uleb128 0x13
 782 0422 FD000000 		.4byte	.LASF68
 783 0426 01       		.byte	0x1
 784 0427 34       		.byte	0x34
ARM GAS  C:\Users\brian\AppData\Local\Temp\cctgGStL.s 			page 17


 785 0428 8C000000 		.4byte	0x8c
 786 042c 97010000 		.4byte	.LLST10
 787 0430 15       		.uleb128 0x15
 788 0431 22000000 		.4byte	.LVL3
 789 0435 D8050000 		.4byte	0x5d8
 790 0439 45040000 		.4byte	0x445
 791 043d 16       		.uleb128 0x16
 792 043e 01       		.uleb128 0x1
 793 043f 50       		.byte	0x50
 794 0440 03       		.uleb128 0x3
 795 0441 91       		.byte	0x91
 796 0442 54       		.sleb128 -44
 797 0443 06       		.byte	0x6
 798 0444 00       		.byte	0
 799 0445 15       		.uleb128 0x15
 800 0446 42000000 		.4byte	.LVL10
 801 044a E4050000 		.4byte	0x5e4
 802 044e 60040000 		.4byte	0x460
 803 0452 16       		.uleb128 0x16
 804 0453 01       		.uleb128 0x1
 805 0454 50       		.byte	0x50
 806 0455 02       		.uleb128 0x2
 807 0456 75       		.byte	0x75
 808 0457 00       		.sleb128 0
 809 0458 16       		.uleb128 0x16
 810 0459 01       		.uleb128 0x1
 811 045a 51       		.byte	0x51
 812 045b 03       		.uleb128 0x3
 813 045c 91       		.byte	0x91
 814 045d 50       		.sleb128 -48
 815 045e 06       		.byte	0x6
 816 045f 00       		.byte	0
 817 0460 15       		.uleb128 0x15
 818 0461 4E000000 		.4byte	.LVL13
 819 0465 E4050000 		.4byte	0x5e4
 820 0469 7B040000 		.4byte	0x47b
 821 046d 16       		.uleb128 0x16
 822 046e 01       		.uleb128 0x1
 823 046f 50       		.byte	0x50
 824 0470 02       		.uleb128 0x2
 825 0471 75       		.byte	0x75
 826 0472 00       		.sleb128 0
 827 0473 16       		.uleb128 0x16
 828 0474 01       		.uleb128 0x1
 829 0475 51       		.byte	0x51
 830 0476 03       		.uleb128 0x3
 831 0477 91       		.byte	0x91
 832 0478 0C       		.sleb128 12
 833 0479 06       		.byte	0x6
 834 047a 00       		.byte	0
 835 047b 15       		.uleb128 0x15
 836 047c 6A000000 		.4byte	.LVL21
 837 0480 F0050000 		.4byte	0x5f0
 838 0484 8F040000 		.4byte	0x48f
 839 0488 16       		.uleb128 0x16
 840 0489 01       		.uleb128 0x1
 841 048a 50       		.byte	0x50
ARM GAS  C:\Users\brian\AppData\Local\Temp\cctgGStL.s 			page 18


 842 048b 02       		.uleb128 0x2
 843 048c 75       		.byte	0x75
 844 048d 00       		.sleb128 0
 845 048e 00       		.byte	0
 846 048f 15       		.uleb128 0x15
 847 0490 80000000 		.4byte	.LVL22
 848 0494 FC050000 		.4byte	0x5fc
 849 0498 B6040000 		.4byte	0x4b6
 850 049c 16       		.uleb128 0x16
 851 049d 01       		.uleb128 0x1
 852 049e 50       		.byte	0x50
 853 049f 02       		.uleb128 0x2
 854 04a0 75       		.byte	0x75
 855 04a1 00       		.sleb128 0
 856 04a2 16       		.uleb128 0x16
 857 04a3 01       		.uleb128 0x1
 858 04a4 51       		.byte	0x51
 859 04a5 01       		.uleb128 0x1
 860 04a6 30       		.byte	0x30
 861 04a7 16       		.uleb128 0x16
 862 04a8 01       		.uleb128 0x1
 863 04a9 52       		.byte	0x52
 864 04aa 02       		.uleb128 0x2
 865 04ab 7A       		.byte	0x7a
 866 04ac 00       		.sleb128 0
 867 04ad 16       		.uleb128 0x16
 868 04ae 02       		.uleb128 0x2
 869 04af 7D       		.byte	0x7d
 870 04b0 00       		.sleb128 0
 871 04b1 03       		.uleb128 0x3
 872 04b2 91       		.byte	0x91
 873 04b3 54       		.sleb128 -44
 874 04b4 06       		.byte	0x6
 875 04b5 00       		.byte	0
 876 04b6 15       		.uleb128 0x15
 877 04b7 92000000 		.4byte	.LVL24
 878 04bb 08060000 		.4byte	0x608
 879 04bf DD040000 		.4byte	0x4dd
 880 04c3 16       		.uleb128 0x16
 881 04c4 01       		.uleb128 0x1
 882 04c5 50       		.byte	0x50
 883 04c6 02       		.uleb128 0x2
 884 04c7 75       		.byte	0x75
 885 04c8 00       		.sleb128 0
 886 04c9 16       		.uleb128 0x16
 887 04ca 01       		.uleb128 0x1
 888 04cb 51       		.byte	0x51
 889 04cc 02       		.uleb128 0x2
 890 04cd 77       		.byte	0x77
 891 04ce 00       		.sleb128 0
 892 04cf 16       		.uleb128 0x16
 893 04d0 01       		.uleb128 0x1
 894 04d1 52       		.byte	0x52
 895 04d2 02       		.uleb128 0x2
 896 04d3 7A       		.byte	0x7a
 897 04d4 00       		.sleb128 0
 898 04d5 16       		.uleb128 0x16
ARM GAS  C:\Users\brian\AppData\Local\Temp\cctgGStL.s 			page 19


 899 04d6 01       		.uleb128 0x1
 900 04d7 53       		.byte	0x53
 901 04d8 03       		.uleb128 0x3
 902 04d9 91       		.byte	0x91
 903 04da 50       		.sleb128 -48
 904 04db 06       		.byte	0x6
 905 04dc 00       		.byte	0
 906 04dd 15       		.uleb128 0x15
 907 04de A4000000 		.4byte	.LVL26
 908 04e2 08060000 		.4byte	0x608
 909 04e6 07050000 		.4byte	0x507
 910 04ea 16       		.uleb128 0x16
 911 04eb 01       		.uleb128 0x1
 912 04ec 50       		.byte	0x50
 913 04ed 02       		.uleb128 0x2
 914 04ee 75       		.byte	0x75
 915 04ef 00       		.sleb128 0
 916 04f0 16       		.uleb128 0x16
 917 04f1 01       		.uleb128 0x1
 918 04f2 51       		.byte	0x51
 919 04f3 05       		.uleb128 0x5
 920 04f4 76       		.byte	0x76
 921 04f5 00       		.sleb128 0
 922 04f6 77       		.byte	0x77
 923 04f7 00       		.sleb128 0
 924 04f8 22       		.byte	0x22
 925 04f9 16       		.uleb128 0x16
 926 04fa 01       		.uleb128 0x1
 927 04fb 52       		.byte	0x52
 928 04fc 02       		.uleb128 0x2
 929 04fd 7A       		.byte	0x7a
 930 04fe 00       		.sleb128 0
 931 04ff 16       		.uleb128 0x16
 932 0500 01       		.uleb128 0x1
 933 0501 53       		.byte	0x53
 934 0502 03       		.uleb128 0x3
 935 0503 91       		.byte	0x91
 936 0504 0C       		.sleb128 12
 937 0505 06       		.byte	0x6
 938 0506 00       		.byte	0
 939 0507 15       		.uleb128 0x15
 940 0508 B2000000 		.4byte	.LVL27
 941 050c 14060000 		.4byte	0x614
 942 0510 21050000 		.4byte	0x521
 943 0514 16       		.uleb128 0x16
 944 0515 01       		.uleb128 0x1
 945 0516 50       		.byte	0x50
 946 0517 02       		.uleb128 0x2
 947 0518 74       		.byte	0x74
 948 0519 00       		.sleb128 0
 949 051a 16       		.uleb128 0x16
 950 051b 01       		.uleb128 0x1
 951 051c 51       		.byte	0x51
 952 051d 02       		.uleb128 0x2
 953 051e 76       		.byte	0x76
 954 051f 00       		.sleb128 0
 955 0520 00       		.byte	0
ARM GAS  C:\Users\brian\AppData\Local\Temp\cctgGStL.s 			page 20


 956 0521 15       		.uleb128 0x15
 957 0522 BE000000 		.4byte	.LVL28
 958 0526 08060000 		.4byte	0x608
 959 052a 41050000 		.4byte	0x541
 960 052e 16       		.uleb128 0x16
 961 052f 01       		.uleb128 0x1
 962 0530 50       		.byte	0x50
 963 0531 02       		.uleb128 0x2
 964 0532 75       		.byte	0x75
 965 0533 00       		.sleb128 0
 966 0534 16       		.uleb128 0x16
 967 0535 01       		.uleb128 0x1
 968 0536 51       		.byte	0x51
 969 0537 02       		.uleb128 0x2
 970 0538 77       		.byte	0x77
 971 0539 00       		.sleb128 0
 972 053a 16       		.uleb128 0x16
 973 053b 01       		.uleb128 0x1
 974 053c 52       		.byte	0x52
 975 053d 02       		.uleb128 0x2
 976 053e 7A       		.byte	0x7a
 977 053f 00       		.sleb128 0
 978 0540 00       		.byte	0
 979 0541 15       		.uleb128 0x15
 980 0542 C4000000 		.4byte	.LVL29
 981 0546 20060000 		.4byte	0x620
 982 054a 55050000 		.4byte	0x555
 983 054e 16       		.uleb128 0x16
 984 054f 01       		.uleb128 0x1
 985 0550 50       		.byte	0x50
 986 0551 02       		.uleb128 0x2
 987 0552 75       		.byte	0x75
 988 0553 00       		.sleb128 0
 989 0554 00       		.byte	0
 990 0555 15       		.uleb128 0x15
 991 0556 F0000000 		.4byte	.LVL37
 992 055a 14060000 		.4byte	0x614
 993 055e 6F050000 		.4byte	0x56f
 994 0562 16       		.uleb128 0x16
 995 0563 01       		.uleb128 0x1
 996 0564 50       		.byte	0x50
 997 0565 02       		.uleb128 0x2
 998 0566 74       		.byte	0x74
 999 0567 00       		.sleb128 0
 1000 0568 16       		.uleb128 0x16
 1001 0569 01       		.uleb128 0x1
 1002 056a 51       		.byte	0x51
 1003 056b 02       		.uleb128 0x2
 1004 056c 76       		.byte	0x76
 1005 056d 00       		.sleb128 0
 1006 056e 00       		.byte	0
 1007 056f 15       		.uleb128 0x15
 1008 0570 FC000000 		.4byte	.LVL38
 1009 0574 08060000 		.4byte	0x608
 1010 0578 8F050000 		.4byte	0x58f
 1011 057c 16       		.uleb128 0x16
 1012 057d 01       		.uleb128 0x1
ARM GAS  C:\Users\brian\AppData\Local\Temp\cctgGStL.s 			page 21


 1013 057e 50       		.byte	0x50
 1014 057f 02       		.uleb128 0x2
 1015 0580 75       		.byte	0x75
 1016 0581 00       		.sleb128 0
 1017 0582 16       		.uleb128 0x16
 1018 0583 01       		.uleb128 0x1
 1019 0584 51       		.byte	0x51
 1020 0585 02       		.uleb128 0x2
 1021 0586 77       		.byte	0x77
 1022 0587 00       		.sleb128 0
 1023 0588 16       		.uleb128 0x16
 1024 0589 01       		.uleb128 0x1
 1025 058a 52       		.byte	0x52
 1026 058b 02       		.uleb128 0x2
 1027 058c 7A       		.byte	0x7a
 1028 058d 00       		.sleb128 0
 1029 058e 00       		.byte	0
 1030 058f 15       		.uleb128 0x15
 1031 0590 1A010000 		.4byte	.LVL44
 1032 0594 14060000 		.4byte	0x614
 1033 0598 A9050000 		.4byte	0x5a9
 1034 059c 16       		.uleb128 0x16
 1035 059d 01       		.uleb128 0x1
 1036 059e 50       		.byte	0x50
 1037 059f 02       		.uleb128 0x2
 1038 05a0 74       		.byte	0x74
 1039 05a1 00       		.sleb128 0
 1040 05a2 16       		.uleb128 0x16
 1041 05a3 01       		.uleb128 0x1
 1042 05a4 51       		.byte	0x51
 1043 05a5 02       		.uleb128 0x2
 1044 05a6 76       		.byte	0x76
 1045 05a7 00       		.sleb128 0
 1046 05a8 00       		.byte	0
 1047 05a9 17       		.uleb128 0x17
 1048 05aa 26010000 		.4byte	.LVL45
 1049 05ae 08060000 		.4byte	0x608
 1050 05b2 16       		.uleb128 0x16
 1051 05b3 01       		.uleb128 0x1
 1052 05b4 50       		.byte	0x50
 1053 05b5 02       		.uleb128 0x2
 1054 05b6 75       		.byte	0x75
 1055 05b7 00       		.sleb128 0
 1056 05b8 16       		.uleb128 0x16
 1057 05b9 01       		.uleb128 0x1
 1058 05ba 51       		.byte	0x51
 1059 05bb 02       		.uleb128 0x2
 1060 05bc 77       		.byte	0x77
 1061 05bd 00       		.sleb128 0
 1062 05be 16       		.uleb128 0x16
 1063 05bf 01       		.uleb128 0x1
 1064 05c0 52       		.byte	0x52
 1065 05c1 02       		.uleb128 0x2
 1066 05c2 7A       		.byte	0x7a
 1067 05c3 00       		.sleb128 0
 1068 05c4 00       		.byte	0
 1069 05c5 00       		.byte	0
ARM GAS  C:\Users\brian\AppData\Local\Temp\cctgGStL.s 			page 22


 1070 05c6 0A       		.uleb128 0xa
 1071 05c7 04       		.byte	0x4
 1072 05c8 D3050000 		.4byte	0x5d3
 1073 05cc 02       		.uleb128 0x2
 1074 05cd 01       		.byte	0x1
 1075 05ce 08       		.byte	0x8
 1076 05cf 55030000 		.4byte	.LASF69
 1077 05d3 0D       		.uleb128 0xd
 1078 05d4 CC050000 		.4byte	0x5cc
 1079 05d8 18       		.uleb128 0x18
 1080 05d9 97010000 		.4byte	.LASF70
 1081 05dd 97010000 		.4byte	.LASF70
 1082 05e1 04       		.byte	0x4
 1083 05e2 FD03     		.2byte	0x3fd
 1084 05e4 18       		.uleb128 0x18
 1085 05e5 5F020000 		.4byte	.LASF71
 1086 05e9 5F020000 		.4byte	.LASF71
 1087 05ed 04       		.byte	0x4
 1088 05ee F003     		.2byte	0x3f0
 1089 05f0 18       		.uleb128 0x18
 1090 05f1 BB000000 		.4byte	.LASF72
 1091 05f5 BB000000 		.4byte	.LASF72
 1092 05f9 04       		.byte	0x4
 1093 05fa 4102     		.2byte	0x241
 1094 05fc 18       		.uleb128 0x18
 1095 05fd 83030000 		.4byte	.LASF73
 1096 0601 83030000 		.4byte	.LASF73
 1097 0605 04       		.byte	0x4
 1098 0606 0304     		.2byte	0x403
 1099 0608 18       		.uleb128 0x18
 1100 0609 FA040000 		.4byte	.LASF74
 1101 060d FA040000 		.4byte	.LASF74
 1102 0611 04       		.byte	0x4
 1103 0612 EB03     		.2byte	0x3eb
 1104 0614 18       		.uleb128 0x18
 1105 0615 DB040000 		.4byte	.LASF75
 1106 0619 DB040000 		.4byte	.LASF75
 1107 061d 04       		.byte	0x4
 1108 061e F503     		.2byte	0x3f5
 1109 0620 18       		.uleb128 0x18
 1110 0621 96030000 		.4byte	.LASF76
 1111 0625 96030000 		.4byte	.LASF76
 1112 0629 04       		.byte	0x4
 1113 062a 1203     		.2byte	0x312
 1114 062c 00       		.byte	0
 1115              		.section	.debug_abbrev,"",%progbits
 1116              	.Ldebug_abbrev0:
 1117 0000 01       		.uleb128 0x1
 1118 0001 11       		.uleb128 0x11
 1119 0002 01       		.byte	0x1
 1120 0003 25       		.uleb128 0x25
 1121 0004 0E       		.uleb128 0xe
 1122 0005 13       		.uleb128 0x13
 1123 0006 0B       		.uleb128 0xb
 1124 0007 03       		.uleb128 0x3
 1125 0008 0E       		.uleb128 0xe
 1126 0009 1B       		.uleb128 0x1b
ARM GAS  C:\Users\brian\AppData\Local\Temp\cctgGStL.s 			page 23


 1127 000a 0E       		.uleb128 0xe
 1128 000b 55       		.uleb128 0x55
 1129 000c 17       		.uleb128 0x17
 1130 000d 11       		.uleb128 0x11
 1131 000e 01       		.uleb128 0x1
 1132 000f 10       		.uleb128 0x10
 1133 0010 17       		.uleb128 0x17
 1134 0011 00       		.byte	0
 1135 0012 00       		.byte	0
 1136 0013 02       		.uleb128 0x2
 1137 0014 24       		.uleb128 0x24
 1138 0015 00       		.byte	0
 1139 0016 0B       		.uleb128 0xb
 1140 0017 0B       		.uleb128 0xb
 1141 0018 3E       		.uleb128 0x3e
 1142 0019 0B       		.uleb128 0xb
 1143 001a 03       		.uleb128 0x3
 1144 001b 0E       		.uleb128 0xe
 1145 001c 00       		.byte	0
 1146 001d 00       		.byte	0
 1147 001e 03       		.uleb128 0x3
 1148 001f 16       		.uleb128 0x16
 1149 0020 00       		.byte	0
 1150 0021 03       		.uleb128 0x3
 1151 0022 0E       		.uleb128 0xe
 1152 0023 3A       		.uleb128 0x3a
 1153 0024 0B       		.uleb128 0xb
 1154 0025 3B       		.uleb128 0x3b
 1155 0026 0B       		.uleb128 0xb
 1156 0027 49       		.uleb128 0x49
 1157 0028 13       		.uleb128 0x13
 1158 0029 00       		.byte	0
 1159 002a 00       		.byte	0
 1160 002b 04       		.uleb128 0x4
 1161 002c 24       		.uleb128 0x24
 1162 002d 00       		.byte	0
 1163 002e 0B       		.uleb128 0xb
 1164 002f 0B       		.uleb128 0xb
 1165 0030 3E       		.uleb128 0x3e
 1166 0031 0B       		.uleb128 0xb
 1167 0032 03       		.uleb128 0x3
 1168 0033 08       		.uleb128 0x8
 1169 0034 00       		.byte	0
 1170 0035 00       		.byte	0
 1171 0036 05       		.uleb128 0x5
 1172 0037 0F       		.uleb128 0xf
 1173 0038 00       		.byte	0
 1174 0039 0B       		.uleb128 0xb
 1175 003a 0B       		.uleb128 0xb
 1176 003b 00       		.byte	0
 1177 003c 00       		.byte	0
 1178 003d 06       		.uleb128 0x6
 1179 003e 13       		.uleb128 0x13
 1180 003f 01       		.byte	0x1
 1181 0040 03       		.uleb128 0x3
 1182 0041 0E       		.uleb128 0xe
 1183 0042 0B       		.uleb128 0xb
ARM GAS  C:\Users\brian\AppData\Local\Temp\cctgGStL.s 			page 24


 1184 0043 0B       		.uleb128 0xb
 1185 0044 3A       		.uleb128 0x3a
 1186 0045 0B       		.uleb128 0xb
 1187 0046 3B       		.uleb128 0x3b
 1188 0047 05       		.uleb128 0x5
 1189 0048 01       		.uleb128 0x1
 1190 0049 13       		.uleb128 0x13
 1191 004a 00       		.byte	0
 1192 004b 00       		.byte	0
 1193 004c 07       		.uleb128 0x7
 1194 004d 0D       		.uleb128 0xd
 1195 004e 00       		.byte	0
 1196 004f 03       		.uleb128 0x3
 1197 0050 0E       		.uleb128 0xe
 1198 0051 3A       		.uleb128 0x3a
 1199 0052 0B       		.uleb128 0xb
 1200 0053 3B       		.uleb128 0x3b
 1201 0054 05       		.uleb128 0x5
 1202 0055 49       		.uleb128 0x49
 1203 0056 13       		.uleb128 0x13
 1204 0057 38       		.uleb128 0x38
 1205 0058 0B       		.uleb128 0xb
 1206 0059 00       		.byte	0
 1207 005a 00       		.byte	0
 1208 005b 08       		.uleb128 0x8
 1209 005c 13       		.uleb128 0x13
 1210 005d 01       		.byte	0x1
 1211 005e 03       		.uleb128 0x3
 1212 005f 0E       		.uleb128 0xe
 1213 0060 0B       		.uleb128 0xb
 1214 0061 0B       		.uleb128 0xb
 1215 0062 3A       		.uleb128 0x3a
 1216 0063 0B       		.uleb128 0xb
 1217 0064 3B       		.uleb128 0x3b
 1218 0065 0B       		.uleb128 0xb
 1219 0066 01       		.uleb128 0x1
 1220 0067 13       		.uleb128 0x13
 1221 0068 00       		.byte	0
 1222 0069 00       		.byte	0
 1223 006a 09       		.uleb128 0x9
 1224 006b 0D       		.uleb128 0xd
 1225 006c 00       		.byte	0
 1226 006d 03       		.uleb128 0x3
 1227 006e 0E       		.uleb128 0xe
 1228 006f 3A       		.uleb128 0x3a
 1229 0070 0B       		.uleb128 0xb
 1230 0071 3B       		.uleb128 0x3b
 1231 0072 0B       		.uleb128 0xb
 1232 0073 49       		.uleb128 0x49
 1233 0074 13       		.uleb128 0x13
 1234 0075 38       		.uleb128 0x38
 1235 0076 0B       		.uleb128 0xb
 1236 0077 00       		.byte	0
 1237 0078 00       		.byte	0
 1238 0079 0A       		.uleb128 0xa
 1239 007a 0F       		.uleb128 0xf
 1240 007b 00       		.byte	0
ARM GAS  C:\Users\brian\AppData\Local\Temp\cctgGStL.s 			page 25


 1241 007c 0B       		.uleb128 0xb
 1242 007d 0B       		.uleb128 0xb
 1243 007e 49       		.uleb128 0x49
 1244 007f 13       		.uleb128 0x13
 1245 0080 00       		.byte	0
 1246 0081 00       		.byte	0
 1247 0082 0B       		.uleb128 0xb
 1248 0083 15       		.uleb128 0x15
 1249 0084 01       		.byte	0x1
 1250 0085 27       		.uleb128 0x27
 1251 0086 19       		.uleb128 0x19
 1252 0087 49       		.uleb128 0x49
 1253 0088 13       		.uleb128 0x13
 1254 0089 01       		.uleb128 0x1
 1255 008a 13       		.uleb128 0x13
 1256 008b 00       		.byte	0
 1257 008c 00       		.byte	0
 1258 008d 0C       		.uleb128 0xc
 1259 008e 05       		.uleb128 0x5
 1260 008f 00       		.byte	0
 1261 0090 49       		.uleb128 0x49
 1262 0091 13       		.uleb128 0x13
 1263 0092 00       		.byte	0
 1264 0093 00       		.byte	0
 1265 0094 0D       		.uleb128 0xd
 1266 0095 26       		.uleb128 0x26
 1267 0096 00       		.byte	0
 1268 0097 49       		.uleb128 0x49
 1269 0098 13       		.uleb128 0x13
 1270 0099 00       		.byte	0
 1271 009a 00       		.byte	0
 1272 009b 0E       		.uleb128 0xe
 1273 009c 2E       		.uleb128 0x2e
 1274 009d 01       		.byte	0x1
 1275 009e 3F       		.uleb128 0x3f
 1276 009f 19       		.uleb128 0x19
 1277 00a0 03       		.uleb128 0x3
 1278 00a1 0E       		.uleb128 0xe
 1279 00a2 3A       		.uleb128 0x3a
 1280 00a3 0B       		.uleb128 0xb
 1281 00a4 3B       		.uleb128 0x3b
 1282 00a5 0B       		.uleb128 0xb
 1283 00a6 27       		.uleb128 0x27
 1284 00a7 19       		.uleb128 0x19
 1285 00a8 49       		.uleb128 0x49
 1286 00a9 13       		.uleb128 0x13
 1287 00aa 11       		.uleb128 0x11
 1288 00ab 01       		.uleb128 0x1
 1289 00ac 12       		.uleb128 0x12
 1290 00ad 06       		.uleb128 0x6
 1291 00ae 40       		.uleb128 0x40
 1292 00af 18       		.uleb128 0x18
 1293 00b0 9742     		.uleb128 0x2117
 1294 00b2 19       		.uleb128 0x19
 1295 00b3 01       		.uleb128 0x1
 1296 00b4 13       		.uleb128 0x13
 1297 00b5 00       		.byte	0
ARM GAS  C:\Users\brian\AppData\Local\Temp\cctgGStL.s 			page 26


 1298 00b6 00       		.byte	0
 1299 00b7 0F       		.uleb128 0xf
 1300 00b8 05       		.uleb128 0x5
 1301 00b9 00       		.byte	0
 1302 00ba 03       		.uleb128 0x3
 1303 00bb 0E       		.uleb128 0xe
 1304 00bc 3A       		.uleb128 0x3a
 1305 00bd 0B       		.uleb128 0xb
 1306 00be 3B       		.uleb128 0x3b
 1307 00bf 0B       		.uleb128 0xb
 1308 00c0 49       		.uleb128 0x49
 1309 00c1 13       		.uleb128 0x13
 1310 00c2 02       		.uleb128 0x2
 1311 00c3 17       		.uleb128 0x17
 1312 00c4 00       		.byte	0
 1313 00c5 00       		.byte	0
 1314 00c6 10       		.uleb128 0x10
 1315 00c7 05       		.uleb128 0x5
 1316 00c8 00       		.byte	0
 1317 00c9 03       		.uleb128 0x3
 1318 00ca 08       		.uleb128 0x8
 1319 00cb 3A       		.uleb128 0x3a
 1320 00cc 0B       		.uleb128 0xb
 1321 00cd 3B       		.uleb128 0x3b
 1322 00ce 0B       		.uleb128 0xb
 1323 00cf 49       		.uleb128 0x49
 1324 00d0 13       		.uleb128 0x13
 1325 00d1 02       		.uleb128 0x2
 1326 00d2 17       		.uleb128 0x17
 1327 00d3 00       		.byte	0
 1328 00d4 00       		.byte	0
 1329 00d5 11       		.uleb128 0x11
 1330 00d6 05       		.uleb128 0x5
 1331 00d7 00       		.byte	0
 1332 00d8 03       		.uleb128 0x3
 1333 00d9 08       		.uleb128 0x8
 1334 00da 3A       		.uleb128 0x3a
 1335 00db 0B       		.uleb128 0xb
 1336 00dc 3B       		.uleb128 0x3b
 1337 00dd 0B       		.uleb128 0xb
 1338 00de 49       		.uleb128 0x49
 1339 00df 13       		.uleb128 0x13
 1340 00e0 02       		.uleb128 0x2
 1341 00e1 18       		.uleb128 0x18
 1342 00e2 00       		.byte	0
 1343 00e3 00       		.byte	0
 1344 00e4 12       		.uleb128 0x12
 1345 00e5 05       		.uleb128 0x5
 1346 00e6 00       		.byte	0
 1347 00e7 03       		.uleb128 0x3
 1348 00e8 0E       		.uleb128 0xe
 1349 00e9 3A       		.uleb128 0x3a
 1350 00ea 0B       		.uleb128 0xb
 1351 00eb 3B       		.uleb128 0x3b
 1352 00ec 0B       		.uleb128 0xb
 1353 00ed 49       		.uleb128 0x49
 1354 00ee 13       		.uleb128 0x13
ARM GAS  C:\Users\brian\AppData\Local\Temp\cctgGStL.s 			page 27


 1355 00ef 02       		.uleb128 0x2
 1356 00f0 18       		.uleb128 0x18
 1357 00f1 00       		.byte	0
 1358 00f2 00       		.byte	0
 1359 00f3 13       		.uleb128 0x13
 1360 00f4 34       		.uleb128 0x34
 1361 00f5 00       		.byte	0
 1362 00f6 03       		.uleb128 0x3
 1363 00f7 0E       		.uleb128 0xe
 1364 00f8 3A       		.uleb128 0x3a
 1365 00f9 0B       		.uleb128 0xb
 1366 00fa 3B       		.uleb128 0x3b
 1367 00fb 0B       		.uleb128 0xb
 1368 00fc 49       		.uleb128 0x49
 1369 00fd 13       		.uleb128 0x13
 1370 00fe 02       		.uleb128 0x2
 1371 00ff 17       		.uleb128 0x17
 1372 0100 00       		.byte	0
 1373 0101 00       		.byte	0
 1374 0102 14       		.uleb128 0x14
 1375 0103 34       		.uleb128 0x34
 1376 0104 00       		.byte	0
 1377 0105 03       		.uleb128 0x3
 1378 0106 08       		.uleb128 0x8
 1379 0107 3A       		.uleb128 0x3a
 1380 0108 0B       		.uleb128 0xb
 1381 0109 3B       		.uleb128 0x3b
 1382 010a 0B       		.uleb128 0xb
 1383 010b 49       		.uleb128 0x49
 1384 010c 13       		.uleb128 0x13
 1385 010d 02       		.uleb128 0x2
 1386 010e 17       		.uleb128 0x17
 1387 010f 00       		.byte	0
 1388 0110 00       		.byte	0
 1389 0111 15       		.uleb128 0x15
 1390 0112 898201   		.uleb128 0x4109
 1391 0115 01       		.byte	0x1
 1392 0116 11       		.uleb128 0x11
 1393 0117 01       		.uleb128 0x1
 1394 0118 31       		.uleb128 0x31
 1395 0119 13       		.uleb128 0x13
 1396 011a 01       		.uleb128 0x1
 1397 011b 13       		.uleb128 0x13
 1398 011c 00       		.byte	0
 1399 011d 00       		.byte	0
 1400 011e 16       		.uleb128 0x16
 1401 011f 8A8201   		.uleb128 0x410a
 1402 0122 00       		.byte	0
 1403 0123 02       		.uleb128 0x2
 1404 0124 18       		.uleb128 0x18
 1405 0125 9142     		.uleb128 0x2111
 1406 0127 18       		.uleb128 0x18
 1407 0128 00       		.byte	0
 1408 0129 00       		.byte	0
 1409 012a 17       		.uleb128 0x17
 1410 012b 898201   		.uleb128 0x4109
 1411 012e 01       		.byte	0x1
ARM GAS  C:\Users\brian\AppData\Local\Temp\cctgGStL.s 			page 28


 1412 012f 11       		.uleb128 0x11
 1413 0130 01       		.uleb128 0x1
 1414 0131 31       		.uleb128 0x31
 1415 0132 13       		.uleb128 0x13
 1416 0133 00       		.byte	0
 1417 0134 00       		.byte	0
 1418 0135 18       		.uleb128 0x18
 1419 0136 2E       		.uleb128 0x2e
 1420 0137 00       		.byte	0
 1421 0138 3F       		.uleb128 0x3f
 1422 0139 19       		.uleb128 0x19
 1423 013a 3C       		.uleb128 0x3c
 1424 013b 19       		.uleb128 0x19
 1425 013c 6E       		.uleb128 0x6e
 1426 013d 0E       		.uleb128 0xe
 1427 013e 03       		.uleb128 0x3
 1428 013f 0E       		.uleb128 0xe
 1429 0140 3A       		.uleb128 0x3a
 1430 0141 0B       		.uleb128 0xb
 1431 0142 3B       		.uleb128 0x3b
 1432 0143 05       		.uleb128 0x5
 1433 0144 00       		.byte	0
 1434 0145 00       		.byte	0
 1435 0146 00       		.byte	0
 1436              		.section	.debug_loc,"",%progbits
 1437              	.Ldebug_loc0:
 1438              	.LLST0:
 1439 0000 00000000 		.4byte	.LVL0
 1440 0004 1E000000 		.4byte	.LVL2
 1441 0008 0100     		.2byte	0x1
 1442 000a 50       		.byte	0x50
 1443 000b 1E000000 		.4byte	.LVL2
 1444 000f 36010000 		.4byte	.LFE0
 1445 0013 0100     		.2byte	0x1
 1446 0015 55       		.byte	0x55
 1447 0016 00000000 		.4byte	0
 1448 001a 00000000 		.4byte	0
 1449              	.LLST1:
 1450 001e 00000000 		.4byte	.LVL0
 1451 0022 21000000 		.4byte	.LVL3-1
 1452 0026 0100     		.2byte	0x1
 1453 0028 51       		.byte	0x51
 1454 0029 21000000 		.4byte	.LVL3-1
 1455 002d 36010000 		.4byte	.LFE0
 1456 0031 0200     		.2byte	0x2
 1457 0033 91       		.byte	0x91
 1458 0034 54       		.sleb128 -44
 1459 0035 00000000 		.4byte	0
 1460 0039 00000000 		.4byte	0
 1461              	.LLST2:
 1462 003d 00000000 		.4byte	.LVL0
 1463 0041 21000000 		.4byte	.LVL3-1
 1464 0045 0100     		.2byte	0x1
 1465 0047 52       		.byte	0x52
 1466 0048 21000000 		.4byte	.LVL3-1
 1467 004c 36010000 		.4byte	.LFE0
 1468 0050 0200     		.2byte	0x2
ARM GAS  C:\Users\brian\AppData\Local\Temp\cctgGStL.s 			page 29


 1469 0052 91       		.byte	0x91
 1470 0053 50       		.sleb128 -48
 1471 0054 00000000 		.4byte	0
 1472 0058 00000000 		.4byte	0
 1473              	.LLST3:
 1474 005c 00000000 		.4byte	.LVL0
 1475 0060 21000000 		.4byte	.LVL3-1
 1476 0064 0100     		.2byte	0x1
 1477 0066 53       		.byte	0x53
 1478 0067 21000000 		.4byte	.LVL3-1
 1479 006b 36010000 		.4byte	.LFE0
 1480 006f 0100     		.2byte	0x1
 1481 0071 5B       		.byte	0x5b
 1482 0072 00000000 		.4byte	0
 1483 0076 00000000 		.4byte	0
 1484              	.LLST4:
 1485 007a 1C000000 		.4byte	.LVL1
 1486 007e 26000000 		.4byte	.LVL4
 1487 0082 0200     		.2byte	0x2
 1488 0084 31       		.byte	0x31
 1489 0085 9F       		.byte	0x9f
 1490 0086 26000000 		.4byte	.LVL4
 1491 008a 30000000 		.4byte	.LVL6
 1492 008e 0100     		.2byte	0x1
 1493 0090 50       		.byte	0x50
 1494 0091 36000000 		.4byte	.LVL8
 1495 0095 3A000000 		.4byte	.LVL9
 1496 0099 0100     		.2byte	0x1
 1497 009b 50       		.byte	0x50
 1498 009c 00000000 		.4byte	0
 1499 00a0 00000000 		.4byte	0
 1500              	.LLST5:
 1501 00a4 26000000 		.4byte	.LVL4
 1502 00a8 2E000000 		.4byte	.LVL5
 1503 00ac 0200     		.2byte	0x2
 1504 00ae 30       		.byte	0x30
 1505 00af 9F       		.byte	0x9f
 1506 00b0 2E000000 		.4byte	.LVL5
 1507 00b4 30000000 		.4byte	.LVL6
 1508 00b8 0100     		.2byte	0x1
 1509 00ba 53       		.byte	0x53
 1510 00bb 30000000 		.4byte	.LVL6
 1511 00bf 34000000 		.4byte	.LVL7
 1512 00c3 0100     		.2byte	0x1
 1513 00c5 50       		.byte	0x50
 1514 00c6 34000000 		.4byte	.LVL7
 1515 00ca 36000000 		.4byte	.LVL8
 1516 00ce 0100     		.2byte	0x1
 1517 00d0 5A       		.byte	0x5a
 1518 00d1 36000000 		.4byte	.LVL8
 1519 00d5 3A000000 		.4byte	.LVL9
 1520 00d9 0200     		.2byte	0x2
 1521 00db 30       		.byte	0x30
 1522 00dc 9F       		.byte	0x9f
 1523 00dd 3A000000 		.4byte	.LVL9
 1524 00e1 36010000 		.4byte	.LFE0
 1525 00e5 0100     		.2byte	0x1
ARM GAS  C:\Users\brian\AppData\Local\Temp\cctgGStL.s 			page 30


 1526 00e7 5A       		.byte	0x5a
 1527 00e8 00000000 		.4byte	0
 1528 00ec 00000000 		.4byte	0
 1529              	.LLST6:
 1530 00f0 42000000 		.4byte	.LVL10
 1531 00f4 44000000 		.4byte	.LVL11
 1532 00f8 0100     		.2byte	0x1
 1533 00fa 50       		.byte	0x50
 1534 00fb 46000000 		.4byte	.LVL12
 1535 00ff 52000000 		.4byte	.LVL14
 1536 0103 0100     		.2byte	0x1
 1537 0105 57       		.byte	0x57
 1538 0106 52000000 		.4byte	.LVL14
 1539 010a 66000000 		.4byte	.LVL20
 1540 010e 0100     		.2byte	0x1
 1541 0110 50       		.byte	0x50
 1542 0111 00000000 		.4byte	0
 1543 0115 00000000 		.4byte	0
 1544              	.LLST7:
 1545 0119 3A000000 		.4byte	.LVL9
 1546 011d 5A000000 		.4byte	.LVL15
 1547 0121 0200     		.2byte	0x2
 1548 0123 30       		.byte	0x30
 1549 0124 9F       		.byte	0x9f
 1550 0125 5A000000 		.4byte	.LVL15
 1551 0129 62000000 		.4byte	.LVL18
 1552 012d 0100     		.2byte	0x1
 1553 012f 57       		.byte	0x57
 1554 0130 62000000 		.4byte	.LVL18
 1555 0134 64000000 		.4byte	.LVL19
 1556 0138 0200     		.2byte	0x2
 1557 013a 30       		.byte	0x30
 1558 013b 9F       		.byte	0x9f
 1559 013c 64000000 		.4byte	.LVL19
 1560 0140 36010000 		.4byte	.LFE0
 1561 0144 0100     		.2byte	0x1
 1562 0146 57       		.byte	0x57
 1563 0147 00000000 		.4byte	0
 1564 014b 00000000 		.4byte	0
 1565              	.LLST8:
 1566 014f 1C000000 		.4byte	.LVL1
 1567 0153 E2000000 		.4byte	.LVL33
 1568 0157 0100     		.2byte	0x1
 1569 0159 54       		.byte	0x54
 1570 015a E4000000 		.4byte	.LVL34
 1571 015e 0C010000 		.4byte	.LVL40
 1572 0162 0100     		.2byte	0x1
 1573 0164 54       		.byte	0x54
 1574 0165 0E010000 		.4byte	.LVL41
 1575 0169 36010000 		.4byte	.LFE0
 1576 016d 0100     		.2byte	0x1
 1577 016f 54       		.byte	0x54
 1578 0170 00000000 		.4byte	0
 1579 0174 00000000 		.4byte	0
 1580              	.LLST9:
 1581 0178 CC000000 		.4byte	.LVL30
 1582 017c D0000000 		.4byte	.LVL32
ARM GAS  C:\Users\brian\AppData\Local\Temp\cctgGStL.s 			page 31


 1583 0180 0200     		.2byte	0x2
 1584 0182 31       		.byte	0x31
 1585 0183 9F       		.byte	0x9f
 1586 0184 2A010000 		.4byte	.LVL47
 1587 0188 36010000 		.4byte	.LFE0
 1588 018c 0100     		.2byte	0x1
 1589 018e 50       		.byte	0x50
 1590 018f 00000000 		.4byte	0
 1591 0193 00000000 		.4byte	0
 1592              	.LLST10:
 1593 0197 C4000000 		.4byte	.LVL29
 1594 019b CE000000 		.4byte	.LVL31
 1595 019f 0100     		.2byte	0x1
 1596 01a1 50       		.byte	0x50
 1597 01a2 D0000000 		.4byte	.LVL32
 1598 01a6 EC000000 		.4byte	.LVL36
 1599 01aa 0100     		.2byte	0x1
 1600 01ac 50       		.byte	0x50
 1601 01ad FE000000 		.4byte	.LVL39
 1602 01b1 16010000 		.4byte	.LVL43
 1603 01b5 0100     		.2byte	0x1
 1604 01b7 50       		.byte	0x50
 1605 01b8 28010000 		.4byte	.LVL46
 1606 01bc 2A010000 		.4byte	.LVL47
 1607 01c0 0100     		.2byte	0x1
 1608 01c2 50       		.byte	0x50
 1609 01c3 00000000 		.4byte	0
 1610 01c7 00000000 		.4byte	0
 1611              		.section	.debug_aranges,"",%progbits
 1612 0000 1C000000 		.4byte	0x1c
 1613 0004 0200     		.2byte	0x2
 1614 0006 00000000 		.4byte	.Ldebug_info0
 1615 000a 04       		.byte	0x4
 1616 000b 00       		.byte	0
 1617 000c 0000     		.2byte	0
 1618 000e 0000     		.2byte	0
 1619 0010 00000000 		.4byte	.LFB0
 1620 0014 36010000 		.4byte	.LFE0-.LFB0
 1621 0018 00000000 		.4byte	0
 1622 001c 00000000 		.4byte	0
 1623              		.section	.debug_ranges,"",%progbits
 1624              	.Ldebug_ranges0:
 1625 0000 00000000 		.4byte	.LFB0
 1626 0004 36010000 		.4byte	.LFE0
 1627 0008 00000000 		.4byte	0
 1628 000c 00000000 		.4byte	0
 1629              		.section	.debug_line,"",%progbits
 1630              	.Ldebug_line0:
 1631 0000 91010000 		.section	.debug_str,"MS",%progbits,1
 1631      02003D01 
 1631      00000201 
 1631      FB0E0D00 
 1631      01010101 
 1632              	.LASF64:
 1633 0000 706F7374 		.ascii	"post\000"
 1633      00
 1634              	.LASF78:
ARM GAS  C:\Users\brian\AppData\Local\Temp\cctgGStL.s 			page 32


 1635 0005 2E2E5C75 		.ascii	"..\\u8g2\\csrc\\u8x8_input_value.c\000"
 1635      3867325C 
 1635      63737263 
 1635      5C753878 
 1635      385F696E 
 1636              	.LASF26:
 1637 0025 785F6F66 		.ascii	"x_offset\000"
 1637      66736574 
 1637      00
 1638              	.LASF27:
 1639 002e 69735F66 		.ascii	"is_font_inverse_mode\000"
 1639      6F6E745F 
 1639      696E7665 
 1639      7273655F 
 1639      6D6F6465 
 1640              	.LASF48:
 1641 0043 7370695F 		.ascii	"spi_mode\000"
 1641      6D6F6465 
 1641      00
 1642              	.LASF39:
 1643 004c 63686970 		.ascii	"chip_enable_level\000"
 1643      5F656E61 
 1643      626C655F 
 1643      6C657665 
 1643      6C00
 1644              	.LASF24:
 1645 005e 666F6E74 		.ascii	"font\000"
 1645      00
 1646              	.LASF35:
 1647 0063 6465626F 		.ascii	"debounce_result_msg\000"
 1647      756E6365 
 1647      5F726573 
 1647      756C745F 
 1647      6D736700 
 1648              	.LASF2:
 1649 0077 73686F72 		.ascii	"short int\000"
 1649      7420696E 
 1649      7400
 1650              	.LASF22:
 1651 0081 6770696F 		.ascii	"gpio_and_delay_cb\000"
 1651      5F616E64 
 1651      5F64656C 
 1651      61795F63 
 1651      6200
 1652              	.LASF52:
 1653 0093 74696C65 		.ascii	"tile_width\000"
 1653      5F776964 
 1653      746800
 1654              	.LASF80:
 1655 009e 75387838 		.ascii	"u8x8_UserInterfaceInputValue\000"
 1655      5F557365 
 1655      72496E74 
 1655      65726661 
 1655      6365496E 
 1656              	.LASF72:
 1657 00bb 75387838 		.ascii	"u8x8_ClearDisplay\000"
 1657      5F436C65 
ARM GAS  C:\Users\brian\AppData\Local\Temp\cctgGStL.s 			page 33


 1657      61724469 
 1657      73706C61 
 1657      7900
 1658              	.LASF45:
 1659 00cd 7364615F 		.ascii	"sda_setup_time_ns\000"
 1659      73657475 
 1659      705F7469 
 1659      6D655F6E 
 1659      7300
 1660              	.LASF44:
 1661 00df 706F7374 		.ascii	"post_reset_wait_ms\000"
 1661      5F726573 
 1661      65745F77 
 1661      6169745F 
 1661      6D7300
 1662              	.LASF7:
 1663 00f2 5F5F7569 		.ascii	"__uint32_t\000"
 1663      6E743332 
 1663      5F7400
 1664              	.LASF68:
 1665 00fd 6576656E 		.ascii	"event\000"
 1665      7400
 1666              	.LASF4:
 1667 0103 5F5F7569 		.ascii	"__uint16_t\000"
 1667      6E743136 
 1667      5F7400
 1668              	.LASF62:
 1669 010e 76616C75 		.ascii	"value\000"
 1669      6500
 1670              	.LASF79:
 1671 0114 433A5C55 		.ascii	"C:\\Users\\brian\\Documents\\PSoC Creator\\Lab7\\La"
 1671      73657273 
 1671      5C627269 
 1671      616E5C44 
 1671      6F63756D 
 1672 0141 62372E63 		.ascii	"b7.cydsn\000"
 1672      7964736E 
 1672      00
 1673              	.LASF51:
 1674 014a 77726974 		.ascii	"write_pulse_width_ns\000"
 1674      655F7075 
 1674      6C73655F 
 1674      77696474 
 1674      685F6E73 
 1675              	.LASF12:
 1676 015f 75696E74 		.ascii	"uint8_t\000"
 1676      385F7400 
 1677              	.LASF41:
 1678 0167 706F7374 		.ascii	"post_chip_enable_wait_ns\000"
 1678      5F636869 
 1678      705F656E 
 1678      61626C65 
 1678      5F776169 
 1679              	.LASF61:
 1680 0180 7469746C 		.ascii	"title\000"
 1680      6500
 1681              	.LASF60:
ARM GAS  C:\Users\brian\AppData\Local\Temp\cctgGStL.s 			page 34


 1682 0186 75387838 		.ascii	"u8x8\000"
 1682      00
 1683              	.LASF67:
 1684 018b 6C6F6361 		.ascii	"local_value\000"
 1684      6C5F7661 
 1684      6C756500 
 1685              	.LASF70:
 1686 0197 75387838 		.ascii	"u8x8_GetStringLineCnt\000"
 1686      5F476574 
 1686      53747269 
 1686      6E674C69 
 1686      6E65436E 
 1687              	.LASF66:
 1688 01ad 77696474 		.ascii	"width\000"
 1688      6800
 1689              	.LASF23:
 1690 01b3 6275735F 		.ascii	"bus_clock\000"
 1690      636C6F63 
 1690      6B00
 1691              	.LASF54:
 1692 01bd 64656661 		.ascii	"default_x_offset\000"
 1692      756C745F 
 1692      785F6F66 
 1692      66736574 
 1692      00
 1693              	.LASF36:
 1694 01ce 75387838 		.ascii	"u8x8_display_info_t\000"
 1694      5F646973 
 1694      706C6179 
 1694      5F696E66 
 1694      6F5F7400 
 1695              	.LASF33:
 1696 01e2 6465626F 		.ascii	"debounce_last_pin_state\000"
 1696      756E6365 
 1696      5F6C6173 
 1696      745F7069 
 1696      6E5F7374 
 1697              	.LASF9:
 1698 01fa 6C6F6E67 		.ascii	"long long int\000"
 1698      206C6F6E 
 1698      6720696E 
 1698      7400
 1699              	.LASF31:
 1700 0208 6770696F 		.ascii	"gpio_result\000"
 1700      5F726573 
 1700      756C7400 
 1701              	.LASF46:
 1702 0214 73636B5F 		.ascii	"sck_pulse_width_ns\000"
 1702      70756C73 
 1702      655F7769 
 1702      6474685F 
 1702      6E7300
 1703              	.LASF6:
 1704 0227 6C6F6E67 		.ascii	"long int\000"
 1704      20696E74 
 1704      00
 1705              	.LASF3:
ARM GAS  C:\Users\brian\AppData\Local\Temp\cctgGStL.s 			page 35


 1706 0230 5F5F7569 		.ascii	"__uint8_t\000"
 1706      6E74385F 
 1706      7400
 1707              	.LASF19:
 1708 023a 64697370 		.ascii	"display_cb\000"
 1708      6C61795F 
 1708      636200
 1709              	.LASF63:
 1710 0245 64696769 		.ascii	"digits\000"
 1710      747300
 1711              	.LASF50:
 1712 024c 64617461 		.ascii	"data_setup_time_ns\000"
 1712      5F736574 
 1712      75705F74 
 1712      696D655F 
 1712      6E7300
 1713              	.LASF71:
 1714 025f 75387838 		.ascii	"u8x8_GetUTF8Len\000"
 1714      5F476574 
 1714      55544638 
 1714      4C656E00 
 1715              	.LASF15:
 1716 026f 6C6F6E67 		.ascii	"long double\000"
 1716      20646F75 
 1716      626C6500 
 1717              	.LASF53:
 1718 027b 74696C65 		.ascii	"tile_height\000"
 1718      5F686569 
 1718      67687400 
 1719              	.LASF1:
 1720 0287 756E7369 		.ascii	"unsigned char\000"
 1720      676E6564 
 1720      20636861 
 1720      7200
 1721              	.LASF0:
 1722 0295 7369676E 		.ascii	"signed char\000"
 1722      65642063 
 1722      68617200 
 1723              	.LASF10:
 1724 02a1 6C6F6E67 		.ascii	"long long unsigned int\000"
 1724      206C6F6E 
 1724      6720756E 
 1724      7369676E 
 1724      65642069 
 1725              	.LASF14:
 1726 02b8 75696E74 		.ascii	"uint32_t\000"
 1726      33325F74 
 1726      00
 1727              	.LASF65:
 1728 02c1 68656967 		.ascii	"height\000"
 1728      687400
 1729              	.LASF11:
 1730 02c8 756E7369 		.ascii	"unsigned int\000"
 1730      676E6564 
 1730      20696E74 
 1730      00
 1731              	.LASF13:
ARM GAS  C:\Users\brian\AppData\Local\Temp\cctgGStL.s 			page 36


 1732 02d5 75696E74 		.ascii	"uint16_t\000"
 1732      31365F74 
 1732      00
 1733              	.LASF38:
 1734 02de 75387838 		.ascii	"u8x8_display_info_struct\000"
 1734      5F646973 
 1734      706C6179 
 1734      5F696E66 
 1734      6F5F7374 
 1735              	.LASF43:
 1736 02f7 72657365 		.ascii	"reset_pulse_width_ms\000"
 1736      745F7075 
 1736      6C73655F 
 1736      77696474 
 1736      685F6D73 
 1737              	.LASF16:
 1738 030c 75387838 		.ascii	"u8x8_t\000"
 1738      5F7400
 1739              	.LASF49:
 1740 0313 6932635F 		.ascii	"i2c_bus_clock_100kHz\000"
 1740      6275735F 
 1740      636C6F63 
 1740      6B5F3130 
 1740      306B487A 
 1741              	.LASF47:
 1742 0328 73636B5F 		.ascii	"sck_clock_hz\000"
 1742      636C6F63 
 1742      6B5F687A 
 1742      00
 1743              	.LASF5:
 1744 0335 73686F72 		.ascii	"short unsigned int\000"
 1744      7420756E 
 1744      7369676E 
 1744      65642069 
 1744      6E7400
 1745              	.LASF59:
 1746 0348 75387838 		.ascii	"u8x8_char_cb\000"
 1746      5F636861 
 1746      725F6362 
 1746      00
 1747              	.LASF69:
 1748 0355 63686172 		.ascii	"char\000"
 1748      00
 1749              	.LASF34:
 1750 035a 6465626F 		.ascii	"debounce_state\000"
 1750      756E6365 
 1750      5F737461 
 1750      746500
 1751              	.LASF17:
 1752 0369 64697370 		.ascii	"display_info\000"
 1752      6C61795F 
 1752      696E666F 
 1752      00
 1753              	.LASF57:
 1754 0376 70697865 		.ascii	"pixel_height\000"
 1754      6C5F6865 
 1754      69676874 
ARM GAS  C:\Users\brian\AppData\Local\Temp\cctgGStL.s 			page 37


 1754      00
 1755              	.LASF73:
 1756 0383 75387838 		.ascii	"u8x8_DrawUTF8Lines\000"
 1756      5F447261 
 1756      77555446 
 1756      384C696E 
 1756      657300
 1757              	.LASF76:
 1758 0396 75387838 		.ascii	"u8x8_GetMenuEvent\000"
 1758      5F476574 
 1758      4D656E75 
 1758      4576656E 
 1758      7400
 1759              	.LASF56:
 1760 03a8 70697865 		.ascii	"pixel_width\000"
 1760      6C5F7769 
 1760      64746800 
 1761              	.LASF30:
 1762 03b4 75746638 		.ascii	"utf8_state\000"
 1762      5F737461 
 1762      746500
 1763              	.LASF37:
 1764 03bf 75387838 		.ascii	"u8x8_struct\000"
 1764      5F737472 
 1764      75637400 
 1765              	.LASF8:
 1766 03cb 6C6F6E67 		.ascii	"long unsigned int\000"
 1766      20756E73 
 1766      69676E65 
 1766      6420696E 
 1766      7400
 1767              	.LASF21:
 1768 03dd 62797465 		.ascii	"byte_cb\000"
 1768      5F636200 
 1769              	.LASF40:
 1770 03e5 63686970 		.ascii	"chip_disable_level\000"
 1770      5F646973 
 1770      61626C65 
 1770      5F6C6576 
 1770      656C00
 1771              	.LASF28:
 1772 03f8 6932635F 		.ascii	"i2c_address\000"
 1772      61646472 
 1772      65737300 
 1773              	.LASF55:
 1774 0404 666C6970 		.ascii	"flipmode_x_offset\000"
 1774      6D6F6465 
 1774      5F785F6F 
 1774      66667365 
 1774      7400
 1775              	.LASF25:
 1776 0416 656E636F 		.ascii	"encoding\000"
 1776      64696E67 
 1776      00
 1777              	.LASF29:
 1778 041f 6932635F 		.ascii	"i2c_started\000"
 1778      73746172 
ARM GAS  C:\Users\brian\AppData\Local\Temp\cctgGStL.s 			page 38


 1778      74656400 
 1779              	.LASF20:
 1780 042b 6361645F 		.ascii	"cad_cb\000"
 1780      636200
 1781              	.LASF77:
 1782 0432 474E5520 		.ascii	"GNU C11 5.4.1 20160609 (release) [ARM/embedded-5-br"
 1782      43313120 
 1782      352E342E 
 1782      31203230 
 1782      31363036 
 1783 0465 616E6368 		.ascii	"anch revision 237715] -mcpu=cortex-m3 -mthumb -g -O"
 1783      20726576 
 1783      6973696F 
 1783      6E203233 
 1783      37373135 
 1784 0498 67202D66 		.ascii	"g -ffunction-sections -ffat-lto-objects\000"
 1784      66756E63 
 1784      74696F6E 
 1784      2D736563 
 1784      74696F6E 
 1785              	.LASF32:
 1786 04c0 6465626F 		.ascii	"debounce_default_pin_state\000"
 1786      756E6365 
 1786      5F646566 
 1786      61756C74 
 1786      5F70696E 
 1787              	.LASF75:
 1788 04db 75387838 		.ascii	"u8x8_u8toa\000"
 1788      5F753874 
 1788      6F6100
 1789              	.LASF58:
 1790 04e6 75387838 		.ascii	"u8x8_msg_cb\000"
 1790      5F6D7367 
 1790      5F636200 
 1791              	.LASF18:
 1792 04f2 6E657874 		.ascii	"next_cb\000"
 1792      5F636200 
 1793              	.LASF74:
 1794 04fa 75387838 		.ascii	"u8x8_DrawUTF8\000"
 1794      5F447261 
 1794      77555446 
 1794      3800
 1795              	.LASF42:
 1796 0508 7072655F 		.ascii	"pre_chip_disable_wait_ns\000"
 1796      63686970 
 1796      5F646973 
 1796      61626C65 
 1796      5F776169 
 1797              		.ident	"GCC: (GNU Tools for ARM Embedded Processors) 5.4.1 20160609 (release) [ARM/embedded-5-bran
