ARM GAS  C:\Users\brian\AppData\Local\Temp\ccPdkuii.s 			page 1


   1              		.syntax unified
   2              		.cpu cortex-m3
   3              		.fpu softvfp
   4              		.eabi_attribute 20, 1
   5              		.eabi_attribute 21, 1
   6              		.eabi_attribute 23, 3
   7              		.eabi_attribute 24, 1
   8              		.eabi_attribute 25, 1
   9              		.eabi_attribute 26, 1
  10              		.eabi_attribute 30, 1
  11              		.eabi_attribute 34, 1
  12              		.eabi_attribute 18, 4
  13              		.thumb
  14              		.syntax unified
  15              		.file	"u8x8_d_ist7920.c"
  16              		.text
  17              	.Ltext0:
  18              		.cfi_sections	.debug_frame
  19              		.section	.text.u8x8_d_ist7920_128x128,"ax",%progbits
  20              		.align	2
  21              		.global	u8x8_d_ist7920_128x128
  22              		.thumb
  23              		.thumb_func
  24              		.type	u8x8_d_ist7920_128x128, %function
  25              	u8x8_d_ist7920_128x128:
  26              	.LFB0:
  27              		.file 1 "..\\u8g2\\csrc\\u8x8_d_ist7920.c"
   1:..\u8g2\csrc/u8x8_d_ist7920.c **** /*
   2:..\u8g2\csrc/u8x8_d_ist7920.c **** 
   3:..\u8g2\csrc/u8x8_d_ist7920.c ****   u8x8_d_ist7920.c
   4:..\u8g2\csrc/u8x8_d_ist7920.c ****   
   5:..\u8g2\csrc/u8x8_d_ist7920.c ****   this is NOT ST7920!
   6:..\u8g2\csrc/u8x8_d_ist7920.c ****   
   7:..\u8g2\csrc/u8x8_d_ist7920.c ****   Universal 8bit Graphics Library (https://github.com/olikraus/u8g2/)
   8:..\u8g2\csrc/u8x8_d_ist7920.c **** 
   9:..\u8g2\csrc/u8x8_d_ist7920.c ****   Copyright (c) 2019, olikraus@gmail.com
  10:..\u8g2\csrc/u8x8_d_ist7920.c ****   All rights reserved.
  11:..\u8g2\csrc/u8x8_d_ist7920.c **** 
  12:..\u8g2\csrc/u8x8_d_ist7920.c ****   Redistribution and use in source and binary forms, with or without modification, 
  13:..\u8g2\csrc/u8x8_d_ist7920.c ****   are permitted provided that the following conditions are met:
  14:..\u8g2\csrc/u8x8_d_ist7920.c **** 
  15:..\u8g2\csrc/u8x8_d_ist7920.c ****   * Redistributions of source code must retain the above copyright notice, this list 
  16:..\u8g2\csrc/u8x8_d_ist7920.c ****     of conditions and the following disclaimer.
  17:..\u8g2\csrc/u8x8_d_ist7920.c ****     
  18:..\u8g2\csrc/u8x8_d_ist7920.c ****   * Redistributions in binary form must reproduce the above copyright notice, this 
  19:..\u8g2\csrc/u8x8_d_ist7920.c ****     list of conditions and the following disclaimer in the documentation and/or other 
  20:..\u8g2\csrc/u8x8_d_ist7920.c ****     materials provided with the distribution.
  21:..\u8g2\csrc/u8x8_d_ist7920.c **** 
  22:..\u8g2\csrc/u8x8_d_ist7920.c ****   THIS SOFTWARE IS PROVIDED BY THE COPYRIGHT HOLDERS AND 
  23:..\u8g2\csrc/u8x8_d_ist7920.c ****   CONTRIBUTORS "AS IS" AND ANY EXPRESS OR IMPLIED WARRANTIES, 
  24:..\u8g2\csrc/u8x8_d_ist7920.c ****   INCLUDING, BUT NOT LIMITED TO, THE IMPLIED WARRANTIES OF 
  25:..\u8g2\csrc/u8x8_d_ist7920.c ****   MERCHANTABILITY AND FITNESS FOR A PARTICULAR PURPOSE ARE 
  26:..\u8g2\csrc/u8x8_d_ist7920.c ****   DISCLAIMED. IN NO EVENT SHALL THE COPYRIGHT HOLDER OR 
  27:..\u8g2\csrc/u8x8_d_ist7920.c ****   CONTRIBUTORS BE LIABLE FOR ANY DIRECT, INDIRECT, INCIDENTAL, 
  28:..\u8g2\csrc/u8x8_d_ist7920.c ****   SPECIAL, EXEMPLARY, OR CONSEQUENTIAL DAMAGES (INCLUDING, BUT 
  29:..\u8g2\csrc/u8x8_d_ist7920.c ****   NOT LIMITED TO, PROCUREMENT OF SUBSTITUTE GOODS OR SERVICES; 
  30:..\u8g2\csrc/u8x8_d_ist7920.c ****   LOSS OF USE, DATA, OR PROFITS; OR BUSINESS INTERRUPTION) HOWEVER 
ARM GAS  C:\Users\brian\AppData\Local\Temp\ccPdkuii.s 			page 2


  31:..\u8g2\csrc/u8x8_d_ist7920.c ****   CAUSED AND ON ANY THEORY OF LIABILITY, WHETHER IN CONTRACT, 
  32:..\u8g2\csrc/u8x8_d_ist7920.c ****   STRICT LIABILITY, OR TORT (INCLUDING NEGLIGENCE OR OTHERWISE) 
  33:..\u8g2\csrc/u8x8_d_ist7920.c ****   ARISING IN ANY WAY OUT OF THE USE OF THIS SOFTWARE, EVEN IF 
  34:..\u8g2\csrc/u8x8_d_ist7920.c ****   ADVISED OF THE POSSIBILITY OF SUCH DAMAGE.  
  35:..\u8g2\csrc/u8x8_d_ist7920.c **** 
  36:..\u8g2\csrc/u8x8_d_ist7920.c ****   
  37:..\u8g2\csrc/u8x8_d_ist7920.c **** */
  38:..\u8g2\csrc/u8x8_d_ist7920.c **** #include "u8x8.h"
  39:..\u8g2\csrc/u8x8_d_ist7920.c **** 
  40:..\u8g2\csrc/u8x8_d_ist7920.c **** 
  41:..\u8g2\csrc/u8x8_d_ist7920.c **** 
  42:..\u8g2\csrc/u8x8_d_ist7920.c **** 
  43:..\u8g2\csrc/u8x8_d_ist7920.c **** static const uint8_t u8x8_d_ist7920_128x128_powersave0_seq[] = {
  44:..\u8g2\csrc/u8x8_d_ist7920.c ****   U8X8_START_TRANSFER(),             	/* enable chip, delay is part of the transfer start */
  45:..\u8g2\csrc/u8x8_d_ist7920.c ****   U8X8_C(0x03d),		                /* display on */
  46:..\u8g2\csrc/u8x8_d_ist7920.c ****   U8X8_END_TRANSFER(),             	/* disable chip */
  47:..\u8g2\csrc/u8x8_d_ist7920.c ****   U8X8_END()             			/* end of sequence */
  48:..\u8g2\csrc/u8x8_d_ist7920.c **** };
  49:..\u8g2\csrc/u8x8_d_ist7920.c **** 
  50:..\u8g2\csrc/u8x8_d_ist7920.c **** static const uint8_t u8x8_d_ist7920_128x128_powersave1_seq[] = {
  51:..\u8g2\csrc/u8x8_d_ist7920.c ****   U8X8_START_TRANSFER(),             	/* enable chip, delay is part of the transfer start */
  52:..\u8g2\csrc/u8x8_d_ist7920.c ****   U8X8_C(0x03c),		                /* display off */
  53:..\u8g2\csrc/u8x8_d_ist7920.c ****   U8X8_END_TRANSFER(),             	/* disable chip */
  54:..\u8g2\csrc/u8x8_d_ist7920.c ****   U8X8_END()             			/* end of sequence */
  55:..\u8g2\csrc/u8x8_d_ist7920.c **** };
  56:..\u8g2\csrc/u8x8_d_ist7920.c **** 
  57:..\u8g2\csrc/u8x8_d_ist7920.c **** static const uint8_t u8x8_d_ist7920_128x128_flip0_seq[] = {
  58:..\u8g2\csrc/u8x8_d_ist7920.c ****   U8X8_START_TRANSFER(),             	/* enable chip, delay is part of the transfer start */
  59:..\u8g2\csrc/u8x8_d_ist7920.c ****   U8X8_C(0x064),				/* Display Ctrl: Bit3: SHL 2:ADC 1:EON, 0:REV */
  60:..\u8g2\csrc/u8x8_d_ist7920.c ****   U8X8_END_TRANSFER(),             	/* disable chip */
  61:..\u8g2\csrc/u8x8_d_ist7920.c ****   U8X8_END()             			/* end of sequence */
  62:..\u8g2\csrc/u8x8_d_ist7920.c **** };
  63:..\u8g2\csrc/u8x8_d_ist7920.c **** 
  64:..\u8g2\csrc/u8x8_d_ist7920.c **** static const uint8_t u8x8_d_ist7920_128x128_flip1_seq[] = {
  65:..\u8g2\csrc/u8x8_d_ist7920.c ****   U8X8_START_TRANSFER(),             	/* enable chip, delay is part of the transfer start */
  66:..\u8g2\csrc/u8x8_d_ist7920.c ****   U8X8_C(0x068),				/* Display Ctrl: Bit3: SHL 2:ADC 1:EON, 0:REV */
  67:..\u8g2\csrc/u8x8_d_ist7920.c ****   U8X8_END_TRANSFER(),             	/* disable chip */
  68:..\u8g2\csrc/u8x8_d_ist7920.c ****   U8X8_END()             			/* end of sequence */
  69:..\u8g2\csrc/u8x8_d_ist7920.c **** };
  70:..\u8g2\csrc/u8x8_d_ist7920.c **** 
  71:..\u8g2\csrc/u8x8_d_ist7920.c **** 
  72:..\u8g2\csrc/u8x8_d_ist7920.c **** static const u8x8_display_info_t u8x8_ist7920_128x128_display_info =
  73:..\u8g2\csrc/u8x8_d_ist7920.c **** {
  74:..\u8g2\csrc/u8x8_d_ist7920.c ****   /* chip_enable_level = */ 0,
  75:..\u8g2\csrc/u8x8_d_ist7920.c ****   /* chip_disable_level = */ 1,
  76:..\u8g2\csrc/u8x8_d_ist7920.c ****   
  77:..\u8g2\csrc/u8x8_d_ist7920.c ****   /* post_chip_enable_wait_ns = */ 90,	/* IST7920 datasheet, page 48 */
  78:..\u8g2\csrc/u8x8_d_ist7920.c ****   /* pre_chip_disable_wait_ns = */ 90,	/* IST7920 datasheet, page 48 */
  79:..\u8g2\csrc/u8x8_d_ist7920.c ****   /* reset_pulse_width_ms = */ 10,		 
  80:..\u8g2\csrc/u8x8_d_ist7920.c ****   /* post_reset_wait_ms = */ 20, 		/* IST7920 Startup Seq.. */
  81:..\u8g2\csrc/u8x8_d_ist7920.c ****   /* sda_setup_time_ns = */ 45,		/* IST7920 datasheet, page 48 */
  82:..\u8g2\csrc/u8x8_d_ist7920.c ****   /* sck_pulse_width_ns = */ 130,	/* IST7920 datasheet, page 48 */
  83:..\u8g2\csrc/u8x8_d_ist7920.c ****   /* sck_clock_hz = */ 3000000UL,	/* IST7920 datasheet: 260ns */
  84:..\u8g2\csrc/u8x8_d_ist7920.c ****   /* spi_mode = */ 0,		/* active high, rising edge (not verified) */
  85:..\u8g2\csrc/u8x8_d_ist7920.c ****   /* i2c_bus_clock_100kHz = */ 4,	/* 400kHz according to IST7920 datasheet */
  86:..\u8g2\csrc/u8x8_d_ist7920.c ****   /* data_setup_time_ns = */ 60,	/* IST7920 datasheet, page 47 */
  87:..\u8g2\csrc/u8x8_d_ist7920.c ****   /* write_pulse_width_ns = */ 150,	/* IST7920 datasheet, page 47 */
ARM GAS  C:\Users\brian\AppData\Local\Temp\ccPdkuii.s 			page 3


  88:..\u8g2\csrc/u8x8_d_ist7920.c ****   /* tile_width = */ 16,		/* width of 16*8=128 pixel */
  89:..\u8g2\csrc/u8x8_d_ist7920.c ****   /* tile_hight = */ 16,
  90:..\u8g2\csrc/u8x8_d_ist7920.c ****   /* default_x_offset = */ 0,
  91:..\u8g2\csrc/u8x8_d_ist7920.c ****   /* flipmode_x_offset = */ 0,
  92:..\u8g2\csrc/u8x8_d_ist7920.c ****   /* pixel_width = */ 128,
  93:..\u8g2\csrc/u8x8_d_ist7920.c ****   /* pixel_height = */ 128
  94:..\u8g2\csrc/u8x8_d_ist7920.c **** };
  95:..\u8g2\csrc/u8x8_d_ist7920.c **** 
  96:..\u8g2\csrc/u8x8_d_ist7920.c **** /* 1/128 Duty, 1/10 Bias, 128x128 round display */
  97:..\u8g2\csrc/u8x8_d_ist7920.c **** static const uint8_t u8x8_d_ist7920_128x128_init_seq[] = {
  98:..\u8g2\csrc/u8x8_d_ist7920.c ****     
  99:..\u8g2\csrc/u8x8_d_ist7920.c ****   U8X8_START_TRANSFER(),             	/* enable chip, delay is part of the transfer start */
 100:..\u8g2\csrc/u8x8_d_ist7920.c **** 
 101:..\u8g2\csrc/u8x8_d_ist7920.c ****   U8X8_C(0x076),				/* Software Reset */
 102:..\u8g2\csrc/u8x8_d_ist7920.c ****   U8X8_DLY(50),
 103:..\u8g2\csrc/u8x8_d_ist7920.c ****   U8X8_C(0x03c),				/* display off */
 104:..\u8g2\csrc/u8x8_d_ist7920.c ****   
 105:..\u8g2\csrc/u8x8_d_ist7920.c ****   
 106:..\u8g2\csrc/u8x8_d_ist7920.c ****   U8X8_CA(0x090, 128),			/* Set Duty */
 107:..\u8g2\csrc/u8x8_d_ist7920.c ****   //U8X8_CAA(0x0b2, 0x011, 0x00),	/* Set Frame Control */  
 108:..\u8g2\csrc/u8x8_d_ist7920.c **** 
 109:..\u8g2\csrc/u8x8_d_ist7920.c ****   U8X8_CA(0x030, 16),			/* Set Bias 0: 1/8, 8: 1/9, 16: 1/10, 24: 1/11, 48: 1/12 ... */  
 110:..\u8g2\csrc/u8x8_d_ist7920.c ****   U8X8_CA(0x031, 0x03f),		/* Set voltage generate clock(31H/11H) */  
 111:..\u8g2\csrc/u8x8_d_ist7920.c ****   //U8X8_CA(0x032, 0x015),		/* Temperature compensation */  
 112:..\u8g2\csrc/u8x8_d_ist7920.c ****   U8X8_CA(0x033, 0x020),		/* Power Control */
 113:..\u8g2\csrc/u8x8_d_ist7920.c ****   U8X8_DLY(100),
 114:..\u8g2\csrc/u8x8_d_ist7920.c ****   U8X8_CA(0x033, 0x02c),		/* Power Control */
 115:..\u8g2\csrc/u8x8_d_ist7920.c ****   U8X8_DLY(100),
 116:..\u8g2\csrc/u8x8_d_ist7920.c ****   U8X8_C(0xfd),				/* set booster */
 117:..\u8g2\csrc/u8x8_d_ist7920.c ****   U8X8_DLY(100),
 118:..\u8g2\csrc/u8x8_d_ist7920.c ****   U8X8_CA(0x033, 0x02f),		/* Power Control */
 119:..\u8g2\csrc/u8x8_d_ist7920.c ****   U8X8_DLY(200),
 120:..\u8g2\csrc/u8x8_d_ist7920.c ****   
 121:..\u8g2\csrc/u8x8_d_ist7920.c ****   U8X8_C(0x064),				/* Display Ctrl: Bit3: SHL 2:ADC 1:EON, 0:REV */
 122:..\u8g2\csrc/u8x8_d_ist7920.c **** 
 123:..\u8g2\csrc/u8x8_d_ist7920.c ****   U8X8_CAA(0x074, 0x000, 0x00f),	/* AY Window */  
 124:..\u8g2\csrc/u8x8_d_ist7920.c ****   U8X8_CAA(0x075, 0x000, 0x07f),	/* AX Window */  
 125:..\u8g2\csrc/u8x8_d_ist7920.c ****   
 126:..\u8g2\csrc/u8x8_d_ist7920.c ****   U8X8_CA(0x040, 64),			/* Start line at 64 */
 127:..\u8g2\csrc/u8x8_d_ist7920.c **** 
 128:..\u8g2\csrc/u8x8_d_ist7920.c ****   U8X8_CA(0x0b1, 100),			/* electronic volume */  
 129:..\u8g2\csrc/u8x8_d_ist7920.c **** 
 130:..\u8g2\csrc/u8x8_d_ist7920.c **** 
 131:..\u8g2\csrc/u8x8_d_ist7920.c ****   U8X8_END_TRANSFER(),             	/* disable chip */
 132:..\u8g2\csrc/u8x8_d_ist7920.c ****   U8X8_END()             			/* end of sequence */
 133:..\u8g2\csrc/u8x8_d_ist7920.c **** };
 134:..\u8g2\csrc/u8x8_d_ist7920.c **** 
 135:..\u8g2\csrc/u8x8_d_ist7920.c **** uint8_t u8x8_d_ist7920_128x128(u8x8_t *u8x8, uint8_t msg, uint8_t arg_int, void *arg_ptr)
 136:..\u8g2\csrc/u8x8_d_ist7920.c **** {
  28              		.loc 1 136 0
  29              		.cfi_startproc
  30              		@ args = 0, pretend = 0, frame = 0
  31              		@ frame_needed = 0, uses_anonymous_args = 0
  32              	.LVL0:
  33 0000 F8B5     		push	{r3, r4, r5, r6, r7, lr}
  34              		.cfi_def_cfa_offset 24
  35              		.cfi_offset 3, -24
ARM GAS  C:\Users\brian\AppData\Local\Temp\ccPdkuii.s 			page 4


  36              		.cfi_offset 4, -20
  37              		.cfi_offset 5, -16
  38              		.cfi_offset 6, -12
  39              		.cfi_offset 7, -8
  40              		.cfi_offset 14, -4
  41 0002 0546     		mov	r5, r0
  42 0004 1446     		mov	r4, r2
  43 0006 1F46     		mov	r7, r3
 137:..\u8g2\csrc/u8x8_d_ist7920.c ****   uint8_t x, c;
 138:..\u8g2\csrc/u8x8_d_ist7920.c ****   uint8_t *ptr;
 139:..\u8g2\csrc/u8x8_d_ist7920.c ****   switch(msg)
  44              		.loc 1 139 0
  45 0008 0939     		subs	r1, r1, #9
  46              	.LVL1:
  47 000a 0629     		cmp	r1, #6
  48 000c 6AD8     		bhi	.L13
  49 000e DFE801F0 		tbb	[pc, r1]
  50              	.LVL2:
  51              	.L4:
  52 0012 04       		.byte	(.L3-.L4)/2
  53 0013 09       		.byte	(.L5-.L4)/2
  54 0014 11       		.byte	(.L6-.L4)/2
  55 0015 69       		.byte	(.L13-.L4)/2
  56 0016 1C       		.byte	(.L7-.L4)/2
  57 0017 2F       		.byte	(.L8-.L4)/2
  58 0018 3E       		.byte	(.L9-.L4)/2
  59 0019 00       		.p2align 1
  60              	.L3:
 140:..\u8g2\csrc/u8x8_d_ist7920.c ****   {
 141:..\u8g2\csrc/u8x8_d_ist7920.c ****     case U8X8_MSG_DISPLAY_SETUP_MEMORY:
 142:..\u8g2\csrc/u8x8_d_ist7920.c ****       u8x8_d_helper_display_setup_memory(u8x8, &u8x8_ist7920_128x128_display_info);
  61              		.loc 1 142 0
  62 001a 3349     		ldr	r1, .L15
  63 001c FFF7FEFF 		bl	u8x8_d_helper_display_setup_memory
  64              	.LVL3:
 143:..\u8g2\csrc/u8x8_d_ist7920.c ****       break;
 144:..\u8g2\csrc/u8x8_d_ist7920.c ****     case U8X8_MSG_DISPLAY_INIT:
 145:..\u8g2\csrc/u8x8_d_ist7920.c ****       u8x8_d_helper_display_init(u8x8);
 146:..\u8g2\csrc/u8x8_d_ist7920.c ****       u8x8_cad_SendSequence(u8x8, u8x8_d_ist7920_128x128_init_seq);
 147:..\u8g2\csrc/u8x8_d_ist7920.c ****       break;
 148:..\u8g2\csrc/u8x8_d_ist7920.c ****     case U8X8_MSG_DISPLAY_SET_POWER_SAVE:
 149:..\u8g2\csrc/u8x8_d_ist7920.c ****       if ( arg_int == 0 )
 150:..\u8g2\csrc/u8x8_d_ist7920.c **** 	u8x8_cad_SendSequence(u8x8, u8x8_d_ist7920_128x128_powersave0_seq);
 151:..\u8g2\csrc/u8x8_d_ist7920.c ****       else
 152:..\u8g2\csrc/u8x8_d_ist7920.c **** 	u8x8_cad_SendSequence(u8x8, u8x8_d_ist7920_128x128_powersave1_seq);
 153:..\u8g2\csrc/u8x8_d_ist7920.c ****       break;
 154:..\u8g2\csrc/u8x8_d_ist7920.c ****     case U8X8_MSG_DISPLAY_SET_FLIP_MODE:
 155:..\u8g2\csrc/u8x8_d_ist7920.c ****       if ( arg_int == 0 )
 156:..\u8g2\csrc/u8x8_d_ist7920.c ****       {
 157:..\u8g2\csrc/u8x8_d_ist7920.c **** 	u8x8_cad_SendSequence(u8x8, u8x8_d_ist7920_128x128_flip0_seq);
 158:..\u8g2\csrc/u8x8_d_ist7920.c **** 	u8x8->x_offset = u8x8->display_info->default_x_offset;
 159:..\u8g2\csrc/u8x8_d_ist7920.c ****       }
 160:..\u8g2\csrc/u8x8_d_ist7920.c ****       else
 161:..\u8g2\csrc/u8x8_d_ist7920.c ****       {
 162:..\u8g2\csrc/u8x8_d_ist7920.c **** 	u8x8_cad_SendSequence(u8x8, u8x8_d_ist7920_128x128_flip1_seq);
 163:..\u8g2\csrc/u8x8_d_ist7920.c **** 	u8x8->x_offset = u8x8->display_info->flipmode_x_offset;
 164:..\u8g2\csrc/u8x8_d_ist7920.c ****       }	
ARM GAS  C:\Users\brian\AppData\Local\Temp\ccPdkuii.s 			page 5


 165:..\u8g2\csrc/u8x8_d_ist7920.c ****       break;
 166:..\u8g2\csrc/u8x8_d_ist7920.c **** #ifdef U8X8_WITH_SET_CONTRAST
 167:..\u8g2\csrc/u8x8_d_ist7920.c ****     case U8X8_MSG_DISPLAY_SET_CONTRAST:
 168:..\u8g2\csrc/u8x8_d_ist7920.c ****       u8x8_cad_StartTransfer(u8x8);
 169:..\u8g2\csrc/u8x8_d_ist7920.c ****       u8x8_cad_SendCmd(u8x8, 0x0b1 );
 170:..\u8g2\csrc/u8x8_d_ist7920.c ****       u8x8_cad_SendArg(u8x8, arg_int );	/* st7920 has range from 0 to 255 */
 171:..\u8g2\csrc/u8x8_d_ist7920.c ****       u8x8_cad_EndTransfer(u8x8);
 172:..\u8g2\csrc/u8x8_d_ist7920.c ****       break;
 173:..\u8g2\csrc/u8x8_d_ist7920.c **** #endif
 174:..\u8g2\csrc/u8x8_d_ist7920.c ****     case U8X8_MSG_DISPLAY_DRAW_TILE:
 175:..\u8g2\csrc/u8x8_d_ist7920.c ****       u8x8_cad_StartTransfer(u8x8);
 176:..\u8g2\csrc/u8x8_d_ist7920.c ****     
 177:..\u8g2\csrc/u8x8_d_ist7920.c ****       x = ((u8x8_tile_t *)arg_ptr)->x_pos;
 178:..\u8g2\csrc/u8x8_d_ist7920.c ****       x *= 8;
 179:..\u8g2\csrc/u8x8_d_ist7920.c ****       x += u8x8->x_offset;
 180:..\u8g2\csrc/u8x8_d_ist7920.c ****       u8x8_cad_SendCmd(u8x8, 0x0c0 );
 181:..\u8g2\csrc/u8x8_d_ist7920.c ****       u8x8_cad_SendArg(u8x8, x );
 182:..\u8g2\csrc/u8x8_d_ist7920.c ****       u8x8_cad_SendCmd(u8x8, 0x001 );
 183:..\u8g2\csrc/u8x8_d_ist7920.c ****       u8x8_cad_SendArg(u8x8, (((u8x8_tile_t *)arg_ptr)->y_pos) );
 184:..\u8g2\csrc/u8x8_d_ist7920.c ****     
 185:..\u8g2\csrc/u8x8_d_ist7920.c ****       c = ((u8x8_tile_t *)arg_ptr)->cnt;
 186:..\u8g2\csrc/u8x8_d_ist7920.c ****       c *= 8;
 187:..\u8g2\csrc/u8x8_d_ist7920.c ****       ptr = ((u8x8_tile_t *)arg_ptr)->tile_ptr;
 188:..\u8g2\csrc/u8x8_d_ist7920.c ****       do
 189:..\u8g2\csrc/u8x8_d_ist7920.c ****       {
 190:..\u8g2\csrc/u8x8_d_ist7920.c **** 	u8x8_cad_SendData(u8x8, c, ptr);	/* note: SendData can not handle more than 255 bytes */
 191:..\u8g2\csrc/u8x8_d_ist7920.c **** 	arg_int--;
 192:..\u8g2\csrc/u8x8_d_ist7920.c ****       } while( arg_int > 0 );
 193:..\u8g2\csrc/u8x8_d_ist7920.c ****       
 194:..\u8g2\csrc/u8x8_d_ist7920.c ****       u8x8_cad_EndTransfer(u8x8);
 195:..\u8g2\csrc/u8x8_d_ist7920.c ****       break;
 196:..\u8g2\csrc/u8x8_d_ist7920.c ****     default:
 197:..\u8g2\csrc/u8x8_d_ist7920.c ****       return 0;
 198:..\u8g2\csrc/u8x8_d_ist7920.c ****   }
 199:..\u8g2\csrc/u8x8_d_ist7920.c ****   return 1;
  65              		.loc 1 199 0
  66 0020 0120     		movs	r0, #1
 143:..\u8g2\csrc/u8x8_d_ist7920.c ****       break;
  67              		.loc 1 143 0
  68 0022 F8BD     		pop	{r3, r4, r5, r6, r7, pc}
  69              	.LVL4:
  70              	.L5:
 145:..\u8g2\csrc/u8x8_d_ist7920.c ****       u8x8_cad_SendSequence(u8x8, u8x8_d_ist7920_128x128_init_seq);
  71              		.loc 1 145 0
  72 0024 FFF7FEFF 		bl	u8x8_d_helper_display_init
  73              	.LVL5:
 146:..\u8g2\csrc/u8x8_d_ist7920.c ****       break;
  74              		.loc 1 146 0
  75 0028 3049     		ldr	r1, .L15+4
  76 002a 2846     		mov	r0, r5
  77 002c FFF7FEFF 		bl	u8x8_cad_SendSequence
  78              	.LVL6:
  79              		.loc 1 199 0
  80 0030 0120     		movs	r0, #1
 147:..\u8g2\csrc/u8x8_d_ist7920.c ****     case U8X8_MSG_DISPLAY_SET_POWER_SAVE:
  81              		.loc 1 147 0
  82 0032 F8BD     		pop	{r3, r4, r5, r6, r7, pc}
ARM GAS  C:\Users\brian\AppData\Local\Temp\ccPdkuii.s 			page 6


  83              	.LVL7:
  84              	.L6:
 149:..\u8g2\csrc/u8x8_d_ist7920.c **** 	u8x8_cad_SendSequence(u8x8, u8x8_d_ist7920_128x128_powersave0_seq);
  85              		.loc 1 149 0
  86 0034 22B9     		cbnz	r2, .L10
 150:..\u8g2\csrc/u8x8_d_ist7920.c ****       else
  87              		.loc 1 150 0
  88 0036 2E49     		ldr	r1, .L15+8
  89 0038 FFF7FEFF 		bl	u8x8_cad_SendSequence
  90              	.LVL8:
  91              		.loc 1 199 0
  92 003c 0120     		movs	r0, #1
  93 003e F8BD     		pop	{r3, r4, r5, r6, r7, pc}
  94              	.LVL9:
  95              	.L10:
 152:..\u8g2\csrc/u8x8_d_ist7920.c ****       break;
  96              		.loc 1 152 0
  97 0040 2C49     		ldr	r1, .L15+12
  98 0042 FFF7FEFF 		bl	u8x8_cad_SendSequence
  99              	.LVL10:
 100              		.loc 1 199 0
 101 0046 0120     		movs	r0, #1
 102 0048 F8BD     		pop	{r3, r4, r5, r6, r7, pc}
 103              	.LVL11:
 104              	.L7:
 155:..\u8g2\csrc/u8x8_d_ist7920.c ****       {
 105              		.loc 1 155 0
 106 004a 42B9     		cbnz	r2, .L11
 157:..\u8g2\csrc/u8x8_d_ist7920.c **** 	u8x8->x_offset = u8x8->display_info->default_x_offset;
 107              		.loc 1 157 0
 108 004c 2A49     		ldr	r1, .L15+16
 109 004e FFF7FEFF 		bl	u8x8_cad_SendSequence
 110              	.LVL12:
 158:..\u8g2\csrc/u8x8_d_ist7920.c ****       }
 111              		.loc 1 158 0
 112 0052 2B68     		ldr	r3, [r5]
 113 0054 9B7C     		ldrb	r3, [r3, #18]	@ zero_extendqisi2
 114 0056 85F82230 		strb	r3, [r5, #34]
 115              		.loc 1 199 0
 116 005a 0120     		movs	r0, #1
 117 005c F8BD     		pop	{r3, r4, r5, r6, r7, pc}
 118              	.LVL13:
 119              	.L11:
 162:..\u8g2\csrc/u8x8_d_ist7920.c **** 	u8x8->x_offset = u8x8->display_info->flipmode_x_offset;
 120              		.loc 1 162 0
 121 005e 2749     		ldr	r1, .L15+20
 122 0060 FFF7FEFF 		bl	u8x8_cad_SendSequence
 123              	.LVL14:
 163:..\u8g2\csrc/u8x8_d_ist7920.c ****       }	
 124              		.loc 1 163 0
 125 0064 2B68     		ldr	r3, [r5]
 126 0066 DB7C     		ldrb	r3, [r3, #19]	@ zero_extendqisi2
 127 0068 85F82230 		strb	r3, [r5, #34]
 128              		.loc 1 199 0
 129 006c 0120     		movs	r0, #1
 130 006e F8BD     		pop	{r3, r4, r5, r6, r7, pc}
 131              	.LVL15:
ARM GAS  C:\Users\brian\AppData\Local\Temp\ccPdkuii.s 			page 7


 132              	.L8:
 168:..\u8g2\csrc/u8x8_d_ist7920.c ****       u8x8_cad_SendCmd(u8x8, 0x0b1 );
 133              		.loc 1 168 0
 134 0070 FFF7FEFF 		bl	u8x8_cad_StartTransfer
 135              	.LVL16:
 169:..\u8g2\csrc/u8x8_d_ist7920.c ****       u8x8_cad_SendArg(u8x8, arg_int );	/* st7920 has range from 0 to 255 */
 136              		.loc 1 169 0
 137 0074 B121     		movs	r1, #177
 138 0076 2846     		mov	r0, r5
 139 0078 FFF7FEFF 		bl	u8x8_cad_SendCmd
 140              	.LVL17:
 170:..\u8g2\csrc/u8x8_d_ist7920.c ****       u8x8_cad_EndTransfer(u8x8);
 141              		.loc 1 170 0
 142 007c 2146     		mov	r1, r4
 143 007e 2846     		mov	r0, r5
 144 0080 FFF7FEFF 		bl	u8x8_cad_SendArg
 145              	.LVL18:
 171:..\u8g2\csrc/u8x8_d_ist7920.c ****       break;
 146              		.loc 1 171 0
 147 0084 2846     		mov	r0, r5
 148 0086 FFF7FEFF 		bl	u8x8_cad_EndTransfer
 149              	.LVL19:
 150              		.loc 1 199 0
 151 008a 0120     		movs	r0, #1
 172:..\u8g2\csrc/u8x8_d_ist7920.c **** #endif
 152              		.loc 1 172 0
 153 008c F8BD     		pop	{r3, r4, r5, r6, r7, pc}
 154              	.LVL20:
 155              	.L9:
 175:..\u8g2\csrc/u8x8_d_ist7920.c ****     
 156              		.loc 1 175 0
 157 008e FFF7FEFF 		bl	u8x8_cad_StartTransfer
 158              	.LVL21:
 177:..\u8g2\csrc/u8x8_d_ist7920.c ****       x *= 8;
 159              		.loc 1 177 0
 160 0092 7E79     		ldrb	r6, [r7, #5]	@ zero_extendqisi2
 161              	.LVL22:
 178:..\u8g2\csrc/u8x8_d_ist7920.c ****       x += u8x8->x_offset;
 162              		.loc 1 178 0
 163 0094 F600     		lsls	r6, r6, #3
 164              	.LVL23:
 165 0096 F6B2     		uxtb	r6, r6
 166              	.LVL24:
 179:..\u8g2\csrc/u8x8_d_ist7920.c ****       u8x8_cad_SendCmd(u8x8, 0x0c0 );
 167              		.loc 1 179 0
 168 0098 95F82230 		ldrb	r3, [r5, #34]	@ zero_extendqisi2
 169 009c 1E44     		add	r6, r6, r3
 170              	.LVL25:
 171 009e F6B2     		uxtb	r6, r6
 172              	.LVL26:
 180:..\u8g2\csrc/u8x8_d_ist7920.c ****       u8x8_cad_SendArg(u8x8, x );
 173              		.loc 1 180 0
 174 00a0 C021     		movs	r1, #192
 175 00a2 2846     		mov	r0, r5
 176 00a4 FFF7FEFF 		bl	u8x8_cad_SendCmd
 177              	.LVL27:
 181:..\u8g2\csrc/u8x8_d_ist7920.c ****       u8x8_cad_SendCmd(u8x8, 0x001 );
ARM GAS  C:\Users\brian\AppData\Local\Temp\ccPdkuii.s 			page 8


 178              		.loc 1 181 0
 179 00a8 3146     		mov	r1, r6
 180 00aa 2846     		mov	r0, r5
 181 00ac FFF7FEFF 		bl	u8x8_cad_SendArg
 182              	.LVL28:
 182:..\u8g2\csrc/u8x8_d_ist7920.c ****       u8x8_cad_SendArg(u8x8, (((u8x8_tile_t *)arg_ptr)->y_pos) );
 183              		.loc 1 182 0
 184 00b0 0121     		movs	r1, #1
 185 00b2 2846     		mov	r0, r5
 186 00b4 FFF7FEFF 		bl	u8x8_cad_SendCmd
 187              	.LVL29:
 183:..\u8g2\csrc/u8x8_d_ist7920.c ****     
 188              		.loc 1 183 0
 189 00b8 B979     		ldrb	r1, [r7, #6]	@ zero_extendqisi2
 190 00ba 2846     		mov	r0, r5
 191 00bc FFF7FEFF 		bl	u8x8_cad_SendArg
 192              	.LVL30:
 185:..\u8g2\csrc/u8x8_d_ist7920.c ****       c *= 8;
 193              		.loc 1 185 0
 194 00c0 3E79     		ldrb	r6, [r7, #4]	@ zero_extendqisi2
 195              	.LVL31:
 186:..\u8g2\csrc/u8x8_d_ist7920.c ****       ptr = ((u8x8_tile_t *)arg_ptr)->tile_ptr;
 196              		.loc 1 186 0
 197 00c2 F600     		lsls	r6, r6, #3
 198              	.LVL32:
 199 00c4 F6B2     		uxtb	r6, r6
 200              	.LVL33:
 187:..\u8g2\csrc/u8x8_d_ist7920.c ****       do
 201              		.loc 1 187 0
 202 00c6 3F68     		ldr	r7, [r7]
 203              	.LVL34:
 204              	.L12:
 190:..\u8g2\csrc/u8x8_d_ist7920.c **** 	arg_int--;
 205              		.loc 1 190 0 discriminator 1
 206 00c8 3A46     		mov	r2, r7
 207 00ca 3146     		mov	r1, r6
 208 00cc 2846     		mov	r0, r5
 209 00ce FFF7FEFF 		bl	u8x8_cad_SendData
 210              	.LVL35:
 191:..\u8g2\csrc/u8x8_d_ist7920.c ****       } while( arg_int > 0 );
 211              		.loc 1 191 0 discriminator 1
 212 00d2 621E     		subs	r2, r4, #1
 213              	.LVL36:
 192:..\u8g2\csrc/u8x8_d_ist7920.c ****       
 214              		.loc 1 192 0 discriminator 1
 215 00d4 12F0FF04 		ands	r4, r2, #255
 216 00d8 F6D1     		bne	.L12
 194:..\u8g2\csrc/u8x8_d_ist7920.c ****       break;
 217              		.loc 1 194 0
 218 00da 2846     		mov	r0, r5
 219 00dc FFF7FEFF 		bl	u8x8_cad_EndTransfer
 220              	.LVL37:
 221              		.loc 1 199 0
 222 00e0 0120     		movs	r0, #1
 195:..\u8g2\csrc/u8x8_d_ist7920.c ****     default:
 223              		.loc 1 195 0
 224 00e2 F8BD     		pop	{r3, r4, r5, r6, r7, pc}
ARM GAS  C:\Users\brian\AppData\Local\Temp\ccPdkuii.s 			page 9


 225              	.LVL38:
 226              	.L13:
 197:..\u8g2\csrc/u8x8_d_ist7920.c ****   }
 227              		.loc 1 197 0
 228 00e4 0020     		movs	r0, #0
 229              	.LVL39:
 200:..\u8g2\csrc/u8x8_d_ist7920.c **** }
 230              		.loc 1 200 0
 231 00e6 F8BD     		pop	{r3, r4, r5, r6, r7, pc}
 232              	.LVL40:
 233              	.L16:
 234              		.align	2
 235              	.L15:
 236 00e8 00000000 		.word	.LANCHOR0
 237 00ec 18000000 		.word	.LANCHOR0+24
 238 00f0 5C000000 		.word	.LANCHOR0+92
 239 00f4 64000000 		.word	.LANCHOR0+100
 240 00f8 6C000000 		.word	.LANCHOR0+108
 241 00fc 74000000 		.word	.LANCHOR0+116
 242              		.cfi_endproc
 243              	.LFE0:
 244              		.size	u8x8_d_ist7920_128x128, .-u8x8_d_ist7920_128x128
 245              		.section	.rodata
 246              		.align	2
 247              		.set	.LANCHOR0,. + 0
 248              		.type	u8x8_ist7920_128x128_display_info, %object
 249              		.size	u8x8_ist7920_128x128_display_info, 24
 250              	u8x8_ist7920_128x128_display_info:
 251 0000 00       		.byte	0
 252 0001 01       		.byte	1
 253 0002 5A       		.byte	90
 254 0003 5A       		.byte	90
 255 0004 0A       		.byte	10
 256 0005 14       		.byte	20
 257 0006 2D       		.byte	45
 258 0007 82       		.byte	-126
 259 0008 C0C62D00 		.word	3000000
 260 000c 00       		.byte	0
 261 000d 04       		.byte	4
 262 000e 3C       		.byte	60
 263 000f 96       		.byte	-106
 264 0010 10       		.byte	16
 265 0011 10       		.byte	16
 266 0012 00       		.byte	0
 267 0013 00       		.byte	0
 268 0014 8000     		.short	128
 269 0016 8000     		.short	128
 270              		.type	u8x8_d_ist7920_128x128_init_seq, %object
 271              		.size	u8x8_d_ist7920_128x128_init_seq, 65
 272              	u8x8_d_ist7920_128x128_init_seq:
 273 0018 18       		.byte	24
 274 0019 15       		.byte	21
 275 001a 76       		.byte	118
 276 001b FE       		.byte	-2
 277 001c 32       		.byte	50
 278 001d 15       		.byte	21
 279 001e 3C       		.byte	60
ARM GAS  C:\Users\brian\AppData\Local\Temp\ccPdkuii.s 			page 10


 280 001f 15       		.byte	21
 281 0020 90       		.byte	-112
 282 0021 16       		.byte	22
 283 0022 80       		.byte	-128
 284 0023 15       		.byte	21
 285 0024 30       		.byte	48
 286 0025 16       		.byte	22
 287 0026 10       		.byte	16
 288 0027 15       		.byte	21
 289 0028 31       		.byte	49
 290 0029 16       		.byte	22
 291 002a 3F       		.byte	63
 292 002b 15       		.byte	21
 293 002c 33       		.byte	51
 294 002d 16       		.byte	22
 295 002e 20       		.byte	32
 296 002f FE       		.byte	-2
 297 0030 64       		.byte	100
 298 0031 15       		.byte	21
 299 0032 33       		.byte	51
 300 0033 16       		.byte	22
 301 0034 2C       		.byte	44
 302 0035 FE       		.byte	-2
 303 0036 64       		.byte	100
 304 0037 15       		.byte	21
 305 0038 FD       		.byte	-3
 306 0039 FE       		.byte	-2
 307 003a 64       		.byte	100
 308 003b 15       		.byte	21
 309 003c 33       		.byte	51
 310 003d 16       		.byte	22
 311 003e 2F       		.byte	47
 312 003f FE       		.byte	-2
 313 0040 C8       		.byte	-56
 314 0041 15       		.byte	21
 315 0042 64       		.byte	100
 316 0043 15       		.byte	21
 317 0044 74       		.byte	116
 318 0045 16       		.byte	22
 319 0046 00       		.byte	0
 320 0047 16       		.byte	22
 321 0048 0F       		.byte	15
 322 0049 15       		.byte	21
 323 004a 75       		.byte	117
 324 004b 16       		.byte	22
 325 004c 00       		.byte	0
 326 004d 16       		.byte	22
 327 004e 7F       		.byte	127
 328 004f 15       		.byte	21
 329 0050 40       		.byte	64
 330 0051 16       		.byte	22
 331 0052 40       		.byte	64
 332 0053 15       		.byte	21
 333 0054 B1       		.byte	-79
 334 0055 16       		.byte	22
 335 0056 64       		.byte	100
 336 0057 19       		.byte	25
ARM GAS  C:\Users\brian\AppData\Local\Temp\ccPdkuii.s 			page 11


 337 0058 FF       		.byte	-1
 338 0059 000000   		.space	3
 339              		.type	u8x8_d_ist7920_128x128_powersave0_seq, %object
 340              		.size	u8x8_d_ist7920_128x128_powersave0_seq, 5
 341              	u8x8_d_ist7920_128x128_powersave0_seq:
 342 005c 18       		.byte	24
 343 005d 15       		.byte	21
 344 005e 3D       		.byte	61
 345 005f 19       		.byte	25
 346 0060 FF       		.byte	-1
 347 0061 000000   		.space	3
 348              		.type	u8x8_d_ist7920_128x128_powersave1_seq, %object
 349              		.size	u8x8_d_ist7920_128x128_powersave1_seq, 5
 350              	u8x8_d_ist7920_128x128_powersave1_seq:
 351 0064 18       		.byte	24
 352 0065 15       		.byte	21
 353 0066 3C       		.byte	60
 354 0067 19       		.byte	25
 355 0068 FF       		.byte	-1
 356 0069 000000   		.space	3
 357              		.type	u8x8_d_ist7920_128x128_flip0_seq, %object
 358              		.size	u8x8_d_ist7920_128x128_flip0_seq, 5
 359              	u8x8_d_ist7920_128x128_flip0_seq:
 360 006c 18       		.byte	24
 361 006d 15       		.byte	21
 362 006e 64       		.byte	100
 363 006f 19       		.byte	25
 364 0070 FF       		.byte	-1
 365 0071 000000   		.space	3
 366              		.type	u8x8_d_ist7920_128x128_flip1_seq, %object
 367              		.size	u8x8_d_ist7920_128x128_flip1_seq, 5
 368              	u8x8_d_ist7920_128x128_flip1_seq:
 369 0074 18       		.byte	24
 370 0075 15       		.byte	21
 371 0076 68       		.byte	104
 372 0077 19       		.byte	25
 373 0078 FF       		.byte	-1
 374              		.text
 375              	.Letext0:
 376              		.file 2 "c:\\program files (x86)\\cypress\\psoc creator\\4.4\\psoc creator\\import\\gnu\\arm\\5.4.
 377              		.file 3 "c:\\program files (x86)\\cypress\\psoc creator\\4.4\\psoc creator\\import\\gnu\\arm\\5.4.
 378              		.file 4 "..\\u8g2\\csrc\\u8x8.h"
 379              		.section	.debug_info,"",%progbits
 380              	.Ldebug_info0:
 381 0000 90060000 		.4byte	0x690
 382 0004 0400     		.2byte	0x4
 383 0006 00000000 		.4byte	.Ldebug_abbrev0
 384 000a 04       		.byte	0x4
 385 000b 01       		.uleb128 0x1
 386 000c 60050000 		.4byte	.LASF83
 387 0010 0C       		.byte	0xc
 388 0011 0C050000 		.4byte	.LASF84
 389 0015 C5000000 		.4byte	.LASF85
 390 0019 00000000 		.4byte	.Ldebug_ranges0+0
 391 001d 00000000 		.4byte	0
 392 0021 00000000 		.4byte	.Ldebug_line0
 393 0025 02       		.uleb128 0x2
ARM GAS  C:\Users\brian\AppData\Local\Temp\ccPdkuii.s 			page 12


 394 0026 01       		.byte	0x1
 395 0027 06       		.byte	0x6
 396 0028 D3020000 		.4byte	.LASF0
 397 002c 03       		.uleb128 0x3
 398 002d 43020000 		.4byte	.LASF3
 399 0031 02       		.byte	0x2
 400 0032 1D       		.byte	0x1d
 401 0033 37000000 		.4byte	0x37
 402 0037 02       		.uleb128 0x2
 403 0038 01       		.byte	0x1
 404 0039 08       		.byte	0x8
 405 003a A5020000 		.4byte	.LASF1
 406 003e 02       		.uleb128 0x2
 407 003f 02       		.byte	0x2
 408 0040 05       		.byte	0x5
 409 0041 5A000000 		.4byte	.LASF2
 410 0045 03       		.uleb128 0x3
 411 0046 BA000000 		.4byte	.LASF4
 412 004a 02       		.byte	0x2
 413 004b 2B       		.byte	0x2b
 414 004c 50000000 		.4byte	0x50
 415 0050 02       		.uleb128 0x2
 416 0051 02       		.byte	0x2
 417 0052 07       		.byte	0x7
 418 0053 C1030000 		.4byte	.LASF5
 419 0057 02       		.uleb128 0x2
 420 0058 04       		.byte	0x4
 421 0059 05       		.byte	0x5
 422 005a 1F020000 		.4byte	.LASF6
 423 005e 03       		.uleb128 0x3
 424 005f AF000000 		.4byte	.LASF7
 425 0063 02       		.byte	0x2
 426 0064 41       		.byte	0x41
 427 0065 69000000 		.4byte	0x69
 428 0069 02       		.uleb128 0x2
 429 006a 04       		.byte	0x4
 430 006b 07       		.byte	0x7
 431 006c 92040000 		.4byte	.LASF8
 432 0070 02       		.uleb128 0x2
 433 0071 08       		.byte	0x8
 434 0072 05       		.byte	0x5
 435 0073 C6010000 		.4byte	.LASF9
 436 0077 02       		.uleb128 0x2
 437 0078 08       		.byte	0x8
 438 0079 07       		.byte	0x7
 439 007a DF020000 		.4byte	.LASF10
 440 007e 04       		.uleb128 0x4
 441 007f 04       		.byte	0x4
 442 0080 05       		.byte	0x5
 443 0081 696E7400 		.ascii	"int\000"
 444 0085 02       		.uleb128 0x2
 445 0086 04       		.byte	0x4
 446 0087 07       		.byte	0x7
 447 0088 1C030000 		.4byte	.LASF11
 448 008c 03       		.uleb128 0x3
 449 008d 10010000 		.4byte	.LASF12
 450 0091 03       		.byte	0x3
ARM GAS  C:\Users\brian\AppData\Local\Temp\ccPdkuii.s 			page 13


 451 0092 18       		.byte	0x18
 452 0093 2C000000 		.4byte	0x2c
 453 0097 03       		.uleb128 0x3
 454 0098 29030000 		.4byte	.LASF13
 455 009c 03       		.byte	0x3
 456 009d 24       		.byte	0x24
 457 009e 45000000 		.4byte	0x45
 458 00a2 03       		.uleb128 0x3
 459 00a3 02030000 		.4byte	.LASF14
 460 00a7 03       		.byte	0x3
 461 00a8 30       		.byte	0x30
 462 00a9 5E000000 		.4byte	0x5e
 463 00ad 05       		.uleb128 0x5
 464 00ae 04       		.byte	0x4
 465 00af 02       		.uleb128 0x2
 466 00b0 08       		.byte	0x8
 467 00b1 04       		.byte	0x4
 468 00b2 8D020000 		.4byte	.LASF15
 469 00b6 03       		.uleb128 0x3
 470 00b7 98030000 		.4byte	.LASF16
 471 00bb 04       		.byte	0x4
 472 00bc CD       		.byte	0xcd
 473 00bd C1000000 		.4byte	0xc1
 474 00c1 06       		.uleb128 0x6
 475 00c2 53040000 		.4byte	.LASF37
 476 00c6 2C       		.byte	0x2c
 477 00c7 04       		.byte	0x4
 478 00c8 5001     		.2byte	0x150
 479 00ca C6010000 		.4byte	0x1c6
 480 00ce 07       		.uleb128 0x7
 481 00cf 01040000 		.4byte	.LASF17
 482 00d3 04       		.byte	0x4
 483 00d4 5201     		.2byte	0x152
 484 00d6 74030000 		.4byte	0x374
 485 00da 00       		.byte	0
 486 00db 07       		.uleb128 0x7
 487 00dc 15060000 		.4byte	.LASF18
 488 00e0 04       		.byte	0x4
 489 00e1 5301     		.2byte	0x153
 490 00e3 49030000 		.4byte	0x349
 491 00e7 04       		.byte	0x4
 492 00e8 07       		.uleb128 0x7
 493 00e9 4D020000 		.4byte	.LASF19
 494 00ed 04       		.byte	0x4
 495 00ee 5401     		.2byte	0x154
 496 00f0 14030000 		.4byte	0x314
 497 00f4 08       		.byte	0x8
 498 00f5 07       		.uleb128 0x7
 499 00f6 4D050000 		.4byte	.LASF20
 500 00fa 04       		.byte	0x4
 501 00fb 5501     		.2byte	0x155
 502 00fd 14030000 		.4byte	0x314
 503 0101 0C       		.byte	0xc
 504 0102 07       		.uleb128 0x7
 505 0103 A4040000 		.4byte	.LASF21
 506 0107 04       		.byte	0x4
 507 0108 5601     		.2byte	0x156
ARM GAS  C:\Users\brian\AppData\Local\Temp\ccPdkuii.s 			page 14


 508 010a 14030000 		.4byte	0x314
 509 010e 10       		.byte	0x10
 510 010f 07       		.uleb128 0x7
 511 0110 64000000 		.4byte	.LASF22
 512 0114 04       		.byte	0x4
 513 0115 5701     		.2byte	0x157
 514 0117 14030000 		.4byte	0x314
 515 011b 14       		.byte	0x14
 516 011c 07       		.uleb128 0x7
 517 011d 7F010000 		.4byte	.LASF23
 518 0121 04       		.byte	0x4
 519 0122 5801     		.2byte	0x158
 520 0124 A2000000 		.4byte	0xa2
 521 0128 18       		.byte	0x18
 522 0129 07       		.uleb128 0x7
 523 012a 41000000 		.4byte	.LASF24
 524 012e 04       		.byte	0x4
 525 012f 5901     		.2byte	0x159
 526 0131 7F030000 		.4byte	0x37f
 527 0135 1C       		.byte	0x1c
 528 0136 07       		.uleb128 0x7
 529 0137 03050000 		.4byte	.LASF25
 530 013b 04       		.byte	0x4
 531 013c 5A01     		.2byte	0x15a
 532 013e 97000000 		.4byte	0x97
 533 0142 20       		.byte	0x20
 534 0143 07       		.uleb128 0x7
 535 0144 00000000 		.4byte	.LASF26
 536 0148 04       		.byte	0x4
 537 0149 5B01     		.2byte	0x15b
 538 014b 8C000000 		.4byte	0x8c
 539 014f 22       		.byte	0x22
 540 0150 07       		.uleb128 0x7
 541 0151 09000000 		.4byte	.LASF27
 542 0155 04       		.byte	0x4
 543 0156 5C01     		.2byte	0x15c
 544 0158 8C000000 		.4byte	0x8c
 545 015c 23       		.byte	0x23
 546 015d 07       		.uleb128 0x7
 547 015e E5040000 		.4byte	.LASF28
 548 0162 04       		.byte	0x4
 549 0163 5D01     		.2byte	0x15d
 550 0165 8C000000 		.4byte	0x8c
 551 0169 24       		.byte	0x24
 552 016a 07       		.uleb128 0x7
 553 016b F6020000 		.4byte	.LASF29
 554 016f 04       		.byte	0x4
 555 0170 6001     		.2byte	0x160
 556 0172 8C000000 		.4byte	0x8c
 557 0176 25       		.byte	0x25
 558 0177 07       		.uleb128 0x7
 559 0178 48040000 		.4byte	.LASF30
 560 017c 04       		.byte	0x4
 561 017d 6201     		.2byte	0x162
 562 017f 8C000000 		.4byte	0x8c
 563 0183 26       		.byte	0x26
 564 0184 07       		.uleb128 0x7
ARM GAS  C:\Users\brian\AppData\Local\Temp\ccPdkuii.s 			page 15


 565 0185 D4010000 		.4byte	.LASF31
 566 0189 04       		.byte	0x4
 567 018a 6301     		.2byte	0x163
 568 018c 8C000000 		.4byte	0x8c
 569 0190 27       		.byte	0x27
 570 0191 07       		.uleb128 0x7
 571 0192 EE050000 		.4byte	.LASF32
 572 0196 04       		.byte	0x4
 573 0197 6401     		.2byte	0x164
 574 0199 8C000000 		.4byte	0x8c
 575 019d 28       		.byte	0x28
 576 019e 07       		.uleb128 0x7
 577 019f AE010000 		.4byte	.LASF33
 578 01a3 04       		.byte	0x4
 579 01a4 6501     		.2byte	0x165
 580 01a6 8C000000 		.4byte	0x8c
 581 01aa 29       		.byte	0x29
 582 01ab 07       		.uleb128 0x7
 583 01ac E1030000 		.4byte	.LASF34
 584 01b0 04       		.byte	0x4
 585 01b1 6601     		.2byte	0x166
 586 01b3 8C000000 		.4byte	0x8c
 587 01b7 2A       		.byte	0x2a
 588 01b8 07       		.uleb128 0x7
 589 01b9 46000000 		.4byte	.LASF35
 590 01bd 04       		.byte	0x4
 591 01be 6701     		.2byte	0x167
 592 01c0 8C000000 		.4byte	0x8c
 593 01c4 2B       		.byte	0x2b
 594 01c5 00       		.byte	0
 595 01c6 03       		.uleb128 0x3
 596 01c7 9A010000 		.4byte	.LASF36
 597 01cb 04       		.byte	0x4
 598 01cc CE       		.byte	0xce
 599 01cd D1010000 		.4byte	0x1d1
 600 01d1 08       		.uleb128 0x8
 601 01d2 32030000 		.4byte	.LASF38
 602 01d6 18       		.byte	0x18
 603 01d7 04       		.byte	0x4
 604 01d8 E7       		.byte	0xe7
 605 01d9 CC020000 		.4byte	0x2cc
 606 01dd 09       		.uleb128 0x9
 607 01de 2F000000 		.4byte	.LASF39
 608 01e2 04       		.byte	0x4
 609 01e3 EB       		.byte	0xeb
 610 01e4 8C000000 		.4byte	0x8c
 611 01e8 00       		.byte	0
 612 01e9 09       		.uleb128 0x9
 613 01ea AC040000 		.4byte	.LASF40
 614 01ee 04       		.byte	0x4
 615 01ef EC       		.byte	0xec
 616 01f0 8C000000 		.4byte	0x8c
 617 01f4 01       		.byte	0x1
 618 01f5 09       		.uleb128 0x9
 619 01f6 18010000 		.4byte	.LASF41
 620 01fa 04       		.byte	0x4
 621 01fb EE       		.byte	0xee
ARM GAS  C:\Users\brian\AppData\Local\Temp\ccPdkuii.s 			page 16


 622 01fc 8C000000 		.4byte	0x8c
 623 0200 02       		.byte	0x2
 624 0201 09       		.uleb128 0x9
 625 0202 1D060000 		.4byte	.LASF42
 626 0206 04       		.byte	0x4
 627 0207 EF       		.byte	0xef
 628 0208 8C000000 		.4byte	0x8c
 629 020c 03       		.byte	0x3
 630 020d 09       		.uleb128 0x9
 631 020e 83030000 		.4byte	.LASF43
 632 0212 04       		.byte	0x4
 633 0213 F0       		.byte	0xf0
 634 0214 8C000000 		.4byte	0x8c
 635 0218 04       		.byte	0x4
 636 0219 09       		.uleb128 0x9
 637 021a 9C000000 		.4byte	.LASF44
 638 021e 04       		.byte	0x4
 639 021f F1       		.byte	0xf1
 640 0220 8C000000 		.4byte	0x8c
 641 0224 05       		.byte	0x5
 642 0225 09       		.uleb128 0x9
 643 0226 8A000000 		.4byte	.LASF45
 644 022a 04       		.byte	0x4
 645 022b F8       		.byte	0xf8
 646 022c 8C000000 		.4byte	0x8c
 647 0230 06       		.byte	0x6
 648 0231 09       		.uleb128 0x9
 649 0232 E0010000 		.4byte	.LASF46
 650 0236 04       		.byte	0x4
 651 0237 FC       		.byte	0xfc
 652 0238 8C000000 		.4byte	0x8c
 653 023c 07       		.byte	0x7
 654 023d 09       		.uleb128 0x9
 655 023e B4030000 		.4byte	.LASF47
 656 0242 04       		.byte	0x4
 657 0243 FF       		.byte	0xff
 658 0244 A2000000 		.4byte	0xa2
 659 0248 08       		.byte	0x8
 660 0249 07       		.uleb128 0x7
 661 024a 1E000000 		.4byte	.LASF48
 662 024e 04       		.byte	0x4
 663 024f 0901     		.2byte	0x109
 664 0251 8C000000 		.4byte	0x8c
 665 0255 0C       		.byte	0xc
 666 0256 07       		.uleb128 0x7
 667 0257 9F030000 		.4byte	.LASF49
 668 025b 04       		.byte	0x4
 669 025c 0C01     		.2byte	0x10c
 670 025e 8C000000 		.4byte	0x8c
 671 0262 0D       		.byte	0xd
 672 0263 07       		.uleb128 0x7
 673 0264 7A020000 		.4byte	.LASF50
 674 0268 04       		.byte	0x4
 675 0269 1201     		.2byte	0x112
 676 026b 8C000000 		.4byte	0x8c
 677 026f 0E       		.byte	0xe
 678 0270 07       		.uleb128 0x7
ARM GAS  C:\Users\brian\AppData\Local\Temp\ccPdkuii.s 			page 17


 679 0271 FB000000 		.4byte	.LASF51
 680 0275 04       		.byte	0x4
 681 0276 1401     		.2byte	0x114
 682 0278 8C000000 		.4byte	0x8c
 683 027c 0F       		.byte	0xf
 684 027d 07       		.uleb128 0x7
 685 027e 76000000 		.4byte	.LASF52
 686 0282 04       		.byte	0x4
 687 0283 1701     		.2byte	0x117
 688 0285 8C000000 		.4byte	0x8c
 689 0289 10       		.byte	0x10
 690 028a 07       		.uleb128 0x7
 691 028b 99020000 		.4byte	.LASF53
 692 028f 04       		.byte	0x4
 693 0290 1801     		.2byte	0x118
 694 0292 8C000000 		.4byte	0x8c
 695 0296 11       		.byte	0x11
 696 0297 07       		.uleb128 0x7
 697 0298 89010000 		.4byte	.LASF54
 698 029c 04       		.byte	0x4
 699 029d 1A01     		.2byte	0x11a
 700 029f 8C000000 		.4byte	0x8c
 701 02a3 12       		.byte	0x12
 702 02a4 07       		.uleb128 0x7
 703 02a5 F1040000 		.4byte	.LASF55
 704 02a9 04       		.byte	0x4
 705 02aa 1B01     		.2byte	0x11b
 706 02ac 8C000000 		.4byte	0x8c
 707 02b0 13       		.byte	0x13
 708 02b1 07       		.uleb128 0x7
 709 02b2 3C040000 		.4byte	.LASF56
 710 02b6 04       		.byte	0x4
 711 02b7 2301     		.2byte	0x123
 712 02b9 97000000 		.4byte	0x97
 713 02bd 14       		.byte	0x14
 714 02be 07       		.uleb128 0x7
 715 02bf 2F040000 		.4byte	.LASF57
 716 02c3 04       		.byte	0x4
 717 02c4 2401     		.2byte	0x124
 718 02c6 97000000 		.4byte	0x97
 719 02ca 16       		.byte	0x16
 720 02cb 00       		.byte	0
 721 02cc 03       		.uleb128 0x3
 722 02cd 54050000 		.4byte	.LASF58
 723 02d1 04       		.byte	0x4
 724 02d2 CF       		.byte	0xcf
 725 02d3 D7020000 		.4byte	0x2d7
 726 02d7 08       		.uleb128 0x8
 727 02d8 0B030000 		.4byte	.LASF59
 728 02dc 08       		.byte	0x8
 729 02dd 04       		.byte	0x4
 730 02de DE       		.byte	0xde
 731 02df 14030000 		.4byte	0x314
 732 02e3 09       		.uleb128 0x9
 733 02e4 5C010000 		.4byte	.LASF60
 734 02e8 04       		.byte	0x4
 735 02e9 E0       		.byte	0xe0
ARM GAS  C:\Users\brian\AppData\Local\Temp\ccPdkuii.s 			page 18


 736 02ea 6E030000 		.4byte	0x36e
 737 02ee 00       		.byte	0
 738 02ef 0A       		.uleb128 0xa
 739 02f0 636E7400 		.ascii	"cnt\000"
 740 02f4 04       		.byte	0x4
 741 02f5 E1       		.byte	0xe1
 742 02f6 8C000000 		.4byte	0x8c
 743 02fa 04       		.byte	0x4
 744 02fb 09       		.uleb128 0x9
 745 02fc 3D020000 		.4byte	.LASF61
 746 0300 04       		.byte	0x4
 747 0301 E2       		.byte	0xe2
 748 0302 8C000000 		.4byte	0x8c
 749 0306 05       		.byte	0x5
 750 0307 09       		.uleb128 0x9
 751 0308 5F040000 		.4byte	.LASF62
 752 030c 04       		.byte	0x4
 753 030d E3       		.byte	0xe3
 754 030e 8C000000 		.4byte	0x8c
 755 0312 06       		.byte	0x6
 756 0313 00       		.byte	0
 757 0314 03       		.uleb128 0x3
 758 0315 09060000 		.4byte	.LASF63
 759 0319 04       		.byte	0x4
 760 031a D1       		.byte	0xd1
 761 031b 1F030000 		.4byte	0x31f
 762 031f 0B       		.uleb128 0xb
 763 0320 04       		.byte	0x4
 764 0321 25030000 		.4byte	0x325
 765 0325 0C       		.uleb128 0xc
 766 0326 8C000000 		.4byte	0x8c
 767 032a 43030000 		.4byte	0x343
 768 032e 0D       		.uleb128 0xd
 769 032f 43030000 		.4byte	0x343
 770 0333 0D       		.uleb128 0xd
 771 0334 8C000000 		.4byte	0x8c
 772 0338 0D       		.uleb128 0xd
 773 0339 8C000000 		.4byte	0x8c
 774 033d 0D       		.uleb128 0xd
 775 033e AD000000 		.4byte	0xad
 776 0342 00       		.byte	0
 777 0343 0B       		.uleb128 0xb
 778 0344 04       		.byte	0x4
 779 0345 B6000000 		.4byte	0xb6
 780 0349 03       		.uleb128 0x3
 781 034a D4030000 		.4byte	.LASF64
 782 034e 04       		.byte	0x4
 783 034f D2       		.byte	0xd2
 784 0350 54030000 		.4byte	0x354
 785 0354 0B       		.uleb128 0xb
 786 0355 04       		.byte	0x4
 787 0356 5A030000 		.4byte	0x35a
 788 035a 0C       		.uleb128 0xc
 789 035b 97000000 		.4byte	0x97
 790 035f 6E030000 		.4byte	0x36e
 791 0363 0D       		.uleb128 0xd
 792 0364 43030000 		.4byte	0x343
ARM GAS  C:\Users\brian\AppData\Local\Temp\ccPdkuii.s 			page 19


 793 0368 0D       		.uleb128 0xd
 794 0369 8C000000 		.4byte	0x8c
 795 036d 00       		.byte	0
 796 036e 0B       		.uleb128 0xb
 797 036f 04       		.byte	0x4
 798 0370 8C000000 		.4byte	0x8c
 799 0374 0B       		.uleb128 0xb
 800 0375 04       		.byte	0x4
 801 0376 7A030000 		.4byte	0x37a
 802 037a 0E       		.uleb128 0xe
 803 037b C6010000 		.4byte	0x1c6
 804 037f 0B       		.uleb128 0xb
 805 0380 04       		.byte	0x4
 806 0381 85030000 		.4byte	0x385
 807 0385 0E       		.uleb128 0xe
 808 0386 8C000000 		.4byte	0x8c
 809 038a 0F       		.uleb128 0xf
 810 038b 7B040000 		.4byte	.LASF86
 811 038f 01       		.byte	0x1
 812 0390 87       		.byte	0x87
 813 0391 8C000000 		.4byte	0x8c
 814 0395 00000000 		.4byte	.LFB0
 815 0399 00010000 		.4byte	.LFE0-.LFB0
 816 039d 01       		.uleb128 0x1
 817 039e 9C       		.byte	0x9c
 818 039f 8D050000 		.4byte	0x58d
 819 03a3 10       		.uleb128 0x10
 820 03a4 57010000 		.4byte	.LASF65
 821 03a8 01       		.byte	0x1
 822 03a9 87       		.byte	0x87
 823 03aa 43030000 		.4byte	0x343
 824 03ae 00000000 		.4byte	.LLST0
 825 03b2 11       		.uleb128 0x11
 826 03b3 6D736700 		.ascii	"msg\000"
 827 03b7 01       		.byte	0x1
 828 03b8 87       		.byte	0x87
 829 03b9 8C000000 		.4byte	0x8c
 830 03bd DC000000 		.4byte	.LLST1
 831 03c1 10       		.uleb128 0x10
 832 03c2 65010000 		.4byte	.LASF66
 833 03c6 01       		.byte	0x1
 834 03c7 87       		.byte	0x87
 835 03c8 8C000000 		.4byte	0x8c
 836 03cc FD000000 		.4byte	.LLST2
 837 03d0 10       		.uleb128 0x10
 838 03d1 27000000 		.4byte	.LASF67
 839 03d5 01       		.byte	0x1
 840 03d6 87       		.byte	0x87
 841 03d7 AD000000 		.4byte	0xad
 842 03db EE010000 		.4byte	.LLST3
 843 03df 12       		.uleb128 0x12
 844 03e0 7800     		.ascii	"x\000"
 845 03e2 01       		.byte	0x1
 846 03e3 89       		.byte	0x89
 847 03e4 8C000000 		.4byte	0x8c
 848 03e8 33020000 		.4byte	.LLST4
 849 03ec 12       		.uleb128 0x12
ARM GAS  C:\Users\brian\AppData\Local\Temp\ccPdkuii.s 			page 20


 850 03ed 6300     		.ascii	"c\000"
 851 03ef 01       		.byte	0x1
 852 03f0 89       		.byte	0x89
 853 03f1 8C000000 		.4byte	0x8c
 854 03f5 79020000 		.4byte	.LLST5
 855 03f9 12       		.uleb128 0x12
 856 03fa 70747200 		.ascii	"ptr\000"
 857 03fe 01       		.byte	0x1
 858 03ff 8A       		.byte	0x8a
 859 0400 6E030000 		.4byte	0x36e
 860 0404 A3020000 		.4byte	.LLST6
 861 0408 13       		.uleb128 0x13
 862 0409 20000000 		.4byte	.LVL3
 863 040d 33060000 		.4byte	0x633
 864 0411 1F040000 		.4byte	0x41f
 865 0415 14       		.uleb128 0x14
 866 0416 01       		.uleb128 0x1
 867 0417 51       		.byte	0x51
 868 0418 05       		.uleb128 0x5
 869 0419 03       		.byte	0x3
 870 041a 00000000 		.4byte	.LANCHOR0
 871 041e 00       		.byte	0
 872 041f 15       		.uleb128 0x15
 873 0420 28000000 		.4byte	.LVL5
 874 0424 3F060000 		.4byte	0x63f
 875 0428 13       		.uleb128 0x13
 876 0429 30000000 		.4byte	.LVL6
 877 042d 4B060000 		.4byte	0x64b
 878 0431 45040000 		.4byte	0x445
 879 0435 14       		.uleb128 0x14
 880 0436 01       		.uleb128 0x1
 881 0437 50       		.byte	0x50
 882 0438 02       		.uleb128 0x2
 883 0439 75       		.byte	0x75
 884 043a 00       		.sleb128 0
 885 043b 14       		.uleb128 0x14
 886 043c 01       		.uleb128 0x1
 887 043d 51       		.byte	0x51
 888 043e 05       		.uleb128 0x5
 889 043f 03       		.byte	0x3
 890 0440 18000000 		.4byte	.LANCHOR0+24
 891 0444 00       		.byte	0
 892 0445 13       		.uleb128 0x13
 893 0446 3C000000 		.4byte	.LVL8
 894 044a 4B060000 		.4byte	0x64b
 895 044e 5C040000 		.4byte	0x45c
 896 0452 14       		.uleb128 0x14
 897 0453 01       		.uleb128 0x1
 898 0454 51       		.byte	0x51
 899 0455 05       		.uleb128 0x5
 900 0456 03       		.byte	0x3
 901 0457 5C000000 		.4byte	.LANCHOR0+92
 902 045b 00       		.byte	0
 903 045c 13       		.uleb128 0x13
 904 045d 46000000 		.4byte	.LVL10
 905 0461 4B060000 		.4byte	0x64b
 906 0465 73040000 		.4byte	0x473
ARM GAS  C:\Users\brian\AppData\Local\Temp\ccPdkuii.s 			page 21


 907 0469 14       		.uleb128 0x14
 908 046a 01       		.uleb128 0x1
 909 046b 51       		.byte	0x51
 910 046c 05       		.uleb128 0x5
 911 046d 03       		.byte	0x3
 912 046e 64000000 		.4byte	.LANCHOR0+100
 913 0472 00       		.byte	0
 914 0473 13       		.uleb128 0x13
 915 0474 52000000 		.4byte	.LVL12
 916 0478 4B060000 		.4byte	0x64b
 917 047c 8A040000 		.4byte	0x48a
 918 0480 14       		.uleb128 0x14
 919 0481 01       		.uleb128 0x1
 920 0482 51       		.byte	0x51
 921 0483 05       		.uleb128 0x5
 922 0484 03       		.byte	0x3
 923 0485 6C000000 		.4byte	.LANCHOR0+108
 924 0489 00       		.byte	0
 925 048a 13       		.uleb128 0x13
 926 048b 64000000 		.4byte	.LVL14
 927 048f 4B060000 		.4byte	0x64b
 928 0493 A1040000 		.4byte	0x4a1
 929 0497 14       		.uleb128 0x14
 930 0498 01       		.uleb128 0x1
 931 0499 51       		.byte	0x51
 932 049a 05       		.uleb128 0x5
 933 049b 03       		.byte	0x3
 934 049c 74000000 		.4byte	.LANCHOR0+116
 935 04a0 00       		.byte	0
 936 04a1 15       		.uleb128 0x15
 937 04a2 74000000 		.4byte	.LVL16
 938 04a6 57060000 		.4byte	0x657
 939 04aa 13       		.uleb128 0x13
 940 04ab 7C000000 		.4byte	.LVL17
 941 04af 63060000 		.4byte	0x663
 942 04b3 C4040000 		.4byte	0x4c4
 943 04b7 14       		.uleb128 0x14
 944 04b8 01       		.uleb128 0x1
 945 04b9 50       		.byte	0x50
 946 04ba 02       		.uleb128 0x2
 947 04bb 75       		.byte	0x75
 948 04bc 00       		.sleb128 0
 949 04bd 14       		.uleb128 0x14
 950 04be 01       		.uleb128 0x1
 951 04bf 51       		.byte	0x51
 952 04c0 02       		.uleb128 0x2
 953 04c1 09       		.byte	0x9
 954 04c2 B1       		.byte	0xb1
 955 04c3 00       		.byte	0
 956 04c4 13       		.uleb128 0x13
 957 04c5 84000000 		.4byte	.LVL18
 958 04c9 6F060000 		.4byte	0x66f
 959 04cd DE040000 		.4byte	0x4de
 960 04d1 14       		.uleb128 0x14
 961 04d2 01       		.uleb128 0x1
 962 04d3 50       		.byte	0x50
 963 04d4 02       		.uleb128 0x2
ARM GAS  C:\Users\brian\AppData\Local\Temp\ccPdkuii.s 			page 22


 964 04d5 75       		.byte	0x75
 965 04d6 00       		.sleb128 0
 966 04d7 14       		.uleb128 0x14
 967 04d8 01       		.uleb128 0x1
 968 04d9 51       		.byte	0x51
 969 04da 02       		.uleb128 0x2
 970 04db 74       		.byte	0x74
 971 04dc 00       		.sleb128 0
 972 04dd 00       		.byte	0
 973 04de 13       		.uleb128 0x13
 974 04df 8A000000 		.4byte	.LVL19
 975 04e3 7B060000 		.4byte	0x67b
 976 04e7 F2040000 		.4byte	0x4f2
 977 04eb 14       		.uleb128 0x14
 978 04ec 01       		.uleb128 0x1
 979 04ed 50       		.byte	0x50
 980 04ee 02       		.uleb128 0x2
 981 04ef 75       		.byte	0x75
 982 04f0 00       		.sleb128 0
 983 04f1 00       		.byte	0
 984 04f2 15       		.uleb128 0x15
 985 04f3 92000000 		.4byte	.LVL21
 986 04f7 57060000 		.4byte	0x657
 987 04fb 13       		.uleb128 0x13
 988 04fc A8000000 		.4byte	.LVL27
 989 0500 63060000 		.4byte	0x663
 990 0504 15050000 		.4byte	0x515
 991 0508 14       		.uleb128 0x14
 992 0509 01       		.uleb128 0x1
 993 050a 50       		.byte	0x50
 994 050b 02       		.uleb128 0x2
 995 050c 75       		.byte	0x75
 996 050d 00       		.sleb128 0
 997 050e 14       		.uleb128 0x14
 998 050f 01       		.uleb128 0x1
 999 0510 51       		.byte	0x51
 1000 0511 02       		.uleb128 0x2
 1001 0512 09       		.byte	0x9
 1002 0513 C0       		.byte	0xc0
 1003 0514 00       		.byte	0
 1004 0515 13       		.uleb128 0x13
 1005 0516 B0000000 		.4byte	.LVL28
 1006 051a 6F060000 		.4byte	0x66f
 1007 051e 2F050000 		.4byte	0x52f
 1008 0522 14       		.uleb128 0x14
 1009 0523 01       		.uleb128 0x1
 1010 0524 50       		.byte	0x50
 1011 0525 02       		.uleb128 0x2
 1012 0526 75       		.byte	0x75
 1013 0527 00       		.sleb128 0
 1014 0528 14       		.uleb128 0x14
 1015 0529 01       		.uleb128 0x1
 1016 052a 51       		.byte	0x51
 1017 052b 02       		.uleb128 0x2
 1018 052c 76       		.byte	0x76
 1019 052d 00       		.sleb128 0
 1020 052e 00       		.byte	0
ARM GAS  C:\Users\brian\AppData\Local\Temp\ccPdkuii.s 			page 23


 1021 052f 13       		.uleb128 0x13
 1022 0530 B8000000 		.4byte	.LVL29
 1023 0534 63060000 		.4byte	0x663
 1024 0538 48050000 		.4byte	0x548
 1025 053c 14       		.uleb128 0x14
 1026 053d 01       		.uleb128 0x1
 1027 053e 50       		.byte	0x50
 1028 053f 02       		.uleb128 0x2
 1029 0540 75       		.byte	0x75
 1030 0541 00       		.sleb128 0
 1031 0542 14       		.uleb128 0x14
 1032 0543 01       		.uleb128 0x1
 1033 0544 51       		.byte	0x51
 1034 0545 01       		.uleb128 0x1
 1035 0546 31       		.byte	0x31
 1036 0547 00       		.byte	0
 1037 0548 13       		.uleb128 0x13
 1038 0549 C0000000 		.4byte	.LVL30
 1039 054d 6F060000 		.4byte	0x66f
 1040 0551 5C050000 		.4byte	0x55c
 1041 0555 14       		.uleb128 0x14
 1042 0556 01       		.uleb128 0x1
 1043 0557 50       		.byte	0x50
 1044 0558 02       		.uleb128 0x2
 1045 0559 75       		.byte	0x75
 1046 055a 00       		.sleb128 0
 1047 055b 00       		.byte	0
 1048 055c 13       		.uleb128 0x13
 1049 055d D2000000 		.4byte	.LVL35
 1050 0561 87060000 		.4byte	0x687
 1051 0565 7C050000 		.4byte	0x57c
 1052 0569 14       		.uleb128 0x14
 1053 056a 01       		.uleb128 0x1
 1054 056b 50       		.byte	0x50
 1055 056c 02       		.uleb128 0x2
 1056 056d 75       		.byte	0x75
 1057 056e 00       		.sleb128 0
 1058 056f 14       		.uleb128 0x14
 1059 0570 01       		.uleb128 0x1
 1060 0571 51       		.byte	0x51
 1061 0572 02       		.uleb128 0x2
 1062 0573 76       		.byte	0x76
 1063 0574 00       		.sleb128 0
 1064 0575 14       		.uleb128 0x14
 1065 0576 01       		.uleb128 0x1
 1066 0577 52       		.byte	0x52
 1067 0578 02       		.uleb128 0x2
 1068 0579 77       		.byte	0x77
 1069 057a 00       		.sleb128 0
 1070 057b 00       		.byte	0
 1071 057c 16       		.uleb128 0x16
 1072 057d E0000000 		.4byte	.LVL37
 1073 0581 7B060000 		.4byte	0x67b
 1074 0585 14       		.uleb128 0x14
 1075 0586 01       		.uleb128 0x1
 1076 0587 50       		.byte	0x50
 1077 0588 02       		.uleb128 0x2
ARM GAS  C:\Users\brian\AppData\Local\Temp\ccPdkuii.s 			page 24


 1078 0589 75       		.byte	0x75
 1079 058a 00       		.sleb128 0
 1080 058b 00       		.byte	0
 1081 058c 00       		.byte	0
 1082 058d 17       		.uleb128 0x17
 1083 058e 85030000 		.4byte	0x385
 1084 0592 9D050000 		.4byte	0x59d
 1085 0596 18       		.uleb128 0x18
 1086 0597 9D050000 		.4byte	0x59d
 1087 059b 04       		.byte	0x4
 1088 059c 00       		.byte	0
 1089 059d 02       		.uleb128 0x2
 1090 059e 04       		.byte	0x4
 1091 059f 07       		.byte	0x7
 1092 05a0 81000000 		.4byte	.LASF68
 1093 05a4 19       		.uleb128 0x19
 1094 05a5 31010000 		.4byte	.LASF69
 1095 05a9 01       		.byte	0x1
 1096 05aa 2B       		.byte	0x2b
 1097 05ab B5050000 		.4byte	0x5b5
 1098 05af 05       		.uleb128 0x5
 1099 05b0 03       		.byte	0x3
 1100 05b1 5C000000 		.4byte	u8x8_d_ist7920_128x128_powersave0_seq
 1101 05b5 0E       		.uleb128 0xe
 1102 05b6 8D050000 		.4byte	0x58d
 1103 05ba 19       		.uleb128 0x19
 1104 05bb BF040000 		.4byte	.LASF70
 1105 05bf 01       		.byte	0x1
 1106 05c0 32       		.byte	0x32
 1107 05c1 CB050000 		.4byte	0x5cb
 1108 05c5 05       		.uleb128 0x5
 1109 05c6 03       		.byte	0x3
 1110 05c7 64000000 		.4byte	u8x8_d_ist7920_128x128_powersave1_seq
 1111 05cb 0E       		.uleb128 0xe
 1112 05cc 8D050000 		.4byte	0x58d
 1113 05d0 19       		.uleb128 0x19
 1114 05d1 62030000 		.4byte	.LASF71
 1115 05d5 01       		.byte	0x1
 1116 05d6 39       		.byte	0x39
 1117 05d7 E1050000 		.4byte	0x5e1
 1118 05db 05       		.uleb128 0x5
 1119 05dc 03       		.byte	0x3
 1120 05dd 6C000000 		.4byte	u8x8_d_ist7920_128x128_flip0_seq
 1121 05e1 0E       		.uleb128 0xe
 1122 05e2 8D050000 		.4byte	0x58d
 1123 05e6 19       		.uleb128 0x19
 1124 05e7 0E040000 		.4byte	.LASF72
 1125 05eb 01       		.byte	0x1
 1126 05ec 40       		.byte	0x40
 1127 05ed F7050000 		.4byte	0x5f7
 1128 05f1 05       		.uleb128 0x5
 1129 05f2 03       		.byte	0x3
 1130 05f3 74000000 		.4byte	u8x8_d_ist7920_128x128_flip1_seq
 1131 05f7 0E       		.uleb128 0xe
 1132 05f8 8D050000 		.4byte	0x58d
 1133 05fc 19       		.uleb128 0x19
 1134 05fd 58020000 		.4byte	.LASF73
ARM GAS  C:\Users\brian\AppData\Local\Temp\ccPdkuii.s 			page 25


 1135 0601 01       		.byte	0x1
 1136 0602 48       		.byte	0x48
 1137 0603 7A030000 		.4byte	0x37a
 1138 0607 05       		.uleb128 0x5
 1139 0608 03       		.byte	0x3
 1140 0609 00000000 		.4byte	u8x8_ist7920_128x128_display_info
 1141 060d 17       		.uleb128 0x17
 1142 060e 85030000 		.4byte	0x385
 1143 0612 1D060000 		.4byte	0x61d
 1144 0616 18       		.uleb128 0x18
 1145 0617 9D050000 		.4byte	0x59d
 1146 061b 40       		.byte	0x40
 1147 061c 00       		.byte	0
 1148 061d 19       		.uleb128 0x19
 1149 061e B3020000 		.4byte	.LASF74
 1150 0622 01       		.byte	0x1
 1151 0623 61       		.byte	0x61
 1152 0624 2E060000 		.4byte	0x62e
 1153 0628 05       		.uleb128 0x5
 1154 0629 03       		.byte	0x3
 1155 062a 18000000 		.4byte	u8x8_d_ist7920_128x128_init_seq
 1156 062e 0E       		.uleb128 0xe
 1157 062f 0D060000 		.4byte	0x60d
 1158 0633 1A       		.uleb128 0x1a
 1159 0634 2A050000 		.4byte	.LASF75
 1160 0638 2A050000 		.4byte	.LASF75
 1161 063c 04       		.byte	0x4
 1162 063d AE01     		.2byte	0x1ae
 1163 063f 1A       		.uleb128 0x1a
 1164 0640 04020000 		.4byte	.LASF76
 1165 0644 04020000 		.4byte	.LASF76
 1166 0648 04       		.byte	0x4
 1167 0649 AF01     		.2byte	0x1af
 1168 064b 1A       		.uleb128 0x1a
 1169 064c 65040000 		.4byte	.LASF77
 1170 0650 65040000 		.4byte	.LASF77
 1171 0654 04       		.byte	0x4
 1172 0655 8A02     		.2byte	0x28a
 1173 0657 1A       		.uleb128 0x1a
 1174 0658 4B030000 		.4byte	.LASF78
 1175 065c 4B030000 		.4byte	.LASF78
 1176 0660 04       		.byte	0x4
 1177 0661 6B02     		.2byte	0x26b
 1178 0663 1A       		.uleb128 0x1a
 1179 0664 F3010000 		.4byte	.LASF79
 1180 0668 F3010000 		.4byte	.LASF79
 1181 066c 04       		.byte	0x4
 1182 066d 6702     		.2byte	0x267
 1183 066f 1A       		.uleb128 0x1a
 1184 0670 F0030000 		.4byte	.LASF80
 1185 0674 F0030000 		.4byte	.LASF80
 1186 0678 04       		.byte	0x4
 1187 0679 6802     		.2byte	0x268
 1188 067b 1A       		.uleb128 0x1a
 1189 067c 28020000 		.4byte	.LASF81
 1190 0680 28020000 		.4byte	.LASF81
 1191 0684 04       		.byte	0x4
ARM GAS  C:\Users\brian\AppData\Local\Temp\ccPdkuii.s 			page 26


 1192 0685 6C02     		.2byte	0x26c
 1193 0687 1A       		.uleb128 0x1a
 1194 0688 6D010000 		.4byte	.LASF82
 1195 068c 6D010000 		.4byte	.LASF82
 1196 0690 04       		.byte	0x4
 1197 0691 6A02     		.2byte	0x26a
 1198 0693 00       		.byte	0
 1199              		.section	.debug_abbrev,"",%progbits
 1200              	.Ldebug_abbrev0:
 1201 0000 01       		.uleb128 0x1
 1202 0001 11       		.uleb128 0x11
 1203 0002 01       		.byte	0x1
 1204 0003 25       		.uleb128 0x25
 1205 0004 0E       		.uleb128 0xe
 1206 0005 13       		.uleb128 0x13
 1207 0006 0B       		.uleb128 0xb
 1208 0007 03       		.uleb128 0x3
 1209 0008 0E       		.uleb128 0xe
 1210 0009 1B       		.uleb128 0x1b
 1211 000a 0E       		.uleb128 0xe
 1212 000b 55       		.uleb128 0x55
 1213 000c 17       		.uleb128 0x17
 1214 000d 11       		.uleb128 0x11
 1215 000e 01       		.uleb128 0x1
 1216 000f 10       		.uleb128 0x10
 1217 0010 17       		.uleb128 0x17
 1218 0011 00       		.byte	0
 1219 0012 00       		.byte	0
 1220 0013 02       		.uleb128 0x2
 1221 0014 24       		.uleb128 0x24
 1222 0015 00       		.byte	0
 1223 0016 0B       		.uleb128 0xb
 1224 0017 0B       		.uleb128 0xb
 1225 0018 3E       		.uleb128 0x3e
 1226 0019 0B       		.uleb128 0xb
 1227 001a 03       		.uleb128 0x3
 1228 001b 0E       		.uleb128 0xe
 1229 001c 00       		.byte	0
 1230 001d 00       		.byte	0
 1231 001e 03       		.uleb128 0x3
 1232 001f 16       		.uleb128 0x16
 1233 0020 00       		.byte	0
 1234 0021 03       		.uleb128 0x3
 1235 0022 0E       		.uleb128 0xe
 1236 0023 3A       		.uleb128 0x3a
 1237 0024 0B       		.uleb128 0xb
 1238 0025 3B       		.uleb128 0x3b
 1239 0026 0B       		.uleb128 0xb
 1240 0027 49       		.uleb128 0x49
 1241 0028 13       		.uleb128 0x13
 1242 0029 00       		.byte	0
 1243 002a 00       		.byte	0
 1244 002b 04       		.uleb128 0x4
 1245 002c 24       		.uleb128 0x24
 1246 002d 00       		.byte	0
 1247 002e 0B       		.uleb128 0xb
 1248 002f 0B       		.uleb128 0xb
ARM GAS  C:\Users\brian\AppData\Local\Temp\ccPdkuii.s 			page 27


 1249 0030 3E       		.uleb128 0x3e
 1250 0031 0B       		.uleb128 0xb
 1251 0032 03       		.uleb128 0x3
 1252 0033 08       		.uleb128 0x8
 1253 0034 00       		.byte	0
 1254 0035 00       		.byte	0
 1255 0036 05       		.uleb128 0x5
 1256 0037 0F       		.uleb128 0xf
 1257 0038 00       		.byte	0
 1258 0039 0B       		.uleb128 0xb
 1259 003a 0B       		.uleb128 0xb
 1260 003b 00       		.byte	0
 1261 003c 00       		.byte	0
 1262 003d 06       		.uleb128 0x6
 1263 003e 13       		.uleb128 0x13
 1264 003f 01       		.byte	0x1
 1265 0040 03       		.uleb128 0x3
 1266 0041 0E       		.uleb128 0xe
 1267 0042 0B       		.uleb128 0xb
 1268 0043 0B       		.uleb128 0xb
 1269 0044 3A       		.uleb128 0x3a
 1270 0045 0B       		.uleb128 0xb
 1271 0046 3B       		.uleb128 0x3b
 1272 0047 05       		.uleb128 0x5
 1273 0048 01       		.uleb128 0x1
 1274 0049 13       		.uleb128 0x13
 1275 004a 00       		.byte	0
 1276 004b 00       		.byte	0
 1277 004c 07       		.uleb128 0x7
 1278 004d 0D       		.uleb128 0xd
 1279 004e 00       		.byte	0
 1280 004f 03       		.uleb128 0x3
 1281 0050 0E       		.uleb128 0xe
 1282 0051 3A       		.uleb128 0x3a
 1283 0052 0B       		.uleb128 0xb
 1284 0053 3B       		.uleb128 0x3b
 1285 0054 05       		.uleb128 0x5
 1286 0055 49       		.uleb128 0x49
 1287 0056 13       		.uleb128 0x13
 1288 0057 38       		.uleb128 0x38
 1289 0058 0B       		.uleb128 0xb
 1290 0059 00       		.byte	0
 1291 005a 00       		.byte	0
 1292 005b 08       		.uleb128 0x8
 1293 005c 13       		.uleb128 0x13
 1294 005d 01       		.byte	0x1
 1295 005e 03       		.uleb128 0x3
 1296 005f 0E       		.uleb128 0xe
 1297 0060 0B       		.uleb128 0xb
 1298 0061 0B       		.uleb128 0xb
 1299 0062 3A       		.uleb128 0x3a
 1300 0063 0B       		.uleb128 0xb
 1301 0064 3B       		.uleb128 0x3b
 1302 0065 0B       		.uleb128 0xb
 1303 0066 01       		.uleb128 0x1
 1304 0067 13       		.uleb128 0x13
 1305 0068 00       		.byte	0
ARM GAS  C:\Users\brian\AppData\Local\Temp\ccPdkuii.s 			page 28


 1306 0069 00       		.byte	0
 1307 006a 09       		.uleb128 0x9
 1308 006b 0D       		.uleb128 0xd
 1309 006c 00       		.byte	0
 1310 006d 03       		.uleb128 0x3
 1311 006e 0E       		.uleb128 0xe
 1312 006f 3A       		.uleb128 0x3a
 1313 0070 0B       		.uleb128 0xb
 1314 0071 3B       		.uleb128 0x3b
 1315 0072 0B       		.uleb128 0xb
 1316 0073 49       		.uleb128 0x49
 1317 0074 13       		.uleb128 0x13
 1318 0075 38       		.uleb128 0x38
 1319 0076 0B       		.uleb128 0xb
 1320 0077 00       		.byte	0
 1321 0078 00       		.byte	0
 1322 0079 0A       		.uleb128 0xa
 1323 007a 0D       		.uleb128 0xd
 1324 007b 00       		.byte	0
 1325 007c 03       		.uleb128 0x3
 1326 007d 08       		.uleb128 0x8
 1327 007e 3A       		.uleb128 0x3a
 1328 007f 0B       		.uleb128 0xb
 1329 0080 3B       		.uleb128 0x3b
 1330 0081 0B       		.uleb128 0xb
 1331 0082 49       		.uleb128 0x49
 1332 0083 13       		.uleb128 0x13
 1333 0084 38       		.uleb128 0x38
 1334 0085 0B       		.uleb128 0xb
 1335 0086 00       		.byte	0
 1336 0087 00       		.byte	0
 1337 0088 0B       		.uleb128 0xb
 1338 0089 0F       		.uleb128 0xf
 1339 008a 00       		.byte	0
 1340 008b 0B       		.uleb128 0xb
 1341 008c 0B       		.uleb128 0xb
 1342 008d 49       		.uleb128 0x49
 1343 008e 13       		.uleb128 0x13
 1344 008f 00       		.byte	0
 1345 0090 00       		.byte	0
 1346 0091 0C       		.uleb128 0xc
 1347 0092 15       		.uleb128 0x15
 1348 0093 01       		.byte	0x1
 1349 0094 27       		.uleb128 0x27
 1350 0095 19       		.uleb128 0x19
 1351 0096 49       		.uleb128 0x49
 1352 0097 13       		.uleb128 0x13
 1353 0098 01       		.uleb128 0x1
 1354 0099 13       		.uleb128 0x13
 1355 009a 00       		.byte	0
 1356 009b 00       		.byte	0
 1357 009c 0D       		.uleb128 0xd
 1358 009d 05       		.uleb128 0x5
 1359 009e 00       		.byte	0
 1360 009f 49       		.uleb128 0x49
 1361 00a0 13       		.uleb128 0x13
 1362 00a1 00       		.byte	0
ARM GAS  C:\Users\brian\AppData\Local\Temp\ccPdkuii.s 			page 29


 1363 00a2 00       		.byte	0
 1364 00a3 0E       		.uleb128 0xe
 1365 00a4 26       		.uleb128 0x26
 1366 00a5 00       		.byte	0
 1367 00a6 49       		.uleb128 0x49
 1368 00a7 13       		.uleb128 0x13
 1369 00a8 00       		.byte	0
 1370 00a9 00       		.byte	0
 1371 00aa 0F       		.uleb128 0xf
 1372 00ab 2E       		.uleb128 0x2e
 1373 00ac 01       		.byte	0x1
 1374 00ad 3F       		.uleb128 0x3f
 1375 00ae 19       		.uleb128 0x19
 1376 00af 03       		.uleb128 0x3
 1377 00b0 0E       		.uleb128 0xe
 1378 00b1 3A       		.uleb128 0x3a
 1379 00b2 0B       		.uleb128 0xb
 1380 00b3 3B       		.uleb128 0x3b
 1381 00b4 0B       		.uleb128 0xb
 1382 00b5 27       		.uleb128 0x27
 1383 00b6 19       		.uleb128 0x19
 1384 00b7 49       		.uleb128 0x49
 1385 00b8 13       		.uleb128 0x13
 1386 00b9 11       		.uleb128 0x11
 1387 00ba 01       		.uleb128 0x1
 1388 00bb 12       		.uleb128 0x12
 1389 00bc 06       		.uleb128 0x6
 1390 00bd 40       		.uleb128 0x40
 1391 00be 18       		.uleb128 0x18
 1392 00bf 9742     		.uleb128 0x2117
 1393 00c1 19       		.uleb128 0x19
 1394 00c2 01       		.uleb128 0x1
 1395 00c3 13       		.uleb128 0x13
 1396 00c4 00       		.byte	0
 1397 00c5 00       		.byte	0
 1398 00c6 10       		.uleb128 0x10
 1399 00c7 05       		.uleb128 0x5
 1400 00c8 00       		.byte	0
 1401 00c9 03       		.uleb128 0x3
 1402 00ca 0E       		.uleb128 0xe
 1403 00cb 3A       		.uleb128 0x3a
 1404 00cc 0B       		.uleb128 0xb
 1405 00cd 3B       		.uleb128 0x3b
 1406 00ce 0B       		.uleb128 0xb
 1407 00cf 49       		.uleb128 0x49
 1408 00d0 13       		.uleb128 0x13
 1409 00d1 02       		.uleb128 0x2
 1410 00d2 17       		.uleb128 0x17
 1411 00d3 00       		.byte	0
 1412 00d4 00       		.byte	0
 1413 00d5 11       		.uleb128 0x11
 1414 00d6 05       		.uleb128 0x5
 1415 00d7 00       		.byte	0
 1416 00d8 03       		.uleb128 0x3
 1417 00d9 08       		.uleb128 0x8
 1418 00da 3A       		.uleb128 0x3a
 1419 00db 0B       		.uleb128 0xb
ARM GAS  C:\Users\brian\AppData\Local\Temp\ccPdkuii.s 			page 30


 1420 00dc 3B       		.uleb128 0x3b
 1421 00dd 0B       		.uleb128 0xb
 1422 00de 49       		.uleb128 0x49
 1423 00df 13       		.uleb128 0x13
 1424 00e0 02       		.uleb128 0x2
 1425 00e1 17       		.uleb128 0x17
 1426 00e2 00       		.byte	0
 1427 00e3 00       		.byte	0
 1428 00e4 12       		.uleb128 0x12
 1429 00e5 34       		.uleb128 0x34
 1430 00e6 00       		.byte	0
 1431 00e7 03       		.uleb128 0x3
 1432 00e8 08       		.uleb128 0x8
 1433 00e9 3A       		.uleb128 0x3a
 1434 00ea 0B       		.uleb128 0xb
 1435 00eb 3B       		.uleb128 0x3b
 1436 00ec 0B       		.uleb128 0xb
 1437 00ed 49       		.uleb128 0x49
 1438 00ee 13       		.uleb128 0x13
 1439 00ef 02       		.uleb128 0x2
 1440 00f0 17       		.uleb128 0x17
 1441 00f1 00       		.byte	0
 1442 00f2 00       		.byte	0
 1443 00f3 13       		.uleb128 0x13
 1444 00f4 898201   		.uleb128 0x4109
 1445 00f7 01       		.byte	0x1
 1446 00f8 11       		.uleb128 0x11
 1447 00f9 01       		.uleb128 0x1
 1448 00fa 31       		.uleb128 0x31
 1449 00fb 13       		.uleb128 0x13
 1450 00fc 01       		.uleb128 0x1
 1451 00fd 13       		.uleb128 0x13
 1452 00fe 00       		.byte	0
 1453 00ff 00       		.byte	0
 1454 0100 14       		.uleb128 0x14
 1455 0101 8A8201   		.uleb128 0x410a
 1456 0104 00       		.byte	0
 1457 0105 02       		.uleb128 0x2
 1458 0106 18       		.uleb128 0x18
 1459 0107 9142     		.uleb128 0x2111
 1460 0109 18       		.uleb128 0x18
 1461 010a 00       		.byte	0
 1462 010b 00       		.byte	0
 1463 010c 15       		.uleb128 0x15
 1464 010d 898201   		.uleb128 0x4109
 1465 0110 00       		.byte	0
 1466 0111 11       		.uleb128 0x11
 1467 0112 01       		.uleb128 0x1
 1468 0113 31       		.uleb128 0x31
 1469 0114 13       		.uleb128 0x13
 1470 0115 00       		.byte	0
 1471 0116 00       		.byte	0
 1472 0117 16       		.uleb128 0x16
 1473 0118 898201   		.uleb128 0x4109
 1474 011b 01       		.byte	0x1
 1475 011c 11       		.uleb128 0x11
 1476 011d 01       		.uleb128 0x1
ARM GAS  C:\Users\brian\AppData\Local\Temp\ccPdkuii.s 			page 31


 1477 011e 31       		.uleb128 0x31
 1478 011f 13       		.uleb128 0x13
 1479 0120 00       		.byte	0
 1480 0121 00       		.byte	0
 1481 0122 17       		.uleb128 0x17
 1482 0123 01       		.uleb128 0x1
 1483 0124 01       		.byte	0x1
 1484 0125 49       		.uleb128 0x49
 1485 0126 13       		.uleb128 0x13
 1486 0127 01       		.uleb128 0x1
 1487 0128 13       		.uleb128 0x13
 1488 0129 00       		.byte	0
 1489 012a 00       		.byte	0
 1490 012b 18       		.uleb128 0x18
 1491 012c 21       		.uleb128 0x21
 1492 012d 00       		.byte	0
 1493 012e 49       		.uleb128 0x49
 1494 012f 13       		.uleb128 0x13
 1495 0130 2F       		.uleb128 0x2f
 1496 0131 0B       		.uleb128 0xb
 1497 0132 00       		.byte	0
 1498 0133 00       		.byte	0
 1499 0134 19       		.uleb128 0x19
 1500 0135 34       		.uleb128 0x34
 1501 0136 00       		.byte	0
 1502 0137 03       		.uleb128 0x3
 1503 0138 0E       		.uleb128 0xe
 1504 0139 3A       		.uleb128 0x3a
 1505 013a 0B       		.uleb128 0xb
 1506 013b 3B       		.uleb128 0x3b
 1507 013c 0B       		.uleb128 0xb
 1508 013d 49       		.uleb128 0x49
 1509 013e 13       		.uleb128 0x13
 1510 013f 02       		.uleb128 0x2
 1511 0140 18       		.uleb128 0x18
 1512 0141 00       		.byte	0
 1513 0142 00       		.byte	0
 1514 0143 1A       		.uleb128 0x1a
 1515 0144 2E       		.uleb128 0x2e
 1516 0145 00       		.byte	0
 1517 0146 3F       		.uleb128 0x3f
 1518 0147 19       		.uleb128 0x19
 1519 0148 3C       		.uleb128 0x3c
 1520 0149 19       		.uleb128 0x19
 1521 014a 6E       		.uleb128 0x6e
 1522 014b 0E       		.uleb128 0xe
 1523 014c 03       		.uleb128 0x3
 1524 014d 0E       		.uleb128 0xe
 1525 014e 3A       		.uleb128 0x3a
 1526 014f 0B       		.uleb128 0xb
 1527 0150 3B       		.uleb128 0x3b
 1528 0151 05       		.uleb128 0x5
 1529 0152 00       		.byte	0
 1530 0153 00       		.byte	0
 1531 0154 00       		.byte	0
 1532              		.section	.debug_loc,"",%progbits
 1533              	.Ldebug_loc0:
ARM GAS  C:\Users\brian\AppData\Local\Temp\ccPdkuii.s 			page 32


 1534              	.LLST0:
 1535 0000 00000000 		.4byte	.LVL0
 1536 0004 1F000000 		.4byte	.LVL3-1
 1537 0008 0100     		.2byte	0x1
 1538 000a 50       		.byte	0x50
 1539 000b 1F000000 		.4byte	.LVL3-1
 1540 000f 24000000 		.4byte	.LVL4
 1541 0013 0100     		.2byte	0x1
 1542 0015 55       		.byte	0x55
 1543 0016 24000000 		.4byte	.LVL4
 1544 001a 27000000 		.4byte	.LVL5-1
 1545 001e 0100     		.2byte	0x1
 1546 0020 50       		.byte	0x50
 1547 0021 27000000 		.4byte	.LVL5-1
 1548 0025 34000000 		.4byte	.LVL7
 1549 0029 0100     		.2byte	0x1
 1550 002b 55       		.byte	0x55
 1551 002c 34000000 		.4byte	.LVL7
 1552 0030 3B000000 		.4byte	.LVL8-1
 1553 0034 0100     		.2byte	0x1
 1554 0036 50       		.byte	0x50
 1555 0037 3B000000 		.4byte	.LVL8-1
 1556 003b 40000000 		.4byte	.LVL9
 1557 003f 0100     		.2byte	0x1
 1558 0041 55       		.byte	0x55
 1559 0042 40000000 		.4byte	.LVL9
 1560 0046 45000000 		.4byte	.LVL10-1
 1561 004a 0100     		.2byte	0x1
 1562 004c 50       		.byte	0x50
 1563 004d 45000000 		.4byte	.LVL10-1
 1564 0051 4A000000 		.4byte	.LVL11
 1565 0055 0100     		.2byte	0x1
 1566 0057 55       		.byte	0x55
 1567 0058 4A000000 		.4byte	.LVL11
 1568 005c 51000000 		.4byte	.LVL12-1
 1569 0060 0100     		.2byte	0x1
 1570 0062 50       		.byte	0x50
 1571 0063 51000000 		.4byte	.LVL12-1
 1572 0067 5E000000 		.4byte	.LVL13
 1573 006b 0100     		.2byte	0x1
 1574 006d 55       		.byte	0x55
 1575 006e 5E000000 		.4byte	.LVL13
 1576 0072 63000000 		.4byte	.LVL14-1
 1577 0076 0100     		.2byte	0x1
 1578 0078 50       		.byte	0x50
 1579 0079 63000000 		.4byte	.LVL14-1
 1580 007d 70000000 		.4byte	.LVL15
 1581 0081 0100     		.2byte	0x1
 1582 0083 55       		.byte	0x55
 1583 0084 70000000 		.4byte	.LVL15
 1584 0088 73000000 		.4byte	.LVL16-1
 1585 008c 0100     		.2byte	0x1
 1586 008e 50       		.byte	0x50
 1587 008f 73000000 		.4byte	.LVL16-1
 1588 0093 8E000000 		.4byte	.LVL20
 1589 0097 0100     		.2byte	0x1
 1590 0099 55       		.byte	0x55
ARM GAS  C:\Users\brian\AppData\Local\Temp\ccPdkuii.s 			page 33


 1591 009a 8E000000 		.4byte	.LVL20
 1592 009e 91000000 		.4byte	.LVL21-1
 1593 00a2 0100     		.2byte	0x1
 1594 00a4 50       		.byte	0x50
 1595 00a5 91000000 		.4byte	.LVL21-1
 1596 00a9 E4000000 		.4byte	.LVL38
 1597 00ad 0100     		.2byte	0x1
 1598 00af 55       		.byte	0x55
 1599 00b0 E4000000 		.4byte	.LVL38
 1600 00b4 E6000000 		.4byte	.LVL39
 1601 00b8 0100     		.2byte	0x1
 1602 00ba 50       		.byte	0x50
 1603 00bb E6000000 		.4byte	.LVL39
 1604 00bf E8000000 		.4byte	.LVL40
 1605 00c3 0100     		.2byte	0x1
 1606 00c5 55       		.byte	0x55
 1607 00c6 E8000000 		.4byte	.LVL40
 1608 00ca 00010000 		.4byte	.LFE0
 1609 00ce 0400     		.2byte	0x4
 1610 00d0 F3       		.byte	0xf3
 1611 00d1 01       		.uleb128 0x1
 1612 00d2 50       		.byte	0x50
 1613 00d3 9F       		.byte	0x9f
 1614 00d4 00000000 		.4byte	0
 1615 00d8 00000000 		.4byte	0
 1616              	.LLST1:
 1617 00dc 00000000 		.4byte	.LVL0
 1618 00e0 0A000000 		.4byte	.LVL1
 1619 00e4 0100     		.2byte	0x1
 1620 00e6 51       		.byte	0x51
 1621 00e7 0A000000 		.4byte	.LVL1
 1622 00eb 00010000 		.4byte	.LFE0
 1623 00ef 0400     		.2byte	0x4
 1624 00f1 F3       		.byte	0xf3
 1625 00f2 01       		.uleb128 0x1
 1626 00f3 51       		.byte	0x51
 1627 00f4 9F       		.byte	0x9f
 1628 00f5 00000000 		.4byte	0
 1629 00f9 00000000 		.4byte	0
 1630              	.LLST2:
 1631 00fd 00000000 		.4byte	.LVL0
 1632 0101 1F000000 		.4byte	.LVL3-1
 1633 0105 0100     		.2byte	0x1
 1634 0107 52       		.byte	0x52
 1635 0108 1F000000 		.4byte	.LVL3-1
 1636 010c 24000000 		.4byte	.LVL4
 1637 0110 0400     		.2byte	0x4
 1638 0112 F3       		.byte	0xf3
 1639 0113 01       		.uleb128 0x1
 1640 0114 52       		.byte	0x52
 1641 0115 9F       		.byte	0x9f
 1642 0116 24000000 		.4byte	.LVL4
 1643 011a 27000000 		.4byte	.LVL5-1
 1644 011e 0100     		.2byte	0x1
 1645 0120 52       		.byte	0x52
 1646 0121 27000000 		.4byte	.LVL5-1
 1647 0125 34000000 		.4byte	.LVL7
ARM GAS  C:\Users\brian\AppData\Local\Temp\ccPdkuii.s 			page 34


 1648 0129 0400     		.2byte	0x4
 1649 012b F3       		.byte	0xf3
 1650 012c 01       		.uleb128 0x1
 1651 012d 52       		.byte	0x52
 1652 012e 9F       		.byte	0x9f
 1653 012f 34000000 		.4byte	.LVL7
 1654 0133 3B000000 		.4byte	.LVL8-1
 1655 0137 0100     		.2byte	0x1
 1656 0139 52       		.byte	0x52
 1657 013a 3B000000 		.4byte	.LVL8-1
 1658 013e 40000000 		.4byte	.LVL9
 1659 0142 0400     		.2byte	0x4
 1660 0144 F3       		.byte	0xf3
 1661 0145 01       		.uleb128 0x1
 1662 0146 52       		.byte	0x52
 1663 0147 9F       		.byte	0x9f
 1664 0148 40000000 		.4byte	.LVL9
 1665 014c 45000000 		.4byte	.LVL10-1
 1666 0150 0100     		.2byte	0x1
 1667 0152 52       		.byte	0x52
 1668 0153 45000000 		.4byte	.LVL10-1
 1669 0157 4A000000 		.4byte	.LVL11
 1670 015b 0400     		.2byte	0x4
 1671 015d F3       		.byte	0xf3
 1672 015e 01       		.uleb128 0x1
 1673 015f 52       		.byte	0x52
 1674 0160 9F       		.byte	0x9f
 1675 0161 4A000000 		.4byte	.LVL11
 1676 0165 51000000 		.4byte	.LVL12-1
 1677 0169 0100     		.2byte	0x1
 1678 016b 52       		.byte	0x52
 1679 016c 51000000 		.4byte	.LVL12-1
 1680 0170 5E000000 		.4byte	.LVL13
 1681 0174 0400     		.2byte	0x4
 1682 0176 F3       		.byte	0xf3
 1683 0177 01       		.uleb128 0x1
 1684 0178 52       		.byte	0x52
 1685 0179 9F       		.byte	0x9f
 1686 017a 5E000000 		.4byte	.LVL13
 1687 017e 63000000 		.4byte	.LVL14-1
 1688 0182 0100     		.2byte	0x1
 1689 0184 52       		.byte	0x52
 1690 0185 63000000 		.4byte	.LVL14-1
 1691 0189 70000000 		.4byte	.LVL15
 1692 018d 0400     		.2byte	0x4
 1693 018f F3       		.byte	0xf3
 1694 0190 01       		.uleb128 0x1
 1695 0191 52       		.byte	0x52
 1696 0192 9F       		.byte	0x9f
 1697 0193 70000000 		.4byte	.LVL15
 1698 0197 73000000 		.4byte	.LVL16-1
 1699 019b 0100     		.2byte	0x1
 1700 019d 52       		.byte	0x52
 1701 019e 73000000 		.4byte	.LVL16-1
 1702 01a2 8E000000 		.4byte	.LVL20
 1703 01a6 0400     		.2byte	0x4
 1704 01a8 F3       		.byte	0xf3
ARM GAS  C:\Users\brian\AppData\Local\Temp\ccPdkuii.s 			page 35


 1705 01a9 01       		.uleb128 0x1
 1706 01aa 52       		.byte	0x52
 1707 01ab 9F       		.byte	0x9f
 1708 01ac 8E000000 		.4byte	.LVL20
 1709 01b0 91000000 		.4byte	.LVL21-1
 1710 01b4 0100     		.2byte	0x1
 1711 01b6 52       		.byte	0x52
 1712 01b7 91000000 		.4byte	.LVL21-1
 1713 01bb C8000000 		.4byte	.LVL34
 1714 01bf 0400     		.2byte	0x4
 1715 01c1 F3       		.byte	0xf3
 1716 01c2 01       		.uleb128 0x1
 1717 01c3 52       		.byte	0x52
 1718 01c4 9F       		.byte	0x9f
 1719 01c5 C8000000 		.4byte	.LVL34
 1720 01c9 D4000000 		.4byte	.LVL36
 1721 01cd 0100     		.2byte	0x1
 1722 01cf 54       		.byte	0x54
 1723 01d0 D4000000 		.4byte	.LVL36
 1724 01d4 DF000000 		.4byte	.LVL37-1
 1725 01d8 0100     		.2byte	0x1
 1726 01da 52       		.byte	0x52
 1727 01db E4000000 		.4byte	.LVL38
 1728 01df 00010000 		.4byte	.LFE0
 1729 01e3 0100     		.2byte	0x1
 1730 01e5 52       		.byte	0x52
 1731 01e6 00000000 		.4byte	0
 1732 01ea 00000000 		.4byte	0
 1733              	.LLST3:
 1734 01ee 00000000 		.4byte	.LVL0
 1735 01f2 12000000 		.4byte	.LVL2
 1736 01f6 0100     		.2byte	0x1
 1737 01f8 53       		.byte	0x53
 1738 01f9 12000000 		.4byte	.LVL2
 1739 01fd C8000000 		.4byte	.LVL34
 1740 0201 0100     		.2byte	0x1
 1741 0203 57       		.byte	0x57
 1742 0204 C8000000 		.4byte	.LVL34
 1743 0208 E4000000 		.4byte	.LVL38
 1744 020c 0400     		.2byte	0x4
 1745 020e F3       		.byte	0xf3
 1746 020f 01       		.uleb128 0x1
 1747 0210 53       		.byte	0x53
 1748 0211 9F       		.byte	0x9f
 1749 0212 E4000000 		.4byte	.LVL38
 1750 0216 E8000000 		.4byte	.LVL40
 1751 021a 0100     		.2byte	0x1
 1752 021c 57       		.byte	0x57
 1753 021d E8000000 		.4byte	.LVL40
 1754 0221 00010000 		.4byte	.LFE0
 1755 0225 0400     		.2byte	0x4
 1756 0227 F3       		.byte	0xf3
 1757 0228 01       		.uleb128 0x1
 1758 0229 53       		.byte	0x53
 1759 022a 9F       		.byte	0x9f
 1760 022b 00000000 		.4byte	0
 1761 022f 00000000 		.4byte	0
ARM GAS  C:\Users\brian\AppData\Local\Temp\ccPdkuii.s 			page 36


 1762              	.LLST4:
 1763 0233 94000000 		.4byte	.LVL22
 1764 0237 96000000 		.4byte	.LVL23
 1765 023b 0100     		.2byte	0x1
 1766 023d 56       		.byte	0x56
 1767 023e 96000000 		.4byte	.LVL23
 1768 0242 98000000 		.4byte	.LVL24
 1769 0246 0200     		.2byte	0x2
 1770 0248 77       		.byte	0x77
 1771 0249 05       		.sleb128 5
 1772 024a 98000000 		.4byte	.LVL24
 1773 024e 9E000000 		.4byte	.LVL25
 1774 0252 0100     		.2byte	0x1
 1775 0254 56       		.byte	0x56
 1776 0255 9E000000 		.4byte	.LVL25
 1777 0259 A0000000 		.4byte	.LVL26
 1778 025d 0700     		.2byte	0x7
 1779 025f 77       		.byte	0x77
 1780 0260 05       		.sleb128 5
 1781 0261 94       		.byte	0x94
 1782 0262 01       		.byte	0x1
 1783 0263 33       		.byte	0x33
 1784 0264 24       		.byte	0x24
 1785 0265 9F       		.byte	0x9f
 1786 0266 A0000000 		.4byte	.LVL26
 1787 026a C2000000 		.4byte	.LVL31
 1788 026e 0100     		.2byte	0x1
 1789 0270 56       		.byte	0x56
 1790 0271 00000000 		.4byte	0
 1791 0275 00000000 		.4byte	0
 1792              	.LLST5:
 1793 0279 C2000000 		.4byte	.LVL31
 1794 027d C4000000 		.4byte	.LVL32
 1795 0281 0100     		.2byte	0x1
 1796 0283 56       		.byte	0x56
 1797 0284 C4000000 		.4byte	.LVL32
 1798 0288 C6000000 		.4byte	.LVL33
 1799 028c 0200     		.2byte	0x2
 1800 028e 77       		.byte	0x77
 1801 028f 04       		.sleb128 4
 1802 0290 C6000000 		.4byte	.LVL33
 1803 0294 E4000000 		.4byte	.LVL38
 1804 0298 0100     		.2byte	0x1
 1805 029a 56       		.byte	0x56
 1806 029b 00000000 		.4byte	0
 1807 029f 00000000 		.4byte	0
 1808              	.LLST6:
 1809 02a3 C8000000 		.4byte	.LVL34
 1810 02a7 E4000000 		.4byte	.LVL38
 1811 02ab 0100     		.2byte	0x1
 1812 02ad 57       		.byte	0x57
 1813 02ae 00000000 		.4byte	0
 1814 02b2 00000000 		.4byte	0
 1815              		.section	.debug_aranges,"",%progbits
 1816 0000 1C000000 		.4byte	0x1c
 1817 0004 0200     		.2byte	0x2
 1818 0006 00000000 		.4byte	.Ldebug_info0
ARM GAS  C:\Users\brian\AppData\Local\Temp\ccPdkuii.s 			page 37


 1819 000a 04       		.byte	0x4
 1820 000b 00       		.byte	0
 1821 000c 0000     		.2byte	0
 1822 000e 0000     		.2byte	0
 1823 0010 00000000 		.4byte	.LFB0
 1824 0014 00010000 		.4byte	.LFE0-.LFB0
 1825 0018 00000000 		.4byte	0
 1826 001c 00000000 		.4byte	0
 1827              		.section	.debug_ranges,"",%progbits
 1828              	.Ldebug_ranges0:
 1829 0000 00000000 		.4byte	.LFB0
 1830 0004 00010000 		.4byte	.LFE0
 1831 0008 00000000 		.4byte	0
 1832 000c 00000000 		.4byte	0
 1833              		.section	.debug_line,"",%progbits
 1834              	.Ldebug_line0:
 1835 0000 A6010000 		.section	.debug_str,"MS",%progbits,1
 1835      02003B01 
 1835      00000201 
 1835      FB0E0D00 
 1835      01010101 
 1836              	.LASF26:
 1837 0000 785F6F66 		.ascii	"x_offset\000"
 1837      66736574 
 1837      00
 1838              	.LASF27:
 1839 0009 69735F66 		.ascii	"is_font_inverse_mode\000"
 1839      6F6E745F 
 1839      696E7665 
 1839      7273655F 
 1839      6D6F6465 
 1840              	.LASF48:
 1841 001e 7370695F 		.ascii	"spi_mode\000"
 1841      6D6F6465 
 1841      00
 1842              	.LASF67:
 1843 0027 6172675F 		.ascii	"arg_ptr\000"
 1843      70747200 
 1844              	.LASF39:
 1845 002f 63686970 		.ascii	"chip_enable_level\000"
 1845      5F656E61 
 1845      626C655F 
 1845      6C657665 
 1845      6C00
 1846              	.LASF24:
 1847 0041 666F6E74 		.ascii	"font\000"
 1847      00
 1848              	.LASF35:
 1849 0046 6465626F 		.ascii	"debounce_result_msg\000"
 1849      756E6365 
 1849      5F726573 
 1849      756C745F 
 1849      6D736700 
 1850              	.LASF2:
 1851 005a 73686F72 		.ascii	"short int\000"
 1851      7420696E 
 1851      7400
ARM GAS  C:\Users\brian\AppData\Local\Temp\ccPdkuii.s 			page 38


 1852              	.LASF22:
 1853 0064 6770696F 		.ascii	"gpio_and_delay_cb\000"
 1853      5F616E64 
 1853      5F64656C 
 1853      61795F63 
 1853      6200
 1854              	.LASF52:
 1855 0076 74696C65 		.ascii	"tile_width\000"
 1855      5F776964 
 1855      746800
 1856              	.LASF68:
 1857 0081 73697A65 		.ascii	"sizetype\000"
 1857      74797065 
 1857      00
 1858              	.LASF45:
 1859 008a 7364615F 		.ascii	"sda_setup_time_ns\000"
 1859      73657475 
 1859      705F7469 
 1859      6D655F6E 
 1859      7300
 1860              	.LASF44:
 1861 009c 706F7374 		.ascii	"post_reset_wait_ms\000"
 1861      5F726573 
 1861      65745F77 
 1861      6169745F 
 1861      6D7300
 1862              	.LASF7:
 1863 00af 5F5F7569 		.ascii	"__uint32_t\000"
 1863      6E743332 
 1863      5F7400
 1864              	.LASF4:
 1865 00ba 5F5F7569 		.ascii	"__uint16_t\000"
 1865      6E743136 
 1865      5F7400
 1866              	.LASF85:
 1867 00c5 433A5C55 		.ascii	"C:\\Users\\brian\\Documents\\PSoC Creator\\Lab7\\La"
 1867      73657273 
 1867      5C627269 
 1867      616E5C44 
 1867      6F63756D 
 1868 00f2 62372E63 		.ascii	"b7.cydsn\000"
 1868      7964736E 
 1868      00
 1869              	.LASF51:
 1870 00fb 77726974 		.ascii	"write_pulse_width_ns\000"
 1870      655F7075 
 1870      6C73655F 
 1870      77696474 
 1870      685F6E73 
 1871              	.LASF12:
 1872 0110 75696E74 		.ascii	"uint8_t\000"
 1872      385F7400 
 1873              	.LASF41:
 1874 0118 706F7374 		.ascii	"post_chip_enable_wait_ns\000"
 1874      5F636869 
 1874      705F656E 
 1874      61626C65 
ARM GAS  C:\Users\brian\AppData\Local\Temp\ccPdkuii.s 			page 39


 1874      5F776169 
 1875              	.LASF69:
 1876 0131 75387838 		.ascii	"u8x8_d_ist7920_128x128_powersave0_seq\000"
 1876      5F645F69 
 1876      73743739 
 1876      32305F31 
 1876      32387831 
 1877              	.LASF65:
 1878 0157 75387838 		.ascii	"u8x8\000"
 1878      00
 1879              	.LASF60:
 1880 015c 74696C65 		.ascii	"tile_ptr\000"
 1880      5F707472 
 1880      00
 1881              	.LASF66:
 1882 0165 6172675F 		.ascii	"arg_int\000"
 1882      696E7400 
 1883              	.LASF82:
 1884 016d 75387838 		.ascii	"u8x8_cad_SendData\000"
 1884      5F636164 
 1884      5F53656E 
 1884      64446174 
 1884      6100
 1885              	.LASF23:
 1886 017f 6275735F 		.ascii	"bus_clock\000"
 1886      636C6F63 
 1886      6B00
 1887              	.LASF54:
 1888 0189 64656661 		.ascii	"default_x_offset\000"
 1888      756C745F 
 1888      785F6F66 
 1888      66736574 
 1888      00
 1889              	.LASF36:
 1890 019a 75387838 		.ascii	"u8x8_display_info_t\000"
 1890      5F646973 
 1890      706C6179 
 1890      5F696E66 
 1890      6F5F7400 
 1891              	.LASF33:
 1892 01ae 6465626F 		.ascii	"debounce_last_pin_state\000"
 1892      756E6365 
 1892      5F6C6173 
 1892      745F7069 
 1892      6E5F7374 
 1893              	.LASF9:
 1894 01c6 6C6F6E67 		.ascii	"long long int\000"
 1894      206C6F6E 
 1894      6720696E 
 1894      7400
 1895              	.LASF31:
 1896 01d4 6770696F 		.ascii	"gpio_result\000"
 1896      5F726573 
 1896      756C7400 
 1897              	.LASF46:
 1898 01e0 73636B5F 		.ascii	"sck_pulse_width_ns\000"
 1898      70756C73 
ARM GAS  C:\Users\brian\AppData\Local\Temp\ccPdkuii.s 			page 40


 1898      655F7769 
 1898      6474685F 
 1898      6E7300
 1899              	.LASF79:
 1900 01f3 75387838 		.ascii	"u8x8_cad_SendCmd\000"
 1900      5F636164 
 1900      5F53656E 
 1900      64436D64 
 1900      00
 1901              	.LASF76:
 1902 0204 75387838 		.ascii	"u8x8_d_helper_display_init\000"
 1902      5F645F68 
 1902      656C7065 
 1902      725F6469 
 1902      73706C61 
 1903              	.LASF6:
 1904 021f 6C6F6E67 		.ascii	"long int\000"
 1904      20696E74 
 1904      00
 1905              	.LASF81:
 1906 0228 75387838 		.ascii	"u8x8_cad_EndTransfer\000"
 1906      5F636164 
 1906      5F456E64 
 1906      5472616E 
 1906      73666572 
 1907              	.LASF61:
 1908 023d 785F706F 		.ascii	"x_pos\000"
 1908      7300
 1909              	.LASF3:
 1910 0243 5F5F7569 		.ascii	"__uint8_t\000"
 1910      6E74385F 
 1910      7400
 1911              	.LASF19:
 1912 024d 64697370 		.ascii	"display_cb\000"
 1912      6C61795F 
 1912      636200
 1913              	.LASF73:
 1914 0258 75387838 		.ascii	"u8x8_ist7920_128x128_display_info\000"
 1914      5F697374 
 1914      37393230 
 1914      5F313238 
 1914      78313238 
 1915              	.LASF50:
 1916 027a 64617461 		.ascii	"data_setup_time_ns\000"
 1916      5F736574 
 1916      75705F74 
 1916      696D655F 
 1916      6E7300
 1917              	.LASF15:
 1918 028d 6C6F6E67 		.ascii	"long double\000"
 1918      20646F75 
 1918      626C6500 
 1919              	.LASF53:
 1920 0299 74696C65 		.ascii	"tile_height\000"
 1920      5F686569 
 1920      67687400 
 1921              	.LASF1:
ARM GAS  C:\Users\brian\AppData\Local\Temp\ccPdkuii.s 			page 41


 1922 02a5 756E7369 		.ascii	"unsigned char\000"
 1922      676E6564 
 1922      20636861 
 1922      7200
 1923              	.LASF74:
 1924 02b3 75387838 		.ascii	"u8x8_d_ist7920_128x128_init_seq\000"
 1924      5F645F69 
 1924      73743739 
 1924      32305F31 
 1924      32387831 
 1925              	.LASF0:
 1926 02d3 7369676E 		.ascii	"signed char\000"
 1926      65642063 
 1926      68617200 
 1927              	.LASF10:
 1928 02df 6C6F6E67 		.ascii	"long long unsigned int\000"
 1928      206C6F6E 
 1928      6720756E 
 1928      7369676E 
 1928      65642069 
 1929              	.LASF29:
 1930 02f6 6932635F 		.ascii	"i2c_started\000"
 1930      73746172 
 1930      74656400 
 1931              	.LASF14:
 1932 0302 75696E74 		.ascii	"uint32_t\000"
 1932      33325F74 
 1932      00
 1933              	.LASF59:
 1934 030b 75387838 		.ascii	"u8x8_tile_struct\000"
 1934      5F74696C 
 1934      655F7374 
 1934      72756374 
 1934      00
 1935              	.LASF11:
 1936 031c 756E7369 		.ascii	"unsigned int\000"
 1936      676E6564 
 1936      20696E74 
 1936      00
 1937              	.LASF13:
 1938 0329 75696E74 		.ascii	"uint16_t\000"
 1938      31365F74 
 1938      00
 1939              	.LASF38:
 1940 0332 75387838 		.ascii	"u8x8_display_info_struct\000"
 1940      5F646973 
 1940      706C6179 
 1940      5F696E66 
 1940      6F5F7374 
 1941              	.LASF78:
 1942 034b 75387838 		.ascii	"u8x8_cad_StartTransfer\000"
 1942      5F636164 
 1942      5F537461 
 1942      72745472 
 1942      616E7366 
 1943              	.LASF71:
 1944 0362 75387838 		.ascii	"u8x8_d_ist7920_128x128_flip0_seq\000"
ARM GAS  C:\Users\brian\AppData\Local\Temp\ccPdkuii.s 			page 42


 1944      5F645F69 
 1944      73743739 
 1944      32305F31 
 1944      32387831 
 1945              	.LASF43:
 1946 0383 72657365 		.ascii	"reset_pulse_width_ms\000"
 1946      745F7075 
 1946      6C73655F 
 1946      77696474 
 1946      685F6D73 
 1947              	.LASF16:
 1948 0398 75387838 		.ascii	"u8x8_t\000"
 1948      5F7400
 1949              	.LASF49:
 1950 039f 6932635F 		.ascii	"i2c_bus_clock_100kHz\000"
 1950      6275735F 
 1950      636C6F63 
 1950      6B5F3130 
 1950      306B487A 
 1951              	.LASF47:
 1952 03b4 73636B5F 		.ascii	"sck_clock_hz\000"
 1952      636C6F63 
 1952      6B5F687A 
 1952      00
 1953              	.LASF5:
 1954 03c1 73686F72 		.ascii	"short unsigned int\000"
 1954      7420756E 
 1954      7369676E 
 1954      65642069 
 1954      6E7400
 1955              	.LASF64:
 1956 03d4 75387838 		.ascii	"u8x8_char_cb\000"
 1956      5F636861 
 1956      725F6362 
 1956      00
 1957              	.LASF34:
 1958 03e1 6465626F 		.ascii	"debounce_state\000"
 1958      756E6365 
 1958      5F737461 
 1958      746500
 1959              	.LASF80:
 1960 03f0 75387838 		.ascii	"u8x8_cad_SendArg\000"
 1960      5F636164 
 1960      5F53656E 
 1960      64417267 
 1960      00
 1961              	.LASF17:
 1962 0401 64697370 		.ascii	"display_info\000"
 1962      6C61795F 
 1962      696E666F 
 1962      00
 1963              	.LASF72:
 1964 040e 75387838 		.ascii	"u8x8_d_ist7920_128x128_flip1_seq\000"
 1964      5F645F69 
 1964      73743739 
 1964      32305F31 
 1964      32387831 
ARM GAS  C:\Users\brian\AppData\Local\Temp\ccPdkuii.s 			page 43


 1965              	.LASF57:
 1966 042f 70697865 		.ascii	"pixel_height\000"
 1966      6C5F6865 
 1966      69676874 
 1966      00
 1967              	.LASF56:
 1968 043c 70697865 		.ascii	"pixel_width\000"
 1968      6C5F7769 
 1968      64746800 
 1969              	.LASF30:
 1970 0448 75746638 		.ascii	"utf8_state\000"
 1970      5F737461 
 1970      746500
 1971              	.LASF37:
 1972 0453 75387838 		.ascii	"u8x8_struct\000"
 1972      5F737472 
 1972      75637400 
 1973              	.LASF62:
 1974 045f 795F706F 		.ascii	"y_pos\000"
 1974      7300
 1975              	.LASF77:
 1976 0465 75387838 		.ascii	"u8x8_cad_SendSequence\000"
 1976      5F636164 
 1976      5F53656E 
 1976      64536571 
 1976      75656E63 
 1977              	.LASF86:
 1978 047b 75387838 		.ascii	"u8x8_d_ist7920_128x128\000"
 1978      5F645F69 
 1978      73743739 
 1978      32305F31 
 1978      32387831 
 1979              	.LASF8:
 1980 0492 6C6F6E67 		.ascii	"long unsigned int\000"
 1980      20756E73 
 1980      69676E65 
 1980      6420696E 
 1980      7400
 1981              	.LASF21:
 1982 04a4 62797465 		.ascii	"byte_cb\000"
 1982      5F636200 
 1983              	.LASF40:
 1984 04ac 63686970 		.ascii	"chip_disable_level\000"
 1984      5F646973 
 1984      61626C65 
 1984      5F6C6576 
 1984      656C00
 1985              	.LASF70:
 1986 04bf 75387838 		.ascii	"u8x8_d_ist7920_128x128_powersave1_seq\000"
 1986      5F645F69 
 1986      73743739 
 1986      32305F31 
 1986      32387831 
 1987              	.LASF28:
 1988 04e5 6932635F 		.ascii	"i2c_address\000"
 1988      61646472 
 1988      65737300 
ARM GAS  C:\Users\brian\AppData\Local\Temp\ccPdkuii.s 			page 44


 1989              	.LASF55:
 1990 04f1 666C6970 		.ascii	"flipmode_x_offset\000"
 1990      6D6F6465 
 1990      5F785F6F 
 1990      66667365 
 1990      7400
 1991              	.LASF25:
 1992 0503 656E636F 		.ascii	"encoding\000"
 1992      64696E67 
 1992      00
 1993              	.LASF84:
 1994 050c 2E2E5C75 		.ascii	"..\\u8g2\\csrc\\u8x8_d_ist7920.c\000"
 1994      3867325C 
 1994      63737263 
 1994      5C753878 
 1994      385F645F 
 1995              	.LASF75:
 1996 052a 75387838 		.ascii	"u8x8_d_helper_display_setup_memory\000"
 1996      5F645F68 
 1996      656C7065 
 1996      725F6469 
 1996      73706C61 
 1997              	.LASF20:
 1998 054d 6361645F 		.ascii	"cad_cb\000"
 1998      636200
 1999              	.LASF58:
 2000 0554 75387838 		.ascii	"u8x8_tile_t\000"
 2000      5F74696C 
 2000      655F7400 
 2001              	.LASF83:
 2002 0560 474E5520 		.ascii	"GNU C11 5.4.1 20160609 (release) [ARM/embedded-5-br"
 2002      43313120 
 2002      352E342E 
 2002      31203230 
 2002      31363036 
 2003 0593 616E6368 		.ascii	"anch revision 237715] -mcpu=cortex-m3 -mthumb -g -O"
 2003      20726576 
 2003      6973696F 
 2003      6E203233 
 2003      37373135 
 2004 05c6 67202D66 		.ascii	"g -ffunction-sections -ffat-lto-objects\000"
 2004      66756E63 
 2004      74696F6E 
 2004      2D736563 
 2004      74696F6E 
 2005              	.LASF32:
 2006 05ee 6465626F 		.ascii	"debounce_default_pin_state\000"
 2006      756E6365 
 2006      5F646566 
 2006      61756C74 
 2006      5F70696E 
 2007              	.LASF63:
 2008 0609 75387838 		.ascii	"u8x8_msg_cb\000"
 2008      5F6D7367 
 2008      5F636200 
 2009              	.LASF18:
 2010 0615 6E657874 		.ascii	"next_cb\000"
ARM GAS  C:\Users\brian\AppData\Local\Temp\ccPdkuii.s 			page 45


 2010      5F636200 
 2011              	.LASF42:
 2012 061d 7072655F 		.ascii	"pre_chip_disable_wait_ns\000"
 2012      63686970 
 2012      5F646973 
 2012      61626C65 
 2012      5F776169 
 2013              		.ident	"GCC: (GNU Tools for ARM Embedded Processors) 5.4.1 20160609 (release) [ARM/embedded-5-bran
