ARM GAS  C:\Users\brian\AppData\Local\Temp\cchgViH2.s 			page 1


   1              		.syntax unified
   2              		.cpu cortex-m3
   3              		.fpu softvfp
   4              		.eabi_attribute 20, 1
   5              		.eabi_attribute 21, 1
   6              		.eabi_attribute 23, 3
   7              		.eabi_attribute 24, 1
   8              		.eabi_attribute 25, 1
   9              		.eabi_attribute 26, 1
  10              		.eabi_attribute 30, 1
  11              		.eabi_attribute 34, 1
  12              		.eabi_attribute 18, 4
  13              		.thumb
  14              		.syntax unified
  15              		.file	"u8x8_setup.c"
  16              		.text
  17              	.Ltext0:
  18              		.cfi_sections	.debug_frame
  19              		.section	.text.u8x8_dummy_cb,"ax",%progbits
  20              		.align	2
  21              		.global	u8x8_dummy_cb
  22              		.thumb
  23              		.thumb_func
  24              		.type	u8x8_dummy_cb, %function
  25              	u8x8_dummy_cb:
  26              	.LFB0:
  27              		.file 1 "..\\u8g2\\csrc\\u8x8_setup.c"
   1:..\u8g2\csrc/u8x8_setup.c **** /*
   2:..\u8g2\csrc/u8x8_setup.c **** 
   3:..\u8g2\csrc/u8x8_setup.c ****   u8x8_setup.c
   4:..\u8g2\csrc/u8x8_setup.c **** 
   5:..\u8g2\csrc/u8x8_setup.c ****   Universal 8bit Graphics Library (https://github.com/olikraus/u8g2/)
   6:..\u8g2\csrc/u8x8_setup.c **** 
   7:..\u8g2\csrc/u8x8_setup.c ****   Copyright (c) 2016, olikraus@gmail.com
   8:..\u8g2\csrc/u8x8_setup.c ****   All rights reserved.
   9:..\u8g2\csrc/u8x8_setup.c **** 
  10:..\u8g2\csrc/u8x8_setup.c ****   Redistribution and use in source and binary forms, with or without modification, 
  11:..\u8g2\csrc/u8x8_setup.c ****   are permitted provided that the following conditions are met:
  12:..\u8g2\csrc/u8x8_setup.c **** 
  13:..\u8g2\csrc/u8x8_setup.c ****   * Redistributions of source code must retain the above copyright notice, this list 
  14:..\u8g2\csrc/u8x8_setup.c ****     of conditions and the following disclaimer.
  15:..\u8g2\csrc/u8x8_setup.c ****     
  16:..\u8g2\csrc/u8x8_setup.c ****   * Redistributions in binary form must reproduce the above copyright notice, this 
  17:..\u8g2\csrc/u8x8_setup.c ****     list of conditions and the following disclaimer in the documentation and/or other 
  18:..\u8g2\csrc/u8x8_setup.c ****     materials provided with the distribution.
  19:..\u8g2\csrc/u8x8_setup.c **** 
  20:..\u8g2\csrc/u8x8_setup.c ****   THIS SOFTWARE IS PROVIDED BY THE COPYRIGHT HOLDERS AND 
  21:..\u8g2\csrc/u8x8_setup.c ****   CONTRIBUTORS "AS IS" AND ANY EXPRESS OR IMPLIED WARRANTIES, 
  22:..\u8g2\csrc/u8x8_setup.c ****   INCLUDING, BUT NOT LIMITED TO, THE IMPLIED WARRANTIES OF 
  23:..\u8g2\csrc/u8x8_setup.c ****   MERCHANTABILITY AND FITNESS FOR A PARTICULAR PURPOSE ARE 
  24:..\u8g2\csrc/u8x8_setup.c ****   DISCLAIMED. IN NO EVENT SHALL THE COPYRIGHT HOLDER OR 
  25:..\u8g2\csrc/u8x8_setup.c ****   CONTRIBUTORS BE LIABLE FOR ANY DIRECT, INDIRECT, INCIDENTAL, 
  26:..\u8g2\csrc/u8x8_setup.c ****   SPECIAL, EXEMPLARY, OR CONSEQUENTIAL DAMAGES (INCLUDING, BUT 
  27:..\u8g2\csrc/u8x8_setup.c ****   NOT LIMITED TO, PROCUREMENT OF SUBSTITUTE GOODS OR SERVICES; 
  28:..\u8g2\csrc/u8x8_setup.c ****   LOSS OF USE, DATA, OR PROFITS; OR BUSINESS INTERRUPTION) HOWEVER 
  29:..\u8g2\csrc/u8x8_setup.c ****   CAUSED AND ON ANY THEORY OF LIABILITY, WHETHER IN CONTRACT, 
  30:..\u8g2\csrc/u8x8_setup.c ****   STRICT LIABILITY, OR TORT (INCLUDING NEGLIGENCE OR OTHERWISE) 
ARM GAS  C:\Users\brian\AppData\Local\Temp\cchgViH2.s 			page 2


  31:..\u8g2\csrc/u8x8_setup.c ****   ARISING IN ANY WAY OUT OF THE USE OF THIS SOFTWARE, EVEN IF 
  32:..\u8g2\csrc/u8x8_setup.c ****   ADVISED OF THE POSSIBILITY OF SUCH DAMAGE.  
  33:..\u8g2\csrc/u8x8_setup.c **** 
  34:..\u8g2\csrc/u8x8_setup.c **** */
  35:..\u8g2\csrc/u8x8_setup.c **** 
  36:..\u8g2\csrc/u8x8_setup.c **** 
  37:..\u8g2\csrc/u8x8_setup.c **** #include "u8x8.h"
  38:..\u8g2\csrc/u8x8_setup.c **** 
  39:..\u8g2\csrc/u8x8_setup.c **** /* universal dummy callback, which will be default for all callbacks */
  40:..\u8g2\csrc/u8x8_setup.c **** uint8_t u8x8_dummy_cb(U8X8_UNUSED u8x8_t *u8x8, U8X8_UNUSED uint8_t msg, U8X8_UNUSED uint8_t arg_in
  41:..\u8g2\csrc/u8x8_setup.c **** {
  28              		.loc 1 41 0
  29              		.cfi_startproc
  30              		@ args = 0, pretend = 0, frame = 0
  31              		@ frame_needed = 0, uses_anonymous_args = 0
  32              		@ link register save eliminated.
  33              	.LVL0:
  42:..\u8g2\csrc/u8x8_setup.c ****   /* the dummy callback will not handle any message and will fail for all messages */
  43:..\u8g2\csrc/u8x8_setup.c ****   return 0;
  44:..\u8g2\csrc/u8x8_setup.c **** }
  34              		.loc 1 44 0
  35 0000 0020     		movs	r0, #0
  36              	.LVL1:
  37 0002 7047     		bx	lr
  38              		.cfi_endproc
  39              	.LFE0:
  40              		.size	u8x8_dummy_cb, .-u8x8_dummy_cb
  41              		.section	.text.u8x8_d_null_cb,"ax",%progbits
  42              		.align	2
  43              		.global	u8x8_d_null_cb
  44              		.thumb
  45              		.thumb_func
  46              		.type	u8x8_d_null_cb, %function
  47              	u8x8_d_null_cb:
  48              	.LFB1:
  45:..\u8g2\csrc/u8x8_setup.c **** 
  46:..\u8g2\csrc/u8x8_setup.c **** 
  47:..\u8g2\csrc/u8x8_setup.c **** static const u8x8_display_info_t u8x8_null_display_info =
  48:..\u8g2\csrc/u8x8_setup.c **** {
  49:..\u8g2\csrc/u8x8_setup.c ****   /* chip_enable_level = */ 0,
  50:..\u8g2\csrc/u8x8_setup.c ****   /* chip_disable_level = */ 1,
  51:..\u8g2\csrc/u8x8_setup.c ****   
  52:..\u8g2\csrc/u8x8_setup.c ****   /* post_chip_enable_wait_ns = */ 0,
  53:..\u8g2\csrc/u8x8_setup.c ****   /* pre_chip_disable_wait_ns = */ 0,
  54:..\u8g2\csrc/u8x8_setup.c ****   /* reset_pulse_width_ms = */ 0, 
  55:..\u8g2\csrc/u8x8_setup.c ****   /* post_reset_wait_ms = */ 0, 
  56:..\u8g2\csrc/u8x8_setup.c ****   /* sda_setup_time_ns = */ 0,		
  57:..\u8g2\csrc/u8x8_setup.c ****   /* sck_pulse_width_ns = */ 0,	/* half of cycle time (100ns according to datasheet), AVR: below 70
  58:..\u8g2\csrc/u8x8_setup.c ****   /* sck_clock_hz = */ 4000000UL,	/* since Arduino 1.6.0, the SPI bus speed in Hz. Should be  10000
  59:..\u8g2\csrc/u8x8_setup.c ****   /* spi_mode = */ 0,		/* active high, rising edge */
  60:..\u8g2\csrc/u8x8_setup.c ****   /* i2c_bus_clock_100kHz = */ 4,
  61:..\u8g2\csrc/u8x8_setup.c ****   /* data_setup_time_ns = */ 0,
  62:..\u8g2\csrc/u8x8_setup.c ****   /* write_pulse_width_ns = */ 0,
  63:..\u8g2\csrc/u8x8_setup.c ****   /* tile_width = */ 1,		/* 8x8 */
  64:..\u8g2\csrc/u8x8_setup.c ****   /* tile_hight = */ 1,
  65:..\u8g2\csrc/u8x8_setup.c ****   /* default_x_offset = */ 0,
  66:..\u8g2\csrc/u8x8_setup.c ****   /* flipmode_x_offset = */ 0,
ARM GAS  C:\Users\brian\AppData\Local\Temp\cchgViH2.s 			page 3


  67:..\u8g2\csrc/u8x8_setup.c ****   /* pixel_width = */ 8,
  68:..\u8g2\csrc/u8x8_setup.c ****   /* pixel_height = */ 8
  69:..\u8g2\csrc/u8x8_setup.c **** };
  70:..\u8g2\csrc/u8x8_setup.c **** 
  71:..\u8g2\csrc/u8x8_setup.c **** 
  72:..\u8g2\csrc/u8x8_setup.c **** /* a special null device */
  73:..\u8g2\csrc/u8x8_setup.c **** uint8_t u8x8_d_null_cb(u8x8_t *u8x8, uint8_t msg, U8X8_UNUSED uint8_t arg_int, U8X8_UNUSED void *ar
  74:..\u8g2\csrc/u8x8_setup.c **** {
  49              		.loc 1 74 0
  50              		.cfi_startproc
  51              		@ args = 0, pretend = 0, frame = 0
  52              		@ frame_needed = 0, uses_anonymous_args = 0
  53              	.LVL2:
  54 0000 08B5     		push	{r3, lr}
  55              		.cfi_def_cfa_offset 8
  56              		.cfi_offset 3, -8
  57              		.cfi_offset 14, -4
  75:..\u8g2\csrc/u8x8_setup.c ****   switch(msg)
  58              		.loc 1 75 0
  59 0002 0929     		cmp	r1, #9
  60 0004 02D0     		beq	.L4
  61 0006 0A29     		cmp	r1, #10
  62 0008 04D0     		beq	.L5
  63 000a 05E0     		b	.L3
  64              	.L4:
  76:..\u8g2\csrc/u8x8_setup.c ****   {
  77:..\u8g2\csrc/u8x8_setup.c ****     case U8X8_MSG_DISPLAY_SETUP_MEMORY:
  78:..\u8g2\csrc/u8x8_setup.c ****       u8x8_d_helper_display_setup_memory(u8x8, &u8x8_null_display_info);
  65              		.loc 1 78 0
  66 000c 0349     		ldr	r1, .L7
  67              	.LVL3:
  68 000e FFF7FEFF 		bl	u8x8_d_helper_display_setup_memory
  69              	.LVL4:
  79:..\u8g2\csrc/u8x8_setup.c ****       break;
  70              		.loc 1 79 0
  71 0012 01E0     		b	.L3
  72              	.LVL5:
  73              	.L5:
  80:..\u8g2\csrc/u8x8_setup.c ****     case U8X8_MSG_DISPLAY_INIT:
  81:..\u8g2\csrc/u8x8_setup.c ****       u8x8_d_helper_display_init(u8x8);
  74              		.loc 1 81 0
  75 0014 FFF7FEFF 		bl	u8x8_d_helper_display_init
  76              	.LVL6:
  77              	.L3:
  82:..\u8g2\csrc/u8x8_setup.c ****       break;
  83:..\u8g2\csrc/u8x8_setup.c ****   }
  84:..\u8g2\csrc/u8x8_setup.c ****   /* the null device callback will succeed for all messages */
  85:..\u8g2\csrc/u8x8_setup.c ****   return 1;
  86:..\u8g2\csrc/u8x8_setup.c **** }
  78              		.loc 1 86 0
  79 0018 0120     		movs	r0, #1
  80 001a 08BD     		pop	{r3, pc}
  81              	.L8:
  82              		.align	2
  83              	.L7:
  84 001c 00000000 		.word	.LANCHOR0
  85              		.cfi_endproc
ARM GAS  C:\Users\brian\AppData\Local\Temp\cchgViH2.s 			page 4


  86              	.LFE1:
  87              		.size	u8x8_d_null_cb, .-u8x8_d_null_cb
  88              		.section	.text.u8x8_SetupDefaults,"ax",%progbits
  89              		.align	2
  90              		.global	u8x8_SetupDefaults
  91              		.thumb
  92              		.thumb_func
  93              		.type	u8x8_SetupDefaults, %function
  94              	u8x8_SetupDefaults:
  95              	.LFB2:
  87:..\u8g2\csrc/u8x8_setup.c **** 
  88:..\u8g2\csrc/u8x8_setup.c **** 
  89:..\u8g2\csrc/u8x8_setup.c **** /*
  90:..\u8g2\csrc/u8x8_setup.c ****   Description:
  91:..\u8g2\csrc/u8x8_setup.c ****     Setup u8x8
  92:..\u8g2\csrc/u8x8_setup.c ****   Args:
  93:..\u8g2\csrc/u8x8_setup.c ****     u8x8	An empty u8x8 structure
  94:..\u8g2\csrc/u8x8_setup.c **** */
  95:..\u8g2\csrc/u8x8_setup.c **** void u8x8_SetupDefaults(u8x8_t *u8x8)
  96:..\u8g2\csrc/u8x8_setup.c **** {
  96              		.loc 1 96 0
  97              		.cfi_startproc
  98              		@ args = 0, pretend = 0, frame = 0
  99              		@ frame_needed = 0, uses_anonymous_args = 0
 100              		@ link register save eliminated.
 101              	.LVL7:
  97:..\u8g2\csrc/u8x8_setup.c ****     u8x8->display_info = NULL;
 102              		.loc 1 97 0
 103 0000 0023     		movs	r3, #0
 104 0002 0360     		str	r3, [r0]
  98:..\u8g2\csrc/u8x8_setup.c ****     u8x8->display_cb = u8x8_dummy_cb;
 105              		.loc 1 98 0
 106 0004 074A     		ldr	r2, .L10
 107 0006 8260     		str	r2, [r0, #8]
  99:..\u8g2\csrc/u8x8_setup.c ****     u8x8->cad_cb = u8x8_dummy_cb;
 108              		.loc 1 99 0
 109 0008 C260     		str	r2, [r0, #12]
 100:..\u8g2\csrc/u8x8_setup.c ****     u8x8->byte_cb = u8x8_dummy_cb;
 110              		.loc 1 100 0
 111 000a 0261     		str	r2, [r0, #16]
 101:..\u8g2\csrc/u8x8_setup.c ****     u8x8->gpio_and_delay_cb = u8x8_dummy_cb;
 112              		.loc 1 101 0
 113 000c 4261     		str	r2, [r0, #20]
 102:..\u8g2\csrc/u8x8_setup.c ****     u8x8->is_font_inverse_mode = 0;
 114              		.loc 1 102 0
 115 000e 80F82330 		strb	r3, [r0, #35]
 103:..\u8g2\csrc/u8x8_setup.c ****     //u8x8->device_address = 0;
 104:..\u8g2\csrc/u8x8_setup.c ****     u8x8->utf8_state = 0;		/* also reset by u8x8_utf8_init */
 116              		.loc 1 104 0
 117 0012 80F82630 		strb	r3, [r0, #38]
 105:..\u8g2\csrc/u8x8_setup.c ****     u8x8->bus_clock = 0;		/* issue 769 */
 118              		.loc 1 105 0
 119 0016 8361     		str	r3, [r0, #24]
 106:..\u8g2\csrc/u8x8_setup.c ****     u8x8->i2c_address = 255;
 120              		.loc 1 106 0
 121 0018 FF23     		movs	r3, #255
 122 001a 80F82430 		strb	r3, [r0, #36]
ARM GAS  C:\Users\brian\AppData\Local\Temp\cchgViH2.s 			page 5


 107:..\u8g2\csrc/u8x8_setup.c ****     u8x8->debounce_default_pin_state = 255;	/* assume all low active buttons */
 123              		.loc 1 107 0
 124 001e 80F82830 		strb	r3, [r0, #40]
 125 0022 7047     		bx	lr
 126              	.L11:
 127              		.align	2
 128              	.L10:
 129 0024 00000000 		.word	u8x8_dummy_cb
 130              		.cfi_endproc
 131              	.LFE2:
 132              		.size	u8x8_SetupDefaults, .-u8x8_SetupDefaults
 133              		.section	.text.u8x8_Setup,"ax",%progbits
 134              		.align	2
 135              		.global	u8x8_Setup
 136              		.thumb
 137              		.thumb_func
 138              		.type	u8x8_Setup, %function
 139              	u8x8_Setup:
 140              	.LFB3:
 108:..\u8g2\csrc/u8x8_setup.c ****   
 109:..\u8g2\csrc/u8x8_setup.c **** #ifdef U8X8_USE_PINS 
 110:..\u8g2\csrc/u8x8_setup.c ****   {
 111:..\u8g2\csrc/u8x8_setup.c ****     uint8_t i;
 112:..\u8g2\csrc/u8x8_setup.c ****     for( i = 0; i < U8X8_PIN_CNT; i++ )
 113:..\u8g2\csrc/u8x8_setup.c ****       u8x8->pins[i] = U8X8_PIN_NONE;
 114:..\u8g2\csrc/u8x8_setup.c ****   }
 115:..\u8g2\csrc/u8x8_setup.c **** #endif
 116:..\u8g2\csrc/u8x8_setup.c **** }
 117:..\u8g2\csrc/u8x8_setup.c **** 
 118:..\u8g2\csrc/u8x8_setup.c **** 
 119:..\u8g2\csrc/u8x8_setup.c **** /*
 120:..\u8g2\csrc/u8x8_setup.c ****   Description:
 121:..\u8g2\csrc/u8x8_setup.c ****     Setup u8x8 and assign the callback function. The dummy 
 122:..\u8g2\csrc/u8x8_setup.c ****     callback "u8x8_dummy_cb" can be used, if no callback is required.
 123:..\u8g2\csrc/u8x8_setup.c ****     This setup will not communicate with the display itself.
 124:..\u8g2\csrc/u8x8_setup.c ****     Use u8x8_InitDisplay() to send the startup code to the Display.
 125:..\u8g2\csrc/u8x8_setup.c ****   Args:
 126:..\u8g2\csrc/u8x8_setup.c ****     u8x8				An empty u8x8 structure
 127:..\u8g2\csrc/u8x8_setup.c ****     display_cb			Display/controller specific callback function
 128:..\u8g2\csrc/u8x8_setup.c ****     cad_cb				Display controller specific communication callback function
 129:..\u8g2\csrc/u8x8_setup.c ****     byte_cb			Display controller/communication specific callback funtion
 130:..\u8g2\csrc/u8x8_setup.c ****     gpio_and_delay_cb	Environment specific callback function
 131:..\u8g2\csrc/u8x8_setup.c **** 
 132:..\u8g2\csrc/u8x8_setup.c **** */
 133:..\u8g2\csrc/u8x8_setup.c **** void u8x8_Setup(u8x8_t *u8x8, u8x8_msg_cb display_cb, u8x8_msg_cb cad_cb, u8x8_msg_cb byte_cb, u8x8
 134:..\u8g2\csrc/u8x8_setup.c **** {
 141              		.loc 1 134 0
 142              		.cfi_startproc
 143              		@ args = 4, pretend = 0, frame = 0
 144              		@ frame_needed = 0, uses_anonymous_args = 0
 145              	.LVL8:
 146 0000 F8B5     		push	{r3, r4, r5, r6, r7, lr}
 147              		.cfi_def_cfa_offset 24
 148              		.cfi_offset 3, -24
 149              		.cfi_offset 4, -20
 150              		.cfi_offset 5, -16
 151              		.cfi_offset 6, -12
ARM GAS  C:\Users\brian\AppData\Local\Temp\cchgViH2.s 			page 6


 152              		.cfi_offset 7, -8
 153              		.cfi_offset 14, -4
 154 0002 0446     		mov	r4, r0
 155 0004 0F46     		mov	r7, r1
 156 0006 1646     		mov	r6, r2
 157 0008 1D46     		mov	r5, r3
 135:..\u8g2\csrc/u8x8_setup.c ****   /* setup defaults and reset pins to U8X8_PIN_NONE */
 136:..\u8g2\csrc/u8x8_setup.c ****   u8x8_SetupDefaults(u8x8);
 158              		.loc 1 136 0
 159 000a FFF7FEFF 		bl	u8x8_SetupDefaults
 160              	.LVL9:
 137:..\u8g2\csrc/u8x8_setup.c **** 
 138:..\u8g2\csrc/u8x8_setup.c ****   /* setup specific callbacks */
 139:..\u8g2\csrc/u8x8_setup.c ****   u8x8->display_cb = display_cb;
 161              		.loc 1 139 0
 162 000e A760     		str	r7, [r4, #8]
 140:..\u8g2\csrc/u8x8_setup.c ****   u8x8->cad_cb = cad_cb;
 163              		.loc 1 140 0
 164 0010 E660     		str	r6, [r4, #12]
 141:..\u8g2\csrc/u8x8_setup.c ****   u8x8->byte_cb = byte_cb;
 165              		.loc 1 141 0
 166 0012 2561     		str	r5, [r4, #16]
 142:..\u8g2\csrc/u8x8_setup.c ****   u8x8->gpio_and_delay_cb = gpio_and_delay_cb;
 167              		.loc 1 142 0
 168 0014 069B     		ldr	r3, [sp, #24]
 169 0016 6361     		str	r3, [r4, #20]
 143:..\u8g2\csrc/u8x8_setup.c **** 
 144:..\u8g2\csrc/u8x8_setup.c ****   /* setup display info */
 145:..\u8g2\csrc/u8x8_setup.c ****   u8x8_SetupMemory(u8x8);
 170              		.loc 1 145 0
 171 0018 2046     		mov	r0, r4
 172 001a FFF7FEFF 		bl	u8x8_SetupMemory
 173              	.LVL10:
 174 001e F8BD     		pop	{r3, r4, r5, r6, r7, pc}
 175              		.cfi_endproc
 176              	.LFE3:
 177              		.size	u8x8_Setup, .-u8x8_Setup
 178              		.section	.rodata
 179              		.align	2
 180              		.set	.LANCHOR0,. + 0
 181              		.type	u8x8_null_display_info, %object
 182              		.size	u8x8_null_display_info, 24
 183              	u8x8_null_display_info:
 184 0000 00       		.byte	0
 185 0001 01       		.byte	1
 186 0002 00       		.byte	0
 187 0003 00       		.byte	0
 188 0004 00       		.byte	0
 189 0005 00       		.byte	0
 190 0006 00       		.byte	0
 191 0007 00       		.byte	0
 192 0008 00093D00 		.word	4000000
 193 000c 00       		.byte	0
 194 000d 04       		.byte	4
 195 000e 00       		.byte	0
 196 000f 00       		.byte	0
 197 0010 01       		.byte	1
ARM GAS  C:\Users\brian\AppData\Local\Temp\cchgViH2.s 			page 7


 198 0011 01       		.byte	1
 199 0012 00       		.byte	0
 200 0013 00       		.byte	0
 201 0014 0800     		.short	8
 202 0016 0800     		.short	8
 203              		.text
 204              	.Letext0:
 205              		.file 2 "c:\\program files (x86)\\cypress\\psoc creator\\4.4\\psoc creator\\import\\gnu\\arm\\5.4.
 206              		.file 3 "c:\\program files (x86)\\cypress\\psoc creator\\4.4\\psoc creator\\import\\gnu\\arm\\5.4.
 207              		.file 4 "..\\u8g2\\csrc\\u8x8.h"
 208              		.section	.debug_info,"",%progbits
 209              	.Ldebug_info0:
 210 0000 DB040000 		.4byte	0x4db
 211 0004 0400     		.2byte	0x4
 212 0006 00000000 		.4byte	.Ldebug_abbrev0
 213 000a 04       		.byte	0x4
 214 000b 01       		.uleb128 0x1
 215 000c 27040000 		.4byte	.LASF70
 216 0010 0C       		.byte	0xc
 217 0011 CD000000 		.4byte	.LASF71
 218 0015 E7000000 		.4byte	.LASF72
 219 0019 00000000 		.4byte	.Ldebug_ranges0+0
 220 001d 00000000 		.4byte	0
 221 0021 00000000 		.4byte	.Ldebug_line0
 222 0025 02       		.uleb128 0x2
 223 0026 01       		.byte	0x1
 224 0027 06       		.byte	0x6
 225 0028 59020000 		.4byte	.LASF0
 226 002c 03       		.uleb128 0x3
 227 002d 0B020000 		.4byte	.LASF3
 228 0031 02       		.byte	0x2
 229 0032 1D       		.byte	0x1d
 230 0033 37000000 		.4byte	0x37
 231 0037 02       		.uleb128 0x2
 232 0038 01       		.byte	0x1
 233 0039 08       		.byte	0x8
 234 003a 4B020000 		.4byte	.LASF1
 235 003e 02       		.uleb128 0x2
 236 003f 02       		.byte	0x2
 237 0040 05       		.byte	0x5
 238 0041 6B000000 		.4byte	.LASF2
 239 0045 03       		.uleb128 0x3
 240 0046 B7000000 		.4byte	.LASF4
 241 004a 02       		.byte	0x2
 242 004b 2B       		.byte	0x2b
 243 004c 50000000 		.4byte	0x50
 244 0050 02       		.uleb128 0x2
 245 0051 02       		.byte	0x2
 246 0052 07       		.byte	0x7
 247 0053 F2020000 		.4byte	.LASF5
 248 0057 02       		.uleb128 0x2
 249 0058 04       		.byte	0x4
 250 0059 05       		.byte	0x5
 251 005a 02020000 		.4byte	.LASF6
 252 005e 03       		.uleb128 0x3
 253 005f C2000000 		.4byte	.LASF7
 254 0063 02       		.byte	0x2
ARM GAS  C:\Users\brian\AppData\Local\Temp\cchgViH2.s 			page 8


 255 0064 41       		.byte	0x41
 256 0065 69000000 		.4byte	0x69
 257 0069 02       		.uleb128 0x2
 258 006a 04       		.byte	0x4
 259 006b 07       		.byte	0x7
 260 006c 92030000 		.4byte	.LASF8
 261 0070 02       		.uleb128 0x2
 262 0071 08       		.byte	0x8
 263 0072 05       		.byte	0x5
 264 0073 BA010000 		.4byte	.LASF9
 265 0077 02       		.uleb128 0x2
 266 0078 08       		.byte	0x8
 267 0079 07       		.byte	0x7
 268 007a 65020000 		.4byte	.LASF10
 269 007e 04       		.uleb128 0x4
 270 007f 04       		.byte	0x4
 271 0080 05       		.byte	0x5
 272 0081 696E7400 		.ascii	"int\000"
 273 0085 02       		.uleb128 0x2
 274 0086 04       		.byte	0x4
 275 0087 07       		.byte	0x7
 276 0088 85020000 		.4byte	.LASF11
 277 008c 03       		.uleb128 0x3
 278 008d 32010000 		.4byte	.LASF12
 279 0091 03       		.byte	0x3
 280 0092 18       		.byte	0x18
 281 0093 2C000000 		.4byte	0x2c
 282 0097 03       		.uleb128 0x3
 283 0098 92020000 		.4byte	.LASF13
 284 009c 03       		.byte	0x3
 285 009d 24       		.byte	0x24
 286 009e 45000000 		.4byte	0x45
 287 00a2 03       		.uleb128 0x3
 288 00a3 7C020000 		.4byte	.LASF14
 289 00a7 03       		.byte	0x3
 290 00a8 30       		.byte	0x30
 291 00a9 5E000000 		.4byte	0x5e
 292 00ad 05       		.uleb128 0x5
 293 00ae 04       		.byte	0x4
 294 00af 02       		.uleb128 0x2
 295 00b0 08       		.byte	0x8
 296 00b1 04       		.byte	0x4
 297 00b2 33020000 		.4byte	.LASF15
 298 00b6 03       		.uleb128 0x3
 299 00b7 C9020000 		.4byte	.LASF16
 300 00bb 04       		.byte	0x4
 301 00bc CD       		.byte	0xcd
 302 00bd C1000000 		.4byte	0xc1
 303 00c1 06       		.uleb128 0x6
 304 00c2 86030000 		.4byte	.LASF37
 305 00c6 2C       		.byte	0x2c
 306 00c7 04       		.byte	0x4
 307 00c8 5001     		.2byte	0x150
 308 00ca C6010000 		.4byte	0x1c6
 309 00ce 07       		.uleb128 0x7
 310 00cf 38030000 		.4byte	.LASF17
 311 00d3 04       		.byte	0x4
ARM GAS  C:\Users\brian\AppData\Local\Temp\cchgViH2.s 			page 9


 312 00d4 5201     		.2byte	0x152
 313 00d6 26030000 		.4byte	0x326
 314 00da 00       		.byte	0
 315 00db 07       		.uleb128 0x7
 316 00dc DC040000 		.4byte	.LASF18
 317 00e0 04       		.byte	0x4
 318 00e1 5301     		.2byte	0x153
 319 00e3 01030000 		.4byte	0x301
 320 00e7 04       		.byte	0x4
 321 00e8 07       		.uleb128 0x7
 322 00e9 15020000 		.4byte	.LASF19
 323 00ed 04       		.byte	0x4
 324 00ee 5401     		.2byte	0x154
 325 00f0 CC020000 		.4byte	0x2cc
 326 00f4 08       		.byte	0x8
 327 00f5 07       		.uleb128 0x7
 328 00f6 20040000 		.4byte	.LASF20
 329 00fa 04       		.byte	0x4
 330 00fb 5501     		.2byte	0x155
 331 00fd CC020000 		.4byte	0x2cc
 332 0101 0C       		.byte	0xc
 333 0102 07       		.uleb128 0x7
 334 0103 AF030000 		.4byte	.LASF21
 335 0107 04       		.byte	0x4
 336 0108 5601     		.2byte	0x156
 337 010a CC020000 		.4byte	0x2cc
 338 010e 10       		.byte	0x10
 339 010f 07       		.uleb128 0x7
 340 0110 75000000 		.4byte	.LASF22
 341 0114 04       		.byte	0x4
 342 0115 5701     		.2byte	0x157
 343 0117 CC020000 		.4byte	0x2cc
 344 011b 14       		.byte	0x14
 345 011c 07       		.uleb128 0x7
 346 011d 73010000 		.4byte	.LASF23
 347 0121 04       		.byte	0x4
 348 0122 5801     		.2byte	0x158
 349 0124 A2000000 		.4byte	0xa2
 350 0128 18       		.byte	0x18
 351 0129 07       		.uleb128 0x7
 352 012a 52000000 		.4byte	.LASF24
 353 012e 04       		.byte	0x4
 354 012f 5901     		.2byte	0x159
 355 0131 31030000 		.4byte	0x331
 356 0135 1C       		.byte	0x1c
 357 0136 07       		.uleb128 0x7
 358 0137 E8030000 		.4byte	.LASF25
 359 013b 04       		.byte	0x4
 360 013c 5A01     		.2byte	0x15a
 361 013e 97000000 		.4byte	0x97
 362 0142 20       		.byte	0x20
 363 0143 07       		.uleb128 0x7
 364 0144 00000000 		.4byte	.LASF26
 365 0148 04       		.byte	0x4
 366 0149 5B01     		.2byte	0x15b
 367 014b 8C000000 		.4byte	0x8c
 368 014f 22       		.byte	0x22
ARM GAS  C:\Users\brian\AppData\Local\Temp\cchgViH2.s 			page 10


 369 0150 07       		.uleb128 0x7
 370 0151 09000000 		.4byte	.LASF27
 371 0155 04       		.byte	0x4
 372 0156 5C01     		.2byte	0x15c
 373 0158 8C000000 		.4byte	0x8c
 374 015c 23       		.byte	0x23
 375 015d 07       		.uleb128 0x7
 376 015e CA030000 		.4byte	.LASF28
 377 0162 04       		.byte	0x4
 378 0163 5D01     		.2byte	0x15d
 379 0165 8C000000 		.4byte	0x8c
 380 0169 24       		.byte	0x24
 381 016a 07       		.uleb128 0x7
 382 016b F1030000 		.4byte	.LASF29
 383 016f 04       		.byte	0x4
 384 0170 6001     		.2byte	0x160
 385 0172 8C000000 		.4byte	0x8c
 386 0176 25       		.byte	0x25
 387 0177 07       		.uleb128 0x7
 388 0178 7B030000 		.4byte	.LASF30
 389 017c 04       		.byte	0x4
 390 017d 6201     		.2byte	0x162
 391 017f 8C000000 		.4byte	0x8c
 392 0183 26       		.byte	0x26
 393 0184 07       		.uleb128 0x7
 394 0185 C8010000 		.4byte	.LASF31
 395 0189 04       		.byte	0x4
 396 018a 6301     		.2byte	0x163
 397 018c 8C000000 		.4byte	0x8c
 398 0190 27       		.byte	0x27
 399 0191 07       		.uleb128 0x7
 400 0192 B5040000 		.4byte	.LASF32
 401 0196 04       		.byte	0x4
 402 0197 6401     		.2byte	0x164
 403 0199 8C000000 		.4byte	0x8c
 404 019d 28       		.byte	0x28
 405 019e 07       		.uleb128 0x7
 406 019f A2010000 		.4byte	.LASF33
 407 01a3 04       		.byte	0x4
 408 01a4 6501     		.2byte	0x165
 409 01a6 8C000000 		.4byte	0x8c
 410 01aa 29       		.byte	0x29
 411 01ab 07       		.uleb128 0x7
 412 01ac 12030000 		.4byte	.LASF34
 413 01b0 04       		.byte	0x4
 414 01b1 6601     		.2byte	0x166
 415 01b3 8C000000 		.4byte	0x8c
 416 01b7 2A       		.byte	0x2a
 417 01b8 07       		.uleb128 0x7
 418 01b9 57000000 		.4byte	.LASF35
 419 01bd 04       		.byte	0x4
 420 01be 6701     		.2byte	0x167
 421 01c0 8C000000 		.4byte	0x8c
 422 01c4 2B       		.byte	0x2b
 423 01c5 00       		.byte	0
 424 01c6 03       		.uleb128 0x3
 425 01c7 8E010000 		.4byte	.LASF36
ARM GAS  C:\Users\brian\AppData\Local\Temp\cchgViH2.s 			page 11


 426 01cb 04       		.byte	0x4
 427 01cc CE       		.byte	0xce
 428 01cd D1010000 		.4byte	0x1d1
 429 01d1 08       		.uleb128 0x8
 430 01d2 9B020000 		.4byte	.LASF38
 431 01d6 18       		.byte	0x18
 432 01d7 04       		.byte	0x4
 433 01d8 E7       		.byte	0xe7
 434 01d9 CC020000 		.4byte	0x2cc
 435 01dd 09       		.uleb128 0x9
 436 01de 40000000 		.4byte	.LASF39
 437 01e2 04       		.byte	0x4
 438 01e3 EB       		.byte	0xeb
 439 01e4 8C000000 		.4byte	0x8c
 440 01e8 00       		.byte	0
 441 01e9 09       		.uleb128 0x9
 442 01ea B7030000 		.4byte	.LASF40
 443 01ee 04       		.byte	0x4
 444 01ef EC       		.byte	0xec
 445 01f0 8C000000 		.4byte	0x8c
 446 01f4 01       		.byte	0x1
 447 01f5 09       		.uleb128 0x9
 448 01f6 3A010000 		.4byte	.LASF41
 449 01fa 04       		.byte	0x4
 450 01fb EE       		.byte	0xee
 451 01fc 8C000000 		.4byte	0x8c
 452 0200 02       		.byte	0x2
 453 0201 09       		.uleb128 0x9
 454 0202 E4040000 		.4byte	.LASF42
 455 0206 04       		.byte	0x4
 456 0207 EF       		.byte	0xef
 457 0208 8C000000 		.4byte	0x8c
 458 020c 03       		.byte	0x3
 459 020d 09       		.uleb128 0x9
 460 020e B4020000 		.4byte	.LASF43
 461 0212 04       		.byte	0x4
 462 0213 F0       		.byte	0xf0
 463 0214 8C000000 		.4byte	0x8c
 464 0218 04       		.byte	0x4
 465 0219 09       		.uleb128 0x9
 466 021a A4000000 		.4byte	.LASF44
 467 021e 04       		.byte	0x4
 468 021f F1       		.byte	0xf1
 469 0220 8C000000 		.4byte	0x8c
 470 0224 05       		.byte	0x5
 471 0225 09       		.uleb128 0x9
 472 0226 92000000 		.4byte	.LASF45
 473 022a 04       		.byte	0x4
 474 022b F8       		.byte	0xf8
 475 022c 8C000000 		.4byte	0x8c
 476 0230 06       		.byte	0x6
 477 0231 09       		.uleb128 0x9
 478 0232 D4010000 		.4byte	.LASF46
 479 0236 04       		.byte	0x4
 480 0237 FC       		.byte	0xfc
 481 0238 8C000000 		.4byte	0x8c
 482 023c 07       		.byte	0x7
ARM GAS  C:\Users\brian\AppData\Local\Temp\cchgViH2.s 			page 12


 483 023d 09       		.uleb128 0x9
 484 023e E5020000 		.4byte	.LASF47
 485 0242 04       		.byte	0x4
 486 0243 FF       		.byte	0xff
 487 0244 A2000000 		.4byte	0xa2
 488 0248 08       		.byte	0x8
 489 0249 07       		.uleb128 0x7
 490 024a 2F000000 		.4byte	.LASF48
 491 024e 04       		.byte	0x4
 492 024f 0901     		.2byte	0x109
 493 0251 8C000000 		.4byte	0x8c
 494 0255 0C       		.byte	0xc
 495 0256 07       		.uleb128 0x7
 496 0257 D0020000 		.4byte	.LASF49
 497 025b 04       		.byte	0x4
 498 025c 0C01     		.2byte	0x10c
 499 025e 8C000000 		.4byte	0x8c
 500 0262 0D       		.byte	0xd
 501 0263 07       		.uleb128 0x7
 502 0264 20020000 		.4byte	.LASF50
 503 0268 04       		.byte	0x4
 504 0269 1201     		.2byte	0x112
 505 026b 8C000000 		.4byte	0x8c
 506 026f 0E       		.byte	0xe
 507 0270 07       		.uleb128 0x7
 508 0271 1D010000 		.4byte	.LASF51
 509 0275 04       		.byte	0x4
 510 0276 1401     		.2byte	0x114
 511 0278 8C000000 		.4byte	0x8c
 512 027c 0F       		.byte	0xf
 513 027d 07       		.uleb128 0x7
 514 027e 87000000 		.4byte	.LASF52
 515 0282 04       		.byte	0x4
 516 0283 1701     		.2byte	0x117
 517 0285 8C000000 		.4byte	0x8c
 518 0289 10       		.byte	0x10
 519 028a 07       		.uleb128 0x7
 520 028b 3F020000 		.4byte	.LASF53
 521 028f 04       		.byte	0x4
 522 0290 1801     		.2byte	0x118
 523 0292 8C000000 		.4byte	0x8c
 524 0296 11       		.byte	0x11
 525 0297 07       		.uleb128 0x7
 526 0298 7D010000 		.4byte	.LASF54
 527 029c 04       		.byte	0x4
 528 029d 1A01     		.2byte	0x11a
 529 029f 8C000000 		.4byte	0x8c
 530 02a3 12       		.byte	0x12
 531 02a4 07       		.uleb128 0x7
 532 02a5 D6030000 		.4byte	.LASF55
 533 02a9 04       		.byte	0x4
 534 02aa 1B01     		.2byte	0x11b
 535 02ac 8C000000 		.4byte	0x8c
 536 02b0 13       		.byte	0x13
 537 02b1 07       		.uleb128 0x7
 538 02b2 6F030000 		.4byte	.LASF56
 539 02b6 04       		.byte	0x4
ARM GAS  C:\Users\brian\AppData\Local\Temp\cchgViH2.s 			page 13


 540 02b7 2301     		.2byte	0x123
 541 02b9 97000000 		.4byte	0x97
 542 02bd 14       		.byte	0x14
 543 02be 07       		.uleb128 0x7
 544 02bf 62030000 		.4byte	.LASF57
 545 02c3 04       		.byte	0x4
 546 02c4 2401     		.2byte	0x124
 547 02c6 97000000 		.4byte	0x97
 548 02ca 16       		.byte	0x16
 549 02cb 00       		.byte	0
 550 02cc 03       		.uleb128 0x3
 551 02cd D0040000 		.4byte	.LASF58
 552 02d1 04       		.byte	0x4
 553 02d2 D1       		.byte	0xd1
 554 02d3 D7020000 		.4byte	0x2d7
 555 02d7 0A       		.uleb128 0xa
 556 02d8 04       		.byte	0x4
 557 02d9 DD020000 		.4byte	0x2dd
 558 02dd 0B       		.uleb128 0xb
 559 02de 8C000000 		.4byte	0x8c
 560 02e2 FB020000 		.4byte	0x2fb
 561 02e6 0C       		.uleb128 0xc
 562 02e7 FB020000 		.4byte	0x2fb
 563 02eb 0C       		.uleb128 0xc
 564 02ec 8C000000 		.4byte	0x8c
 565 02f0 0C       		.uleb128 0xc
 566 02f1 8C000000 		.4byte	0x8c
 567 02f5 0C       		.uleb128 0xc
 568 02f6 AD000000 		.4byte	0xad
 569 02fa 00       		.byte	0
 570 02fb 0A       		.uleb128 0xa
 571 02fc 04       		.byte	0x4
 572 02fd B6000000 		.4byte	0xb6
 573 0301 03       		.uleb128 0x3
 574 0302 05030000 		.4byte	.LASF59
 575 0306 04       		.byte	0x4
 576 0307 D2       		.byte	0xd2
 577 0308 0C030000 		.4byte	0x30c
 578 030c 0A       		.uleb128 0xa
 579 030d 04       		.byte	0x4
 580 030e 12030000 		.4byte	0x312
 581 0312 0B       		.uleb128 0xb
 582 0313 97000000 		.4byte	0x97
 583 0317 26030000 		.4byte	0x326
 584 031b 0C       		.uleb128 0xc
 585 031c FB020000 		.4byte	0x2fb
 586 0320 0C       		.uleb128 0xc
 587 0321 8C000000 		.4byte	0x8c
 588 0325 00       		.byte	0
 589 0326 0A       		.uleb128 0xa
 590 0327 04       		.byte	0x4
 591 0328 2C030000 		.4byte	0x32c
 592 032c 0D       		.uleb128 0xd
 593 032d C6010000 		.4byte	0x1c6
 594 0331 0A       		.uleb128 0xa
 595 0332 04       		.byte	0x4
 596 0333 37030000 		.4byte	0x337
ARM GAS  C:\Users\brian\AppData\Local\Temp\cchgViH2.s 			page 14


 597 0337 0D       		.uleb128 0xd
 598 0338 8C000000 		.4byte	0x8c
 599 033c 0E       		.uleb128 0xe
 600 033d 54030000 		.4byte	.LASF63
 601 0341 01       		.byte	0x1
 602 0342 28       		.byte	0x28
 603 0343 8C000000 		.4byte	0x8c
 604 0347 00000000 		.4byte	.LFB0
 605 034b 04000000 		.4byte	.LFE0-.LFB0
 606 034f 01       		.uleb128 0x1
 607 0350 9C       		.byte	0x9c
 608 0351 8C030000 		.4byte	0x38c
 609 0355 0F       		.uleb128 0xf
 610 0356 53010000 		.4byte	.LASF60
 611 035a 01       		.byte	0x1
 612 035b 28       		.byte	0x28
 613 035c FB020000 		.4byte	0x2fb
 614 0360 00000000 		.4byte	.LLST0
 615 0364 10       		.uleb128 0x10
 616 0365 6D736700 		.ascii	"msg\000"
 617 0369 01       		.byte	0x1
 618 036a 28       		.byte	0x28
 619 036b 8C000000 		.4byte	0x8c
 620 036f 01       		.uleb128 0x1
 621 0370 51       		.byte	0x51
 622 0371 11       		.uleb128 0x11
 623 0372 6B010000 		.4byte	.LASF61
 624 0376 01       		.byte	0x1
 625 0377 28       		.byte	0x28
 626 0378 8C000000 		.4byte	0x8c
 627 037c 01       		.uleb128 0x1
 628 037d 52       		.byte	0x52
 629 037e 11       		.uleb128 0x11
 630 037f 38000000 		.4byte	.LASF62
 631 0383 01       		.byte	0x1
 632 0384 28       		.byte	0x28
 633 0385 AD000000 		.4byte	0xad
 634 0389 01       		.uleb128 0x1
 635 038a 53       		.byte	0x53
 636 038b 00       		.byte	0
 637 038c 0E       		.uleb128 0xe
 638 038d 45030000 		.4byte	.LASF64
 639 0391 01       		.byte	0x1
 640 0392 49       		.byte	0x49
 641 0393 8C000000 		.4byte	0x8c
 642 0397 00000000 		.4byte	.LFB1
 643 039b 20000000 		.4byte	.LFE1-.LFB1
 644 039f 01       		.uleb128 0x1
 645 03a0 9C       		.byte	0x9c
 646 03a1 02040000 		.4byte	0x402
 647 03a5 0F       		.uleb128 0xf
 648 03a6 53010000 		.4byte	.LASF60
 649 03aa 01       		.byte	0x1
 650 03ab 49       		.byte	0x49
 651 03ac FB020000 		.4byte	0x2fb
 652 03b0 21000000 		.4byte	.LLST1
 653 03b4 12       		.uleb128 0x12
ARM GAS  C:\Users\brian\AppData\Local\Temp\cchgViH2.s 			page 15


 654 03b5 6D736700 		.ascii	"msg\000"
 655 03b9 01       		.byte	0x1
 656 03ba 49       		.byte	0x49
 657 03bb 8C000000 		.4byte	0x8c
 658 03bf 5B000000 		.4byte	.LLST2
 659 03c3 0F       		.uleb128 0xf
 660 03c4 6B010000 		.4byte	.LASF61
 661 03c8 01       		.byte	0x1
 662 03c9 49       		.byte	0x49
 663 03ca 8C000000 		.4byte	0x8c
 664 03ce 95000000 		.4byte	.LLST3
 665 03d2 0F       		.uleb128 0xf
 666 03d3 38000000 		.4byte	.LASF62
 667 03d7 01       		.byte	0x1
 668 03d8 49       		.byte	0x49
 669 03d9 AD000000 		.4byte	0xad
 670 03dd CF000000 		.4byte	.LLST4
 671 03e1 13       		.uleb128 0x13
 672 03e2 12000000 		.4byte	.LVL4
 673 03e6 BA040000 		.4byte	0x4ba
 674 03ea F8030000 		.4byte	0x3f8
 675 03ee 14       		.uleb128 0x14
 676 03ef 01       		.uleb128 0x1
 677 03f0 51       		.byte	0x51
 678 03f1 05       		.uleb128 0x5
 679 03f2 03       		.byte	0x3
 680 03f3 00000000 		.4byte	.LANCHOR0
 681 03f7 00       		.byte	0
 682 03f8 15       		.uleb128 0x15
 683 03f9 18000000 		.4byte	.LVL6
 684 03fd C6040000 		.4byte	0x4c6
 685 0401 00       		.byte	0
 686 0402 16       		.uleb128 0x16
 687 0403 58010000 		.4byte	.LASF65
 688 0407 01       		.byte	0x1
 689 0408 5F       		.byte	0x5f
 690 0409 00000000 		.4byte	.LFB2
 691 040d 28000000 		.4byte	.LFE2-.LFB2
 692 0411 01       		.uleb128 0x1
 693 0412 9C       		.byte	0x9c
 694 0413 25040000 		.4byte	0x425
 695 0417 11       		.uleb128 0x11
 696 0418 53010000 		.4byte	.LASF60
 697 041c 01       		.byte	0x1
 698 041d 5F       		.byte	0x5f
 699 041e FB020000 		.4byte	0x2fb
 700 0422 01       		.uleb128 0x1
 701 0423 50       		.byte	0x50
 702 0424 00       		.byte	0
 703 0425 16       		.uleb128 0x16
 704 0426 A4030000 		.4byte	.LASF66
 705 042a 01       		.byte	0x1
 706 042b 85       		.byte	0x85
 707 042c 00000000 		.4byte	.LFB3
 708 0430 20000000 		.4byte	.LFE3-.LFB3
 709 0434 01       		.uleb128 0x1
 710 0435 9C       		.byte	0x9c
ARM GAS  C:\Users\brian\AppData\Local\Temp\cchgViH2.s 			page 16


 711 0436 A9040000 		.4byte	0x4a9
 712 043a 0F       		.uleb128 0xf
 713 043b 53010000 		.4byte	.LASF60
 714 043f 01       		.byte	0x1
 715 0440 85       		.byte	0x85
 716 0441 FB020000 		.4byte	0x2fb
 717 0445 09010000 		.4byte	.LLST5
 718 0449 0F       		.uleb128 0xf
 719 044a 15020000 		.4byte	.LASF19
 720 044e 01       		.byte	0x1
 721 044f 85       		.byte	0x85
 722 0450 CC020000 		.4byte	0x2cc
 723 0454 27010000 		.4byte	.LLST6
 724 0458 0F       		.uleb128 0xf
 725 0459 20040000 		.4byte	.LASF20
 726 045d 01       		.byte	0x1
 727 045e 85       		.byte	0x85
 728 045f CC020000 		.4byte	0x2cc
 729 0463 45010000 		.4byte	.LLST7
 730 0467 0F       		.uleb128 0xf
 731 0468 AF030000 		.4byte	.LASF21
 732 046c 01       		.byte	0x1
 733 046d 85       		.byte	0x85
 734 046e CC020000 		.4byte	0x2cc
 735 0472 63010000 		.4byte	.LLST8
 736 0476 11       		.uleb128 0x11
 737 0477 75000000 		.4byte	.LASF22
 738 047b 01       		.byte	0x1
 739 047c 85       		.byte	0x85
 740 047d CC020000 		.4byte	0x2cc
 741 0481 02       		.uleb128 0x2
 742 0482 91       		.byte	0x91
 743 0483 00       		.sleb128 0
 744 0484 13       		.uleb128 0x13
 745 0485 0E000000 		.4byte	.LVL9
 746 0489 02040000 		.4byte	0x402
 747 048d 98040000 		.4byte	0x498
 748 0491 14       		.uleb128 0x14
 749 0492 01       		.uleb128 0x1
 750 0493 50       		.byte	0x50
 751 0494 02       		.uleb128 0x2
 752 0495 74       		.byte	0x74
 753 0496 00       		.sleb128 0
 754 0497 00       		.byte	0
 755 0498 17       		.uleb128 0x17
 756 0499 1E000000 		.4byte	.LVL10
 757 049d D2040000 		.4byte	0x4d2
 758 04a1 14       		.uleb128 0x14
 759 04a2 01       		.uleb128 0x1
 760 04a3 50       		.byte	0x50
 761 04a4 02       		.uleb128 0x2
 762 04a5 74       		.byte	0x74
 763 04a6 00       		.sleb128 0
 764 04a7 00       		.byte	0
 765 04a8 00       		.byte	0
 766 04a9 18       		.uleb128 0x18
 767 04aa 21030000 		.4byte	.LASF73
ARM GAS  C:\Users\brian\AppData\Local\Temp\cchgViH2.s 			page 17


 768 04ae 01       		.byte	0x1
 769 04af 2F       		.byte	0x2f
 770 04b0 2C030000 		.4byte	0x32c
 771 04b4 05       		.uleb128 0x5
 772 04b5 03       		.byte	0x3
 773 04b6 00000000 		.4byte	u8x8_null_display_info
 774 04ba 19       		.uleb128 0x19
 775 04bb FD030000 		.4byte	.LASF67
 776 04bf FD030000 		.4byte	.LASF67
 777 04c3 04       		.byte	0x4
 778 04c4 AE01     		.2byte	0x1ae
 779 04c6 19       		.uleb128 0x19
 780 04c7 E7010000 		.4byte	.LASF68
 781 04cb E7010000 		.4byte	.LASF68
 782 04cf 04       		.byte	0x4
 783 04d0 AF01     		.2byte	0x1af
 784 04d2 19       		.uleb128 0x19
 785 04d3 1E000000 		.4byte	.LASF69
 786 04d7 1E000000 		.4byte	.LASF69
 787 04db 04       		.byte	0x4
 788 04dc 2B02     		.2byte	0x22b
 789 04de 00       		.byte	0
 790              		.section	.debug_abbrev,"",%progbits
 791              	.Ldebug_abbrev0:
 792 0000 01       		.uleb128 0x1
 793 0001 11       		.uleb128 0x11
 794 0002 01       		.byte	0x1
 795 0003 25       		.uleb128 0x25
 796 0004 0E       		.uleb128 0xe
 797 0005 13       		.uleb128 0x13
 798 0006 0B       		.uleb128 0xb
 799 0007 03       		.uleb128 0x3
 800 0008 0E       		.uleb128 0xe
 801 0009 1B       		.uleb128 0x1b
 802 000a 0E       		.uleb128 0xe
 803 000b 55       		.uleb128 0x55
 804 000c 17       		.uleb128 0x17
 805 000d 11       		.uleb128 0x11
 806 000e 01       		.uleb128 0x1
 807 000f 10       		.uleb128 0x10
 808 0010 17       		.uleb128 0x17
 809 0011 00       		.byte	0
 810 0012 00       		.byte	0
 811 0013 02       		.uleb128 0x2
 812 0014 24       		.uleb128 0x24
 813 0015 00       		.byte	0
 814 0016 0B       		.uleb128 0xb
 815 0017 0B       		.uleb128 0xb
 816 0018 3E       		.uleb128 0x3e
 817 0019 0B       		.uleb128 0xb
 818 001a 03       		.uleb128 0x3
 819 001b 0E       		.uleb128 0xe
 820 001c 00       		.byte	0
 821 001d 00       		.byte	0
 822 001e 03       		.uleb128 0x3
 823 001f 16       		.uleb128 0x16
 824 0020 00       		.byte	0
ARM GAS  C:\Users\brian\AppData\Local\Temp\cchgViH2.s 			page 18


 825 0021 03       		.uleb128 0x3
 826 0022 0E       		.uleb128 0xe
 827 0023 3A       		.uleb128 0x3a
 828 0024 0B       		.uleb128 0xb
 829 0025 3B       		.uleb128 0x3b
 830 0026 0B       		.uleb128 0xb
 831 0027 49       		.uleb128 0x49
 832 0028 13       		.uleb128 0x13
 833 0029 00       		.byte	0
 834 002a 00       		.byte	0
 835 002b 04       		.uleb128 0x4
 836 002c 24       		.uleb128 0x24
 837 002d 00       		.byte	0
 838 002e 0B       		.uleb128 0xb
 839 002f 0B       		.uleb128 0xb
 840 0030 3E       		.uleb128 0x3e
 841 0031 0B       		.uleb128 0xb
 842 0032 03       		.uleb128 0x3
 843 0033 08       		.uleb128 0x8
 844 0034 00       		.byte	0
 845 0035 00       		.byte	0
 846 0036 05       		.uleb128 0x5
 847 0037 0F       		.uleb128 0xf
 848 0038 00       		.byte	0
 849 0039 0B       		.uleb128 0xb
 850 003a 0B       		.uleb128 0xb
 851 003b 00       		.byte	0
 852 003c 00       		.byte	0
 853 003d 06       		.uleb128 0x6
 854 003e 13       		.uleb128 0x13
 855 003f 01       		.byte	0x1
 856 0040 03       		.uleb128 0x3
 857 0041 0E       		.uleb128 0xe
 858 0042 0B       		.uleb128 0xb
 859 0043 0B       		.uleb128 0xb
 860 0044 3A       		.uleb128 0x3a
 861 0045 0B       		.uleb128 0xb
 862 0046 3B       		.uleb128 0x3b
 863 0047 05       		.uleb128 0x5
 864 0048 01       		.uleb128 0x1
 865 0049 13       		.uleb128 0x13
 866 004a 00       		.byte	0
 867 004b 00       		.byte	0
 868 004c 07       		.uleb128 0x7
 869 004d 0D       		.uleb128 0xd
 870 004e 00       		.byte	0
 871 004f 03       		.uleb128 0x3
 872 0050 0E       		.uleb128 0xe
 873 0051 3A       		.uleb128 0x3a
 874 0052 0B       		.uleb128 0xb
 875 0053 3B       		.uleb128 0x3b
 876 0054 05       		.uleb128 0x5
 877 0055 49       		.uleb128 0x49
 878 0056 13       		.uleb128 0x13
 879 0057 38       		.uleb128 0x38
 880 0058 0B       		.uleb128 0xb
 881 0059 00       		.byte	0
ARM GAS  C:\Users\brian\AppData\Local\Temp\cchgViH2.s 			page 19


 882 005a 00       		.byte	0
 883 005b 08       		.uleb128 0x8
 884 005c 13       		.uleb128 0x13
 885 005d 01       		.byte	0x1
 886 005e 03       		.uleb128 0x3
 887 005f 0E       		.uleb128 0xe
 888 0060 0B       		.uleb128 0xb
 889 0061 0B       		.uleb128 0xb
 890 0062 3A       		.uleb128 0x3a
 891 0063 0B       		.uleb128 0xb
 892 0064 3B       		.uleb128 0x3b
 893 0065 0B       		.uleb128 0xb
 894 0066 01       		.uleb128 0x1
 895 0067 13       		.uleb128 0x13
 896 0068 00       		.byte	0
 897 0069 00       		.byte	0
 898 006a 09       		.uleb128 0x9
 899 006b 0D       		.uleb128 0xd
 900 006c 00       		.byte	0
 901 006d 03       		.uleb128 0x3
 902 006e 0E       		.uleb128 0xe
 903 006f 3A       		.uleb128 0x3a
 904 0070 0B       		.uleb128 0xb
 905 0071 3B       		.uleb128 0x3b
 906 0072 0B       		.uleb128 0xb
 907 0073 49       		.uleb128 0x49
 908 0074 13       		.uleb128 0x13
 909 0075 38       		.uleb128 0x38
 910 0076 0B       		.uleb128 0xb
 911 0077 00       		.byte	0
 912 0078 00       		.byte	0
 913 0079 0A       		.uleb128 0xa
 914 007a 0F       		.uleb128 0xf
 915 007b 00       		.byte	0
 916 007c 0B       		.uleb128 0xb
 917 007d 0B       		.uleb128 0xb
 918 007e 49       		.uleb128 0x49
 919 007f 13       		.uleb128 0x13
 920 0080 00       		.byte	0
 921 0081 00       		.byte	0
 922 0082 0B       		.uleb128 0xb
 923 0083 15       		.uleb128 0x15
 924 0084 01       		.byte	0x1
 925 0085 27       		.uleb128 0x27
 926 0086 19       		.uleb128 0x19
 927 0087 49       		.uleb128 0x49
 928 0088 13       		.uleb128 0x13
 929 0089 01       		.uleb128 0x1
 930 008a 13       		.uleb128 0x13
 931 008b 00       		.byte	0
 932 008c 00       		.byte	0
 933 008d 0C       		.uleb128 0xc
 934 008e 05       		.uleb128 0x5
 935 008f 00       		.byte	0
 936 0090 49       		.uleb128 0x49
 937 0091 13       		.uleb128 0x13
 938 0092 00       		.byte	0
ARM GAS  C:\Users\brian\AppData\Local\Temp\cchgViH2.s 			page 20


 939 0093 00       		.byte	0
 940 0094 0D       		.uleb128 0xd
 941 0095 26       		.uleb128 0x26
 942 0096 00       		.byte	0
 943 0097 49       		.uleb128 0x49
 944 0098 13       		.uleb128 0x13
 945 0099 00       		.byte	0
 946 009a 00       		.byte	0
 947 009b 0E       		.uleb128 0xe
 948 009c 2E       		.uleb128 0x2e
 949 009d 01       		.byte	0x1
 950 009e 3F       		.uleb128 0x3f
 951 009f 19       		.uleb128 0x19
 952 00a0 03       		.uleb128 0x3
 953 00a1 0E       		.uleb128 0xe
 954 00a2 3A       		.uleb128 0x3a
 955 00a3 0B       		.uleb128 0xb
 956 00a4 3B       		.uleb128 0x3b
 957 00a5 0B       		.uleb128 0xb
 958 00a6 27       		.uleb128 0x27
 959 00a7 19       		.uleb128 0x19
 960 00a8 49       		.uleb128 0x49
 961 00a9 13       		.uleb128 0x13
 962 00aa 11       		.uleb128 0x11
 963 00ab 01       		.uleb128 0x1
 964 00ac 12       		.uleb128 0x12
 965 00ad 06       		.uleb128 0x6
 966 00ae 40       		.uleb128 0x40
 967 00af 18       		.uleb128 0x18
 968 00b0 9742     		.uleb128 0x2117
 969 00b2 19       		.uleb128 0x19
 970 00b3 01       		.uleb128 0x1
 971 00b4 13       		.uleb128 0x13
 972 00b5 00       		.byte	0
 973 00b6 00       		.byte	0
 974 00b7 0F       		.uleb128 0xf
 975 00b8 05       		.uleb128 0x5
 976 00b9 00       		.byte	0
 977 00ba 03       		.uleb128 0x3
 978 00bb 0E       		.uleb128 0xe
 979 00bc 3A       		.uleb128 0x3a
 980 00bd 0B       		.uleb128 0xb
 981 00be 3B       		.uleb128 0x3b
 982 00bf 0B       		.uleb128 0xb
 983 00c0 49       		.uleb128 0x49
 984 00c1 13       		.uleb128 0x13
 985 00c2 02       		.uleb128 0x2
 986 00c3 17       		.uleb128 0x17
 987 00c4 00       		.byte	0
 988 00c5 00       		.byte	0
 989 00c6 10       		.uleb128 0x10
 990 00c7 05       		.uleb128 0x5
 991 00c8 00       		.byte	0
 992 00c9 03       		.uleb128 0x3
 993 00ca 08       		.uleb128 0x8
 994 00cb 3A       		.uleb128 0x3a
 995 00cc 0B       		.uleb128 0xb
ARM GAS  C:\Users\brian\AppData\Local\Temp\cchgViH2.s 			page 21


 996 00cd 3B       		.uleb128 0x3b
 997 00ce 0B       		.uleb128 0xb
 998 00cf 49       		.uleb128 0x49
 999 00d0 13       		.uleb128 0x13
 1000 00d1 02       		.uleb128 0x2
 1001 00d2 18       		.uleb128 0x18
 1002 00d3 00       		.byte	0
 1003 00d4 00       		.byte	0
 1004 00d5 11       		.uleb128 0x11
 1005 00d6 05       		.uleb128 0x5
 1006 00d7 00       		.byte	0
 1007 00d8 03       		.uleb128 0x3
 1008 00d9 0E       		.uleb128 0xe
 1009 00da 3A       		.uleb128 0x3a
 1010 00db 0B       		.uleb128 0xb
 1011 00dc 3B       		.uleb128 0x3b
 1012 00dd 0B       		.uleb128 0xb
 1013 00de 49       		.uleb128 0x49
 1014 00df 13       		.uleb128 0x13
 1015 00e0 02       		.uleb128 0x2
 1016 00e1 18       		.uleb128 0x18
 1017 00e2 00       		.byte	0
 1018 00e3 00       		.byte	0
 1019 00e4 12       		.uleb128 0x12
 1020 00e5 05       		.uleb128 0x5
 1021 00e6 00       		.byte	0
 1022 00e7 03       		.uleb128 0x3
 1023 00e8 08       		.uleb128 0x8
 1024 00e9 3A       		.uleb128 0x3a
 1025 00ea 0B       		.uleb128 0xb
 1026 00eb 3B       		.uleb128 0x3b
 1027 00ec 0B       		.uleb128 0xb
 1028 00ed 49       		.uleb128 0x49
 1029 00ee 13       		.uleb128 0x13
 1030 00ef 02       		.uleb128 0x2
 1031 00f0 17       		.uleb128 0x17
 1032 00f1 00       		.byte	0
 1033 00f2 00       		.byte	0
 1034 00f3 13       		.uleb128 0x13
 1035 00f4 898201   		.uleb128 0x4109
 1036 00f7 01       		.byte	0x1
 1037 00f8 11       		.uleb128 0x11
 1038 00f9 01       		.uleb128 0x1
 1039 00fa 31       		.uleb128 0x31
 1040 00fb 13       		.uleb128 0x13
 1041 00fc 01       		.uleb128 0x1
 1042 00fd 13       		.uleb128 0x13
 1043 00fe 00       		.byte	0
 1044 00ff 00       		.byte	0
 1045 0100 14       		.uleb128 0x14
 1046 0101 8A8201   		.uleb128 0x410a
 1047 0104 00       		.byte	0
 1048 0105 02       		.uleb128 0x2
 1049 0106 18       		.uleb128 0x18
 1050 0107 9142     		.uleb128 0x2111
 1051 0109 18       		.uleb128 0x18
 1052 010a 00       		.byte	0
ARM GAS  C:\Users\brian\AppData\Local\Temp\cchgViH2.s 			page 22


 1053 010b 00       		.byte	0
 1054 010c 15       		.uleb128 0x15
 1055 010d 898201   		.uleb128 0x4109
 1056 0110 00       		.byte	0
 1057 0111 11       		.uleb128 0x11
 1058 0112 01       		.uleb128 0x1
 1059 0113 31       		.uleb128 0x31
 1060 0114 13       		.uleb128 0x13
 1061 0115 00       		.byte	0
 1062 0116 00       		.byte	0
 1063 0117 16       		.uleb128 0x16
 1064 0118 2E       		.uleb128 0x2e
 1065 0119 01       		.byte	0x1
 1066 011a 3F       		.uleb128 0x3f
 1067 011b 19       		.uleb128 0x19
 1068 011c 03       		.uleb128 0x3
 1069 011d 0E       		.uleb128 0xe
 1070 011e 3A       		.uleb128 0x3a
 1071 011f 0B       		.uleb128 0xb
 1072 0120 3B       		.uleb128 0x3b
 1073 0121 0B       		.uleb128 0xb
 1074 0122 27       		.uleb128 0x27
 1075 0123 19       		.uleb128 0x19
 1076 0124 11       		.uleb128 0x11
 1077 0125 01       		.uleb128 0x1
 1078 0126 12       		.uleb128 0x12
 1079 0127 06       		.uleb128 0x6
 1080 0128 40       		.uleb128 0x40
 1081 0129 18       		.uleb128 0x18
 1082 012a 9742     		.uleb128 0x2117
 1083 012c 19       		.uleb128 0x19
 1084 012d 01       		.uleb128 0x1
 1085 012e 13       		.uleb128 0x13
 1086 012f 00       		.byte	0
 1087 0130 00       		.byte	0
 1088 0131 17       		.uleb128 0x17
 1089 0132 898201   		.uleb128 0x4109
 1090 0135 01       		.byte	0x1
 1091 0136 11       		.uleb128 0x11
 1092 0137 01       		.uleb128 0x1
 1093 0138 31       		.uleb128 0x31
 1094 0139 13       		.uleb128 0x13
 1095 013a 00       		.byte	0
 1096 013b 00       		.byte	0
 1097 013c 18       		.uleb128 0x18
 1098 013d 34       		.uleb128 0x34
 1099 013e 00       		.byte	0
 1100 013f 03       		.uleb128 0x3
 1101 0140 0E       		.uleb128 0xe
 1102 0141 3A       		.uleb128 0x3a
 1103 0142 0B       		.uleb128 0xb
 1104 0143 3B       		.uleb128 0x3b
 1105 0144 0B       		.uleb128 0xb
 1106 0145 49       		.uleb128 0x49
 1107 0146 13       		.uleb128 0x13
 1108 0147 02       		.uleb128 0x2
 1109 0148 18       		.uleb128 0x18
ARM GAS  C:\Users\brian\AppData\Local\Temp\cchgViH2.s 			page 23


 1110 0149 00       		.byte	0
 1111 014a 00       		.byte	0
 1112 014b 19       		.uleb128 0x19
 1113 014c 2E       		.uleb128 0x2e
 1114 014d 00       		.byte	0
 1115 014e 3F       		.uleb128 0x3f
 1116 014f 19       		.uleb128 0x19
 1117 0150 3C       		.uleb128 0x3c
 1118 0151 19       		.uleb128 0x19
 1119 0152 6E       		.uleb128 0x6e
 1120 0153 0E       		.uleb128 0xe
 1121 0154 03       		.uleb128 0x3
 1122 0155 0E       		.uleb128 0xe
 1123 0156 3A       		.uleb128 0x3a
 1124 0157 0B       		.uleb128 0xb
 1125 0158 3B       		.uleb128 0x3b
 1126 0159 05       		.uleb128 0x5
 1127 015a 00       		.byte	0
 1128 015b 00       		.byte	0
 1129 015c 00       		.byte	0
 1130              		.section	.debug_loc,"",%progbits
 1131              	.Ldebug_loc0:
 1132              	.LLST0:
 1133 0000 00000000 		.4byte	.LVL0
 1134 0004 02000000 		.4byte	.LVL1
 1135 0008 0100     		.2byte	0x1
 1136 000a 50       		.byte	0x50
 1137 000b 02000000 		.4byte	.LVL1
 1138 000f 04000000 		.4byte	.LFE0
 1139 0013 0400     		.2byte	0x4
 1140 0015 F3       		.byte	0xf3
 1141 0016 01       		.uleb128 0x1
 1142 0017 50       		.byte	0x50
 1143 0018 9F       		.byte	0x9f
 1144 0019 00000000 		.4byte	0
 1145 001d 00000000 		.4byte	0
 1146              	.LLST1:
 1147 0021 00000000 		.4byte	.LVL2
 1148 0025 11000000 		.4byte	.LVL4-1
 1149 0029 0100     		.2byte	0x1
 1150 002b 50       		.byte	0x50
 1151 002c 11000000 		.4byte	.LVL4-1
 1152 0030 14000000 		.4byte	.LVL5
 1153 0034 0400     		.2byte	0x4
 1154 0036 F3       		.byte	0xf3
 1155 0037 01       		.uleb128 0x1
 1156 0038 50       		.byte	0x50
 1157 0039 9F       		.byte	0x9f
 1158 003a 14000000 		.4byte	.LVL5
 1159 003e 17000000 		.4byte	.LVL6-1
 1160 0042 0100     		.2byte	0x1
 1161 0044 50       		.byte	0x50
 1162 0045 17000000 		.4byte	.LVL6-1
 1163 0049 20000000 		.4byte	.LFE1
 1164 004d 0400     		.2byte	0x4
 1165 004f F3       		.byte	0xf3
 1166 0050 01       		.uleb128 0x1
ARM GAS  C:\Users\brian\AppData\Local\Temp\cchgViH2.s 			page 24


 1167 0051 50       		.byte	0x50
 1168 0052 9F       		.byte	0x9f
 1169 0053 00000000 		.4byte	0
 1170 0057 00000000 		.4byte	0
 1171              	.LLST2:
 1172 005b 00000000 		.4byte	.LVL2
 1173 005f 0E000000 		.4byte	.LVL3
 1174 0063 0100     		.2byte	0x1
 1175 0065 51       		.byte	0x51
 1176 0066 0E000000 		.4byte	.LVL3
 1177 006a 14000000 		.4byte	.LVL5
 1178 006e 0400     		.2byte	0x4
 1179 0070 F3       		.byte	0xf3
 1180 0071 01       		.uleb128 0x1
 1181 0072 51       		.byte	0x51
 1182 0073 9F       		.byte	0x9f
 1183 0074 14000000 		.4byte	.LVL5
 1184 0078 17000000 		.4byte	.LVL6-1
 1185 007c 0100     		.2byte	0x1
 1186 007e 51       		.byte	0x51
 1187 007f 17000000 		.4byte	.LVL6-1
 1188 0083 20000000 		.4byte	.LFE1
 1189 0087 0400     		.2byte	0x4
 1190 0089 F3       		.byte	0xf3
 1191 008a 01       		.uleb128 0x1
 1192 008b 51       		.byte	0x51
 1193 008c 9F       		.byte	0x9f
 1194 008d 00000000 		.4byte	0
 1195 0091 00000000 		.4byte	0
 1196              	.LLST3:
 1197 0095 00000000 		.4byte	.LVL2
 1198 0099 11000000 		.4byte	.LVL4-1
 1199 009d 0100     		.2byte	0x1
 1200 009f 52       		.byte	0x52
 1201 00a0 11000000 		.4byte	.LVL4-1
 1202 00a4 14000000 		.4byte	.LVL5
 1203 00a8 0400     		.2byte	0x4
 1204 00aa F3       		.byte	0xf3
 1205 00ab 01       		.uleb128 0x1
 1206 00ac 52       		.byte	0x52
 1207 00ad 9F       		.byte	0x9f
 1208 00ae 14000000 		.4byte	.LVL5
 1209 00b2 17000000 		.4byte	.LVL6-1
 1210 00b6 0100     		.2byte	0x1
 1211 00b8 52       		.byte	0x52
 1212 00b9 17000000 		.4byte	.LVL6-1
 1213 00bd 20000000 		.4byte	.LFE1
 1214 00c1 0400     		.2byte	0x4
 1215 00c3 F3       		.byte	0xf3
 1216 00c4 01       		.uleb128 0x1
 1217 00c5 52       		.byte	0x52
 1218 00c6 9F       		.byte	0x9f
 1219 00c7 00000000 		.4byte	0
 1220 00cb 00000000 		.4byte	0
 1221              	.LLST4:
 1222 00cf 00000000 		.4byte	.LVL2
 1223 00d3 11000000 		.4byte	.LVL4-1
ARM GAS  C:\Users\brian\AppData\Local\Temp\cchgViH2.s 			page 25


 1224 00d7 0100     		.2byte	0x1
 1225 00d9 53       		.byte	0x53
 1226 00da 11000000 		.4byte	.LVL4-1
 1227 00de 14000000 		.4byte	.LVL5
 1228 00e2 0400     		.2byte	0x4
 1229 00e4 F3       		.byte	0xf3
 1230 00e5 01       		.uleb128 0x1
 1231 00e6 53       		.byte	0x53
 1232 00e7 9F       		.byte	0x9f
 1233 00e8 14000000 		.4byte	.LVL5
 1234 00ec 17000000 		.4byte	.LVL6-1
 1235 00f0 0100     		.2byte	0x1
 1236 00f2 53       		.byte	0x53
 1237 00f3 17000000 		.4byte	.LVL6-1
 1238 00f7 20000000 		.4byte	.LFE1
 1239 00fb 0400     		.2byte	0x4
 1240 00fd F3       		.byte	0xf3
 1241 00fe 01       		.uleb128 0x1
 1242 00ff 53       		.byte	0x53
 1243 0100 9F       		.byte	0x9f
 1244 0101 00000000 		.4byte	0
 1245 0105 00000000 		.4byte	0
 1246              	.LLST5:
 1247 0109 00000000 		.4byte	.LVL8
 1248 010d 0D000000 		.4byte	.LVL9-1
 1249 0111 0100     		.2byte	0x1
 1250 0113 50       		.byte	0x50
 1251 0114 0D000000 		.4byte	.LVL9-1
 1252 0118 20000000 		.4byte	.LFE3
 1253 011c 0100     		.2byte	0x1
 1254 011e 54       		.byte	0x54
 1255 011f 00000000 		.4byte	0
 1256 0123 00000000 		.4byte	0
 1257              	.LLST6:
 1258 0127 00000000 		.4byte	.LVL8
 1259 012b 0D000000 		.4byte	.LVL9-1
 1260 012f 0100     		.2byte	0x1
 1261 0131 51       		.byte	0x51
 1262 0132 0D000000 		.4byte	.LVL9-1
 1263 0136 20000000 		.4byte	.LFE3
 1264 013a 0100     		.2byte	0x1
 1265 013c 57       		.byte	0x57
 1266 013d 00000000 		.4byte	0
 1267 0141 00000000 		.4byte	0
 1268              	.LLST7:
 1269 0145 00000000 		.4byte	.LVL8
 1270 0149 0D000000 		.4byte	.LVL9-1
 1271 014d 0100     		.2byte	0x1
 1272 014f 52       		.byte	0x52
 1273 0150 0D000000 		.4byte	.LVL9-1
 1274 0154 20000000 		.4byte	.LFE3
 1275 0158 0100     		.2byte	0x1
 1276 015a 56       		.byte	0x56
 1277 015b 00000000 		.4byte	0
 1278 015f 00000000 		.4byte	0
 1279              	.LLST8:
 1280 0163 00000000 		.4byte	.LVL8
ARM GAS  C:\Users\brian\AppData\Local\Temp\cchgViH2.s 			page 26


 1281 0167 0D000000 		.4byte	.LVL9-1
 1282 016b 0100     		.2byte	0x1
 1283 016d 53       		.byte	0x53
 1284 016e 0D000000 		.4byte	.LVL9-1
 1285 0172 20000000 		.4byte	.LFE3
 1286 0176 0100     		.2byte	0x1
 1287 0178 55       		.byte	0x55
 1288 0179 00000000 		.4byte	0
 1289 017d 00000000 		.4byte	0
 1290              		.section	.debug_aranges,"",%progbits
 1291 0000 34000000 		.4byte	0x34
 1292 0004 0200     		.2byte	0x2
 1293 0006 00000000 		.4byte	.Ldebug_info0
 1294 000a 04       		.byte	0x4
 1295 000b 00       		.byte	0
 1296 000c 0000     		.2byte	0
 1297 000e 0000     		.2byte	0
 1298 0010 00000000 		.4byte	.LFB0
 1299 0014 04000000 		.4byte	.LFE0-.LFB0
 1300 0018 00000000 		.4byte	.LFB1
 1301 001c 20000000 		.4byte	.LFE1-.LFB1
 1302 0020 00000000 		.4byte	.LFB2
 1303 0024 28000000 		.4byte	.LFE2-.LFB2
 1304 0028 00000000 		.4byte	.LFB3
 1305 002c 20000000 		.4byte	.LFE3-.LFB3
 1306 0030 00000000 		.4byte	0
 1307 0034 00000000 		.4byte	0
 1308              		.section	.debug_ranges,"",%progbits
 1309              	.Ldebug_ranges0:
 1310 0000 00000000 		.4byte	.LFB0
 1311 0004 04000000 		.4byte	.LFE0
 1312 0008 00000000 		.4byte	.LFB1
 1313 000c 20000000 		.4byte	.LFE1
 1314 0010 00000000 		.4byte	.LFB2
 1315 0014 28000000 		.4byte	.LFE2
 1316 0018 00000000 		.4byte	.LFB3
 1317 001c 20000000 		.4byte	.LFE3
 1318 0020 00000000 		.4byte	0
 1319 0024 00000000 		.4byte	0
 1320              		.section	.debug_line,"",%progbits
 1321              	.Ldebug_line0:
 1322 0000 92010000 		.section	.debug_str,"MS",%progbits,1
 1322      02003701 
 1322      00000201 
 1322      FB0E0D00 
 1322      01010101 
 1323              	.LASF26:
 1324 0000 785F6F66 		.ascii	"x_offset\000"
 1324      66736574 
 1324      00
 1325              	.LASF27:
 1326 0009 69735F66 		.ascii	"is_font_inverse_mode\000"
 1326      6F6E745F 
 1326      696E7665 
 1326      7273655F 
 1326      6D6F6465 
 1327              	.LASF69:
ARM GAS  C:\Users\brian\AppData\Local\Temp\cchgViH2.s 			page 27


 1328 001e 75387838 		.ascii	"u8x8_SetupMemory\000"
 1328      5F536574 
 1328      75704D65 
 1328      6D6F7279 
 1328      00
 1329              	.LASF48:
 1330 002f 7370695F 		.ascii	"spi_mode\000"
 1330      6D6F6465 
 1330      00
 1331              	.LASF62:
 1332 0038 6172675F 		.ascii	"arg_ptr\000"
 1332      70747200 
 1333              	.LASF39:
 1334 0040 63686970 		.ascii	"chip_enable_level\000"
 1334      5F656E61 
 1334      626C655F 
 1334      6C657665 
 1334      6C00
 1335              	.LASF24:
 1336 0052 666F6E74 		.ascii	"font\000"
 1336      00
 1337              	.LASF35:
 1338 0057 6465626F 		.ascii	"debounce_result_msg\000"
 1338      756E6365 
 1338      5F726573 
 1338      756C745F 
 1338      6D736700 
 1339              	.LASF2:
 1340 006b 73686F72 		.ascii	"short int\000"
 1340      7420696E 
 1340      7400
 1341              	.LASF22:
 1342 0075 6770696F 		.ascii	"gpio_and_delay_cb\000"
 1342      5F616E64 
 1342      5F64656C 
 1342      61795F63 
 1342      6200
 1343              	.LASF52:
 1344 0087 74696C65 		.ascii	"tile_width\000"
 1344      5F776964 
 1344      746800
 1345              	.LASF45:
 1346 0092 7364615F 		.ascii	"sda_setup_time_ns\000"
 1346      73657475 
 1346      705F7469 
 1346      6D655F6E 
 1346      7300
 1347              	.LASF44:
 1348 00a4 706F7374 		.ascii	"post_reset_wait_ms\000"
 1348      5F726573 
 1348      65745F77 
 1348      6169745F 
 1348      6D7300
 1349              	.LASF4:
 1350 00b7 5F5F7569 		.ascii	"__uint16_t\000"
 1350      6E743136 
 1350      5F7400
ARM GAS  C:\Users\brian\AppData\Local\Temp\cchgViH2.s 			page 28


 1351              	.LASF7:
 1352 00c2 5F5F7569 		.ascii	"__uint32_t\000"
 1352      6E743332 
 1352      5F7400
 1353              	.LASF71:
 1354 00cd 2E2E5C75 		.ascii	"..\\u8g2\\csrc\\u8x8_setup.c\000"
 1354      3867325C 
 1354      63737263 
 1354      5C753878 
 1354      385F7365 
 1355              	.LASF72:
 1356 00e7 433A5C55 		.ascii	"C:\\Users\\brian\\Documents\\PSoC Creator\\Lab7\\La"
 1356      73657273 
 1356      5C627269 
 1356      616E5C44 
 1356      6F63756D 
 1357 0114 62372E63 		.ascii	"b7.cydsn\000"
 1357      7964736E 
 1357      00
 1358              	.LASF51:
 1359 011d 77726974 		.ascii	"write_pulse_width_ns\000"
 1359      655F7075 
 1359      6C73655F 
 1359      77696474 
 1359      685F6E73 
 1360              	.LASF12:
 1361 0132 75696E74 		.ascii	"uint8_t\000"
 1361      385F7400 
 1362              	.LASF41:
 1363 013a 706F7374 		.ascii	"post_chip_enable_wait_ns\000"
 1363      5F636869 
 1363      705F656E 
 1363      61626C65 
 1363      5F776169 
 1364              	.LASF60:
 1365 0153 75387838 		.ascii	"u8x8\000"
 1365      00
 1366              	.LASF65:
 1367 0158 75387838 		.ascii	"u8x8_SetupDefaults\000"
 1367      5F536574 
 1367      75704465 
 1367      6661756C 
 1367      747300
 1368              	.LASF61:
 1369 016b 6172675F 		.ascii	"arg_int\000"
 1369      696E7400 
 1370              	.LASF23:
 1371 0173 6275735F 		.ascii	"bus_clock\000"
 1371      636C6F63 
 1371      6B00
 1372              	.LASF54:
 1373 017d 64656661 		.ascii	"default_x_offset\000"
 1373      756C745F 
 1373      785F6F66 
 1373      66736574 
 1373      00
 1374              	.LASF36:
ARM GAS  C:\Users\brian\AppData\Local\Temp\cchgViH2.s 			page 29


 1375 018e 75387838 		.ascii	"u8x8_display_info_t\000"
 1375      5F646973 
 1375      706C6179 
 1375      5F696E66 
 1375      6F5F7400 
 1376              	.LASF33:
 1377 01a2 6465626F 		.ascii	"debounce_last_pin_state\000"
 1377      756E6365 
 1377      5F6C6173 
 1377      745F7069 
 1377      6E5F7374 
 1378              	.LASF9:
 1379 01ba 6C6F6E67 		.ascii	"long long int\000"
 1379      206C6F6E 
 1379      6720696E 
 1379      7400
 1380              	.LASF31:
 1381 01c8 6770696F 		.ascii	"gpio_result\000"
 1381      5F726573 
 1381      756C7400 
 1382              	.LASF46:
 1383 01d4 73636B5F 		.ascii	"sck_pulse_width_ns\000"
 1383      70756C73 
 1383      655F7769 
 1383      6474685F 
 1383      6E7300
 1384              	.LASF68:
 1385 01e7 75387838 		.ascii	"u8x8_d_helper_display_init\000"
 1385      5F645F68 
 1385      656C7065 
 1385      725F6469 
 1385      73706C61 
 1386              	.LASF6:
 1387 0202 6C6F6E67 		.ascii	"long int\000"
 1387      20696E74 
 1387      00
 1388              	.LASF3:
 1389 020b 5F5F7569 		.ascii	"__uint8_t\000"
 1389      6E74385F 
 1389      7400
 1390              	.LASF19:
 1391 0215 64697370 		.ascii	"display_cb\000"
 1391      6C61795F 
 1391      636200
 1392              	.LASF50:
 1393 0220 64617461 		.ascii	"data_setup_time_ns\000"
 1393      5F736574 
 1393      75705F74 
 1393      696D655F 
 1393      6E7300
 1394              	.LASF15:
 1395 0233 6C6F6E67 		.ascii	"long double\000"
 1395      20646F75 
 1395      626C6500 
 1396              	.LASF53:
 1397 023f 74696C65 		.ascii	"tile_height\000"
 1397      5F686569 
ARM GAS  C:\Users\brian\AppData\Local\Temp\cchgViH2.s 			page 30


 1397      67687400 
 1398              	.LASF1:
 1399 024b 756E7369 		.ascii	"unsigned char\000"
 1399      676E6564 
 1399      20636861 
 1399      7200
 1400              	.LASF0:
 1401 0259 7369676E 		.ascii	"signed char\000"
 1401      65642063 
 1401      68617200 
 1402              	.LASF10:
 1403 0265 6C6F6E67 		.ascii	"long long unsigned int\000"
 1403      206C6F6E 
 1403      6720756E 
 1403      7369676E 
 1403      65642069 
 1404              	.LASF14:
 1405 027c 75696E74 		.ascii	"uint32_t\000"
 1405      33325F74 
 1405      00
 1406              	.LASF11:
 1407 0285 756E7369 		.ascii	"unsigned int\000"
 1407      676E6564 
 1407      20696E74 
 1407      00
 1408              	.LASF13:
 1409 0292 75696E74 		.ascii	"uint16_t\000"
 1409      31365F74 
 1409      00
 1410              	.LASF38:
 1411 029b 75387838 		.ascii	"u8x8_display_info_struct\000"
 1411      5F646973 
 1411      706C6179 
 1411      5F696E66 
 1411      6F5F7374 
 1412              	.LASF43:
 1413 02b4 72657365 		.ascii	"reset_pulse_width_ms\000"
 1413      745F7075 
 1413      6C73655F 
 1413      77696474 
 1413      685F6D73 
 1414              	.LASF16:
 1415 02c9 75387838 		.ascii	"u8x8_t\000"
 1415      5F7400
 1416              	.LASF49:
 1417 02d0 6932635F 		.ascii	"i2c_bus_clock_100kHz\000"
 1417      6275735F 
 1417      636C6F63 
 1417      6B5F3130 
 1417      306B487A 
 1418              	.LASF47:
 1419 02e5 73636B5F 		.ascii	"sck_clock_hz\000"
 1419      636C6F63 
 1419      6B5F687A 
 1419      00
 1420              	.LASF5:
 1421 02f2 73686F72 		.ascii	"short unsigned int\000"
ARM GAS  C:\Users\brian\AppData\Local\Temp\cchgViH2.s 			page 31


 1421      7420756E 
 1421      7369676E 
 1421      65642069 
 1421      6E7400
 1422              	.LASF59:
 1423 0305 75387838 		.ascii	"u8x8_char_cb\000"
 1423      5F636861 
 1423      725F6362 
 1423      00
 1424              	.LASF34:
 1425 0312 6465626F 		.ascii	"debounce_state\000"
 1425      756E6365 
 1425      5F737461 
 1425      746500
 1426              	.LASF73:
 1427 0321 75387838 		.ascii	"u8x8_null_display_info\000"
 1427      5F6E756C 
 1427      6C5F6469 
 1427      73706C61 
 1427      795F696E 
 1428              	.LASF17:
 1429 0338 64697370 		.ascii	"display_info\000"
 1429      6C61795F 
 1429      696E666F 
 1429      00
 1430              	.LASF64:
 1431 0345 75387838 		.ascii	"u8x8_d_null_cb\000"
 1431      5F645F6E 
 1431      756C6C5F 
 1431      636200
 1432              	.LASF63:
 1433 0354 75387838 		.ascii	"u8x8_dummy_cb\000"
 1433      5F64756D 
 1433      6D795F63 
 1433      6200
 1434              	.LASF57:
 1435 0362 70697865 		.ascii	"pixel_height\000"
 1435      6C5F6865 
 1435      69676874 
 1435      00
 1436              	.LASF56:
 1437 036f 70697865 		.ascii	"pixel_width\000"
 1437      6C5F7769 
 1437      64746800 
 1438              	.LASF30:
 1439 037b 75746638 		.ascii	"utf8_state\000"
 1439      5F737461 
 1439      746500
 1440              	.LASF37:
 1441 0386 75387838 		.ascii	"u8x8_struct\000"
 1441      5F737472 
 1441      75637400 
 1442              	.LASF8:
 1443 0392 6C6F6E67 		.ascii	"long unsigned int\000"
 1443      20756E73 
 1443      69676E65 
 1443      6420696E 
ARM GAS  C:\Users\brian\AppData\Local\Temp\cchgViH2.s 			page 32


 1443      7400
 1444              	.LASF66:
 1445 03a4 75387838 		.ascii	"u8x8_Setup\000"
 1445      5F536574 
 1445      757000
 1446              	.LASF21:
 1447 03af 62797465 		.ascii	"byte_cb\000"
 1447      5F636200 
 1448              	.LASF40:
 1449 03b7 63686970 		.ascii	"chip_disable_level\000"
 1449      5F646973 
 1449      61626C65 
 1449      5F6C6576 
 1449      656C00
 1450              	.LASF28:
 1451 03ca 6932635F 		.ascii	"i2c_address\000"
 1451      61646472 
 1451      65737300 
 1452              	.LASF55:
 1453 03d6 666C6970 		.ascii	"flipmode_x_offset\000"
 1453      6D6F6465 
 1453      5F785F6F 
 1453      66667365 
 1453      7400
 1454              	.LASF25:
 1455 03e8 656E636F 		.ascii	"encoding\000"
 1455      64696E67 
 1455      00
 1456              	.LASF29:
 1457 03f1 6932635F 		.ascii	"i2c_started\000"
 1457      73746172 
 1457      74656400 
 1458              	.LASF67:
 1459 03fd 75387838 		.ascii	"u8x8_d_helper_display_setup_memory\000"
 1459      5F645F68 
 1459      656C7065 
 1459      725F6469 
 1459      73706C61 
 1460              	.LASF20:
 1461 0420 6361645F 		.ascii	"cad_cb\000"
 1461      636200
 1462              	.LASF70:
 1463 0427 474E5520 		.ascii	"GNU C11 5.4.1 20160609 (release) [ARM/embedded-5-br"
 1463      43313120 
 1463      352E342E 
 1463      31203230 
 1463      31363036 
 1464 045a 616E6368 		.ascii	"anch revision 237715] -mcpu=cortex-m3 -mthumb -g -O"
 1464      20726576 
 1464      6973696F 
 1464      6E203233 
 1464      37373135 
 1465 048d 67202D66 		.ascii	"g -ffunction-sections -ffat-lto-objects\000"
 1465      66756E63 
 1465      74696F6E 
 1465      2D736563 
 1465      74696F6E 
ARM GAS  C:\Users\brian\AppData\Local\Temp\cchgViH2.s 			page 33


 1466              	.LASF32:
 1467 04b5 6465626F 		.ascii	"debounce_default_pin_state\000"
 1467      756E6365 
 1467      5F646566 
 1467      61756C74 
 1467      5F70696E 
 1468              	.LASF58:
 1469 04d0 75387838 		.ascii	"u8x8_msg_cb\000"
 1469      5F6D7367 
 1469      5F636200 
 1470              	.LASF18:
 1471 04dc 6E657874 		.ascii	"next_cb\000"
 1471      5F636200 
 1472              	.LASF42:
 1473 04e4 7072655F 		.ascii	"pre_chip_disable_wait_ns\000"
 1473      63686970 
 1473      5F646973 
 1473      61626C65 
 1473      5F776169 
 1474              		.ident	"GCC: (GNU Tools for ARM Embedded Processors) 5.4.1 20160609 (release) [ARM/embedded-5-bran
