ARM GAS  C:\Users\brian\AppData\Local\Temp\cc9Fr13N.s 			page 1


   1              		.syntax unified
   2              		.cpu cortex-m3
   3              		.fpu softvfp
   4              		.eabi_attribute 20, 1
   5              		.eabi_attribute 21, 1
   6              		.eabi_attribute 23, 3
   7              		.eabi_attribute 24, 1
   8              		.eabi_attribute 25, 1
   9              		.eabi_attribute 26, 1
  10              		.eabi_attribute 30, 1
  11              		.eabi_attribute 34, 1
  12              		.eabi_attribute 18, 4
  13              		.thumb
  14              		.syntax unified
  15              		.file	"u8x8_message.c"
  16              		.text
  17              	.Ltext0:
  18              		.cfi_sections	.debug_frame
  19              		.section	.text.u8x8_draw_button_line,"ax",%progbits
  20              		.align	2
  21              		.global	u8x8_draw_button_line
  22              		.thumb
  23              		.thumb_func
  24              		.type	u8x8_draw_button_line, %function
  25              	u8x8_draw_button_line:
  26              	.LFB0:
  27              		.file 1 "..\\u8g2\\csrc\\u8x8_message.c"
   1:..\u8g2\csrc/u8x8_message.c **** /*
   2:..\u8g2\csrc/u8x8_message.c **** 
   3:..\u8g2\csrc/u8x8_message.c ****   u8x8_message.c
   4:..\u8g2\csrc/u8x8_message.c ****   
   5:..\u8g2\csrc/u8x8_message.c ****   Universal 8bit Graphics Library (https://github.com/olikraus/u8g2/)
   6:..\u8g2\csrc/u8x8_message.c **** 
   7:..\u8g2\csrc/u8x8_message.c ****   Copyright (c) 2016, olikraus@gmail.com
   8:..\u8g2\csrc/u8x8_message.c ****   All rights reserved.
   9:..\u8g2\csrc/u8x8_message.c **** 
  10:..\u8g2\csrc/u8x8_message.c ****   Redistribution and use in source and binary forms, with or without modification, 
  11:..\u8g2\csrc/u8x8_message.c ****   are permitted provided that the following conditions are met:
  12:..\u8g2\csrc/u8x8_message.c **** 
  13:..\u8g2\csrc/u8x8_message.c ****   * Redistributions of source code must retain the above copyright notice, this list 
  14:..\u8g2\csrc/u8x8_message.c ****     of conditions and the following disclaimer.
  15:..\u8g2\csrc/u8x8_message.c ****     
  16:..\u8g2\csrc/u8x8_message.c ****   * Redistributions in binary form must reproduce the above copyright notice, this 
  17:..\u8g2\csrc/u8x8_message.c ****     list of conditions and the following disclaimer in the documentation and/or other 
  18:..\u8g2\csrc/u8x8_message.c ****     materials provided with the distribution.
  19:..\u8g2\csrc/u8x8_message.c **** 
  20:..\u8g2\csrc/u8x8_message.c ****   THIS SOFTWARE IS PROVIDED BY THE COPYRIGHT HOLDERS AND 
  21:..\u8g2\csrc/u8x8_message.c ****   CONTRIBUTORS "AS IS" AND ANY EXPRESS OR IMPLIED WARRANTIES, 
  22:..\u8g2\csrc/u8x8_message.c ****   INCLUDING, BUT NOT LIMITED TO, THE IMPLIED WARRANTIES OF 
  23:..\u8g2\csrc/u8x8_message.c ****   MERCHANTABILITY AND FITNESS FOR A PARTICULAR PURPOSE ARE 
  24:..\u8g2\csrc/u8x8_message.c ****   DISCLAIMED. IN NO EVENT SHALL THE COPYRIGHT HOLDER OR 
  25:..\u8g2\csrc/u8x8_message.c ****   CONTRIBUTORS BE LIABLE FOR ANY DIRECT, INDIRECT, INCIDENTAL, 
  26:..\u8g2\csrc/u8x8_message.c ****   SPECIAL, EXEMPLARY, OR CONSEQUENTIAL DAMAGES (INCLUDING, BUT 
  27:..\u8g2\csrc/u8x8_message.c ****   NOT LIMITED TO, PROCUREMENT OF SUBSTITUTE GOODS OR SERVICES; 
  28:..\u8g2\csrc/u8x8_message.c ****   LOSS OF USE, DATA, OR PROFITS; OR BUSINESS INTERRUPTION) HOWEVER 
  29:..\u8g2\csrc/u8x8_message.c ****   CAUSED AND ON ANY THEORY OF LIABILITY, WHETHER IN CONTRACT, 
  30:..\u8g2\csrc/u8x8_message.c ****   STRICT LIABILITY, OR TORT (INCLUDING NEGLIGENCE OR OTHERWISE) 
ARM GAS  C:\Users\brian\AppData\Local\Temp\cc9Fr13N.s 			page 2


  31:..\u8g2\csrc/u8x8_message.c ****   ARISING IN ANY WAY OUT OF THE USE OF THIS SOFTWARE, EVEN IF 
  32:..\u8g2\csrc/u8x8_message.c ****   ADVISED OF THE POSSIBILITY OF SUCH DAMAGE.  
  33:..\u8g2\csrc/u8x8_message.c ****   
  34:..\u8g2\csrc/u8x8_message.c **** */
  35:..\u8g2\csrc/u8x8_message.c **** 
  36:..\u8g2\csrc/u8x8_message.c **** #include "u8x8.h"
  37:..\u8g2\csrc/u8x8_message.c **** 
  38:..\u8g2\csrc/u8x8_message.c **** uint8_t u8x8_draw_button_line(u8x8_t *u8x8, uint8_t y, uint8_t w, uint8_t cursor, const char *s)
  39:..\u8g2\csrc/u8x8_message.c **** {
  28              		.loc 1 39 0
  29              		.cfi_startproc
  30              		@ args = 4, pretend = 0, frame = 0
  31              		@ frame_needed = 0, uses_anonymous_args = 0
  32              	.LVL0:
  33 0000 2DE9F84F 		push	{r3, r4, r5, r6, r7, r8, r9, r10, fp, lr}
  34              		.cfi_def_cfa_offset 40
  35              		.cfi_offset 3, -40
  36              		.cfi_offset 4, -36
  37              		.cfi_offset 5, -32
  38              		.cfi_offset 6, -28
  39              		.cfi_offset 7, -24
  40              		.cfi_offset 8, -20
  41              		.cfi_offset 9, -16
  42              		.cfi_offset 10, -12
  43              		.cfi_offset 11, -8
  44              		.cfi_offset 14, -4
  45 0004 0646     		mov	r6, r0
  46 0006 8946     		mov	r9, r1
  47 0008 1546     		mov	r5, r2
  48 000a 9A46     		mov	r10, r3
  49 000c DDF82880 		ldr	r8, [sp, #40]
  40:..\u8g2\csrc/u8x8_message.c ****   uint8_t i;
  41:..\u8g2\csrc/u8x8_message.c ****   uint8_t cnt;
  42:..\u8g2\csrc/u8x8_message.c ****   uint8_t total;
  43:..\u8g2\csrc/u8x8_message.c ****   uint8_t d;
  44:..\u8g2\csrc/u8x8_message.c ****   uint8_t x;
  45:..\u8g2\csrc/u8x8_message.c ****   cnt = u8x8_GetStringLineCnt(s);
  50              		.loc 1 45 0
  51 0010 4046     		mov	r0, r8
  52              	.LVL1:
  53 0012 FFF7FEFF 		bl	u8x8_GetStringLineCnt
  54              	.LVL2:
  55 0016 0746     		mov	r7, r0
  56              	.LVL3:
  46:..\u8g2\csrc/u8x8_message.c ****   
  47:..\u8g2\csrc/u8x8_message.c ****   /* calculate the width of the button */
  48:..\u8g2\csrc/u8x8_message.c ****   total = 0;
  57              		.loc 1 48 0
  58 0018 4FF0000B 		mov	fp, #0
  49:..\u8g2\csrc/u8x8_message.c ****   for( i = 0; i < cnt; i++ )
  59              		.loc 1 49 0
  60 001c 5C46     		mov	r4, fp
  61 001e 0CE0     		b	.L2
  62              	.LVL4:
  63              	.L3:
  50:..\u8g2\csrc/u8x8_message.c ****   {
  51:..\u8g2\csrc/u8x8_message.c ****     total += u8x8_GetUTF8Len(u8x8, u8x8_GetStringLineStart(i, s));
ARM GAS  C:\Users\brian\AppData\Local\Temp\cc9Fr13N.s 			page 3


  64              		.loc 1 51 0 discriminator 3
  65 0020 4146     		mov	r1, r8
  66 0022 2046     		mov	r0, r4
  67 0024 FFF7FEFF 		bl	u8x8_GetStringLineStart
  68              	.LVL5:
  69 0028 0146     		mov	r1, r0
  70 002a 3046     		mov	r0, r6
  71 002c FFF7FEFF 		bl	u8x8_GetUTF8Len
  72              	.LVL6:
  73 0030 5844     		add	r0, r0, fp
  74 0032 5FFA80FB 		uxtb	fp, r0
  75              	.LVL7:
  49:..\u8g2\csrc/u8x8_message.c ****   for( i = 0; i < cnt; i++ )
  76              		.loc 1 49 0 discriminator 3
  77 0036 0134     		adds	r4, r4, #1
  78              	.LVL8:
  79 0038 E4B2     		uxtb	r4, r4
  80              	.LVL9:
  81              	.L2:
  49:..\u8g2\csrc/u8x8_message.c ****   for( i = 0; i < cnt; i++ )
  82              		.loc 1 49 0 is_stmt 0 discriminator 1
  83 003a BC42     		cmp	r4, r7
  84 003c F0D3     		bcc	.L3
  52:..\u8g2\csrc/u8x8_message.c ****   }
  53:..\u8g2\csrc/u8x8_message.c ****   total += (cnt-1);	/* had one space between the buttons */
  85              		.loc 1 53 0 is_stmt 1
  86 003e 0BEB0704 		add	r4, fp, r7
  87              	.LVL10:
  88 0042 E4B2     		uxtb	r4, r4
  89 0044 013C     		subs	r4, r4, #1
  90 0046 E4B2     		uxtb	r4, r4
  91              	.LVL11:
  54:..\u8g2\csrc/u8x8_message.c ****   
  55:..\u8g2\csrc/u8x8_message.c ****   /* calculate the left offset */
  56:..\u8g2\csrc/u8x8_message.c ****   d = 0;
  57:..\u8g2\csrc/u8x8_message.c ****   if ( total < w )
  92              		.loc 1 57 0
  93 0048 AC42     		cmp	r4, r5
  94 004a 03D2     		bcs	.L8
  95              	.LVL12:
  58:..\u8g2\csrc/u8x8_message.c ****   {
  59:..\u8g2\csrc/u8x8_message.c ****     d = w;
  60:..\u8g2\csrc/u8x8_message.c ****     d -= total;
  96              		.loc 1 60 0
  97 004c 2C1B     		subs	r4, r5, r4
  98              	.LVL13:
  61:..\u8g2\csrc/u8x8_message.c ****     d /= 2;
  99              		.loc 1 61 0
 100 004e C4F34604 		ubfx	r4, r4, #1, #7
 101              	.LVL14:
 102 0052 00E0     		b	.L4
 103              	.LVL15:
 104              	.L8:
  56:..\u8g2\csrc/u8x8_message.c ****   if ( total < w )
 105              		.loc 1 56 0
 106 0054 0024     		movs	r4, #0
 107              	.LVL16:
ARM GAS  C:\Users\brian\AppData\Local\Temp\cc9Fr13N.s 			page 4


 108              	.L4:
  62:..\u8g2\csrc/u8x8_message.c ****   }
  63:..\u8g2\csrc/u8x8_message.c ****   
  64:..\u8g2\csrc/u8x8_message.c ****   /* draw the buttons */
  65:..\u8g2\csrc/u8x8_message.c ****   x = d;
  66:..\u8g2\csrc/u8x8_message.c ****   u8x8_SetInverseFont(u8x8, 0);
 109              		.loc 1 66 0
 110 0056 0025     		movs	r5, #0
 111 0058 86F82350 		strb	r5, [r6, #35]
 112              	.LVL17:
  67:..\u8g2\csrc/u8x8_message.c ****   for( i = 0; i < cnt; i++ )
 113              		.loc 1 67 0
 114 005c 1DE0     		b	.L5
 115              	.LVL18:
 116              	.L7:
  68:..\u8g2\csrc/u8x8_message.c ****   {
  69:..\u8g2\csrc/u8x8_message.c ****     if ( i == cursor )
 117              		.loc 1 69 0
 118 005e 5545     		cmp	r5, r10
 119 0060 02D1     		bne	.L6
  70:..\u8g2\csrc/u8x8_message.c ****       u8x8_SetInverseFont(u8x8, 1);
 120              		.loc 1 70 0
 121 0062 0123     		movs	r3, #1
 122 0064 86F82330 		strb	r3, [r6, #35]
 123              	.L6:
  71:..\u8g2\csrc/u8x8_message.c ****       
  72:..\u8g2\csrc/u8x8_message.c ****     x+=u8x8_DrawUTF8(u8x8, x, y, u8x8_GetStringLineStart(i, s));
 124              		.loc 1 72 0 discriminator 2
 125 0068 4146     		mov	r1, r8
 126 006a 2846     		mov	r0, r5
 127 006c FFF7FEFF 		bl	u8x8_GetStringLineStart
 128              	.LVL19:
 129 0070 0346     		mov	r3, r0
 130 0072 4A46     		mov	r2, r9
 131 0074 2146     		mov	r1, r4
 132 0076 3046     		mov	r0, r6
 133 0078 FFF7FEFF 		bl	u8x8_DrawUTF8
 134              	.LVL20:
 135 007c 2044     		add	r0, r0, r4
 136 007e C4B2     		uxtb	r4, r0
 137              	.LVL21:
  73:..\u8g2\csrc/u8x8_message.c ****     u8x8_SetInverseFont(u8x8, 0);
 138              		.loc 1 73 0 discriminator 2
 139 0080 0023     		movs	r3, #0
 140 0082 86F82330 		strb	r3, [r6, #35]
  74:..\u8g2\csrc/u8x8_message.c ****     x+=u8x8_DrawUTF8(u8x8, x, y, " ");
 141              		.loc 1 74 0 discriminator 2
 142 0086 074B     		ldr	r3, .L10
 143 0088 4A46     		mov	r2, r9
 144 008a 2146     		mov	r1, r4
 145 008c 3046     		mov	r0, r6
 146 008e FFF7FEFF 		bl	u8x8_DrawUTF8
 147              	.LVL22:
 148 0092 2044     		add	r0, r0, r4
 149 0094 C4B2     		uxtb	r4, r0
 150              	.LVL23:
  67:..\u8g2\csrc/u8x8_message.c ****   {
ARM GAS  C:\Users\brian\AppData\Local\Temp\cc9Fr13N.s 			page 5


 151              		.loc 1 67 0 discriminator 2
 152 0096 0135     		adds	r5, r5, #1
 153              	.LVL24:
 154 0098 EDB2     		uxtb	r5, r5
 155              	.LVL25:
 156              	.L5:
  67:..\u8g2\csrc/u8x8_message.c ****   {
 157              		.loc 1 67 0 is_stmt 0 discriminator 1
 158 009a BD42     		cmp	r5, r7
 159 009c DFD3     		bcc	.L7
  75:..\u8g2\csrc/u8x8_message.c ****   }
  76:..\u8g2\csrc/u8x8_message.c ****   
  77:..\u8g2\csrc/u8x8_message.c ****   /* return the number of buttons */
  78:..\u8g2\csrc/u8x8_message.c ****   return cnt;
  79:..\u8g2\csrc/u8x8_message.c **** }
 160              		.loc 1 79 0 is_stmt 1
 161 009e 3846     		mov	r0, r7
 162 00a0 BDE8F88F 		pop	{r3, r4, r5, r6, r7, r8, r9, r10, fp, pc}
 163              	.LVL26:
 164              	.L11:
 165              		.align	2
 166              	.L10:
 167 00a4 00000000 		.word	.LC0
 168              		.cfi_endproc
 169              	.LFE0:
 170              		.size	u8x8_draw_button_line, .-u8x8_draw_button_line
 171              		.section	.text.u8x8_UserInterfaceMessage,"ax",%progbits
 172              		.align	2
 173              		.global	u8x8_UserInterfaceMessage
 174              		.thumb
 175              		.thumb_func
 176              		.type	u8x8_UserInterfaceMessage, %function
 177              	u8x8_UserInterfaceMessage:
 178              	.LFB1:
  80:..\u8g2\csrc/u8x8_message.c **** 
  81:..\u8g2\csrc/u8x8_message.c **** /*
  82:..\u8g2\csrc/u8x8_message.c ****   title1:	Multiple lines,separated by '\n'
  83:..\u8g2\csrc/u8x8_message.c ****   title2:	A single line/string which is terminated by '\0' or '\n' . "title2" accepts the return va
  84:..\u8g2\csrc/u8x8_message.c ****   title3:	Multiple lines,separated by '\n'
  85:..\u8g2\csrc/u8x8_message.c ****   buttons:	one more more buttons separated by '\n' and terminated with '\0'
  86:..\u8g2\csrc/u8x8_message.c **** */
  87:..\u8g2\csrc/u8x8_message.c **** 
  88:..\u8g2\csrc/u8x8_message.c **** uint8_t u8x8_UserInterfaceMessage(u8x8_t *u8x8, const char *title1, const char *title2, const char 
  89:..\u8g2\csrc/u8x8_message.c **** {
 179              		.loc 1 89 0
 180              		.cfi_startproc
 181              		@ args = 4, pretend = 0, frame = 0
 182              		@ frame_needed = 0, uses_anonymous_args = 0
 183              	.LVL27:
 184 0000 2DE9F043 		push	{r4, r5, r6, r7, r8, r9, lr}
 185              		.cfi_def_cfa_offset 28
 186              		.cfi_offset 4, -28
 187              		.cfi_offset 5, -24
 188              		.cfi_offset 6, -20
 189              		.cfi_offset 7, -16
 190              		.cfi_offset 8, -12
 191              		.cfi_offset 9, -8
ARM GAS  C:\Users\brian\AppData\Local\Temp\cc9Fr13N.s 			page 6


 192              		.cfi_offset 14, -4
 193 0004 83B0     		sub	sp, sp, #12
 194              		.cfi_def_cfa_offset 40
 195 0006 0546     		mov	r5, r0
 196 0008 0E46     		mov	r6, r1
 197 000a 9046     		mov	r8, r2
 198 000c 9946     		mov	r9, r3
 199 000e 0A9F     		ldr	r7, [sp, #40]
 200              	.LVL28:
  90:..\u8g2\csrc/u8x8_message.c ****   uint8_t height;
  91:..\u8g2\csrc/u8x8_message.c ****   uint8_t y;
  92:..\u8g2\csrc/u8x8_message.c ****   uint8_t cursor = 0;
  93:..\u8g2\csrc/u8x8_message.c ****   uint8_t button_cnt;
  94:..\u8g2\csrc/u8x8_message.c ****   uint8_t event;
  95:..\u8g2\csrc/u8x8_message.c **** 
  96:..\u8g2\csrc/u8x8_message.c ****   u8x8_SetInverseFont(u8x8, 0);
 201              		.loc 1 96 0
 202 0010 0023     		movs	r3, #0
 203              	.LVL29:
 204 0012 80F82330 		strb	r3, [r0, #35]
 205              	.LVL30:
  97:..\u8g2\csrc/u8x8_message.c ****   
  98:..\u8g2\csrc/u8x8_message.c ****   /* calculate overall height of the message box */
  99:..\u8g2\csrc/u8x8_message.c ****   height = 1;	/* button line */
 100:..\u8g2\csrc/u8x8_message.c ****   height += u8x8_GetStringLineCnt(title1);
 206              		.loc 1 100 0
 207 0016 0846     		mov	r0, r1
 208              	.LVL31:
 209 0018 FFF7FEFF 		bl	u8x8_GetStringLineCnt
 210              	.LVL32:
 211 001c 441C     		adds	r4, r0, #1
 212 001e E4B2     		uxtb	r4, r4
 213              	.LVL33:
 101:..\u8g2\csrc/u8x8_message.c ****   if ( title2 != NULL )
 214              		.loc 1 101 0
 215 0020 B8F1000F 		cmp	r8, #0
 216 0024 01D0     		beq	.L13
 102:..\u8g2\csrc/u8x8_message.c ****     height ++;
 217              		.loc 1 102 0
 218 0026 0230     		adds	r0, r0, #2
 219 0028 C4B2     		uxtb	r4, r0
 220              	.LVL34:
 221              	.L13:
 103:..\u8g2\csrc/u8x8_message.c ****   height += u8x8_GetStringLineCnt(title3);
 222              		.loc 1 103 0
 223 002a 4846     		mov	r0, r9
 224 002c FFF7FEFF 		bl	u8x8_GetStringLineCnt
 225              	.LVL35:
 226 0030 2044     		add	r0, r0, r4
 227 0032 C0B2     		uxtb	r0, r0
 228              	.LVL36:
 104:..\u8g2\csrc/u8x8_message.c ****   
 105:..\u8g2\csrc/u8x8_message.c ****   /* calculate offset from top */
 106:..\u8g2\csrc/u8x8_message.c ****   y = 0;
 107:..\u8g2\csrc/u8x8_message.c ****   if ( height < u8x8_GetRows(u8x8)  )
 229              		.loc 1 107 0
 230 0034 2B68     		ldr	r3, [r5]
ARM GAS  C:\Users\brian\AppData\Local\Temp\cc9Fr13N.s 			page 7


 231 0036 5C7C     		ldrb	r4, [r3, #17]	@ zero_extendqisi2
 232 0038 A042     		cmp	r0, r4
 233 003a 03D2     		bcs	.L25
 234              	.LVL37:
 108:..\u8g2\csrc/u8x8_message.c ****   {
 109:..\u8g2\csrc/u8x8_message.c ****     y = u8x8_GetRows(u8x8);
 110:..\u8g2\csrc/u8x8_message.c ****     y -= height;
 235              		.loc 1 110 0
 236 003c 241A     		subs	r4, r4, r0
 237              	.LVL38:
 111:..\u8g2\csrc/u8x8_message.c ****     y /= 2;
 238              		.loc 1 111 0
 239 003e C4F34604 		ubfx	r4, r4, #1, #7
 240              	.LVL39:
 241 0042 00E0     		b	.L14
 242              	.LVL40:
 243              	.L25:
 106:..\u8g2\csrc/u8x8_message.c ****   if ( height < u8x8_GetRows(u8x8)  )
 244              		.loc 1 106 0
 245 0044 0024     		movs	r4, #0
 246              	.LVL41:
 247              	.L14:
 112:..\u8g2\csrc/u8x8_message.c ****   }
 113:..\u8g2\csrc/u8x8_message.c **** 
 114:..\u8g2\csrc/u8x8_message.c ****   /* draw message box */
 115:..\u8g2\csrc/u8x8_message.c ****   
 116:..\u8g2\csrc/u8x8_message.c ****   u8x8_ClearDisplay(u8x8);   /* required, because not everything is filled */
 248              		.loc 1 116 0
 249 0046 2846     		mov	r0, r5
 250              	.LVL42:
 251 0048 FFF7FEFF 		bl	u8x8_ClearDisplay
 252              	.LVL43:
 117:..\u8g2\csrc/u8x8_message.c ****   
 118:..\u8g2\csrc/u8x8_message.c ****   y += u8x8_DrawUTF8Lines(u8x8, 0, y, u8x8_GetCols(u8x8), title1);
 253              		.loc 1 118 0
 254 004c 2B68     		ldr	r3, [r5]
 255 004e 1B7C     		ldrb	r3, [r3, #16]	@ zero_extendqisi2
 256 0050 0096     		str	r6, [sp]
 257 0052 2246     		mov	r2, r4
 258 0054 0021     		movs	r1, #0
 259 0056 2846     		mov	r0, r5
 260 0058 FFF7FEFF 		bl	u8x8_DrawUTF8Lines
 261              	.LVL44:
 262 005c 2044     		add	r0, r0, r4
 263 005e C6B2     		uxtb	r6, r0
 264              	.LVL45:
 119:..\u8g2\csrc/u8x8_message.c ****   if ( title2 != NULL )
 265              		.loc 1 119 0
 266 0060 B8F1000F 		cmp	r8, #0
 267 0064 0AD0     		beq	.L15
 120:..\u8g2\csrc/u8x8_message.c ****   {
 121:..\u8g2\csrc/u8x8_message.c ****     u8x8_DrawUTF8Line(u8x8, 0, y, u8x8_GetCols(u8x8), title2);
 268              		.loc 1 121 0
 269 0066 2B68     		ldr	r3, [r5]
 270 0068 1B7C     		ldrb	r3, [r3, #16]	@ zero_extendqisi2
 271 006a CDF80080 		str	r8, [sp]
 272 006e 3246     		mov	r2, r6
ARM GAS  C:\Users\brian\AppData\Local\Temp\cc9Fr13N.s 			page 8


 273 0070 0021     		movs	r1, #0
 274 0072 2846     		mov	r0, r5
 275 0074 FFF7FEFF 		bl	u8x8_DrawUTF8Line
 276              	.LVL46:
 122:..\u8g2\csrc/u8x8_message.c ****     y++;
 277              		.loc 1 122 0
 278 0078 0136     		adds	r6, r6, #1
 279              	.LVL47:
 280 007a F6B2     		uxtb	r6, r6
 281              	.LVL48:
 282              	.L15:
 123:..\u8g2\csrc/u8x8_message.c ****   }
 124:..\u8g2\csrc/u8x8_message.c ****   y += u8x8_DrawUTF8Lines(u8x8, 0, y, u8x8_GetCols(u8x8), title3);
 283              		.loc 1 124 0
 284 007c 2B68     		ldr	r3, [r5]
 285 007e 1B7C     		ldrb	r3, [r3, #16]	@ zero_extendqisi2
 286 0080 CDF80090 		str	r9, [sp]
 287 0084 3246     		mov	r2, r6
 288 0086 0021     		movs	r1, #0
 289 0088 2846     		mov	r0, r5
 290 008a FFF7FEFF 		bl	u8x8_DrawUTF8Lines
 291              	.LVL49:
 292 008e 3044     		add	r0, r0, r6
 293 0090 C6B2     		uxtb	r6, r0
 294              	.LVL50:
 125:..\u8g2\csrc/u8x8_message.c **** 
 126:..\u8g2\csrc/u8x8_message.c ****   button_cnt = u8x8_draw_button_line(u8x8, y, u8x8_GetCols(u8x8), cursor, buttons);
 295              		.loc 1 126 0
 296 0092 2B68     		ldr	r3, [r5]
 297 0094 1A7C     		ldrb	r2, [r3, #16]	@ zero_extendqisi2
 298 0096 0097     		str	r7, [sp]
 299 0098 0023     		movs	r3, #0
 300 009a 3146     		mov	r1, r6
 301 009c 2846     		mov	r0, r5
 302 009e FFF7FEFF 		bl	u8x8_draw_button_line
 303              	.LVL51:
 304 00a2 8046     		mov	r8, r0
 305              	.LVL52:
  92:..\u8g2\csrc/u8x8_message.c ****   uint8_t button_cnt;
 306              		.loc 1 92 0
 307 00a4 0024     		movs	r4, #0
 308              	.LVL53:
 309              	.L16:
 127:..\u8g2\csrc/u8x8_message.c ****   
 128:..\u8g2\csrc/u8x8_message.c ****   for(;;)
 129:..\u8g2\csrc/u8x8_message.c ****   {
 130:..\u8g2\csrc/u8x8_message.c ****     event = u8x8_GetMenuEvent(u8x8);
 310              		.loc 1 130 0
 311 00a6 2846     		mov	r0, r5
 312 00a8 FFF7FEFF 		bl	u8x8_GetMenuEvent
 313              	.LVL54:
 131:..\u8g2\csrc/u8x8_message.c ****     if ( event == U8X8_MSG_GPIO_MENU_SELECT )
 314              		.loc 1 131 0
 315 00ac 5028     		cmp	r0, #80
 316 00ae 02D1     		bne	.L17
 132:..\u8g2\csrc/u8x8_message.c ****       return cursor+1;
 317              		.loc 1 132 0
ARM GAS  C:\Users\brian\AppData\Local\Temp\cc9Fr13N.s 			page 9


 318 00b0 601C     		adds	r0, r4, #1
 319              	.LVL55:
 320 00b2 C0B2     		uxtb	r0, r0
 321 00b4 25E0     		b	.L18
 322              	.LVL56:
 323              	.L17:
 133:..\u8g2\csrc/u8x8_message.c ****     else if ( event == U8X8_MSG_GPIO_MENU_HOME )
 324              		.loc 1 133 0
 325 00b6 5328     		cmp	r0, #83
 326 00b8 22D0     		beq	.L26
 134:..\u8g2\csrc/u8x8_message.c ****       break;
 135:..\u8g2\csrc/u8x8_message.c ****     else if ( event == U8X8_MSG_GPIO_MENU_NEXT || event == U8X8_MSG_GPIO_MENU_UP )
 327              		.loc 1 135 0
 328 00ba 5128     		cmp	r0, #81
 329 00bc 01D0     		beq	.L19
 330              		.loc 1 135 0 is_stmt 0 discriminator 1
 331 00be 5428     		cmp	r0, #84
 332 00c0 0DD1     		bne	.L20
 333              	.L19:
 136:..\u8g2\csrc/u8x8_message.c ****     {
 137:..\u8g2\csrc/u8x8_message.c ****       cursor++;
 334              		.loc 1 137 0 is_stmt 1
 335 00c2 0134     		adds	r4, r4, #1
 336              	.LVL57:
 337 00c4 E4B2     		uxtb	r4, r4
 338              	.LVL58:
 138:..\u8g2\csrc/u8x8_message.c ****       if ( cursor >= button_cnt )
 339              		.loc 1 138 0
 340 00c6 A045     		cmp	r8, r4
 341 00c8 00D8     		bhi	.L21
 139:..\u8g2\csrc/u8x8_message.c **** 	cursor = 0;
 342              		.loc 1 139 0
 343 00ca 0024     		movs	r4, #0
 344              	.LVL59:
 345              	.L21:
 140:..\u8g2\csrc/u8x8_message.c ****       u8x8_draw_button_line(u8x8, y, u8x8_GetCols(u8x8), cursor, buttons);
 346              		.loc 1 140 0
 347 00cc 2B68     		ldr	r3, [r5]
 348 00ce 1A7C     		ldrb	r2, [r3, #16]	@ zero_extendqisi2
 349 00d0 0097     		str	r7, [sp]
 350 00d2 2346     		mov	r3, r4
 351 00d4 3146     		mov	r1, r6
 352 00d6 2846     		mov	r0, r5
 353              	.LVL60:
 354 00d8 FFF7FEFF 		bl	u8x8_draw_button_line
 355              	.LVL61:
 356 00dc E3E7     		b	.L16
 357              	.LVL62:
 358              	.L20:
 141:..\u8g2\csrc/u8x8_message.c ****     }
 142:..\u8g2\csrc/u8x8_message.c ****     else if ( event == U8X8_MSG_GPIO_MENU_PREV || event == U8X8_MSG_GPIO_MENU_DOWN  )
 359              		.loc 1 142 0
 360 00de 5228     		cmp	r0, #82
 361 00e0 01D0     		beq	.L23
 362              		.loc 1 142 0 is_stmt 0 discriminator 1
 363 00e2 5528     		cmp	r0, #85
 364 00e4 DFD1     		bne	.L16
ARM GAS  C:\Users\brian\AppData\Local\Temp\cc9Fr13N.s 			page 10


 365              	.L23:
 143:..\u8g2\csrc/u8x8_message.c ****     {
 144:..\u8g2\csrc/u8x8_message.c ****       if ( cursor == 0 )
 366              		.loc 1 144 0 is_stmt 1
 367 00e6 04B9     		cbnz	r4, .L24
 145:..\u8g2\csrc/u8x8_message.c **** 	cursor = button_cnt;
 368              		.loc 1 145 0
 369 00e8 4446     		mov	r4, r8
 370              	.LVL63:
 371              	.L24:
 146:..\u8g2\csrc/u8x8_message.c ****       cursor--;
 372              		.loc 1 146 0
 373 00ea 013C     		subs	r4, r4, #1
 374              	.LVL64:
 375 00ec E4B2     		uxtb	r4, r4
 376              	.LVL65:
 147:..\u8g2\csrc/u8x8_message.c ****       u8x8_draw_button_line(u8x8, y, u8x8_GetCols(u8x8), cursor, buttons);
 377              		.loc 1 147 0
 378 00ee 2B68     		ldr	r3, [r5]
 379 00f0 1A7C     		ldrb	r2, [r3, #16]	@ zero_extendqisi2
 380 00f2 0097     		str	r7, [sp]
 381 00f4 2346     		mov	r3, r4
 382 00f6 3146     		mov	r1, r6
 383 00f8 2846     		mov	r0, r5
 384              	.LVL66:
 385 00fa FFF7FEFF 		bl	u8x8_draw_button_line
 386              	.LVL67:
 387 00fe D2E7     		b	.L16
 388              	.LVL68:
 389              	.L26:
 148:..\u8g2\csrc/u8x8_message.c ****     }    
 149:..\u8g2\csrc/u8x8_message.c ****   }  
 150:..\u8g2\csrc/u8x8_message.c ****   return 0;
 390              		.loc 1 150 0
 391 0100 0020     		movs	r0, #0
 392              	.LVL69:
 393              	.L18:
 151:..\u8g2\csrc/u8x8_message.c **** }
 394              		.loc 1 151 0
 395 0102 03B0     		add	sp, sp, #12
 396              		.cfi_def_cfa_offset 28
 397              		@ sp needed
 398 0104 BDE8F083 		pop	{r4, r5, r6, r7, r8, r9, pc}
 399              		.cfi_endproc
 400              	.LFE1:
 401              		.size	u8x8_UserInterfaceMessage, .-u8x8_UserInterfaceMessage
 402              		.section	.rodata.str1.4,"aMS",%progbits,1
 403              		.align	2
 404              	.LC0:
 405 0000 2000     		.ascii	" \000"
 406              		.text
 407              	.Letext0:
 408              		.file 2 "c:\\program files (x86)\\cypress\\psoc creator\\4.4\\psoc creator\\import\\gnu\\arm\\5.4.
 409              		.file 3 "c:\\program files (x86)\\cypress\\psoc creator\\4.4\\psoc creator\\import\\gnu\\arm\\5.4.
 410              		.file 4 "..\\u8g2\\csrc\\u8x8.h"
 411              		.section	.debug_info,"",%progbits
 412              	.Ldebug_info0:
ARM GAS  C:\Users\brian\AppData\Local\Temp\cc9Fr13N.s 			page 11


 413 0000 CD060000 		.4byte	0x6cd
 414 0004 0400     		.2byte	0x4
 415 0006 00000000 		.4byte	.Ldebug_abbrev0
 416 000a 04       		.byte	0x4
 417 000b 01       		.uleb128 0x1
 418 000c 5C040000 		.4byte	.LASF81
 419 0010 0C       		.byte	0xc
 420 0011 9C030000 		.4byte	.LASF82
 421 0015 E4000000 		.4byte	.LASF83
 422 0019 00000000 		.4byte	.Ldebug_ranges0+0
 423 001d 00000000 		.4byte	0
 424 0021 00000000 		.4byte	.Ldebug_line0
 425 0025 02       		.uleb128 0x2
 426 0026 01       		.byte	0x1
 427 0027 06       		.byte	0x6
 428 0028 80020000 		.4byte	.LASF0
 429 002c 03       		.uleb128 0x3
 430 002d FA010000 		.4byte	.LASF3
 431 0031 02       		.byte	0x2
 432 0032 1D       		.byte	0x1d
 433 0033 37000000 		.4byte	0x37
 434 0037 02       		.uleb128 0x2
 435 0038 01       		.byte	0x1
 436 0039 08       		.byte	0x8
 437 003a 6B020000 		.4byte	.LASF1
 438 003e 02       		.uleb128 0x2
 439 003f 02       		.byte	0x2
 440 0040 05       		.byte	0x5
 441 0041 52000000 		.4byte	.LASF2
 442 0045 03       		.uleb128 0x3
 443 0046 C1000000 		.4byte	.LASF4
 444 004a 02       		.byte	0x2
 445 004b 2B       		.byte	0x2b
 446 004c 50000000 		.4byte	0x50
 447 0050 02       		.uleb128 0x2
 448 0051 02       		.byte	0x2
 449 0052 07       		.byte	0x7
 450 0053 35030000 		.4byte	.LASF5
 451 0057 02       		.uleb128 0x2
 452 0058 04       		.byte	0x4
 453 0059 05       		.byte	0x5
 454 005a F1010000 		.4byte	.LASF6
 455 005e 03       		.uleb128 0x3
 456 005f B0000000 		.4byte	.LASF7
 457 0063 02       		.byte	0x2
 458 0064 41       		.byte	0x41
 459 0065 69000000 		.4byte	0x69
 460 0069 02       		.uleb128 0x2
 461 006a 04       		.byte	0x4
 462 006b 07       		.byte	0x7
 463 006c E3030000 		.4byte	.LASF8
 464 0070 02       		.uleb128 0x2
 465 0071 08       		.byte	0x8
 466 0072 05       		.byte	0x5
 467 0073 C4010000 		.4byte	.LASF9
 468 0077 02       		.uleb128 0x2
 469 0078 08       		.byte	0x8
ARM GAS  C:\Users\brian\AppData\Local\Temp\cc9Fr13N.s 			page 12


 470 0079 07       		.byte	0x7
 471 007a 8C020000 		.4byte	.LASF10
 472 007e 04       		.uleb128 0x4
 473 007f 04       		.byte	0x4
 474 0080 05       		.byte	0x5
 475 0081 696E7400 		.ascii	"int\000"
 476 0085 02       		.uleb128 0x2
 477 0086 04       		.byte	0x4
 478 0087 07       		.byte	0x7
 479 0088 B3020000 		.4byte	.LASF11
 480 008c 03       		.uleb128 0x3
 481 008d 2F010000 		.4byte	.LASF12
 482 0091 03       		.byte	0x3
 483 0092 18       		.byte	0x18
 484 0093 2C000000 		.4byte	0x2c
 485 0097 03       		.uleb128 0x3
 486 0098 C0020000 		.4byte	.LASF13
 487 009c 03       		.byte	0x3
 488 009d 24       		.byte	0x24
 489 009e 45000000 		.4byte	0x45
 490 00a2 03       		.uleb128 0x3
 491 00a3 A3020000 		.4byte	.LASF14
 492 00a7 03       		.byte	0x3
 493 00a8 30       		.byte	0x30
 494 00a9 5E000000 		.4byte	0x5e
 495 00ad 05       		.uleb128 0x5
 496 00ae 04       		.byte	0x4
 497 00af 02       		.uleb128 0x2
 498 00b0 08       		.byte	0x8
 499 00b1 04       		.byte	0x4
 500 00b2 3D020000 		.4byte	.LASF15
 501 00b6 03       		.uleb128 0x3
 502 00b7 05030000 		.4byte	.LASF16
 503 00bb 04       		.byte	0x4
 504 00bc CD       		.byte	0xcd
 505 00bd C1000000 		.4byte	0xc1
 506 00c1 06       		.uleb128 0x6
 507 00c2 D7030000 		.4byte	.LASF37
 508 00c6 2C       		.byte	0x2c
 509 00c7 04       		.byte	0x4
 510 00c8 5001     		.2byte	0x150
 511 00ca C6010000 		.4byte	0x1c6
 512 00ce 07       		.uleb128 0x7
 513 00cf 6F030000 		.4byte	.LASF17
 514 00d3 04       		.byte	0x4
 515 00d4 5201     		.2byte	0x152
 516 00d6 26030000 		.4byte	0x326
 517 00da 00       		.byte	0
 518 00db 07       		.uleb128 0x7
 519 00dc 2B050000 		.4byte	.LASF18
 520 00e0 04       		.byte	0x4
 521 00e1 5301     		.2byte	0x153
 522 00e3 01030000 		.4byte	0x301
 523 00e7 04       		.byte	0x4
 524 00e8 07       		.uleb128 0x7
 525 00e9 0F020000 		.4byte	.LASF19
 526 00ed 04       		.byte	0x4
ARM GAS  C:\Users\brian\AppData\Local\Temp\cc9Fr13N.s 			page 13


 527 00ee 5401     		.2byte	0x154
 528 00f0 CC020000 		.4byte	0x2cc
 529 00f4 08       		.byte	0x8
 530 00f5 07       		.uleb128 0x7
 531 00f6 43040000 		.4byte	.LASF20
 532 00fa 04       		.byte	0x4
 533 00fb 5501     		.2byte	0x155
 534 00fd CC020000 		.4byte	0x2cc
 535 0101 0C       		.byte	0xc
 536 0102 07       		.uleb128 0x7
 537 0103 F5030000 		.4byte	.LASF21
 538 0107 04       		.byte	0x4
 539 0108 5601     		.2byte	0x156
 540 010a CC020000 		.4byte	0x2cc
 541 010e 10       		.byte	0x10
 542 010f 07       		.uleb128 0x7
 543 0110 5C000000 		.4byte	.LASF22
 544 0114 04       		.byte	0x4
 545 0115 5701     		.2byte	0x157
 546 0117 CC020000 		.4byte	0x2cc
 547 011b 14       		.byte	0x14
 548 011c 07       		.uleb128 0x7
 549 011d 7D010000 		.4byte	.LASF23
 550 0121 04       		.byte	0x4
 551 0122 5801     		.2byte	0x158
 552 0124 A2000000 		.4byte	0xa2
 553 0128 18       		.byte	0x18
 554 0129 07       		.uleb128 0x7
 555 012a 39000000 		.4byte	.LASF24
 556 012e 04       		.byte	0x4
 557 012f 5901     		.2byte	0x159
 558 0131 31030000 		.4byte	0x331
 559 0135 1C       		.byte	0x1c
 560 0136 07       		.uleb128 0x7
 561 0137 2E040000 		.4byte	.LASF25
 562 013b 04       		.byte	0x4
 563 013c 5A01     		.2byte	0x15a
 564 013e 97000000 		.4byte	0x97
 565 0142 20       		.byte	0x20
 566 0143 07       		.uleb128 0x7
 567 0144 00000000 		.4byte	.LASF26
 568 0148 04       		.byte	0x4
 569 0149 5B01     		.2byte	0x15b
 570 014b 8C000000 		.4byte	0x8c
 571 014f 22       		.byte	0x22
 572 0150 07       		.uleb128 0x7
 573 0151 09000000 		.4byte	.LASF27
 574 0155 04       		.byte	0x4
 575 0156 5C01     		.2byte	0x15c
 576 0158 8C000000 		.4byte	0x8c
 577 015c 23       		.byte	0x23
 578 015d 07       		.uleb128 0x7
 579 015e 10040000 		.4byte	.LASF28
 580 0162 04       		.byte	0x4
 581 0163 5D01     		.2byte	0x15d
 582 0165 8C000000 		.4byte	0x8c
 583 0169 24       		.byte	0x24
ARM GAS  C:\Users\brian\AppData\Local\Temp\cc9Fr13N.s 			page 14


 584 016a 07       		.uleb128 0x7
 585 016b 37040000 		.4byte	.LASF29
 586 016f 04       		.byte	0x4
 587 0170 6001     		.2byte	0x160
 588 0172 8C000000 		.4byte	0x8c
 589 0176 25       		.byte	0x25
 590 0177 07       		.uleb128 0x7
 591 0178 CC030000 		.4byte	.LASF30
 592 017c 04       		.byte	0x4
 593 017d 6201     		.2byte	0x162
 594 017f 8C000000 		.4byte	0x8c
 595 0183 26       		.byte	0x26
 596 0184 07       		.uleb128 0x7
 597 0185 D2010000 		.4byte	.LASF31
 598 0189 04       		.byte	0x4
 599 018a 6301     		.2byte	0x163
 600 018c 8C000000 		.4byte	0x8c
 601 0190 27       		.byte	0x27
 602 0191 07       		.uleb128 0x7
 603 0192 04050000 		.4byte	.LASF32
 604 0196 04       		.byte	0x4
 605 0197 6401     		.2byte	0x164
 606 0199 8C000000 		.4byte	0x8c
 607 019d 28       		.byte	0x28
 608 019e 07       		.uleb128 0x7
 609 019f AC010000 		.4byte	.LASF33
 610 01a3 04       		.byte	0x4
 611 01a4 6501     		.2byte	0x165
 612 01a6 8C000000 		.4byte	0x8c
 613 01aa 29       		.byte	0x29
 614 01ab 07       		.uleb128 0x7
 615 01ac 60030000 		.4byte	.LASF34
 616 01b0 04       		.byte	0x4
 617 01b1 6601     		.2byte	0x166
 618 01b3 8C000000 		.4byte	0x8c
 619 01b7 2A       		.byte	0x2a
 620 01b8 07       		.uleb128 0x7
 621 01b9 3E000000 		.4byte	.LASF35
 622 01bd 04       		.byte	0x4
 623 01be 6701     		.2byte	0x167
 624 01c0 8C000000 		.4byte	0x8c
 625 01c4 2B       		.byte	0x2b
 626 01c5 00       		.byte	0
 627 01c6 03       		.uleb128 0x3
 628 01c7 98010000 		.4byte	.LASF36
 629 01cb 04       		.byte	0x4
 630 01cc CE       		.byte	0xce
 631 01cd D1010000 		.4byte	0x1d1
 632 01d1 08       		.uleb128 0x8
 633 01d2 C9020000 		.4byte	.LASF38
 634 01d6 18       		.byte	0x18
 635 01d7 04       		.byte	0x4
 636 01d8 E7       		.byte	0xe7
 637 01d9 CC020000 		.4byte	0x2cc
 638 01dd 09       		.uleb128 0x9
 639 01de 27000000 		.4byte	.LASF39
 640 01e2 04       		.byte	0x4
ARM GAS  C:\Users\brian\AppData\Local\Temp\cc9Fr13N.s 			page 15


 641 01e3 EB       		.byte	0xeb
 642 01e4 8C000000 		.4byte	0x8c
 643 01e8 00       		.byte	0
 644 01e9 09       		.uleb128 0x9
 645 01ea FD030000 		.4byte	.LASF40
 646 01ee 04       		.byte	0x4
 647 01ef EC       		.byte	0xec
 648 01f0 8C000000 		.4byte	0x8c
 649 01f4 01       		.byte	0x1
 650 01f5 09       		.uleb128 0x9
 651 01f6 37010000 		.4byte	.LASF41
 652 01fa 04       		.byte	0x4
 653 01fb EE       		.byte	0xee
 654 01fc 8C000000 		.4byte	0x8c
 655 0200 02       		.byte	0x2
 656 0201 09       		.uleb128 0x9
 657 0202 41050000 		.4byte	.LASF42
 658 0206 04       		.byte	0x4
 659 0207 EF       		.byte	0xef
 660 0208 8C000000 		.4byte	0x8c
 661 020c 03       		.byte	0x3
 662 020d 09       		.uleb128 0x9
 663 020e F0020000 		.4byte	.LASF43
 664 0212 04       		.byte	0x4
 665 0213 F0       		.byte	0xf0
 666 0214 8C000000 		.4byte	0x8c
 667 0218 04       		.byte	0x4
 668 0219 09       		.uleb128 0x9
 669 021a 9D000000 		.4byte	.LASF44
 670 021e 04       		.byte	0x4
 671 021f F1       		.byte	0xf1
 672 0220 8C000000 		.4byte	0x8c
 673 0224 05       		.byte	0x5
 674 0225 09       		.uleb128 0x9
 675 0226 8B000000 		.4byte	.LASF45
 676 022a 04       		.byte	0x4
 677 022b F8       		.byte	0xf8
 678 022c 8C000000 		.4byte	0x8c
 679 0230 06       		.byte	0x6
 680 0231 09       		.uleb128 0x9
 681 0232 DE010000 		.4byte	.LASF46
 682 0236 04       		.byte	0x4
 683 0237 FC       		.byte	0xfc
 684 0238 8C000000 		.4byte	0x8c
 685 023c 07       		.byte	0x7
 686 023d 09       		.uleb128 0x9
 687 023e 28030000 		.4byte	.LASF47
 688 0242 04       		.byte	0x4
 689 0243 FF       		.byte	0xff
 690 0244 A2000000 		.4byte	0xa2
 691 0248 08       		.byte	0x8
 692 0249 07       		.uleb128 0x7
 693 024a 1E000000 		.4byte	.LASF48
 694 024e 04       		.byte	0x4
 695 024f 0901     		.2byte	0x109
 696 0251 8C000000 		.4byte	0x8c
 697 0255 0C       		.byte	0xc
ARM GAS  C:\Users\brian\AppData\Local\Temp\cc9Fr13N.s 			page 16


 698 0256 07       		.uleb128 0x7
 699 0257 13030000 		.4byte	.LASF49
 700 025b 04       		.byte	0x4
 701 025c 0C01     		.2byte	0x10c
 702 025e 8C000000 		.4byte	0x8c
 703 0262 0D       		.byte	0xd
 704 0263 07       		.uleb128 0x7
 705 0264 1A020000 		.4byte	.LASF50
 706 0268 04       		.byte	0x4
 707 0269 1201     		.2byte	0x112
 708 026b 8C000000 		.4byte	0x8c
 709 026f 0E       		.byte	0xe
 710 0270 07       		.uleb128 0x7
 711 0271 1A010000 		.4byte	.LASF51
 712 0275 04       		.byte	0x4
 713 0276 1401     		.2byte	0x114
 714 0278 8C000000 		.4byte	0x8c
 715 027c 0F       		.byte	0xf
 716 027d 07       		.uleb128 0x7
 717 027e 6E000000 		.4byte	.LASF52
 718 0282 04       		.byte	0x4
 719 0283 1701     		.2byte	0x117
 720 0285 8C000000 		.4byte	0x8c
 721 0289 10       		.byte	0x10
 722 028a 07       		.uleb128 0x7
 723 028b 49020000 		.4byte	.LASF53
 724 028f 04       		.byte	0x4
 725 0290 1801     		.2byte	0x118
 726 0292 8C000000 		.4byte	0x8c
 727 0296 11       		.byte	0x11
 728 0297 07       		.uleb128 0x7
 729 0298 87010000 		.4byte	.LASF54
 730 029c 04       		.byte	0x4
 731 029d 1A01     		.2byte	0x11a
 732 029f 8C000000 		.4byte	0x8c
 733 02a3 12       		.byte	0x12
 734 02a4 07       		.uleb128 0x7
 735 02a5 1C040000 		.4byte	.LASF55
 736 02a9 04       		.byte	0x4
 737 02aa 1B01     		.2byte	0x11b
 738 02ac 8C000000 		.4byte	0x8c
 739 02b0 13       		.byte	0x13
 740 02b1 07       		.uleb128 0x7
 741 02b2 C0030000 		.4byte	.LASF56
 742 02b6 04       		.byte	0x4
 743 02b7 2301     		.2byte	0x123
 744 02b9 97000000 		.4byte	0x97
 745 02bd 14       		.byte	0x14
 746 02be 07       		.uleb128 0x7
 747 02bf 7C030000 		.4byte	.LASF57
 748 02c3 04       		.byte	0x4
 749 02c4 2401     		.2byte	0x124
 750 02c6 97000000 		.4byte	0x97
 751 02ca 16       		.byte	0x16
 752 02cb 00       		.byte	0
 753 02cc 03       		.uleb128 0x3
 754 02cd 1F050000 		.4byte	.LASF58
ARM GAS  C:\Users\brian\AppData\Local\Temp\cc9Fr13N.s 			page 17


 755 02d1 04       		.byte	0x4
 756 02d2 D1       		.byte	0xd1
 757 02d3 D7020000 		.4byte	0x2d7
 758 02d7 0A       		.uleb128 0xa
 759 02d8 04       		.byte	0x4
 760 02d9 DD020000 		.4byte	0x2dd
 761 02dd 0B       		.uleb128 0xb
 762 02de 8C000000 		.4byte	0x8c
 763 02e2 FB020000 		.4byte	0x2fb
 764 02e6 0C       		.uleb128 0xc
 765 02e7 FB020000 		.4byte	0x2fb
 766 02eb 0C       		.uleb128 0xc
 767 02ec 8C000000 		.4byte	0x8c
 768 02f0 0C       		.uleb128 0xc
 769 02f1 8C000000 		.4byte	0x8c
 770 02f5 0C       		.uleb128 0xc
 771 02f6 AD000000 		.4byte	0xad
 772 02fa 00       		.byte	0
 773 02fb 0A       		.uleb128 0xa
 774 02fc 04       		.byte	0x4
 775 02fd B6000000 		.4byte	0xb6
 776 0301 03       		.uleb128 0x3
 777 0302 48030000 		.4byte	.LASF59
 778 0306 04       		.byte	0x4
 779 0307 D2       		.byte	0xd2
 780 0308 0C030000 		.4byte	0x30c
 781 030c 0A       		.uleb128 0xa
 782 030d 04       		.byte	0x4
 783 030e 12030000 		.4byte	0x312
 784 0312 0B       		.uleb128 0xb
 785 0313 97000000 		.4byte	0x97
 786 0317 26030000 		.4byte	0x326
 787 031b 0C       		.uleb128 0xc
 788 031c FB020000 		.4byte	0x2fb
 789 0320 0C       		.uleb128 0xc
 790 0321 8C000000 		.4byte	0x8c
 791 0325 00       		.byte	0
 792 0326 0A       		.uleb128 0xa
 793 0327 04       		.byte	0x4
 794 0328 2C030000 		.4byte	0x32c
 795 032c 0D       		.uleb128 0xd
 796 032d C6010000 		.4byte	0x1c6
 797 0331 0A       		.uleb128 0xa
 798 0332 04       		.byte	0x4
 799 0333 37030000 		.4byte	0x337
 800 0337 0D       		.uleb128 0xd
 801 0338 8C000000 		.4byte	0x8c
 802 033c 0E       		.uleb128 0xe
 803 033d 55020000 		.4byte	.LASF64
 804 0341 01       		.byte	0x1
 805 0342 26       		.byte	0x26
 806 0343 8C000000 		.4byte	0x8c
 807 0347 00000000 		.4byte	.LFB0
 808 034b A8000000 		.4byte	.LFE0-.LFB0
 809 034f 01       		.uleb128 0x1
 810 0350 9C       		.byte	0x9c
 811 0351 81040000 		.4byte	0x481
ARM GAS  C:\Users\brian\AppData\Local\Temp\cc9Fr13N.s 			page 18


 812 0355 0F       		.uleb128 0xf
 813 0356 50010000 		.4byte	.LASF60
 814 035a 01       		.byte	0x1
 815 035b 26       		.byte	0x26
 816 035c FB020000 		.4byte	0x2fb
 817 0360 00000000 		.4byte	.LLST0
 818 0364 10       		.uleb128 0x10
 819 0365 7900     		.ascii	"y\000"
 820 0367 01       		.byte	0x1
 821 0368 26       		.byte	0x26
 822 0369 8C000000 		.4byte	0x8c
 823 036d 2C000000 		.4byte	.LLST1
 824 0371 10       		.uleb128 0x10
 825 0372 7700     		.ascii	"w\000"
 826 0374 01       		.byte	0x1
 827 0375 26       		.byte	0x26
 828 0376 8C000000 		.4byte	0x8c
 829 037a 4D000000 		.4byte	.LLST2
 830 037e 0F       		.uleb128 0xf
 831 037f 79020000 		.4byte	.LASF61
 832 0383 01       		.byte	0x1
 833 0384 26       		.byte	0x26
 834 0385 8C000000 		.4byte	0x8c
 835 0389 6E000000 		.4byte	.LLST3
 836 038d 10       		.uleb128 0x10
 837 038e 7300     		.ascii	"s\000"
 838 0390 01       		.byte	0x1
 839 0391 26       		.byte	0x26
 840 0392 81040000 		.4byte	0x481
 841 0396 8F000000 		.4byte	.LLST4
 842 039a 11       		.uleb128 0x11
 843 039b 6900     		.ascii	"i\000"
 844 039d 01       		.byte	0x1
 845 039e 28       		.byte	0x28
 846 039f 8C000000 		.4byte	0x8c
 847 03a3 AF000000 		.4byte	.LLST5
 848 03a7 11       		.uleb128 0x11
 849 03a8 636E7400 		.ascii	"cnt\000"
 850 03ac 01       		.byte	0x1
 851 03ad 29       		.byte	0x29
 852 03ae 8C000000 		.4byte	0x8c
 853 03b2 FB000000 		.4byte	.LLST6
 854 03b6 12       		.uleb128 0x12
 855 03b7 5A030000 		.4byte	.LASF62
 856 03bb 01       		.byte	0x1
 857 03bc 2A       		.byte	0x2a
 858 03bd 8C000000 		.4byte	0x8c
 859 03c1 0E010000 		.4byte	.LLST7
 860 03c5 11       		.uleb128 0x11
 861 03c6 6400     		.ascii	"d\000"
 862 03c8 01       		.byte	0x1
 863 03c9 2B       		.byte	0x2b
 864 03ca 8C000000 		.4byte	0x8c
 865 03ce 6D010000 		.4byte	.LLST8
 866 03d2 11       		.uleb128 0x11
 867 03d3 7800     		.ascii	"x\000"
 868 03d5 01       		.byte	0x1
ARM GAS  C:\Users\brian\AppData\Local\Temp\cc9Fr13N.s 			page 19


 869 03d6 2C       		.byte	0x2c
 870 03d7 8C000000 		.4byte	0x8c
 871 03db AE010000 		.4byte	.LLST9
 872 03df 13       		.uleb128 0x13
 873 03e0 16000000 		.4byte	.LVL2
 874 03e4 70060000 		.4byte	0x670
 875 03e8 F3030000 		.4byte	0x3f3
 876 03ec 14       		.uleb128 0x14
 877 03ed 01       		.uleb128 0x1
 878 03ee 50       		.byte	0x50
 879 03ef 02       		.uleb128 0x2
 880 03f0 78       		.byte	0x78
 881 03f1 00       		.sleb128 0
 882 03f2 00       		.byte	0
 883 03f3 13       		.uleb128 0x13
 884 03f4 28000000 		.4byte	.LVL5
 885 03f8 7C060000 		.4byte	0x67c
 886 03fc 0D040000 		.4byte	0x40d
 887 0400 14       		.uleb128 0x14
 888 0401 01       		.uleb128 0x1
 889 0402 50       		.byte	0x50
 890 0403 02       		.uleb128 0x2
 891 0404 74       		.byte	0x74
 892 0405 00       		.sleb128 0
 893 0406 14       		.uleb128 0x14
 894 0407 01       		.uleb128 0x1
 895 0408 51       		.byte	0x51
 896 0409 02       		.uleb128 0x2
 897 040a 78       		.byte	0x78
 898 040b 00       		.sleb128 0
 899 040c 00       		.byte	0
 900 040d 13       		.uleb128 0x13
 901 040e 30000000 		.4byte	.LVL6
 902 0412 88060000 		.4byte	0x688
 903 0416 21040000 		.4byte	0x421
 904 041a 14       		.uleb128 0x14
 905 041b 01       		.uleb128 0x1
 906 041c 50       		.byte	0x50
 907 041d 02       		.uleb128 0x2
 908 041e 76       		.byte	0x76
 909 041f 00       		.sleb128 0
 910 0420 00       		.byte	0
 911 0421 13       		.uleb128 0x13
 912 0422 70000000 		.4byte	.LVL19
 913 0426 7C060000 		.4byte	0x67c
 914 042a 3B040000 		.4byte	0x43b
 915 042e 14       		.uleb128 0x14
 916 042f 01       		.uleb128 0x1
 917 0430 50       		.byte	0x50
 918 0431 02       		.uleb128 0x2
 919 0432 75       		.byte	0x75
 920 0433 00       		.sleb128 0
 921 0434 14       		.uleb128 0x14
 922 0435 01       		.uleb128 0x1
 923 0436 51       		.byte	0x51
 924 0437 02       		.uleb128 0x2
 925 0438 78       		.byte	0x78
ARM GAS  C:\Users\brian\AppData\Local\Temp\cc9Fr13N.s 			page 20


 926 0439 00       		.sleb128 0
 927 043a 00       		.byte	0
 928 043b 13       		.uleb128 0x13
 929 043c 7C000000 		.4byte	.LVL20
 930 0440 94060000 		.4byte	0x694
 931 0444 5B040000 		.4byte	0x45b
 932 0448 14       		.uleb128 0x14
 933 0449 01       		.uleb128 0x1
 934 044a 50       		.byte	0x50
 935 044b 02       		.uleb128 0x2
 936 044c 76       		.byte	0x76
 937 044d 00       		.sleb128 0
 938 044e 14       		.uleb128 0x14
 939 044f 01       		.uleb128 0x1
 940 0450 51       		.byte	0x51
 941 0451 02       		.uleb128 0x2
 942 0452 74       		.byte	0x74
 943 0453 00       		.sleb128 0
 944 0454 14       		.uleb128 0x14
 945 0455 01       		.uleb128 0x1
 946 0456 52       		.byte	0x52
 947 0457 02       		.uleb128 0x2
 948 0458 79       		.byte	0x79
 949 0459 00       		.sleb128 0
 950 045a 00       		.byte	0
 951 045b 15       		.uleb128 0x15
 952 045c 92000000 		.4byte	.LVL22
 953 0460 94060000 		.4byte	0x694
 954 0464 14       		.uleb128 0x14
 955 0465 01       		.uleb128 0x1
 956 0466 50       		.byte	0x50
 957 0467 02       		.uleb128 0x2
 958 0468 76       		.byte	0x76
 959 0469 00       		.sleb128 0
 960 046a 14       		.uleb128 0x14
 961 046b 01       		.uleb128 0x1
 962 046c 51       		.byte	0x51
 963 046d 02       		.uleb128 0x2
 964 046e 74       		.byte	0x74
 965 046f 00       		.sleb128 0
 966 0470 14       		.uleb128 0x14
 967 0471 01       		.uleb128 0x1
 968 0472 52       		.byte	0x52
 969 0473 02       		.uleb128 0x2
 970 0474 79       		.byte	0x79
 971 0475 00       		.sleb128 0
 972 0476 14       		.uleb128 0x14
 973 0477 01       		.uleb128 0x1
 974 0478 53       		.byte	0x53
 975 0479 05       		.uleb128 0x5
 976 047a 03       		.byte	0x3
 977 047b 00000000 		.4byte	.LC0
 978 047f 00       		.byte	0
 979 0480 00       		.byte	0
 980 0481 0A       		.uleb128 0xa
 981 0482 04       		.byte	0x4
 982 0483 8E040000 		.4byte	0x48e
ARM GAS  C:\Users\brian\AppData\Local\Temp\cc9Fr13N.s 			page 21


 983 0487 02       		.uleb128 0x2
 984 0488 01       		.byte	0x1
 985 0489 08       		.byte	0x8
 986 048a 55030000 		.4byte	.LASF63
 987 048e 0D       		.uleb128 0xd
 988 048f 87040000 		.4byte	0x487
 989 0493 0E       		.uleb128 0xe
 990 0494 EA040000 		.4byte	.LASF65
 991 0498 01       		.byte	0x1
 992 0499 58       		.byte	0x58
 993 049a 8C000000 		.4byte	0x8c
 994 049e 00000000 		.4byte	.LFB1
 995 04a2 08010000 		.4byte	.LFE1-.LFB1
 996 04a6 01       		.uleb128 0x1
 997 04a7 9C       		.byte	0x9c
 998 04a8 70060000 		.4byte	0x670
 999 04ac 0F       		.uleb128 0xf
 1000 04ad 50010000 		.4byte	.LASF60
 1001 04b1 01       		.byte	0x1
 1002 04b2 58       		.byte	0x58
 1003 04b3 FB020000 		.4byte	0x2fb
 1004 04b7 C1010000 		.4byte	.LLST10
 1005 04bb 0F       		.uleb128 0xf
 1006 04bc E9020000 		.4byte	.LASF66
 1007 04c0 01       		.byte	0x1
 1008 04c1 58       		.byte	0x58
 1009 04c2 81040000 		.4byte	0x481
 1010 04c6 DF010000 		.4byte	.LLST11
 1011 04ca 0F       		.uleb128 0xf
 1012 04cb E2020000 		.4byte	.LASF67
 1013 04cf 01       		.byte	0x1
 1014 04d0 58       		.byte	0x58
 1015 04d1 81040000 		.4byte	0x481
 1016 04d5 0B020000 		.4byte	.LLST12
 1017 04d9 0F       		.uleb128 0xf
 1018 04da 0C030000 		.4byte	.LASF68
 1019 04de 01       		.byte	0x1
 1020 04df 58       		.byte	0x58
 1021 04e0 81040000 		.4byte	0x481
 1022 04e4 37020000 		.4byte	.LLST13
 1023 04e8 16       		.uleb128 0x16
 1024 04e9 B8030000 		.4byte	.LASF69
 1025 04ed 01       		.byte	0x1
 1026 04ee 58       		.byte	0x58
 1027 04ef 81040000 		.4byte	0x481
 1028 04f3 02       		.uleb128 0x2
 1029 04f4 91       		.byte	0x91
 1030 04f5 00       		.sleb128 0
 1031 04f6 12       		.uleb128 0x12
 1032 04f7 AC020000 		.4byte	.LASF70
 1033 04fb 01       		.byte	0x1
 1034 04fc 5A       		.byte	0x5a
 1035 04fd 8C000000 		.4byte	0x8c
 1036 0501 55020000 		.4byte	.LLST14
 1037 0505 11       		.uleb128 0x11
 1038 0506 7900     		.ascii	"y\000"
 1039 0508 01       		.byte	0x1
ARM GAS  C:\Users\brian\AppData\Local\Temp\cc9Fr13N.s 			page 22


 1040 0509 5B       		.byte	0x5b
 1041 050a 8C000000 		.4byte	0x8c
 1042 050e 7F020000 		.4byte	.LLST15
 1043 0512 12       		.uleb128 0x12
 1044 0513 79020000 		.4byte	.LASF61
 1045 0517 01       		.byte	0x1
 1046 0518 5C       		.byte	0x5c
 1047 0519 8C000000 		.4byte	0x8c
 1048 051d D8020000 		.4byte	.LLST16
 1049 0521 17       		.uleb128 0x17
 1050 0522 04020000 		.4byte	.LASF71
 1051 0526 01       		.byte	0x1
 1052 0527 5D       		.byte	0x5d
 1053 0528 8C000000 		.4byte	0x8c
 1054 052c 01       		.uleb128 0x1
 1055 052d 58       		.byte	0x58
 1056 052e 12       		.uleb128 0x12
 1057 052f BB000000 		.4byte	.LASF72
 1058 0533 01       		.byte	0x1
 1059 0534 5E       		.byte	0x5e
 1060 0535 8C000000 		.4byte	0x8c
 1061 0539 0D030000 		.4byte	.LLST17
 1062 053d 13       		.uleb128 0x13
 1063 053e 1C000000 		.4byte	.LVL32
 1064 0542 70060000 		.4byte	0x670
 1065 0546 51050000 		.4byte	0x551
 1066 054a 14       		.uleb128 0x14
 1067 054b 01       		.uleb128 0x1
 1068 054c 50       		.byte	0x50
 1069 054d 02       		.uleb128 0x2
 1070 054e 76       		.byte	0x76
 1071 054f 00       		.sleb128 0
 1072 0550 00       		.byte	0
 1073 0551 13       		.uleb128 0x13
 1074 0552 30000000 		.4byte	.LVL35
 1075 0556 70060000 		.4byte	0x670
 1076 055a 65050000 		.4byte	0x565
 1077 055e 14       		.uleb128 0x14
 1078 055f 01       		.uleb128 0x1
 1079 0560 50       		.byte	0x50
 1080 0561 02       		.uleb128 0x2
 1081 0562 79       		.byte	0x79
 1082 0563 00       		.sleb128 0
 1083 0564 00       		.byte	0
 1084 0565 13       		.uleb128 0x13
 1085 0566 4C000000 		.4byte	.LVL43
 1086 056a A0060000 		.4byte	0x6a0
 1087 056e 79050000 		.4byte	0x579
 1088 0572 14       		.uleb128 0x14
 1089 0573 01       		.uleb128 0x1
 1090 0574 50       		.byte	0x50
 1091 0575 02       		.uleb128 0x2
 1092 0576 75       		.byte	0x75
 1093 0577 00       		.sleb128 0
 1094 0578 00       		.byte	0
 1095 0579 13       		.uleb128 0x13
 1096 057a 5C000000 		.4byte	.LVL44
ARM GAS  C:\Users\brian\AppData\Local\Temp\cc9Fr13N.s 			page 23


 1097 057e AC060000 		.4byte	0x6ac
 1098 0582 9F050000 		.4byte	0x59f
 1099 0586 14       		.uleb128 0x14
 1100 0587 01       		.uleb128 0x1
 1101 0588 50       		.byte	0x50
 1102 0589 02       		.uleb128 0x2
 1103 058a 75       		.byte	0x75
 1104 058b 00       		.sleb128 0
 1105 058c 14       		.uleb128 0x14
 1106 058d 01       		.uleb128 0x1
 1107 058e 51       		.byte	0x51
 1108 058f 01       		.uleb128 0x1
 1109 0590 30       		.byte	0x30
 1110 0591 14       		.uleb128 0x14
 1111 0592 01       		.uleb128 0x1
 1112 0593 52       		.byte	0x52
 1113 0594 02       		.uleb128 0x2
 1114 0595 74       		.byte	0x74
 1115 0596 00       		.sleb128 0
 1116 0597 14       		.uleb128 0x14
 1117 0598 02       		.uleb128 0x2
 1118 0599 7D       		.byte	0x7d
 1119 059a 00       		.sleb128 0
 1120 059b 02       		.uleb128 0x2
 1121 059c 76       		.byte	0x76
 1122 059d 00       		.sleb128 0
 1123 059e 00       		.byte	0
 1124 059f 13       		.uleb128 0x13
 1125 05a0 78000000 		.4byte	.LVL46
 1126 05a4 B8060000 		.4byte	0x6b8
 1127 05a8 C5050000 		.4byte	0x5c5
 1128 05ac 14       		.uleb128 0x14
 1129 05ad 01       		.uleb128 0x1
 1130 05ae 50       		.byte	0x50
 1131 05af 02       		.uleb128 0x2
 1132 05b0 75       		.byte	0x75
 1133 05b1 00       		.sleb128 0
 1134 05b2 14       		.uleb128 0x14
 1135 05b3 01       		.uleb128 0x1
 1136 05b4 51       		.byte	0x51
 1137 05b5 01       		.uleb128 0x1
 1138 05b6 30       		.byte	0x30
 1139 05b7 14       		.uleb128 0x14
 1140 05b8 01       		.uleb128 0x1
 1141 05b9 52       		.byte	0x52
 1142 05ba 02       		.uleb128 0x2
 1143 05bb 76       		.byte	0x76
 1144 05bc 00       		.sleb128 0
 1145 05bd 14       		.uleb128 0x14
 1146 05be 02       		.uleb128 0x2
 1147 05bf 7D       		.byte	0x7d
 1148 05c0 00       		.sleb128 0
 1149 05c1 02       		.uleb128 0x2
 1150 05c2 78       		.byte	0x78
 1151 05c3 00       		.sleb128 0
 1152 05c4 00       		.byte	0
 1153 05c5 13       		.uleb128 0x13
ARM GAS  C:\Users\brian\AppData\Local\Temp\cc9Fr13N.s 			page 24


 1154 05c6 8E000000 		.4byte	.LVL49
 1155 05ca AC060000 		.4byte	0x6ac
 1156 05ce EB050000 		.4byte	0x5eb
 1157 05d2 14       		.uleb128 0x14
 1158 05d3 01       		.uleb128 0x1
 1159 05d4 50       		.byte	0x50
 1160 05d5 02       		.uleb128 0x2
 1161 05d6 75       		.byte	0x75
 1162 05d7 00       		.sleb128 0
 1163 05d8 14       		.uleb128 0x14
 1164 05d9 01       		.uleb128 0x1
 1165 05da 51       		.byte	0x51
 1166 05db 01       		.uleb128 0x1
 1167 05dc 30       		.byte	0x30
 1168 05dd 14       		.uleb128 0x14
 1169 05de 01       		.uleb128 0x1
 1170 05df 52       		.byte	0x52
 1171 05e0 02       		.uleb128 0x2
 1172 05e1 76       		.byte	0x76
 1173 05e2 00       		.sleb128 0
 1174 05e3 14       		.uleb128 0x14
 1175 05e4 02       		.uleb128 0x2
 1176 05e5 7D       		.byte	0x7d
 1177 05e6 00       		.sleb128 0
 1178 05e7 02       		.uleb128 0x2
 1179 05e8 79       		.byte	0x79
 1180 05e9 00       		.sleb128 0
 1181 05ea 00       		.byte	0
 1182 05eb 13       		.uleb128 0x13
 1183 05ec A2000000 		.4byte	.LVL51
 1184 05f0 3C030000 		.4byte	0x33c
 1185 05f4 11060000 		.4byte	0x611
 1186 05f8 14       		.uleb128 0x14
 1187 05f9 01       		.uleb128 0x1
 1188 05fa 50       		.byte	0x50
 1189 05fb 02       		.uleb128 0x2
 1190 05fc 75       		.byte	0x75
 1191 05fd 00       		.sleb128 0
 1192 05fe 14       		.uleb128 0x14
 1193 05ff 01       		.uleb128 0x1
 1194 0600 51       		.byte	0x51
 1195 0601 02       		.uleb128 0x2
 1196 0602 76       		.byte	0x76
 1197 0603 00       		.sleb128 0
 1198 0604 14       		.uleb128 0x14
 1199 0605 01       		.uleb128 0x1
 1200 0606 53       		.byte	0x53
 1201 0607 01       		.uleb128 0x1
 1202 0608 30       		.byte	0x30
 1203 0609 14       		.uleb128 0x14
 1204 060a 02       		.uleb128 0x2
 1205 060b 7D       		.byte	0x7d
 1206 060c 00       		.sleb128 0
 1207 060d 02       		.uleb128 0x2
 1208 060e 77       		.byte	0x77
 1209 060f 00       		.sleb128 0
 1210 0610 00       		.byte	0
ARM GAS  C:\Users\brian\AppData\Local\Temp\cc9Fr13N.s 			page 25


 1211 0611 13       		.uleb128 0x13
 1212 0612 AC000000 		.4byte	.LVL54
 1213 0616 C4060000 		.4byte	0x6c4
 1214 061a 25060000 		.4byte	0x625
 1215 061e 14       		.uleb128 0x14
 1216 061f 01       		.uleb128 0x1
 1217 0620 50       		.byte	0x50
 1218 0621 02       		.uleb128 0x2
 1219 0622 75       		.byte	0x75
 1220 0623 00       		.sleb128 0
 1221 0624 00       		.byte	0
 1222 0625 13       		.uleb128 0x13
 1223 0626 DC000000 		.4byte	.LVL61
 1224 062a 3C030000 		.4byte	0x33c
 1225 062e 4C060000 		.4byte	0x64c
 1226 0632 14       		.uleb128 0x14
 1227 0633 01       		.uleb128 0x1
 1228 0634 50       		.byte	0x50
 1229 0635 02       		.uleb128 0x2
 1230 0636 75       		.byte	0x75
 1231 0637 00       		.sleb128 0
 1232 0638 14       		.uleb128 0x14
 1233 0639 01       		.uleb128 0x1
 1234 063a 51       		.byte	0x51
 1235 063b 02       		.uleb128 0x2
 1236 063c 76       		.byte	0x76
 1237 063d 00       		.sleb128 0
 1238 063e 14       		.uleb128 0x14
 1239 063f 01       		.uleb128 0x1
 1240 0640 53       		.byte	0x53
 1241 0641 02       		.uleb128 0x2
 1242 0642 74       		.byte	0x74
 1243 0643 00       		.sleb128 0
 1244 0644 14       		.uleb128 0x14
 1245 0645 02       		.uleb128 0x2
 1246 0646 7D       		.byte	0x7d
 1247 0647 00       		.sleb128 0
 1248 0648 02       		.uleb128 0x2
 1249 0649 77       		.byte	0x77
 1250 064a 00       		.sleb128 0
 1251 064b 00       		.byte	0
 1252 064c 15       		.uleb128 0x15
 1253 064d FE000000 		.4byte	.LVL67
 1254 0651 3C030000 		.4byte	0x33c
 1255 0655 14       		.uleb128 0x14
 1256 0656 01       		.uleb128 0x1
 1257 0657 50       		.byte	0x50
 1258 0658 02       		.uleb128 0x2
 1259 0659 75       		.byte	0x75
 1260 065a 00       		.sleb128 0
 1261 065b 14       		.uleb128 0x14
 1262 065c 01       		.uleb128 0x1
 1263 065d 51       		.byte	0x51
 1264 065e 02       		.uleb128 0x2
 1265 065f 76       		.byte	0x76
 1266 0660 00       		.sleb128 0
 1267 0661 14       		.uleb128 0x14
ARM GAS  C:\Users\brian\AppData\Local\Temp\cc9Fr13N.s 			page 26


 1268 0662 01       		.uleb128 0x1
 1269 0663 53       		.byte	0x53
 1270 0664 02       		.uleb128 0x2
 1271 0665 74       		.byte	0x74
 1272 0666 00       		.sleb128 0
 1273 0667 14       		.uleb128 0x14
 1274 0668 02       		.uleb128 0x2
 1275 0669 7D       		.byte	0x7d
 1276 066a 00       		.sleb128 0
 1277 066b 02       		.uleb128 0x2
 1278 066c 77       		.byte	0x77
 1279 066d 00       		.sleb128 0
 1280 066e 00       		.byte	0
 1281 066f 00       		.byte	0
 1282 0670 18       		.uleb128 0x18
 1283 0671 67010000 		.4byte	.LASF73
 1284 0675 67010000 		.4byte	.LASF73
 1285 0679 04       		.byte	0x4
 1286 067a FD03     		.2byte	0x3fd
 1287 067c 18       		.uleb128 0x18
 1288 067d CC000000 		.4byte	.LASF74
 1289 0681 CC000000 		.4byte	.LASF74
 1290 0685 04       		.byte	0x4
 1291 0686 FE03     		.2byte	0x3fe
 1292 0688 18       		.uleb128 0x18
 1293 0689 2D020000 		.4byte	.LASF75
 1294 068d 2D020000 		.4byte	.LASF75
 1295 0691 04       		.byte	0x4
 1296 0692 F003     		.2byte	0x3f0
 1297 0694 18       		.uleb128 0x18
 1298 0695 33050000 		.4byte	.LASF76
 1299 0699 33050000 		.4byte	.LASF76
 1300 069d 04       		.byte	0x4
 1301 069e EB03     		.2byte	0x3eb
 1302 06a0 18       		.uleb128 0x18
 1303 06a1 79000000 		.4byte	.LASF77
 1304 06a5 79000000 		.4byte	.LASF77
 1305 06a9 04       		.byte	0x4
 1306 06aa 4102     		.2byte	0x241
 1307 06ac 18       		.uleb128 0x18
 1308 06ad 89030000 		.4byte	.LASF78
 1309 06b1 89030000 		.4byte	.LASF78
 1310 06b5 04       		.byte	0x4
 1311 06b6 0304     		.2byte	0x403
 1312 06b8 18       		.uleb128 0x18
 1313 06b9 4A040000 		.4byte	.LASF79
 1314 06bd 4A040000 		.4byte	.LASF79
 1315 06c1 04       		.byte	0x4
 1316 06c2 0104     		.2byte	0x401
 1317 06c4 18       		.uleb128 0x18
 1318 06c5 55010000 		.4byte	.LASF80
 1319 06c9 55010000 		.4byte	.LASF80
 1320 06cd 04       		.byte	0x4
 1321 06ce 1203     		.2byte	0x312
 1322 06d0 00       		.byte	0
 1323              		.section	.debug_abbrev,"",%progbits
 1324              	.Ldebug_abbrev0:
ARM GAS  C:\Users\brian\AppData\Local\Temp\cc9Fr13N.s 			page 27


 1325 0000 01       		.uleb128 0x1
 1326 0001 11       		.uleb128 0x11
 1327 0002 01       		.byte	0x1
 1328 0003 25       		.uleb128 0x25
 1329 0004 0E       		.uleb128 0xe
 1330 0005 13       		.uleb128 0x13
 1331 0006 0B       		.uleb128 0xb
 1332 0007 03       		.uleb128 0x3
 1333 0008 0E       		.uleb128 0xe
 1334 0009 1B       		.uleb128 0x1b
 1335 000a 0E       		.uleb128 0xe
 1336 000b 55       		.uleb128 0x55
 1337 000c 17       		.uleb128 0x17
 1338 000d 11       		.uleb128 0x11
 1339 000e 01       		.uleb128 0x1
 1340 000f 10       		.uleb128 0x10
 1341 0010 17       		.uleb128 0x17
 1342 0011 00       		.byte	0
 1343 0012 00       		.byte	0
 1344 0013 02       		.uleb128 0x2
 1345 0014 24       		.uleb128 0x24
 1346 0015 00       		.byte	0
 1347 0016 0B       		.uleb128 0xb
 1348 0017 0B       		.uleb128 0xb
 1349 0018 3E       		.uleb128 0x3e
 1350 0019 0B       		.uleb128 0xb
 1351 001a 03       		.uleb128 0x3
 1352 001b 0E       		.uleb128 0xe
 1353 001c 00       		.byte	0
 1354 001d 00       		.byte	0
 1355 001e 03       		.uleb128 0x3
 1356 001f 16       		.uleb128 0x16
 1357 0020 00       		.byte	0
 1358 0021 03       		.uleb128 0x3
 1359 0022 0E       		.uleb128 0xe
 1360 0023 3A       		.uleb128 0x3a
 1361 0024 0B       		.uleb128 0xb
 1362 0025 3B       		.uleb128 0x3b
 1363 0026 0B       		.uleb128 0xb
 1364 0027 49       		.uleb128 0x49
 1365 0028 13       		.uleb128 0x13
 1366 0029 00       		.byte	0
 1367 002a 00       		.byte	0
 1368 002b 04       		.uleb128 0x4
 1369 002c 24       		.uleb128 0x24
 1370 002d 00       		.byte	0
 1371 002e 0B       		.uleb128 0xb
 1372 002f 0B       		.uleb128 0xb
 1373 0030 3E       		.uleb128 0x3e
 1374 0031 0B       		.uleb128 0xb
 1375 0032 03       		.uleb128 0x3
 1376 0033 08       		.uleb128 0x8
 1377 0034 00       		.byte	0
 1378 0035 00       		.byte	0
 1379 0036 05       		.uleb128 0x5
 1380 0037 0F       		.uleb128 0xf
 1381 0038 00       		.byte	0
ARM GAS  C:\Users\brian\AppData\Local\Temp\cc9Fr13N.s 			page 28


 1382 0039 0B       		.uleb128 0xb
 1383 003a 0B       		.uleb128 0xb
 1384 003b 00       		.byte	0
 1385 003c 00       		.byte	0
 1386 003d 06       		.uleb128 0x6
 1387 003e 13       		.uleb128 0x13
 1388 003f 01       		.byte	0x1
 1389 0040 03       		.uleb128 0x3
 1390 0041 0E       		.uleb128 0xe
 1391 0042 0B       		.uleb128 0xb
 1392 0043 0B       		.uleb128 0xb
 1393 0044 3A       		.uleb128 0x3a
 1394 0045 0B       		.uleb128 0xb
 1395 0046 3B       		.uleb128 0x3b
 1396 0047 05       		.uleb128 0x5
 1397 0048 01       		.uleb128 0x1
 1398 0049 13       		.uleb128 0x13
 1399 004a 00       		.byte	0
 1400 004b 00       		.byte	0
 1401 004c 07       		.uleb128 0x7
 1402 004d 0D       		.uleb128 0xd
 1403 004e 00       		.byte	0
 1404 004f 03       		.uleb128 0x3
 1405 0050 0E       		.uleb128 0xe
 1406 0051 3A       		.uleb128 0x3a
 1407 0052 0B       		.uleb128 0xb
 1408 0053 3B       		.uleb128 0x3b
 1409 0054 05       		.uleb128 0x5
 1410 0055 49       		.uleb128 0x49
 1411 0056 13       		.uleb128 0x13
 1412 0057 38       		.uleb128 0x38
 1413 0058 0B       		.uleb128 0xb
 1414 0059 00       		.byte	0
 1415 005a 00       		.byte	0
 1416 005b 08       		.uleb128 0x8
 1417 005c 13       		.uleb128 0x13
 1418 005d 01       		.byte	0x1
 1419 005e 03       		.uleb128 0x3
 1420 005f 0E       		.uleb128 0xe
 1421 0060 0B       		.uleb128 0xb
 1422 0061 0B       		.uleb128 0xb
 1423 0062 3A       		.uleb128 0x3a
 1424 0063 0B       		.uleb128 0xb
 1425 0064 3B       		.uleb128 0x3b
 1426 0065 0B       		.uleb128 0xb
 1427 0066 01       		.uleb128 0x1
 1428 0067 13       		.uleb128 0x13
 1429 0068 00       		.byte	0
 1430 0069 00       		.byte	0
 1431 006a 09       		.uleb128 0x9
 1432 006b 0D       		.uleb128 0xd
 1433 006c 00       		.byte	0
 1434 006d 03       		.uleb128 0x3
 1435 006e 0E       		.uleb128 0xe
 1436 006f 3A       		.uleb128 0x3a
 1437 0070 0B       		.uleb128 0xb
 1438 0071 3B       		.uleb128 0x3b
ARM GAS  C:\Users\brian\AppData\Local\Temp\cc9Fr13N.s 			page 29


 1439 0072 0B       		.uleb128 0xb
 1440 0073 49       		.uleb128 0x49
 1441 0074 13       		.uleb128 0x13
 1442 0075 38       		.uleb128 0x38
 1443 0076 0B       		.uleb128 0xb
 1444 0077 00       		.byte	0
 1445 0078 00       		.byte	0
 1446 0079 0A       		.uleb128 0xa
 1447 007a 0F       		.uleb128 0xf
 1448 007b 00       		.byte	0
 1449 007c 0B       		.uleb128 0xb
 1450 007d 0B       		.uleb128 0xb
 1451 007e 49       		.uleb128 0x49
 1452 007f 13       		.uleb128 0x13
 1453 0080 00       		.byte	0
 1454 0081 00       		.byte	0
 1455 0082 0B       		.uleb128 0xb
 1456 0083 15       		.uleb128 0x15
 1457 0084 01       		.byte	0x1
 1458 0085 27       		.uleb128 0x27
 1459 0086 19       		.uleb128 0x19
 1460 0087 49       		.uleb128 0x49
 1461 0088 13       		.uleb128 0x13
 1462 0089 01       		.uleb128 0x1
 1463 008a 13       		.uleb128 0x13
 1464 008b 00       		.byte	0
 1465 008c 00       		.byte	0
 1466 008d 0C       		.uleb128 0xc
 1467 008e 05       		.uleb128 0x5
 1468 008f 00       		.byte	0
 1469 0090 49       		.uleb128 0x49
 1470 0091 13       		.uleb128 0x13
 1471 0092 00       		.byte	0
 1472 0093 00       		.byte	0
 1473 0094 0D       		.uleb128 0xd
 1474 0095 26       		.uleb128 0x26
 1475 0096 00       		.byte	0
 1476 0097 49       		.uleb128 0x49
 1477 0098 13       		.uleb128 0x13
 1478 0099 00       		.byte	0
 1479 009a 00       		.byte	0
 1480 009b 0E       		.uleb128 0xe
 1481 009c 2E       		.uleb128 0x2e
 1482 009d 01       		.byte	0x1
 1483 009e 3F       		.uleb128 0x3f
 1484 009f 19       		.uleb128 0x19
 1485 00a0 03       		.uleb128 0x3
 1486 00a1 0E       		.uleb128 0xe
 1487 00a2 3A       		.uleb128 0x3a
 1488 00a3 0B       		.uleb128 0xb
 1489 00a4 3B       		.uleb128 0x3b
 1490 00a5 0B       		.uleb128 0xb
 1491 00a6 27       		.uleb128 0x27
 1492 00a7 19       		.uleb128 0x19
 1493 00a8 49       		.uleb128 0x49
 1494 00a9 13       		.uleb128 0x13
 1495 00aa 11       		.uleb128 0x11
ARM GAS  C:\Users\brian\AppData\Local\Temp\cc9Fr13N.s 			page 30


 1496 00ab 01       		.uleb128 0x1
 1497 00ac 12       		.uleb128 0x12
 1498 00ad 06       		.uleb128 0x6
 1499 00ae 40       		.uleb128 0x40
 1500 00af 18       		.uleb128 0x18
 1501 00b0 9742     		.uleb128 0x2117
 1502 00b2 19       		.uleb128 0x19
 1503 00b3 01       		.uleb128 0x1
 1504 00b4 13       		.uleb128 0x13
 1505 00b5 00       		.byte	0
 1506 00b6 00       		.byte	0
 1507 00b7 0F       		.uleb128 0xf
 1508 00b8 05       		.uleb128 0x5
 1509 00b9 00       		.byte	0
 1510 00ba 03       		.uleb128 0x3
 1511 00bb 0E       		.uleb128 0xe
 1512 00bc 3A       		.uleb128 0x3a
 1513 00bd 0B       		.uleb128 0xb
 1514 00be 3B       		.uleb128 0x3b
 1515 00bf 0B       		.uleb128 0xb
 1516 00c0 49       		.uleb128 0x49
 1517 00c1 13       		.uleb128 0x13
 1518 00c2 02       		.uleb128 0x2
 1519 00c3 17       		.uleb128 0x17
 1520 00c4 00       		.byte	0
 1521 00c5 00       		.byte	0
 1522 00c6 10       		.uleb128 0x10
 1523 00c7 05       		.uleb128 0x5
 1524 00c8 00       		.byte	0
 1525 00c9 03       		.uleb128 0x3
 1526 00ca 08       		.uleb128 0x8
 1527 00cb 3A       		.uleb128 0x3a
 1528 00cc 0B       		.uleb128 0xb
 1529 00cd 3B       		.uleb128 0x3b
 1530 00ce 0B       		.uleb128 0xb
 1531 00cf 49       		.uleb128 0x49
 1532 00d0 13       		.uleb128 0x13
 1533 00d1 02       		.uleb128 0x2
 1534 00d2 17       		.uleb128 0x17
 1535 00d3 00       		.byte	0
 1536 00d4 00       		.byte	0
 1537 00d5 11       		.uleb128 0x11
 1538 00d6 34       		.uleb128 0x34
 1539 00d7 00       		.byte	0
 1540 00d8 03       		.uleb128 0x3
 1541 00d9 08       		.uleb128 0x8
 1542 00da 3A       		.uleb128 0x3a
 1543 00db 0B       		.uleb128 0xb
 1544 00dc 3B       		.uleb128 0x3b
 1545 00dd 0B       		.uleb128 0xb
 1546 00de 49       		.uleb128 0x49
 1547 00df 13       		.uleb128 0x13
 1548 00e0 02       		.uleb128 0x2
 1549 00e1 17       		.uleb128 0x17
 1550 00e2 00       		.byte	0
 1551 00e3 00       		.byte	0
 1552 00e4 12       		.uleb128 0x12
ARM GAS  C:\Users\brian\AppData\Local\Temp\cc9Fr13N.s 			page 31


 1553 00e5 34       		.uleb128 0x34
 1554 00e6 00       		.byte	0
 1555 00e7 03       		.uleb128 0x3
 1556 00e8 0E       		.uleb128 0xe
 1557 00e9 3A       		.uleb128 0x3a
 1558 00ea 0B       		.uleb128 0xb
 1559 00eb 3B       		.uleb128 0x3b
 1560 00ec 0B       		.uleb128 0xb
 1561 00ed 49       		.uleb128 0x49
 1562 00ee 13       		.uleb128 0x13
 1563 00ef 02       		.uleb128 0x2
 1564 00f0 17       		.uleb128 0x17
 1565 00f1 00       		.byte	0
 1566 00f2 00       		.byte	0
 1567 00f3 13       		.uleb128 0x13
 1568 00f4 898201   		.uleb128 0x4109
 1569 00f7 01       		.byte	0x1
 1570 00f8 11       		.uleb128 0x11
 1571 00f9 01       		.uleb128 0x1
 1572 00fa 31       		.uleb128 0x31
 1573 00fb 13       		.uleb128 0x13
 1574 00fc 01       		.uleb128 0x1
 1575 00fd 13       		.uleb128 0x13
 1576 00fe 00       		.byte	0
 1577 00ff 00       		.byte	0
 1578 0100 14       		.uleb128 0x14
 1579 0101 8A8201   		.uleb128 0x410a
 1580 0104 00       		.byte	0
 1581 0105 02       		.uleb128 0x2
 1582 0106 18       		.uleb128 0x18
 1583 0107 9142     		.uleb128 0x2111
 1584 0109 18       		.uleb128 0x18
 1585 010a 00       		.byte	0
 1586 010b 00       		.byte	0
 1587 010c 15       		.uleb128 0x15
 1588 010d 898201   		.uleb128 0x4109
 1589 0110 01       		.byte	0x1
 1590 0111 11       		.uleb128 0x11
 1591 0112 01       		.uleb128 0x1
 1592 0113 31       		.uleb128 0x31
 1593 0114 13       		.uleb128 0x13
 1594 0115 00       		.byte	0
 1595 0116 00       		.byte	0
 1596 0117 16       		.uleb128 0x16
 1597 0118 05       		.uleb128 0x5
 1598 0119 00       		.byte	0
 1599 011a 03       		.uleb128 0x3
 1600 011b 0E       		.uleb128 0xe
 1601 011c 3A       		.uleb128 0x3a
 1602 011d 0B       		.uleb128 0xb
 1603 011e 3B       		.uleb128 0x3b
 1604 011f 0B       		.uleb128 0xb
 1605 0120 49       		.uleb128 0x49
 1606 0121 13       		.uleb128 0x13
 1607 0122 02       		.uleb128 0x2
 1608 0123 18       		.uleb128 0x18
 1609 0124 00       		.byte	0
ARM GAS  C:\Users\brian\AppData\Local\Temp\cc9Fr13N.s 			page 32


 1610 0125 00       		.byte	0
 1611 0126 17       		.uleb128 0x17
 1612 0127 34       		.uleb128 0x34
 1613 0128 00       		.byte	0
 1614 0129 03       		.uleb128 0x3
 1615 012a 0E       		.uleb128 0xe
 1616 012b 3A       		.uleb128 0x3a
 1617 012c 0B       		.uleb128 0xb
 1618 012d 3B       		.uleb128 0x3b
 1619 012e 0B       		.uleb128 0xb
 1620 012f 49       		.uleb128 0x49
 1621 0130 13       		.uleb128 0x13
 1622 0131 02       		.uleb128 0x2
 1623 0132 18       		.uleb128 0x18
 1624 0133 00       		.byte	0
 1625 0134 00       		.byte	0
 1626 0135 18       		.uleb128 0x18
 1627 0136 2E       		.uleb128 0x2e
 1628 0137 00       		.byte	0
 1629 0138 3F       		.uleb128 0x3f
 1630 0139 19       		.uleb128 0x19
 1631 013a 3C       		.uleb128 0x3c
 1632 013b 19       		.uleb128 0x19
 1633 013c 6E       		.uleb128 0x6e
 1634 013d 0E       		.uleb128 0xe
 1635 013e 03       		.uleb128 0x3
 1636 013f 0E       		.uleb128 0xe
 1637 0140 3A       		.uleb128 0x3a
 1638 0141 0B       		.uleb128 0xb
 1639 0142 3B       		.uleb128 0x3b
 1640 0143 05       		.uleb128 0x5
 1641 0144 00       		.byte	0
 1642 0145 00       		.byte	0
 1643 0146 00       		.byte	0
 1644              		.section	.debug_loc,"",%progbits
 1645              	.Ldebug_loc0:
 1646              	.LLST0:
 1647 0000 00000000 		.4byte	.LVL0
 1648 0004 12000000 		.4byte	.LVL1
 1649 0008 0100     		.2byte	0x1
 1650 000a 50       		.byte	0x50
 1651 000b 12000000 		.4byte	.LVL1
 1652 000f A4000000 		.4byte	.LVL26
 1653 0013 0100     		.2byte	0x1
 1654 0015 56       		.byte	0x56
 1655 0016 A4000000 		.4byte	.LVL26
 1656 001a A8000000 		.4byte	.LFE0
 1657 001e 0400     		.2byte	0x4
 1658 0020 F3       		.byte	0xf3
 1659 0021 01       		.uleb128 0x1
 1660 0022 50       		.byte	0x50
 1661 0023 9F       		.byte	0x9f
 1662 0024 00000000 		.4byte	0
 1663 0028 00000000 		.4byte	0
 1664              	.LLST1:
 1665 002c 00000000 		.4byte	.LVL0
 1666 0030 15000000 		.4byte	.LVL2-1
ARM GAS  C:\Users\brian\AppData\Local\Temp\cc9Fr13N.s 			page 33


 1667 0034 0100     		.2byte	0x1
 1668 0036 51       		.byte	0x51
 1669 0037 15000000 		.4byte	.LVL2-1
 1670 003b A8000000 		.4byte	.LFE0
 1671 003f 0400     		.2byte	0x4
 1672 0041 F3       		.byte	0xf3
 1673 0042 01       		.uleb128 0x1
 1674 0043 51       		.byte	0x51
 1675 0044 9F       		.byte	0x9f
 1676 0045 00000000 		.4byte	0
 1677 0049 00000000 		.4byte	0
 1678              	.LLST2:
 1679 004d 00000000 		.4byte	.LVL0
 1680 0051 15000000 		.4byte	.LVL2-1
 1681 0055 0100     		.2byte	0x1
 1682 0057 52       		.byte	0x52
 1683 0058 15000000 		.4byte	.LVL2-1
 1684 005c A8000000 		.4byte	.LFE0
 1685 0060 0400     		.2byte	0x4
 1686 0062 F3       		.byte	0xf3
 1687 0063 01       		.uleb128 0x1
 1688 0064 52       		.byte	0x52
 1689 0065 9F       		.byte	0x9f
 1690 0066 00000000 		.4byte	0
 1691 006a 00000000 		.4byte	0
 1692              	.LLST3:
 1693 006e 00000000 		.4byte	.LVL0
 1694 0072 15000000 		.4byte	.LVL2-1
 1695 0076 0100     		.2byte	0x1
 1696 0078 53       		.byte	0x53
 1697 0079 15000000 		.4byte	.LVL2-1
 1698 007d A8000000 		.4byte	.LFE0
 1699 0081 0400     		.2byte	0x4
 1700 0083 F3       		.byte	0xf3
 1701 0084 01       		.uleb128 0x1
 1702 0085 53       		.byte	0x53
 1703 0086 9F       		.byte	0x9f
 1704 0087 00000000 		.4byte	0
 1705 008b 00000000 		.4byte	0
 1706              	.LLST4:
 1707 008f 00000000 		.4byte	.LVL0
 1708 0093 A4000000 		.4byte	.LVL26
 1709 0097 0200     		.2byte	0x2
 1710 0099 91       		.byte	0x91
 1711 009a 00       		.sleb128 0
 1712 009b A4000000 		.4byte	.LVL26
 1713 009f A8000000 		.4byte	.LFE0
 1714 00a3 0200     		.2byte	0x2
 1715 00a5 7D       		.byte	0x7d
 1716 00a6 00       		.sleb128 0
 1717 00a7 00000000 		.4byte	0
 1718 00ab 00000000 		.4byte	0
 1719              	.LLST5:
 1720 00af 18000000 		.4byte	.LVL3
 1721 00b3 20000000 		.4byte	.LVL4
 1722 00b7 0200     		.2byte	0x2
 1723 00b9 30       		.byte	0x30
ARM GAS  C:\Users\brian\AppData\Local\Temp\cc9Fr13N.s 			page 34


 1724 00ba 9F       		.byte	0x9f
 1725 00bb 20000000 		.4byte	.LVL4
 1726 00bf 38000000 		.4byte	.LVL8
 1727 00c3 0100     		.2byte	0x1
 1728 00c5 54       		.byte	0x54
 1729 00c6 3A000000 		.4byte	.LVL9
 1730 00ca 42000000 		.4byte	.LVL10
 1731 00ce 0100     		.2byte	0x1
 1732 00d0 54       		.byte	0x54
 1733 00d1 5C000000 		.4byte	.LVL17
 1734 00d5 5E000000 		.4byte	.LVL18
 1735 00d9 0200     		.2byte	0x2
 1736 00db 30       		.byte	0x30
 1737 00dc 9F       		.byte	0x9f
 1738 00dd 5E000000 		.4byte	.LVL18
 1739 00e1 98000000 		.4byte	.LVL24
 1740 00e5 0100     		.2byte	0x1
 1741 00e7 55       		.byte	0x55
 1742 00e8 9A000000 		.4byte	.LVL25
 1743 00ec A4000000 		.4byte	.LVL26
 1744 00f0 0100     		.2byte	0x1
 1745 00f2 55       		.byte	0x55
 1746 00f3 00000000 		.4byte	0
 1747 00f7 00000000 		.4byte	0
 1748              	.LLST6:
 1749 00fb 18000000 		.4byte	.LVL3
 1750 00ff A4000000 		.4byte	.LVL26
 1751 0103 0100     		.2byte	0x1
 1752 0105 57       		.byte	0x57
 1753 0106 00000000 		.4byte	0
 1754 010a 00000000 		.4byte	0
 1755              	.LLST7:
 1756 010e 18000000 		.4byte	.LVL3
 1757 0112 20000000 		.4byte	.LVL4
 1758 0116 0200     		.2byte	0x2
 1759 0118 30       		.byte	0x30
 1760 0119 9F       		.byte	0x9f
 1761 011a 20000000 		.4byte	.LVL4
 1762 011e 48000000 		.4byte	.LVL11
 1763 0122 0100     		.2byte	0x1
 1764 0124 5B       		.byte	0x5b
 1765 0125 48000000 		.4byte	.LVL11
 1766 0129 4E000000 		.4byte	.LVL13
 1767 012d 0100     		.2byte	0x1
 1768 012f 54       		.byte	0x54
 1769 0130 4E000000 		.4byte	.LVL13
 1770 0134 54000000 		.4byte	.LVL15
 1771 0138 0B00     		.2byte	0xb
 1772 013a 7B       		.byte	0x7b
 1773 013b 00       		.sleb128 0
 1774 013c 77       		.byte	0x77
 1775 013d 00       		.sleb128 0
 1776 013e 22       		.byte	0x22
 1777 013f 08       		.byte	0x8
 1778 0140 FF       		.byte	0xff
 1779 0141 1A       		.byte	0x1a
 1780 0142 31       		.byte	0x31
ARM GAS  C:\Users\brian\AppData\Local\Temp\cc9Fr13N.s 			page 35


 1781 0143 1C       		.byte	0x1c
 1782 0144 9F       		.byte	0x9f
 1783 0145 54000000 		.4byte	.LVL15
 1784 0149 56000000 		.4byte	.LVL16
 1785 014d 0100     		.2byte	0x1
 1786 014f 54       		.byte	0x54
 1787 0150 56000000 		.4byte	.LVL16
 1788 0154 A4000000 		.4byte	.LVL26
 1789 0158 0B00     		.2byte	0xb
 1790 015a 7B       		.byte	0x7b
 1791 015b 00       		.sleb128 0
 1792 015c 77       		.byte	0x77
 1793 015d 00       		.sleb128 0
 1794 015e 22       		.byte	0x22
 1795 015f 08       		.byte	0x8
 1796 0160 FF       		.byte	0xff
 1797 0161 1A       		.byte	0x1a
 1798 0162 31       		.byte	0x31
 1799 0163 1C       		.byte	0x1c
 1800 0164 9F       		.byte	0x9f
 1801 0165 00000000 		.4byte	0
 1802 0169 00000000 		.4byte	0
 1803              	.LLST8:
 1804 016d 48000000 		.4byte	.LVL11
 1805 0171 4C000000 		.4byte	.LVL12
 1806 0175 0200     		.2byte	0x2
 1807 0177 30       		.byte	0x30
 1808 0178 9F       		.byte	0x9f
 1809 0179 4C000000 		.4byte	.LVL12
 1810 017d 4E000000 		.4byte	.LVL13
 1811 0181 0100     		.2byte	0x1
 1812 0183 55       		.byte	0x55
 1813 0184 4E000000 		.4byte	.LVL13
 1814 0188 54000000 		.4byte	.LVL15
 1815 018c 0100     		.2byte	0x1
 1816 018e 54       		.byte	0x54
 1817 018f 54000000 		.4byte	.LVL15
 1818 0193 56000000 		.4byte	.LVL16
 1819 0197 0200     		.2byte	0x2
 1820 0199 30       		.byte	0x30
 1821 019a 9F       		.byte	0x9f
 1822 019b 56000000 		.4byte	.LVL16
 1823 019f 5E000000 		.4byte	.LVL18
 1824 01a3 0100     		.2byte	0x1
 1825 01a5 54       		.byte	0x54
 1826 01a6 00000000 		.4byte	0
 1827 01aa 00000000 		.4byte	0
 1828              	.LLST9:
 1829 01ae 56000000 		.4byte	.LVL16
 1830 01b2 A4000000 		.4byte	.LVL26
 1831 01b6 0100     		.2byte	0x1
 1832 01b8 54       		.byte	0x54
 1833 01b9 00000000 		.4byte	0
 1834 01bd 00000000 		.4byte	0
 1835              	.LLST10:
 1836 01c1 00000000 		.4byte	.LVL27
 1837 01c5 18000000 		.4byte	.LVL31
ARM GAS  C:\Users\brian\AppData\Local\Temp\cc9Fr13N.s 			page 36


 1838 01c9 0100     		.2byte	0x1
 1839 01cb 50       		.byte	0x50
 1840 01cc 18000000 		.4byte	.LVL31
 1841 01d0 08010000 		.4byte	.LFE1
 1842 01d4 0100     		.2byte	0x1
 1843 01d6 55       		.byte	0x55
 1844 01d7 00000000 		.4byte	0
 1845 01db 00000000 		.4byte	0
 1846              	.LLST11:
 1847 01df 00000000 		.4byte	.LVL27
 1848 01e3 1B000000 		.4byte	.LVL32-1
 1849 01e7 0100     		.2byte	0x1
 1850 01e9 51       		.byte	0x51
 1851 01ea 1B000000 		.4byte	.LVL32-1
 1852 01ee 60000000 		.4byte	.LVL45
 1853 01f2 0100     		.2byte	0x1
 1854 01f4 56       		.byte	0x56
 1855 01f5 60000000 		.4byte	.LVL45
 1856 01f9 08010000 		.4byte	.LFE1
 1857 01fd 0400     		.2byte	0x4
 1858 01ff F3       		.byte	0xf3
 1859 0200 01       		.uleb128 0x1
 1860 0201 51       		.byte	0x51
 1861 0202 9F       		.byte	0x9f
 1862 0203 00000000 		.4byte	0
 1863 0207 00000000 		.4byte	0
 1864              	.LLST12:
 1865 020b 00000000 		.4byte	.LVL27
 1866 020f 1B000000 		.4byte	.LVL32-1
 1867 0213 0100     		.2byte	0x1
 1868 0215 52       		.byte	0x52
 1869 0216 1B000000 		.4byte	.LVL32-1
 1870 021a A4000000 		.4byte	.LVL52
 1871 021e 0100     		.2byte	0x1
 1872 0220 58       		.byte	0x58
 1873 0221 A4000000 		.4byte	.LVL52
 1874 0225 08010000 		.4byte	.LFE1
 1875 0229 0400     		.2byte	0x4
 1876 022b F3       		.byte	0xf3
 1877 022c 01       		.uleb128 0x1
 1878 022d 52       		.byte	0x52
 1879 022e 9F       		.byte	0x9f
 1880 022f 00000000 		.4byte	0
 1881 0233 00000000 		.4byte	0
 1882              	.LLST13:
 1883 0237 00000000 		.4byte	.LVL27
 1884 023b 12000000 		.4byte	.LVL29
 1885 023f 0100     		.2byte	0x1
 1886 0241 53       		.byte	0x53
 1887 0242 12000000 		.4byte	.LVL29
 1888 0246 08010000 		.4byte	.LFE1
 1889 024a 0100     		.2byte	0x1
 1890 024c 59       		.byte	0x59
 1891 024d 00000000 		.4byte	0
 1892 0251 00000000 		.4byte	0
 1893              	.LLST14:
 1894 0255 16000000 		.4byte	.LVL30
ARM GAS  C:\Users\brian\AppData\Local\Temp\cc9Fr13N.s 			page 37


 1895 0259 20000000 		.4byte	.LVL33
 1896 025d 0200     		.2byte	0x2
 1897 025f 31       		.byte	0x31
 1898 0260 9F       		.byte	0x9f
 1899 0261 20000000 		.4byte	.LVL33
 1900 0265 34000000 		.4byte	.LVL36
 1901 0269 0100     		.2byte	0x1
 1902 026b 54       		.byte	0x54
 1903 026c 34000000 		.4byte	.LVL36
 1904 0270 48000000 		.4byte	.LVL42
 1905 0274 0100     		.2byte	0x1
 1906 0276 50       		.byte	0x50
 1907 0277 00000000 		.4byte	0
 1908 027b 00000000 		.4byte	0
 1909              	.LLST15:
 1910 027f 34000000 		.4byte	.LVL36
 1911 0283 3C000000 		.4byte	.LVL37
 1912 0287 0200     		.2byte	0x2
 1913 0289 30       		.byte	0x30
 1914 028a 9F       		.byte	0x9f
 1915 028b 3C000000 		.4byte	.LVL37
 1916 028f 44000000 		.4byte	.LVL40
 1917 0293 0100     		.2byte	0x1
 1918 0295 54       		.byte	0x54
 1919 0296 44000000 		.4byte	.LVL40
 1920 029a 46000000 		.4byte	.LVL41
 1921 029e 0200     		.2byte	0x2
 1922 02a0 30       		.byte	0x30
 1923 02a1 9F       		.byte	0x9f
 1924 02a2 46000000 		.4byte	.LVL41
 1925 02a6 60000000 		.4byte	.LVL45
 1926 02aa 0100     		.2byte	0x1
 1927 02ac 54       		.byte	0x54
 1928 02ad 60000000 		.4byte	.LVL45
 1929 02b1 7A000000 		.4byte	.LVL47
 1930 02b5 0100     		.2byte	0x1
 1931 02b7 56       		.byte	0x56
 1932 02b8 7A000000 		.4byte	.LVL47
 1933 02bc 7C000000 		.4byte	.LVL48
 1934 02c0 0300     		.2byte	0x3
 1935 02c2 76       		.byte	0x76
 1936 02c3 7F       		.sleb128 -1
 1937 02c4 9F       		.byte	0x9f
 1938 02c5 7C000000 		.4byte	.LVL48
 1939 02c9 08010000 		.4byte	.LFE1
 1940 02cd 0100     		.2byte	0x1
 1941 02cf 56       		.byte	0x56
 1942 02d0 00000000 		.4byte	0
 1943 02d4 00000000 		.4byte	0
 1944              	.LLST16:
 1945 02d8 10000000 		.4byte	.LVL28
 1946 02dc A6000000 		.4byte	.LVL53
 1947 02e0 0200     		.2byte	0x2
 1948 02e2 30       		.byte	0x30
 1949 02e3 9F       		.byte	0x9f
 1950 02e4 A6000000 		.4byte	.LVL53
 1951 02e8 C4000000 		.4byte	.LVL57
ARM GAS  C:\Users\brian\AppData\Local\Temp\cc9Fr13N.s 			page 38


 1952 02ec 0100     		.2byte	0x1
 1953 02ee 54       		.byte	0x54
 1954 02ef C6000000 		.4byte	.LVL58
 1955 02f3 EC000000 		.4byte	.LVL64
 1956 02f7 0100     		.2byte	0x1
 1957 02f9 54       		.byte	0x54
 1958 02fa EE000000 		.4byte	.LVL65
 1959 02fe 08010000 		.4byte	.LFE1
 1960 0302 0100     		.2byte	0x1
 1961 0304 54       		.byte	0x54
 1962 0305 00000000 		.4byte	0
 1963 0309 00000000 		.4byte	0
 1964              	.LLST17:
 1965 030d AC000000 		.4byte	.LVL54
 1966 0311 B2000000 		.4byte	.LVL55
 1967 0315 0100     		.2byte	0x1
 1968 0317 50       		.byte	0x50
 1969 0318 B6000000 		.4byte	.LVL56
 1970 031c D8000000 		.4byte	.LVL60
 1971 0320 0100     		.2byte	0x1
 1972 0322 50       		.byte	0x50
 1973 0323 DE000000 		.4byte	.LVL62
 1974 0327 FA000000 		.4byte	.LVL66
 1975 032b 0100     		.2byte	0x1
 1976 032d 50       		.byte	0x50
 1977 032e 00010000 		.4byte	.LVL68
 1978 0332 02010000 		.4byte	.LVL69
 1979 0336 0100     		.2byte	0x1
 1980 0338 50       		.byte	0x50
 1981 0339 00000000 		.4byte	0
 1982 033d 00000000 		.4byte	0
 1983              		.section	.debug_aranges,"",%progbits
 1984 0000 24000000 		.4byte	0x24
 1985 0004 0200     		.2byte	0x2
 1986 0006 00000000 		.4byte	.Ldebug_info0
 1987 000a 04       		.byte	0x4
 1988 000b 00       		.byte	0
 1989 000c 0000     		.2byte	0
 1990 000e 0000     		.2byte	0
 1991 0010 00000000 		.4byte	.LFB0
 1992 0014 A8000000 		.4byte	.LFE0-.LFB0
 1993 0018 00000000 		.4byte	.LFB1
 1994 001c 08010000 		.4byte	.LFE1-.LFB1
 1995 0020 00000000 		.4byte	0
 1996 0024 00000000 		.4byte	0
 1997              		.section	.debug_ranges,"",%progbits
 1998              	.Ldebug_ranges0:
 1999 0000 00000000 		.4byte	.LFB0
 2000 0004 A8000000 		.4byte	.LFE0
 2001 0008 00000000 		.4byte	.LFB1
 2002 000c 08010000 		.4byte	.LFE1
 2003 0010 00000000 		.4byte	0
 2004 0014 00000000 		.4byte	0
 2005              		.section	.debug_line,"",%progbits
 2006              	.Ldebug_line0:
 2007 0000 D2010000 		.section	.debug_str,"MS",%progbits,1
 2007      02003901 
ARM GAS  C:\Users\brian\AppData\Local\Temp\cc9Fr13N.s 			page 39


 2007      00000201 
 2007      FB0E0D00 
 2007      01010101 
 2008              	.LASF26:
 2009 0000 785F6F66 		.ascii	"x_offset\000"
 2009      66736574 
 2009      00
 2010              	.LASF27:
 2011 0009 69735F66 		.ascii	"is_font_inverse_mode\000"
 2011      6F6E745F 
 2011      696E7665 
 2011      7273655F 
 2011      6D6F6465 
 2012              	.LASF48:
 2013 001e 7370695F 		.ascii	"spi_mode\000"
 2013      6D6F6465 
 2013      00
 2014              	.LASF39:
 2015 0027 63686970 		.ascii	"chip_enable_level\000"
 2015      5F656E61 
 2015      626C655F 
 2015      6C657665 
 2015      6C00
 2016              	.LASF24:
 2017 0039 666F6E74 		.ascii	"font\000"
 2017      00
 2018              	.LASF35:
 2019 003e 6465626F 		.ascii	"debounce_result_msg\000"
 2019      756E6365 
 2019      5F726573 
 2019      756C745F 
 2019      6D736700 
 2020              	.LASF2:
 2021 0052 73686F72 		.ascii	"short int\000"
 2021      7420696E 
 2021      7400
 2022              	.LASF22:
 2023 005c 6770696F 		.ascii	"gpio_and_delay_cb\000"
 2023      5F616E64 
 2023      5F64656C 
 2023      61795F63 
 2023      6200
 2024              	.LASF52:
 2025 006e 74696C65 		.ascii	"tile_width\000"
 2025      5F776964 
 2025      746800
 2026              	.LASF77:
 2027 0079 75387838 		.ascii	"u8x8_ClearDisplay\000"
 2027      5F436C65 
 2027      61724469 
 2027      73706C61 
 2027      7900
 2028              	.LASF45:
 2029 008b 7364615F 		.ascii	"sda_setup_time_ns\000"
 2029      73657475 
 2029      705F7469 
 2029      6D655F6E 
ARM GAS  C:\Users\brian\AppData\Local\Temp\cc9Fr13N.s 			page 40


 2029      7300
 2030              	.LASF44:
 2031 009d 706F7374 		.ascii	"post_reset_wait_ms\000"
 2031      5F726573 
 2031      65745F77 
 2031      6169745F 
 2031      6D7300
 2032              	.LASF7:
 2033 00b0 5F5F7569 		.ascii	"__uint32_t\000"
 2033      6E743332 
 2033      5F7400
 2034              	.LASF72:
 2035 00bb 6576656E 		.ascii	"event\000"
 2035      7400
 2036              	.LASF4:
 2037 00c1 5F5F7569 		.ascii	"__uint16_t\000"
 2037      6E743136 
 2037      5F7400
 2038              	.LASF74:
 2039 00cc 75387838 		.ascii	"u8x8_GetStringLineStart\000"
 2039      5F476574 
 2039      53747269 
 2039      6E674C69 
 2039      6E655374 
 2040              	.LASF83:
 2041 00e4 433A5C55 		.ascii	"C:\\Users\\brian\\Documents\\PSoC Creator\\Lab7\\La"
 2041      73657273 
 2041      5C627269 
 2041      616E5C44 
 2041      6F63756D 
 2042 0111 62372E63 		.ascii	"b7.cydsn\000"
 2042      7964736E 
 2042      00
 2043              	.LASF51:
 2044 011a 77726974 		.ascii	"write_pulse_width_ns\000"
 2044      655F7075 
 2044      6C73655F 
 2044      77696474 
 2044      685F6E73 
 2045              	.LASF12:
 2046 012f 75696E74 		.ascii	"uint8_t\000"
 2046      385F7400 
 2047              	.LASF41:
 2048 0137 706F7374 		.ascii	"post_chip_enable_wait_ns\000"
 2048      5F636869 
 2048      705F656E 
 2048      61626C65 
 2048      5F776169 
 2049              	.LASF60:
 2050 0150 75387838 		.ascii	"u8x8\000"
 2050      00
 2051              	.LASF80:
 2052 0155 75387838 		.ascii	"u8x8_GetMenuEvent\000"
 2052      5F476574 
 2052      4D656E75 
 2052      4576656E 
 2052      7400
ARM GAS  C:\Users\brian\AppData\Local\Temp\cc9Fr13N.s 			page 41


 2053              	.LASF73:
 2054 0167 75387838 		.ascii	"u8x8_GetStringLineCnt\000"
 2054      5F476574 
 2054      53747269 
 2054      6E674C69 
 2054      6E65436E 
 2055              	.LASF23:
 2056 017d 6275735F 		.ascii	"bus_clock\000"
 2056      636C6F63 
 2056      6B00
 2057              	.LASF54:
 2058 0187 64656661 		.ascii	"default_x_offset\000"
 2058      756C745F 
 2058      785F6F66 
 2058      66736574 
 2058      00
 2059              	.LASF36:
 2060 0198 75387838 		.ascii	"u8x8_display_info_t\000"
 2060      5F646973 
 2060      706C6179 
 2060      5F696E66 
 2060      6F5F7400 
 2061              	.LASF33:
 2062 01ac 6465626F 		.ascii	"debounce_last_pin_state\000"
 2062      756E6365 
 2062      5F6C6173 
 2062      745F7069 
 2062      6E5F7374 
 2063              	.LASF9:
 2064 01c4 6C6F6E67 		.ascii	"long long int\000"
 2064      206C6F6E 
 2064      6720696E 
 2064      7400
 2065              	.LASF31:
 2066 01d2 6770696F 		.ascii	"gpio_result\000"
 2066      5F726573 
 2066      756C7400 
 2067              	.LASF46:
 2068 01de 73636B5F 		.ascii	"sck_pulse_width_ns\000"
 2068      70756C73 
 2068      655F7769 
 2068      6474685F 
 2068      6E7300
 2069              	.LASF6:
 2070 01f1 6C6F6E67 		.ascii	"long int\000"
 2070      20696E74 
 2070      00
 2071              	.LASF3:
 2072 01fa 5F5F7569 		.ascii	"__uint8_t\000"
 2072      6E74385F 
 2072      7400
 2073              	.LASF71:
 2074 0204 62757474 		.ascii	"button_cnt\000"
 2074      6F6E5F63 
 2074      6E7400
 2075              	.LASF19:
 2076 020f 64697370 		.ascii	"display_cb\000"
ARM GAS  C:\Users\brian\AppData\Local\Temp\cc9Fr13N.s 			page 42


 2076      6C61795F 
 2076      636200
 2077              	.LASF50:
 2078 021a 64617461 		.ascii	"data_setup_time_ns\000"
 2078      5F736574 
 2078      75705F74 
 2078      696D655F 
 2078      6E7300
 2079              	.LASF75:
 2080 022d 75387838 		.ascii	"u8x8_GetUTF8Len\000"
 2080      5F476574 
 2080      55544638 
 2080      4C656E00 
 2081              	.LASF15:
 2082 023d 6C6F6E67 		.ascii	"long double\000"
 2082      20646F75 
 2082      626C6500 
 2083              	.LASF53:
 2084 0249 74696C65 		.ascii	"tile_height\000"
 2084      5F686569 
 2084      67687400 
 2085              	.LASF64:
 2086 0255 75387838 		.ascii	"u8x8_draw_button_line\000"
 2086      5F647261 
 2086      775F6275 
 2086      74746F6E 
 2086      5F6C696E 
 2087              	.LASF1:
 2088 026b 756E7369 		.ascii	"unsigned char\000"
 2088      676E6564 
 2088      20636861 
 2088      7200
 2089              	.LASF61:
 2090 0279 63757273 		.ascii	"cursor\000"
 2090      6F7200
 2091              	.LASF0:
 2092 0280 7369676E 		.ascii	"signed char\000"
 2092      65642063 
 2092      68617200 
 2093              	.LASF10:
 2094 028c 6C6F6E67 		.ascii	"long long unsigned int\000"
 2094      206C6F6E 
 2094      6720756E 
 2094      7369676E 
 2094      65642069 
 2095              	.LASF14:
 2096 02a3 75696E74 		.ascii	"uint32_t\000"
 2096      33325F74 
 2096      00
 2097              	.LASF70:
 2098 02ac 68656967 		.ascii	"height\000"
 2098      687400
 2099              	.LASF11:
 2100 02b3 756E7369 		.ascii	"unsigned int\000"
 2100      676E6564 
 2100      20696E74 
 2100      00
ARM GAS  C:\Users\brian\AppData\Local\Temp\cc9Fr13N.s 			page 43


 2101              	.LASF13:
 2102 02c0 75696E74 		.ascii	"uint16_t\000"
 2102      31365F74 
 2102      00
 2103              	.LASF38:
 2104 02c9 75387838 		.ascii	"u8x8_display_info_struct\000"
 2104      5F646973 
 2104      706C6179 
 2104      5F696E66 
 2104      6F5F7374 
 2105              	.LASF67:
 2106 02e2 7469746C 		.ascii	"title2\000"
 2106      653200
 2107              	.LASF66:
 2108 02e9 7469746C 		.ascii	"title1\000"
 2108      653100
 2109              	.LASF43:
 2110 02f0 72657365 		.ascii	"reset_pulse_width_ms\000"
 2110      745F7075 
 2110      6C73655F 
 2110      77696474 
 2110      685F6D73 
 2111              	.LASF16:
 2112 0305 75387838 		.ascii	"u8x8_t\000"
 2112      5F7400
 2113              	.LASF68:
 2114 030c 7469746C 		.ascii	"title3\000"
 2114      653300
 2115              	.LASF49:
 2116 0313 6932635F 		.ascii	"i2c_bus_clock_100kHz\000"
 2116      6275735F 
 2116      636C6F63 
 2116      6B5F3130 
 2116      306B487A 
 2117              	.LASF47:
 2118 0328 73636B5F 		.ascii	"sck_clock_hz\000"
 2118      636C6F63 
 2118      6B5F687A 
 2118      00
 2119              	.LASF5:
 2120 0335 73686F72 		.ascii	"short unsigned int\000"
 2120      7420756E 
 2120      7369676E 
 2120      65642069 
 2120      6E7400
 2121              	.LASF59:
 2122 0348 75387838 		.ascii	"u8x8_char_cb\000"
 2122      5F636861 
 2122      725F6362 
 2122      00
 2123              	.LASF63:
 2124 0355 63686172 		.ascii	"char\000"
 2124      00
 2125              	.LASF62:
 2126 035a 746F7461 		.ascii	"total\000"
 2126      6C00
 2127              	.LASF34:
ARM GAS  C:\Users\brian\AppData\Local\Temp\cc9Fr13N.s 			page 44


 2128 0360 6465626F 		.ascii	"debounce_state\000"
 2128      756E6365 
 2128      5F737461 
 2128      746500
 2129              	.LASF17:
 2130 036f 64697370 		.ascii	"display_info\000"
 2130      6C61795F 
 2130      696E666F 
 2130      00
 2131              	.LASF57:
 2132 037c 70697865 		.ascii	"pixel_height\000"
 2132      6C5F6865 
 2132      69676874 
 2132      00
 2133              	.LASF78:
 2134 0389 75387838 		.ascii	"u8x8_DrawUTF8Lines\000"
 2134      5F447261 
 2134      77555446 
 2134      384C696E 
 2134      657300
 2135              	.LASF82:
 2136 039c 2E2E5C75 		.ascii	"..\\u8g2\\csrc\\u8x8_message.c\000"
 2136      3867325C 
 2136      63737263 
 2136      5C753878 
 2136      385F6D65 
 2137              	.LASF69:
 2138 03b8 62757474 		.ascii	"buttons\000"
 2138      6F6E7300 
 2139              	.LASF56:
 2140 03c0 70697865 		.ascii	"pixel_width\000"
 2140      6C5F7769 
 2140      64746800 
 2141              	.LASF30:
 2142 03cc 75746638 		.ascii	"utf8_state\000"
 2142      5F737461 
 2142      746500
 2143              	.LASF37:
 2144 03d7 75387838 		.ascii	"u8x8_struct\000"
 2144      5F737472 
 2144      75637400 
 2145              	.LASF8:
 2146 03e3 6C6F6E67 		.ascii	"long unsigned int\000"
 2146      20756E73 
 2146      69676E65 
 2146      6420696E 
 2146      7400
 2147              	.LASF21:
 2148 03f5 62797465 		.ascii	"byte_cb\000"
 2148      5F636200 
 2149              	.LASF40:
 2150 03fd 63686970 		.ascii	"chip_disable_level\000"
 2150      5F646973 
 2150      61626C65 
 2150      5F6C6576 
 2150      656C00
 2151              	.LASF28:
ARM GAS  C:\Users\brian\AppData\Local\Temp\cc9Fr13N.s 			page 45


 2152 0410 6932635F 		.ascii	"i2c_address\000"
 2152      61646472 
 2152      65737300 
 2153              	.LASF55:
 2154 041c 666C6970 		.ascii	"flipmode_x_offset\000"
 2154      6D6F6465 
 2154      5F785F6F 
 2154      66667365 
 2154      7400
 2155              	.LASF25:
 2156 042e 656E636F 		.ascii	"encoding\000"
 2156      64696E67 
 2156      00
 2157              	.LASF29:
 2158 0437 6932635F 		.ascii	"i2c_started\000"
 2158      73746172 
 2158      74656400 
 2159              	.LASF20:
 2160 0443 6361645F 		.ascii	"cad_cb\000"
 2160      636200
 2161              	.LASF79:
 2162 044a 75387838 		.ascii	"u8x8_DrawUTF8Line\000"
 2162      5F447261 
 2162      77555446 
 2162      384C696E 
 2162      6500
 2163              	.LASF81:
 2164 045c 474E5520 		.ascii	"GNU C11 5.4.1 20160609 (release) [ARM/embedded-5-br"
 2164      43313120 
 2164      352E342E 
 2164      31203230 
 2164      31363036 
 2165 048f 616E6368 		.ascii	"anch revision 237715] -mcpu=cortex-m3 -mthumb -g -O"
 2165      20726576 
 2165      6973696F 
 2165      6E203233 
 2165      37373135 
 2166 04c2 67202D66 		.ascii	"g -ffunction-sections -ffat-lto-objects\000"
 2166      66756E63 
 2166      74696F6E 
 2166      2D736563 
 2166      74696F6E 
 2167              	.LASF65:
 2168 04ea 75387838 		.ascii	"u8x8_UserInterfaceMessage\000"
 2168      5F557365 
 2168      72496E74 
 2168      65726661 
 2168      63654D65 
 2169              	.LASF32:
 2170 0504 6465626F 		.ascii	"debounce_default_pin_state\000"
 2170      756E6365 
 2170      5F646566 
 2170      61756C74 
 2170      5F70696E 
 2171              	.LASF58:
 2172 051f 75387838 		.ascii	"u8x8_msg_cb\000"
 2172      5F6D7367 
ARM GAS  C:\Users\brian\AppData\Local\Temp\cc9Fr13N.s 			page 46


 2172      5F636200 
 2173              	.LASF18:
 2174 052b 6E657874 		.ascii	"next_cb\000"
 2174      5F636200 
 2175              	.LASF76:
 2176 0533 75387838 		.ascii	"u8x8_DrawUTF8\000"
 2176      5F447261 
 2176      77555446 
 2176      3800
 2177              	.LASF42:
 2178 0541 7072655F 		.ascii	"pre_chip_disable_wait_ns\000"
 2178      63686970 
 2178      5F646973 
 2178      61626C65 
 2178      5F776169 
 2179              		.ident	"GCC: (GNU Tools for ARM Embedded Processors) 5.4.1 20160609 (release) [ARM/embedded-5-bran
